#
# A fatal error has been detected by the Java Runtime Environment:
#
#  EXCEPTION_ACCESS_VIOLATION (0xc0000005) at pc=0x03d07669, pid=4748, tid=5876
#
# JRE version: 6.0_17-b04
# Java VM: Java HotSpot(TM) Client VM (14.3-b01 mixed mode, sharing windows-x86 )
# Problematic frame:
# C  [jmmpegv.dll+0x7669]
#
# If you would like to submit a bug report, please visit:
#   http://java.sun.com/webapps/bugreport/crash.jsp
# The crash happened outside the Java Virtual Machine in native code.
# See problematic frame for where to report the bug.
#

---------------  T H R E A D  ---------------

Current thread (0x02f15800):  JavaThread "Loop thread: com.sun.media.parser.RawBufferParser$FrameTrack@172e449" [_thread_in_native, id=5876, stack(0x044e0000,0x04530000)]

siginfo: ExceptionCode=0xc0000005, reading address 0x0435d000

Registers:
EAX=0x00000000, EBX=0x04340048, ECX=0x0435cffd, EDX=0x00000000
ESP=0x0452f8e0, EBP=0x00000000, ESI=0x0435cffe, EDI=0x0434a600
EIP=0x03d07669, EFLAGS=0x00010246

Top of Stack: (sp=0x0452f8e0)
0x0452f8e0:   04580220 03d024eb 04580020 02f15910
0x0452f8f0:   02b44c90 02b44378 03d01168 04340048
0x0452f900:   0452f928 0452f918 02f15800 26c4a610
0x0452f910:   0452f994 26c4a610 00000006 00000008
0x0452f920:   02f15800 26c4a610 04580020 000e1000
0x0452f930:   00919d37 00f15800 26c4a610 00919e37
0x0452f940:   02f15910 0452f9c0 04340048 00000000
0x0452f950:   0452f9b4 00000000 000e1000 0452f9a8 

Instructions: (pc=0x03d07669)
0x03d07659:   8a 51 02 8a 41 01 8d 71 01 c1 e0 08 0b c2 33 d2
0x03d07669:   8a 51 03 c1 e0 08 0b c2 8b d0 80 e2 00 81 fa 00 


Stack: [0x044e0000,0x04530000],  sp=0x0452f8e0,  free space=318k
Native frames: (J=compiled Java code, j=interpreted, Vv=VM code, C=native code)
C  [jmmpegv.dll+0x7669]

[error occurred during error reporting (printing native stack), id 0xc0000005]

Java frames: (J=compiled Java code, j=interpreted, Vv=VM code)
j  com.ibm.media.codec.video.mpeg.MpegVideo.initImageParam(J[BII[I[I)I+0
j  com.ibm.media.codec.video.mpeg.MpegVideo.doInit(Ljavax/media/Buffer;Ljavax/media/Buffer;)Z+56
j  com.ibm.media.codec.video.mpeg.MpegVideo.process(Ljavax/media/Buffer;Ljavax/media/Buffer;)I+123
j  com.sun.media.BasicFilterModule.process()V+559
j  com.sun.media.BasicModule.connectorPushed(Lcom/sun/media/InputConnector;)V+1
j  com.sun.media.BasicOutputConnector.writeReport()V+79
j  com.sun.media.SourceThread.process()Z+632
j  com.sun.media.util.LoopThread.run()V+14
v  ~StubRoutines::call_stub

---------------  P R O C E S S  ---------------

Java Threads: ( => current thread )
  0x02f1c000 JavaThread "Thread-11" [_thread_blocked, id=5836, stack(0x04670000,0x046c0000)]
  0x02ec4800 JavaThread "Loop thread: com.sun.media.parser.RawBufferParser$FrameTrack@1e97f9f" [_thread_blocked, id=4112, stack(0x04530000,0x04580000)]
=>0x02f15800 JavaThread "Loop thread: com.sun.media.parser.RawBufferParser$FrameTrack@172e449" [_thread_in_native, id=5876, stack(0x044e0000,0x04530000)]
  0x02e02400 JavaThread "Thread-10" [_thread_blocked, id=4796, stack(0x03a00000,0x03a50000)]
  0x02f16000 JavaThread "JMF thread: com.sun.media.ProcessEngine@7bb290 ( prefetchThread)" [_thread_blocked, id=2848, stack(0x04490000,0x044e0000)]
  0x02f15400 JavaThread "JMF thread: com.sun.media.processor.unknown.Handler@1df8b99 ( prefetchThread)" [_thread_blocked, id=724, stack(0x04440000,0x04490000)]
  0x02f09000 JavaThread "Loop thread" [_thread_blocked, id=3840, stack(0x03a70000,0x03ac0000)]
  0x02f08400 JavaThread "Thread-8" [_thread_blocked, id=5988, stack(0x03ac0000,0x03b10000)]
  0x02b3d400 JavaThread "JMF thread: SendEventQueue: com.sun.media.ProcessEngine" [_thread_blocked, id=2084, stack(0x039b0000,0x03a00000)]
  0x02ec6400 JavaThread "JMF thread: SendEventQueue: com.sun.media.processor.unknown.Handler" [_thread_blocked, id=5936, stack(0x03960000,0x039b0000)]
  0x02b39400 JavaThread "Java Sound Event Dispatcher" daemon [_thread_blocked, id=2632, stack(0x03900000,0x03950000)]
  0x02b2a800 JavaThread "Thread-4" [_thread_blocked, id=5524, stack(0x03670000,0x036c0000)]
  0x02ae7000 JavaThread "TimerQueue" daemon [_thread_blocked, id=920, stack(0x03620000,0x03670000)]
  0x02a66000 JavaThread "Image Fetcher 2" daemon [_thread_blocked, id=5568, stack(0x03500000,0x03550000)]
  0x02eb2c00 JavaThread "D3D Screen Updater" daemon [_thread_blocked, id=1048, stack(0x033d0000,0x03420000)]
  0x02e1e400 JavaThread "Image Fetcher 3" daemon [_thread_blocked, id=760, stack(0x03250000,0x032a0000)]
  0x002b7000 JavaThread "DestroyJavaVM" [_thread_blocked, id=2904, stack(0x008c0000,0x00910000)]
  0x02e38800 JavaThread "AWT-EventQueue-0" [_thread_blocked, id=2552, stack(0x031d0000,0x03220000)]
  0x02e27400 JavaThread "AWT-Windows" daemon [_thread_in_native, id=3780, stack(0x03130000,0x03180000)]
  0x02e26000 JavaThread "AWT-Shutdown" [_thread_blocked, id=4464, stack(0x030e0000,0x03130000)]
  0x02adf400 JavaThread "Java2D Disposer" daemon [_thread_blocked, id=2584, stack(0x03090000,0x030e0000)]
  0x02ab9800 JavaThread "Low Memory Detector" daemon [_thread_blocked, id=3132, stack(0x02d30000,0x02d80000)]
  0x02ab3800 JavaThread "CompilerThread0" daemon [_thread_blocked, id=2096, stack(0x02ce0000,0x02d30000)]
  0x02ab2000 JavaThread "Attach Listener" daemon [_thread_blocked, id=844, stack(0x02c90000,0x02ce0000)]
  0x02ab0c00 JavaThread "Signal Dispatcher" daemon [_thread_blocked, id=5992, stack(0x02c40000,0x02c90000)]
  0x02a6e800 JavaThread "Finalizer" daemon [_thread_blocked, id=1056, stack(0x02bf0000,0x02c40000)]
  0x02a6d000 JavaThread "Reference Handler" daemon [_thread_blocked, id=4104, stack(0x02ba0000,0x02bf0000)]

Other Threads:
  0x02a6b800 VMThread [stack: 0x02b50000,0x02ba0000] [id=5100]
  0x02abbc00 WatcherThread [stack: 0x02d80000,0x02dd0000] [id=5140]

VM state:not at safepoint (normal execution)

VM Mutex/Monitor currently owned by a thread: None

Heap
 def new generation   total 960K, used 346K [0x22990000, 0x22a90000, 0x22e70000)
  eden space 896K,  31% used [0x22990000, 0x229d6858, 0x22a70000)
  from space 64K, 100% used [0x22a70000, 0x22a80000, 0x22a80000)
  to   space 64K,   0% used [0x22a80000, 0x22a80000, 0x22a90000)
 tenured generation   total 4096K, used 3402K [0x22e70000, 0x23270000, 0x26990000)
   the space 4096K,  83% used [0x22e70000, 0x231c2a48, 0x231c2c00, 0x23270000)
 compacting perm gen  total 12288K, used 3170K [0x26990000, 0x27590000, 0x2a990000)
   the space 12288K,  25% used [0x26990000, 0x26ca8aa8, 0x26ca8c00, 0x27590000)
    ro space 8192K,  67% used [0x2a990000, 0x2aef8230, 0x2aef8400, 0x2b190000)
    rw space 12288K,  54% used [0x2b190000, 0x2b80d678, 0x2b80d800, 0x2bd90000)

Dynamic libraries:
0x00400000 - 0x00424000 	C:\Program Files\Java\jdk1.6.0_17\bin\java.exe
0x7c900000 - 0x7c9b2000 	C:\WINDOWS\system32\ntdll.dll
0x7c800000 - 0x7c8f6000 	C:\WINDOWS\system32\kernel32.dll
0x77dd0000 - 0x77e6b000 	C:\WINDOWS\system32\ADVAPI32.dll
0x77e70000 - 0x77f02000 	C:\WINDOWS\system32\RPCRT4.dll
0x77fe0000 - 0x77ff1000 	C:\WINDOWS\system32\Secur32.dll
0x7c340000 - 0x7c396000 	C:\Program Files\Java\jdk1.6.0_17\jre\bin\msvcr71.dll
0x6d8b0000 - 0x6db3b000 	C:\Program Files\Java\jdk1.6.0_17\jre\bin\client\jvm.dll
0x7e410000 - 0x7e4a1000 	C:\WINDOWS\system32\USER32.dll
0x77f10000 - 0x77f59000 	C:\WINDOWS\system32\GDI32.dll
0x76b40000 - 0x76b6d000 	C:\WINDOWS\system32\WINMM.dll
0x76390000 - 0x763ad000 	C:\WINDOWS\system32\IMM32.DLL
0x6d860000 - 0x6d86c000 	C:\Program Files\Java\jdk1.6.0_17\jre\bin\verify.dll
0x6d3e0000 - 0x6d3ff000 	C:\Program Files\Java\jdk1.6.0_17\jre\bin\java.dll
0x6d340000 - 0x6d348000 	C:\Program Files\Java\jdk1.6.0_17\jre\bin\hpi.dll
0x76bf0000 - 0x76bfb000 	C:\WINDOWS\system32\PSAPI.DLL
0x6d8a0000 - 0x6d8af000 	C:\Program Files\Java\jdk1.6.0_17\jre\bin\zip.dll
0x6d0b0000 - 0x6d1fa000 	C:\Program Files\Java\jdk1.6.0_17\jre\bin\awt.dll
0x73000000 - 0x73026000 	C:\WINDOWS\system32\WINSPOOL.DRV
0x77c10000 - 0x77c68000 	C:\WINDOWS\system32\msvcrt.dll
0x774e0000 - 0x7761d000 	C:\WINDOWS\system32\ole32.dll
0x773d0000 - 0x774d3000 	C:\WINDOWS\WinSxS\x86_Microsoft.Windows.Common-Controls_6595b64144ccf1df_6.0.2600.5512_x-ww_35d4ce83\comctl32.dll
0x77f60000 - 0x77fd6000 	C:\WINDOWS\system32\SHLWAPI.dll
0x6d6c0000 - 0x6d6d3000 	C:\Program Files\Java\jdk1.6.0_17\jre\bin\net.dll
0x71ab0000 - 0x71ac7000 	C:\WINDOWS\system32\WS2_32.dll
0x71aa0000 - 0x71aa8000 	C:\WINDOWS\system32\WS2HELP.dll
0x71a50000 - 0x71a8f000 	C:\WINDOWS\System32\mswsock.dll
0x76f20000 - 0x76f47000 	C:\WINDOWS\system32\DNSAPI.dll
0x76fb0000 - 0x76fb8000 	C:\WINDOWS\System32\winrnr.dll
0x76f60000 - 0x76f8c000 	C:\WINDOWS\system32\WLDAP32.dll
0x751d0000 - 0x751ee000 	C:\WINDOWS\system32\wshbth.dll
0x77920000 - 0x77a13000 	C:\WINDOWS\system32\SETUPAPI.dll
0x76fc0000 - 0x76fc6000 	C:\WINDOWS\system32\rasadhlp.dll
0x662b0000 - 0x66308000 	C:\WINDOWS\system32\hnetcfg.dll
0x71a90000 - 0x71a98000 	C:\WINDOWS\System32\wshtcpip.dll
0x74720000 - 0x7476c000 	C:\WINDOWS\system32\MSCTF.dll
0x755c0000 - 0x755ee000 	C:\WINDOWS\system32\msctfime.ime
0x68000000 - 0x68036000 	C:\WINDOWS\system32\rsaenh.dll
0x769c0000 - 0x76a74000 	C:\WINDOWS\system32\USERENV.dll
0x5b860000 - 0x5b8b5000 	C:\WINDOWS\system32\netapi32.dll
0x10000000 - 0x10055000 	C:\Documents and Settings\beecrofs\Local Settings\Temp\jna3992567852326810818.dll
0x6d2e0000 - 0x6d334000 	C:\Program Files\Java\jdk1.6.0_17\jre\bin\fontmanager.dll
0x4fdd0000 - 0x4ff76000 	C:\WINDOWS\system32\d3d9.dll
0x03220000 - 0x03226000 	C:\WINDOWS\system32\d3d8thk.dll
0x77c00000 - 0x77c08000 	C:\WINDOWS\system32\VERSION.dll
0x7c9c0000 - 0x7d1d7000 	C:\WINDOWS\system32\shell32.dll
0x032a0000 - 0x032b5000 	C:\WINDOWS\system32\jmutil.dll
0x6d6e0000 - 0x6d6e9000 	C:\Program Files\Java\jdk1.6.0_17\jre\bin\nio.dll
0x605d0000 - 0x605d9000 	C:\WINDOWS\system32\mslbui.dll
0x6d5d0000 - 0x6d5f4000 	C:\Program Files\Java\jdk1.6.0_17\jre\bin\jsound.dll
0x6d600000 - 0x6d608000 	C:\Program Files\Java\jdk1.6.0_17\jre\bin\jsoundds.dll
0x73f10000 - 0x73f6c000 	C:\WINDOWS\system32\DSOUND.dll
0x76c30000 - 0x76c5e000 	C:\WINDOWS\system32\WINTRUST.dll
0x77a80000 - 0x77b15000 	C:\WINDOWS\system32\CRYPT32.dll
0x77b20000 - 0x77b32000 	C:\WINDOWS\system32\MSASN1.dll
0x76c90000 - 0x76cb8000 	C:\WINDOWS\system32\IMAGEHLP.dll
0x72d20000 - 0x72d29000 	C:\WINDOWS\system32\wdmaud.drv
0x72d10000 - 0x72d18000 	C:\WINDOWS\system32\msacm32.drv
0x77be0000 - 0x77bf5000 	C:\WINDOWS\system32\MSACM32.dll
0x77bd0000 - 0x77bd7000 	C:\WINDOWS\system32\midimap.dll
0x73ee0000 - 0x73ee4000 	C:\WINDOWS\system32\KsUser.dll
0x03d00000 - 0x03d16000 	C:\WINDOWS\system32\jmmpegv.dll
0x03e20000 - 0x03e2b000 	C:\WINDOWS\system32\jmvcm.dll
0x75a70000 - 0x75a91000 	C:\WINDOWS\system32\MSVFW32.dll
0x03f40000 - 0x03fec000 	C:\WINDOWS\system32\jmvh263.dll

VM Arguments:
jvm_args: -Dfile.encoding=UTF-8 
java_command: xomaya.application.Application
Launcher Type: SUN_STANDARD

Environment Variables:
CLASSPATH=.;.;.;.;.;.;.;.;.;.;.;.;.;.;C:\PROGRA~1\JMF21~1.1E\lib\sound.jar;C:\PROGRA~1\JMF21~1.1E\lib\jmf.jar;C:\PROGRA~1\JMF21~1.1E\lib;
PATH=C:\Program Files\JavaFX\javafx-sdk1.2\bin;C:\Program Files\JavaFX\javafx-sdk1.2\emulator\bin;C:\WINDOWS\system32;C:\WINDOWS;C:\WINDOWS\System32\Wbem;C:\Program Files\Intel\Wireless\Bin\;C:\Program Files\QuickTime\QTSystem\;C:\Program Files\Common Files\Lenovo;C:\Program Files\Subversion\bin;C:\WINDOWS\system32\WindowsPowerShell\v1.0;C:\Program Files\Microsoft SQL Server\100\Tools\Binn\VSShell\Common7\IDE\;C:\Program Files\Microsoft SQL Server\100\Tools\Binn\;C:\Program Files\Microsoft SQL Server\100\DTS\Binn\
USERNAME=beecrofs
OS=Windows_NT
PROCESSOR_IDENTIFIER=x86 Family 6 Model 23 Stepping 6, GenuineIntel



---------------  S Y S T E M  ---------------

OS: Windows XP Build 2600 Service Pack 3

CPU:total 2 (2 cores per cpu, 1 threads per core) family 6 model 23 stepping 6, cmov, cx8, fxsr, mmx, sse, sse2, sse3, ssse3, sse4.1

Memory: 4k page, physical 2097151k(2097151k free), swap 4194303k(4014708k free)

vm_info: Java HotSpot(TM) Client VM (14.3-b01) for windows-x86 JRE (1.6.0_17-b04), built on Oct 11 2009 00:52:06 by "java_re" with MS VC++ 7.1

time: Wed Aug 04 23:50:30 2010
elapsed time: 8 seconds

