#
# A fatal error has been detected by the Java Runtime Environment:
#
#  EXCEPTION_ACCESS_VIOLATION (0xc0000005) at pc=0x093135c0, pid=4772, tid=5168
#
# JRE version: 6.0_21-b07
# Java VM: Java HotSpot(TM) Client VM (17.0-b17 mixed mode, sharing windows-x86 )
# Problematic frame:
# C  0x093135c0
#
# If you would like to submit a bug report, please visit:
#   http://java.sun.com/webapps/bugreport/crash.jsp
# The crash happened outside the Java Virtual Machine in native code.
# See problematic frame for where to report the bug.
#

---------------  T H R E A D  ---------------

Current thread (0x03bfec00):  JavaThread "Timer-0" [_thread_in_native, id=5168, stack(0x07160000,0x071b0000)]

siginfo: ExceptionCode=0xc0000005, reading address 0x093135c0

Registers:
EAX=0x093135c0, EBX=0x33b79610, ECX=0x03bfed18, EDX=0x33ba67a8
ESP=0x071af60c, EBP=0x071af648, ESI=0x33b79610, EDI=0x03bfec00
EIP=0x093135c0, EFLAGS=0x00010283

Top of Stack: (sp=0x071af60c)
0x071af60c:   01799f47 03bfed18 071af650 00000008
0x071af61c:   00000000 2437e0e0 071af624 071af628
0x071af62c:   00000000 071af65c 33ba67a8 00000000
0x071af63c:   33b79610 00000000 071af658 071af684
0x071af64c:   01792e83 33b79aa8 01798269 00000008
0x071af65c:   00000000 2437e0e0 071af664 33b773bb
0x071af66c:   071af694 33ba67a8 00000000 33b77418
0x071af67c:   071af658 071af68c 071af6b8 01792da1 

Instructions: (pc=0x093135c0)
0x093135b0:   
[error occurred during error reporting (printing registers, top of stack, instructions near pc), id 0xc0000005]

Stack: [0x07160000,0x071b0000],  sp=0x071af60c,  free space=13d071aea9ck
Native frames: (J=compiled Java code, j=interpreted, Vv=VM code, C=native code)
C  0x093135c0
j  com.sun.jna.Memory.<init>(J)V+27
j  com.sun.jna.Structure$AutoAllocated.<init>(Lcom/sun/jna/Structure;I)V+8
j  com.sun.jna.Structure.autoAllocate(I)Lcom/sun/jna/Memory;+6
j  com.sun.jna.Structure.allocateMemory(I)V+70
j  com.sun.jna.Structure.<init>(Lcom/sun/jna/Pointer;ILcom/sun/jna/TypeMapper;)V+65
j  com.sun.jna.Structure.<init>(Lcom/sun/jna/Pointer;I)V+4
j  com.sun.jna.Structure.<init>(Lcom/sun/jna/Pointer;)V+3
j  com.sun.jna.Structure.<init>()V+5
j  xomaya.util.Win32IdleTime$User32$LASTINPUTINFO.<init>()V+1
j  xomaya.util.Win32IdleTime.getIdleTimeMillis()I+4
j  xomaya.util.JNA.getIdleTime()I+6
J  xomaya.components.STimerTask.run()V
j  java.util.TimerThread.mainLoop()V+221
j  java.util.TimerThread.run()V+1
v  ~StubRoutines::call_stub
V  [jvm.dll+0xf3abc]
V  [jvm.dll+0x1865b1]
V  [jvm.dll+0xf3c87]
V  [jvm.dll+0xf3cfd]
V  [jvm.dll+0x11dac0]
V  [jvm.dll+0x1e6fb4]
V  [jvm.dll+0x185f5c]
C  [msvcr71.dll+0x9565]
C  [kernel32.dll+0x51194]
C  [ntdll.dll+0x5b3f5]
C  [ntdll.dll+0x5b3c8]

Java frames: (J=compiled Java code, j=interpreted, Vv=VM code)
j  com.sun.jna.Memory.malloc(J)J+0
j  com.sun.jna.Memory.<init>(J)V+27
j  com.sun.jna.Structure$AutoAllocated.<init>(Lcom/sun/jna/Structure;I)V+8
j  com.sun.jna.Structure.autoAllocate(I)Lcom/sun/jna/Memory;+6
j  com.sun.jna.Structure.allocateMemory(I)V+70
j  com.sun.jna.Structure.<init>(Lcom/sun/jna/Pointer;ILcom/sun/jna/TypeMapper;)V+65
j  com.sun.jna.Structure.<init>(Lcom/sun/jna/Pointer;I)V+4
j  com.sun.jna.Structure.<init>(Lcom/sun/jna/Pointer;)V+3
j  com.sun.jna.Structure.<init>()V+5
j  xomaya.util.Win32IdleTime$User32$LASTINPUTINFO.<init>()V+1
j  xomaya.util.Win32IdleTime.getIdleTimeMillis()I+4
j  xomaya.util.JNA.getIdleTime()I+6
J  xomaya.components.STimerTask.run()V
j  java.util.TimerThread.mainLoop()V+221
j  java.util.TimerThread.run()V+1
v  ~StubRoutines::call_stub

---------------  P R O C E S S  ---------------

Java Threads: ( => current thread )
  0x03c00800 JavaThread "Keep-Alive-Timer" daemon [_thread_blocked, id=5932, stack(0x09370000,0x093c0000)]
  0x03c02c00 JavaThread "Loop thread: com.sun.media.parser.RawBufferParser$FrameTrack@1329642" [_thread_blocked, id=684, stack(0x09550000,0x095a0000)]
  0x03c02800 JavaThread "Loop thread: com.sun.media.parser.RawBufferParser$FrameTrack@1d53f5b" [_thread_blocked, id=6976, stack(0x09500000,0x09550000)]
  0x03c01c00 JavaThread "Loop thread" [_thread_blocked, id=7044, stack(0x09460000,0x094b0000)]
  0x03c01400 JavaThread "Thread-17" [_thread_blocked, id=6856, stack(0x09410000,0x09460000)]
  0x03c00400 JavaThread "JMF thread: SendEventQueue: com.sun.media.ProcessEngine" [_thread_blocked, id=4852, stack(0x090d0000,0x09120000)]
  0x03bfd400 JavaThread "JMF thread: SendEventQueue: com.sun.media.processor.unknown.Handler" [_thread_blocked, id=5844, stack(0x07f80000,0x07fd0000)]
=>0x03bfec00 JavaThread "Timer-0" [_thread_in_native, id=5168, stack(0x07160000,0x071b0000)]
  0x03bffc00 JavaThread "Loop thread: com.sun.media.parser.RawBufferParser$FrameTrack@1df280b" [_thread_blocked, id=8120, stack(0x091c0000,0x09210000)]
  0x03bff800 JavaThread "Loop thread: com.sun.media.parser.RawBufferParser$FrameTrack@a1d1f4" [_thread_blocked, id=5416, stack(0x09170000,0x091c0000)]
  0x03bff000 JavaThread "Thread-11" [_thread_blocked, id=2296, stack(0x09120000,0x09170000)]
  0x03bfd800 JavaThread "Loop thread" [_thread_blocked, id=1104, stack(0x07fd0000,0x08020000)]
  0x03bfe400 JavaThread "Thread-10" [_thread_blocked, id=3720, stack(0x08df0000,0x08e40000)]
  0x03bfe000 JavaThread "Thread-9" [_thread_blocked, id=2180, stack(0x08020000,0x08070000)]
  0x03bfcc00 JavaThread "JMF thread: SendEventQueue: com.sun.media.ProcessEngine" [_thread_blocked, id=2168, stack(0x07eb0000,0x07f00000)]
  0x03bfc800 JavaThread "JMF thread: SendEventQueue: com.sun.media.processor.unknown.Handler" [_thread_blocked, id=7432, stack(0x07e60000,0x07eb0000)]
  0x03bfc000 JavaThread "Java Sound Event Dispatcher" daemon [_thread_blocked, id=5308, stack(0x07e10000,0x07e60000)]
  0x03befc00 JavaThread "TimerQueue" daemon [_thread_blocked, id=2716, stack(0x07340000,0x07390000)]
  0x03be4800 JavaThread "Thread-5" [_thread_blocked, id=8116, stack(0x072f0000,0x07340000)]
  0x03bc0c00 JavaThread "Thread-4" [_thread_blocked, id=3708, stack(0x072a0000,0x072f0000)]
  0x03bbf400 JavaThread "Thread-3" [_thread_blocked, id=6892, stack(0x07250000,0x072a0000)]
  0x03bbec00 JavaThread "Thread-2" [_thread_blocked, id=5264, stack(0x07200000,0x07250000)]
  0x03b7c400 JavaThread "AWT-EventQueue-0" [_thread_blocked, id=7284, stack(0x071b0000,0x07200000)]
  0x03b2c400 JavaThread "AWT-Shutdown" [_thread_blocked, id=6768, stack(0x03d80000,0x03dd0000)]
  0x03b26c00 JavaThread "Java2D Disposer" daemon [_thread_blocked, id=7620, stack(0x03d10000,0x03d60000)]
  0x016e8800 JavaThread "Low Memory Detector" daemon [_thread_blocked, id=380, stack(0x039d0000,0x03a20000)]
  0x016e4000 JavaThread "CompilerThread0" daemon [_thread_blocked, id=8080, stack(0x03980000,0x039d0000)]
  0x016e3800 JavaThread "Attach Listener" daemon [_thread_blocked, id=6476, stack(0x03930000,0x03980000)]
  0x016e1000 JavaThread "Signal Dispatcher" daemon [_thread_blocked, id=4796, stack(0x038e0000,0x03930000)]
  0x016d1000 JavaThread "Finalizer" daemon [_thread_blocked, id=7376, stack(0x03890000,0x038e0000)]
  0x016cf800 JavaThread "Reference Handler" daemon [_thread_blocked, id=4128, stack(0x03840000,0x03890000)]
  0x00879800 JavaThread "main" [_thread_blocked, id=4348, stack(0x00190000,0x001e0000)]

Other Threads:
  0x016cd800 VMThread [stack: 0x00800000,0x00850000] [id=8068]
  0x016f1c00 WatcherThread [stack: 0x03a20000,0x03a70000] [id=7136]

VM state:not at safepoint (normal execution)

VM Mutex/Monitor currently owned by a thread: None

Heap
 def new generation   total 15168K, used 13124K [0x23790000, 0x24800000, 0x28ce0000)
  eden space 13504K,  90% used [0x23790000, 0x2437e120, 0x244c0000)
  from space 1664K,  54% used [0x244c0000, 0x245a2f30, 0x24660000)
  to   space 1664K,   0% used [0x24660000, 0x24660000, 0x24800000)
 tenured generation   total 33396K, used 11819K [0x28ce0000, 0x2ad7d000, 0x33790000)
   the space 33396K,  35% used [0x28ce0000, 0x2986acf0, 0x2986ae00, 0x2ad7d000)
 compacting perm gen  total 12288K, used 4621K [0x33790000, 0x34390000, 0x37790000)
   the space 12288K,  37% used [0x33790000, 0x33c13780, 0x33c13800, 0x34390000)
    ro space 10240K,  54% used [0x37790000, 0x37d0c0f0, 0x37d0c200, 0x38190000)
    rw space 12288K,  55% used [0x38190000, 0x3882fb80, 0x3882fc00, 0x38d90000)

Dynamic libraries:
0x00400000 - 0x00424000 	C:\Program Files\Java\jdk1.6.0_21\jre\bin\java.exe
0x77050000 - 0x7718c000 	C:\Windows\SYSTEM32\ntdll.dll
0x755f0000 - 0x756c4000 	C:\Windows\system32\kernel32.dll
0x75330000 - 0x7537a000 	C:\Windows\system32\KERNELBASE.dll
0x758d0000 - 0x75970000 	C:\Windows\system32\ADVAPI32.dll
0x76230000 - 0x762dc000 	C:\Windows\system32\msvcrt.dll
0x754a0000 - 0x754b9000 	C:\Windows\SYSTEM32\sechost.dll
0x75d70000 - 0x75e11000 	C:\Windows\system32\RPCRT4.dll
0x7c340000 - 0x7c396000 	C:\Program Files\Java\jdk1.6.0_21\jre\bin\msvcr71.dll
0x6d8b0000 - 0x6db57000 	C:\Program Files\Java\jdk1.6.0_21\jre\bin\client\jvm.dll
0x75e20000 - 0x75ee9000 	C:\Windows\system32\USER32.dll
0x75880000 - 0x758ce000 	C:\Windows\system32\GDI32.dll
0x771c0000 - 0x771ca000 	C:\Windows\system32\LPK.dll
0x76360000 - 0x763fd000 	C:\Windows\system32\USP10.dll
0x73390000 - 0x733c2000 	C:\Windows\system32\WINMM.dll
0x771d0000 - 0x771ef000 	C:\Windows\system32\IMM32.DLL
0x75520000 - 0x755ec000 	C:\Windows\system32\MSCTF.dll
0x750d0000 - 0x7511b000 	C:\Windows\system32\apphelp.dll
0x6d860000 - 0x6d86c000 	C:\Program Files\Java\jdk1.6.0_21\jre\bin\verify.dll
0x6d3e0000 - 0x6d3ff000 	C:\Program Files\Java\jdk1.6.0_21\jre\bin\java.dll
0x6d340000 - 0x6d348000 	C:\Program Files\Java\jdk1.6.0_21\jre\bin\hpi.dll
0x77190000 - 0x77195000 	C:\Windows\system32\PSAPI.DLL
0x6d8a0000 - 0x6d8af000 	C:\Program Files\Java\jdk1.6.0_21\jre\bin\zip.dll
0x6d6c0000 - 0x6d6d3000 	C:\Program Files\Java\jdk1.6.0_21\jre\bin\net.dll
0x75d30000 - 0x75d65000 	C:\Windows\system32\WS2_32.dll
0x771a0000 - 0x771a6000 	C:\Windows\system32\NSI.dll
0x74c10000 - 0x74c4c000 	C:\Windows\system32\mswsock.dll
0x74c00000 - 0x74c06000 	C:\Windows\System32\wship6.dll
0x73780000 - 0x73790000 	C:\Windows\system32\NLAapi.dll
0x74ad0000 - 0x74b14000 	C:\Windows\system32\DNSAPI.dll
0x67520000 - 0x67528000 	C:\Windows\System32\winrnr.dll
0x674d0000 - 0x674e0000 	C:\Windows\system32\napinsp.dll
0x67480000 - 0x67492000 	C:\Windows\system32\pnrpnsp.dll
0x00860000 - 0x0086d000 	C:\Windows\system32\wshbth.dll
0x74730000 - 0x74735000 	C:\Windows\System32\wshtcpip.dll
0x72a50000 - 0x72a6c000 	C:\Windows\system32\IPHLPAPI.DLL
0x72a40000 - 0x72a47000 	C:\Windows\system32\WINNSI.DLL
0x70470000 - 0x70476000 	C:\Windows\system32\rasadhlp.dll
0x71350000 - 0x71388000 	C:\Windows\System32\fwpuclnt.dll
0x6d0b0000 - 0x6d1fa000 	C:\Program Files\Java\jdk1.6.0_21\jre\bin\awt.dll
0x739d0000 - 0x73a21000 	C:\Windows\system32\WINSPOOL.DRV
0x75720000 - 0x7587c000 	C:\Windows\system32\ole32.dll
0x74200000 - 0x7439e000 	C:\Windows\WinSxS\x86_microsoft.windows.common-controls_6595b64144ccf1df_6.0.7600.16661_none_420fe3fa2b8113bd\COMCTL32.dll
0x759a0000 - 0x759f7000 	C:\Windows\system32\SHLWAPI.dll
0x73d50000 - 0x73d63000 	C:\Windows\system32\DWMAPI.DLL
0x6d2e0000 - 0x6d334000 	C:\Program Files\Java\jdk1.6.0_21\jre\bin\fontmanager.dll
0x75120000 - 0x7512c000 	C:\Windows\system32\CRYPTBASE.dll
0x6c760000 - 0x6c923000 	C:\Windows\system32\d3d9.dll
0x746a0000 - 0x746a9000 	C:\Windows\system32\VERSION.dll
0x741e0000 - 0x741e6000 	C:\Windows\system32\d3d8thk.dll
0x5db90000 - 0x5e30c000 	C:\Windows\system32\nvd3dum.dll
0x744a0000 - 0x744c5000 	C:\Windows\system32\powrprof.dll
0x75a00000 - 0x75b9d000 	C:\Windows\system32\SETUPAPI.dll
0x75250000 - 0x75277000 	C:\Windows\system32\CFGMGR32.dll
0x75ca0000 - 0x75d2f000 	C:\Windows\system32\OLEAUT32.dll
0x75310000 - 0x75322000 	C:\Windows\system32\DEVOBJ.dll
0x76400000 - 0x77049000 	C:\Windows\system32\shell32.dll
0x6d6e0000 - 0x6d6e9000 	C:\Program Files\Java\jdk1.6.0_21\jre\bin\nio.dll
0x10000000 - 0x10015000 	C:\Windows\System32\jmutil.dll
0x04130000 - 0x0413d000 	C:\Windows\System32\jmvfw.dll
0x72340000 - 0x72353000 	C:\Windows\system32\AVICAP32.dll
0x72310000 - 0x72331000 	C:\Windows\system32\MSVFW32.dll
0x73d70000 - 0x73da9000 	C:\Windows\system32\MMDevAPI.DLL
0x740c0000 - 0x741b5000 	C:\Windows\system32\PROPSYS.dll
0x73260000 - 0x73290000 	C:\Windows\system32\wdmaud.drv
0x73250000 - 0x73254000 	C:\Windows\system32\ksuser.dll
0x73a30000 - 0x73a37000 	C:\Windows\system32\AVRT.dll
0x73210000 - 0x73246000 	C:\Windows\system32\AUDIOSES.DLL
0x73200000 - 0x73208000 	C:\Windows\system32\msacm32.drv
0x731e0000 - 0x731f4000 	C:\Windows\system32\MSACM32.dll
0x731d0000 - 0x731d7000 	C:\Windows\system32\midimap.dll
0x771f0000 - 0x77273000 	C:\Windows\system32\CLBCatQ.DLL
0x68bb0000 - 0x68bc4000 	C:\Windows\system32\devenum.dll
0x738c0000 - 0x738e1000 	C:\Windows\system32\ntmarta.dll
0x756d0000 - 0x75715000 	C:\Windows\system32\WLDAP32.dll
0x75220000 - 0x7524d000 	C:\Windows\system32\WINTRUST.dll
0x75380000 - 0x7549c000 	C:\Windows\system32\CRYPT32.dll
0x75210000 - 0x7521c000 	C:\Windows\system32\MSASN1.dll
0x68ba0000 - 0x68bab000 	C:\Windows\system32\msdmo.dll
0x6eef0000 - 0x6ef23000 	C:\Windows\system32\ksproxy.ax
0x73a40000 - 0x73a49000 	C:\Windows\system32\vidcap.ax
0x71bb0000 - 0x71bcd000 	C:\Windows\system32\kswdmcap.ax
0x6cca0000 - 0x6cdbc000 	C:\Windows\system32\MFC42.dll
0x6e230000 - 0x6e2ba000 	C:\Windows\system32\ODBC32.dll
0x6eeb0000 - 0x6eee8000 	C:\Windows\system32\odbcint.dll
0x6ea40000 - 0x6ea72000 	C:\Windows\system32\qcap.dll
0x6e7f0000 - 0x6e967000 	C:\Windows\system32\quartz.dll
0x74080000 - 0x740c0000 	C:\Windows\system32\UxTheme.dll
0x07c50000 - 0x07c88000 	C:\Program Files\ThinkPad\Bluetooth Software\btmmhook.dll
0x6d5d0000 - 0x6d5f4000 	C:\Program Files\Java\jdk1.6.0_21\jre\bin\jsound.dll
0x6d600000 - 0x6d608000 	C:\Program Files\Java\jdk1.6.0_21\jre\bin\jsoundds.dll
0x6c1e0000 - 0x6c252000 	C:\Windows\system32\DSOUND.dll
0x74c50000 - 0x74c66000 	C:\Windows\system32\CRYPTSP.dll
0x749f0000 - 0x74a2b000 	C:\Windows\system32\rsaenh.dll
0x74800000 - 0x74817000 	C:\Windows\system32\USERENV.dll
0x751a0000 - 0x751ab000 	C:\Windows\system32\profapi.dll

VM Arguments:
java_command: org.apache.tools.ant.taskdefs.optional.junit.JUnitTestRunner xomaya.application.XomayaTest filtertrace=true haltOnError=false haltOnFailure=false showoutput=true outputtoformatters=true logfailedtests=true logtestlistenerevents=true formatter=org.apache.tools.ant.taskdefs.optional.junit.BriefJUnitResultFormatter formatter=org.apache.tools.ant.taskdefs.optional.junit.XMLJUnitResultFormatter,C:\Users\Sean\Documents\NetBeansProjects\xomaya\xomaya\build\test\results\TEST-xomaya.application.XomayaTest.xml crashfile=C:\Users\Sean\Documents\NetBeansProjects\xomaya\xomaya\build\junitvmwatcher1689915147775173237.properties propsfile=C:\Users\Sean\Documents\NetBeansProjects\xomaya\xomaya\build\junit255294585196882013.properties
Launcher Type: SUN_STANDARD

Environment Variables:
CLASSPATH=.;.;.;.;.;.;.;.;.;.;.;.;.;.;C:\PROGRA~1\JMF21~1.1E\lib\sound.jar;C:\PROGRA~1\JMF21~1.1E\lib\jmf.jar;C:\PROGRA~1\JMF21~1.1E\lib;
PATH=C:\Windows\system32;C:\Windows;C:\Windows\System32\Wbem;C:\Windows\System32\WindowsPowerShell\v1.0\;C:\Program Files\ThinkPad\Bluetooth Software\;C:\Program Files\Intel\WiFi\bin\;C:\Program Files\Common Files\Intel\WirelessCommon\
USERNAME=Sean
OS=Windows_NT
PROCESSOR_IDENTIFIER=x86 Family 6 Model 37 Stepping 2, GenuineIntel



---------------  S Y S T E M  ---------------

OS: Windows 7 Build 7600 

CPU:total 4 (8 cores per cpu, 2 threads per core) family 6 model 37 stepping 2, cmov, cx8, fxsr, mmx, sse, sse2, sse3, ssse3, sse4.1, sse4.2, popcnt, ht

Memory: 4k page, physical 3133104k(1131124k free), swap 6264444k(4125000k free)

vm_info: Java HotSpot(TM) Client VM (17.0-b17) for windows-x86 JRE (1.6.0_21-b07), built on Jul 17 2010 01:10:15 by "java_re" with MS VC++ 7.1 (VS2003)

time: Mon Oct 25 13:10:37 2010
elapsed time: 38 seconds

