xomaya.application.Application:Mon Jun 14 15:42:14 EDT 2010:Loaded DLL:1125
xomaya.controllers.Controller:Mon Jun 14 15:42:18 EDT 2010:Action Command:java.awt.event.ActionEvent[ACTION_PERFORMED,cmd=RECORD_PRESENTATION,when=1276544538671,modifiers=Button1] on javax.swing.JButton[,8,5,62x26,alignmentX=0.0,alignmentY=0.5,border=javax.swing.plaf.BorderUIResource$CompoundBorderUIResource@1db05b2,flags=296,maximumSize=,minimumSize=,preferredSize=,defaultIcon=,disabledIcon=,disabledSelectedIcon=,margin=javax.swing.plaf.InsetsUIResource[top=2,left=14,bottom=2,right=14],paintBorder=true,paintFocus=true,pressedIcon=,rolloverEnabled=true,rolloverIcon=,rolloverSelectedIcon=,selectedIcon=,text=Start,defaultCapable=true]
xomaya.controllers.Controller:Mon Jun 14 15:42:18 EDT 2010:Started!
xomaya.controllers.Controller:Mon Jun 14 15:47:55 EDT 2010:Action Command:java.awt.event.ActionEvent[ACTION_PERFORMED,cmd=STOP_RECORDING,when=1276544875484,modifiers=Button1] on javax.swing.JButton[,75,5,60x26,alignmentX=0.0,alignmentY=0.5,border=javax.swing.plaf.BorderUIResource$CompoundBorderUIResource@1db05b2,flags=296,maximumSize=,minimumSize=,preferredSize=,defaultIcon=,disabledIcon=,disabledSelectedIcon=,margin=javax.swing.plaf.InsetsUIResource[top=2,left=14,bottom=2,right=14],paintBorder=true,paintFocus=true,pressedIcon=,rolloverEnabled=true,rolloverIcon=,rolloverSelectedIcon=,selectedIcon=,text=Stop,defaultCapable=true]
xomaya.controllers.Controller:Mon Jun 14 15:47:55 EDT 2010:Stopped!
xomaya.controllers.Controller:Mon Jun 14 15:47:57 EDT 2010:Total time:339188
xomaya.application.Application:Mon Jun 14 15:48:23 EDT 2010:Loaded DLL:1046
xomaya.controllers.Controller:Mon Jun 14 15:48:33 EDT 2010:Action Command:java.awt.event.ActionEvent[ACTION_PERFORMED,cmd=RECORD_PRESENTATION,when=1276544913234,modifiers=Button1] on javax.swing.JButton[,8,5,62x26,alignmentX=0.0,alignmentY=0.5,border=javax.swing.plaf.BorderUIResource$CompoundBorderUIResource@530cf2,flags=296,maximumSize=,minimumSize=,preferredSize=,defaultIcon=,disabledIcon=,disabledSelectedIcon=,margin=javax.swing.plaf.InsetsUIResource[top=2,left=14,bottom=2,right=14],paintBorder=true,paintFocus=true,pressedIcon=,rolloverEnabled=true,rolloverIcon=,rolloverSelectedIcon=,selectedIcon=,text=Start,defaultCapable=true]
xomaya.controllers.Controller:Mon Jun 14 15:48:33 EDT 2010:Started!
xomaya.controllers.Controller:Mon Jun 14 15:51:35 EDT 2010:Action Command:java.awt.event.ActionEvent[ACTION_PERFORMED,cmd=STOP_RECORDING,when=1276545095813,modifiers=Button1] on javax.swing.JButton[,75,5,60x26,alignmentX=0.0,alignmentY=0.5,border=javax.swing.plaf.BorderUIResource$CompoundBorderUIResource@530cf2,flags=296,maximumSize=,minimumSize=,preferredSize=,defaultIcon=,disabledIcon=,disabledSelectedIcon=,margin=javax.swing.plaf.InsetsUIResource[top=2,left=14,bottom=2,right=14],paintBorder=true,paintFocus=true,pressedIcon=,rolloverEnabled=true,rolloverIcon=,rolloverSelectedIcon=,selectedIcon=,text=Stop,defaultCapable=true]
xomaya.controllers.Controller:Mon Jun 14 15:51:35 EDT 2010:Stopped!
xomaya.controllers.Controller:Mon Jun 14 15:51:37 EDT 2010:Total time:183844
xomaya.application.Application:Mon Jun 14 16:20:23 EDT 2010:Loaded DLL:1937
xomaya.controllers.Controller:Mon Jun 14 16:28:45 EDT 2010:Action Command:java.awt.event.ActionEvent[ACTION_PERFORMED,cmd=RECORD_PRESENTATION,when=1276547325109,modifiers=Button1] on javax.swing.JButton[,8,5,62x26,alignmentX=0.0,alignmentY=0.5,border=javax.swing.plaf.BorderUIResource$CompoundBorderUIResource@76fba0,flags=296,maximumSize=,minimumSize=,preferredSize=,defaultIcon=,disabledIcon=,disabledSelectedIcon=,margin=javax.swing.plaf.InsetsUIResource[top=2,left=14,bottom=2,right=14],paintBorder=true,paintFocus=true,pressedIcon=,rolloverEnabled=true,rolloverIcon=,rolloverSelectedIcon=,selectedIcon=,text=Start,defaultCapable=true]
xomaya.controllers.Controller:Mon Jun 14 16:28:45 EDT 2010:Started!
xomaya.application.Application:Mon Jun 14 16:30:02 EDT 2010:Loaded DLL:469
xomaya.controllers.Controller:Mon Jun 14 16:30:04 EDT 2010:Action Command:java.awt.event.ActionEvent[ACTION_PERFORMED,cmd=RECORD_PRESENTATION,when=1276547404109,modifiers=Button1] on javax.swing.JButton[,8,5,62x26,alignmentX=0.0,alignmentY=0.5,border=javax.swing.plaf.BorderUIResource$CompoundBorderUIResource@1db05b2,flags=296,maximumSize=,minimumSize=,preferredSize=,defaultIcon=,disabledIcon=,disabledSelectedIcon=,margin=javax.swing.plaf.InsetsUIResource[top=2,left=14,bottom=2,right=14],paintBorder=true,paintFocus=true,pressedIcon=,rolloverEnabled=true,rolloverIcon=,rolloverSelectedIcon=,selectedIcon=,text=Start,defaultCapable=true]
xomaya.controllers.Controller:Mon Jun 14 16:30:04 EDT 2010:Started!
xomaya.controllers.Controller:Mon Jun 14 16:35:42 EDT 2010:Action Command:java.awt.event.ActionEvent[ACTION_PERFORMED,cmd=STOP_RECORDING,when=1276547742203,modifiers=Button1] on javax.swing.JButton[,75,5,60x26,alignmentX=0.0,alignmentY=0.5,border=javax.swing.plaf.BorderUIResource$CompoundBorderUIResource@1db05b2,flags=296,maximumSize=,minimumSize=,preferredSize=,defaultIcon=,disabledIcon=,disabledSelectedIcon=,margin=javax.swing.plaf.InsetsUIResource[top=2,left=14,bottom=2,right=14],paintBorder=true,paintFocus=true,pressedIcon=,rolloverEnabled=true,rolloverIcon=,rolloverSelectedIcon=,selectedIcon=,text=Stop,defaultCapable=true]
xomaya.controllers.Controller:Mon Jun 14 16:35:42 EDT 2010:Stopped!
xomaya.controllers.Controller:Mon Jun 14 16:35:44 EDT 2010:Total time:340360
xomaya.application.Application:Mon Jun 14 16:37:10 EDT 2010:Loaded DLL:984
xomaya.controllers.Controller:Mon Jun 14 16:37:16 EDT 2010:Action Command:java.awt.event.ActionEvent[ACTION_PERFORMED,cmd=RECORD_PRESENTATION,when=1276547836203,modifiers=Button1] on javax.swing.JButton[,8,5,62x26,alignmentX=0.0,alignmentY=0.5,border=javax.swing.plaf.BorderUIResource$CompoundBorderUIResource@530cf2,flags=296,maximumSize=,minimumSize=,preferredSize=,defaultIcon=,disabledIcon=,disabledSelectedIcon=,margin=javax.swing.plaf.InsetsUIResource[top=2,left=14,bottom=2,right=14],paintBorder=true,paintFocus=true,pressedIcon=,rolloverEnabled=true,rolloverIcon=,rolloverSelectedIcon=,selectedIcon=,text=Start,defaultCapable=true]
xomaya.controllers.Controller:Mon Jun 14 16:37:16 EDT 2010:Started!
xomaya.controllers.Controller:Mon Jun 14 16:44:14 EDT 2010:Action Command:java.awt.event.ActionEvent[ACTION_PERFORMED,cmd=STOP_RECORDING,when=1276548254156,modifiers=Button1] on javax.swing.JButton[,75,5,60x26,alignmentX=0.0,alignmentY=0.5,border=javax.swing.plaf.BorderUIResource$CompoundBorderUIResource@530cf2,flags=296,maximumSize=,minimumSize=,preferredSize=,defaultIcon=,disabledIcon=,disabledSelectedIcon=,margin=javax.swing.plaf.InsetsUIResource[top=2,left=14,bottom=2,right=14],paintBorder=true,paintFocus=true,pressedIcon=,rolloverEnabled=true,rolloverIcon=,rolloverSelectedIcon=,selectedIcon=,text=Stop,defaultCapable=true]
xomaya.controllers.Controller:Mon Jun 14 16:44:14 EDT 2010:Stopped!
xomaya.controllers.Controller:Mon Jun 14 16:44:17 EDT 2010:Total time:420875
xomaya.application.Application:Mon Jun 14 16:53:12 EDT 2010:Loaded DLL:563
xomaya.controllers.Controller:Mon Jun 14 16:53:35 EDT 2010:Action Command:java.awt.event.ActionEvent[ACTION_PERFORMED,cmd=RECORD_PRESENTATION,when=1276548815687,modifiers=Button1] on javax.swing.JButton[,8,5,62x26,alignmentX=0.0,alignmentY=0.5,border=javax.swing.plaf.BorderUIResource$CompoundBorderUIResource@16dadf9,flags=296,maximumSize=,minimumSize=,preferredSize=,defaultIcon=,disabledIcon=,disabledSelectedIcon=,margin=javax.swing.plaf.InsetsUIResource[top=2,left=14,bottom=2,right=14],paintBorder=true,paintFocus=true,pressedIcon=,rolloverEnabled=true,rolloverIcon=,rolloverSelectedIcon=,selectedIcon=,text=Start,defaultCapable=true]
xomaya.controllers.Controller:Mon Jun 14 16:53:35 EDT 2010:Started!
xomaya.controllers.Controller:Mon Jun 14 16:56:59 EDT 2010:Action Command:java.awt.event.ActionEvent[ACTION_PERFORMED,cmd=STOP_RECORDING,when=1276549019390,modifiers=Button1] on javax.swing.JButton[,75,5,60x26,alignmentX=0.0,alignmentY=0.5,border=javax.swing.plaf.BorderUIResource$CompoundBorderUIResource@16dadf9,flags=296,maximumSize=,minimumSize=,preferredSize=,defaultIcon=,disabledIcon=,disabledSelectedIcon=,margin=javax.swing.plaf.InsetsUIResource[top=2,left=14,bottom=2,right=14],paintBorder=true,paintFocus=true,pressedIcon=,rolloverEnabled=true,rolloverIcon=,rolloverSelectedIcon=,selectedIcon=,text=Stop,defaultCapable=true]
xomaya.controllers.Controller:Mon Jun 14 16:56:59 EDT 2010:Stopped!
xomaya.controllers.Controller:Mon Jun 14 16:57:00 EDT 2010:Total time:205110
xomaya.application.Application:Mon Jun 14 17:56:20 EDT 2010:Loaded DLL:2062
xomaya.controllers.Controller:Mon Jun 14 17:56:23 EDT 2010:Action Command:java.awt.event.ActionEvent[ACTION_PERFORMED,cmd=RECORD_PRESENTATION,when=1276552583656,modifiers=Button1] on javax.swing.JButton[,8,5,62x26,alignmentX=0.0,alignmentY=0.5,border=javax.swing.plaf.BorderUIResource$CompoundBorderUIResource@530cf2,flags=296,maximumSize=,minimumSize=,preferredSize=,defaultIcon=,disabledIcon=,disabledSelectedIcon=,margin=javax.swing.plaf.InsetsUIResource[top=2,left=14,bottom=2,right=14],paintBorder=true,paintFocus=true,pressedIcon=,rolloverEnabled=true,rolloverIcon=,rolloverSelectedIcon=,selectedIcon=,text=Start,defaultCapable=true]
xomaya.controllers.Controller:Mon Jun 14 17:56:23 EDT 2010:Started!
xomaya.controllers.Controller:Mon Jun 14 17:56:34 EDT 2010:Action Command:java.awt.event.ActionEvent[ACTION_PERFORMED,cmd=STOP_RECORDING,when=1276552594468,modifiers=Button1] on javax.swing.JButton[,75,5,60x26,alignmentX=0.0,alignmentY=0.5,border=javax.swing.plaf.BorderUIResource$CompoundBorderUIResource@530cf2,flags=296,maximumSize=,minimumSize=,preferredSize=,defaultIcon=,disabledIcon=,disabledSelectedIcon=,margin=javax.swing.plaf.InsetsUIResource[top=2,left=14,bottom=2,right=14],paintBorder=true,paintFocus=true,pressedIcon=,rolloverEnabled=true,rolloverIcon=,rolloverSelectedIcon=,selectedIcon=,text=Stop,defaultCapable=true]
xomaya.controllers.Controller:Mon Jun 14 17:56:34 EDT 2010:Stopped!
xomaya.controllers.Controller:Mon Jun 14 17:56:36 EDT 2010:Total time:12594
xomaya.application.Application:Mon Jun 14 17:58:58 EDT 2010:Loaded DLL:516
xomaya.controllers.Controller:Mon Jun 14 17:59:00 EDT 2010:Action Command:java.awt.event.ActionEvent[ACTION_PERFORMED,cmd=RECORD_PRESENTATION,when=1276552740484,modifiers=Button1] on javax.swing.JButton[,8,5,62x26,alignmentX=0.0,alignmentY=0.5,border=javax.swing.plaf.BorderUIResource$CompoundBorderUIResource@18b3364,flags=296,maximumSize=,minimumSize=,preferredSize=,defaultIcon=,disabledIcon=,disabledSelectedIcon=,margin=javax.swing.plaf.InsetsUIResource[top=2,left=14,bottom=2,right=14],paintBorder=true,paintFocus=true,pressedIcon=,rolloverEnabled=true,rolloverIcon=,rolloverSelectedIcon=,selectedIcon=,text=Start,defaultCapable=true]
xomaya.controllers.Controller:Mon Jun 14 17:59:00 EDT 2010:Started!
xomaya.controllers.Controller:Mon Jun 14 17:59:34 EDT 2010:Action Command:java.awt.event.ActionEvent[ACTION_PERFORMED,cmd=STOP_RECORDING,when=1276552774218,modifiers=Button1] on javax.swing.JButton[,75,5,60x26,alignmentX=0.0,alignmentY=0.5,border=javax.swing.plaf.BorderUIResource$CompoundBorderUIResource@18b3364,flags=296,maximumSize=,minimumSize=,preferredSize=,defaultIcon=,disabledIcon=,disabledSelectedIcon=,margin=javax.swing.plaf.InsetsUIResource[top=2,left=14,bottom=2,right=14],paintBorder=true,paintFocus=true,pressedIcon=,rolloverEnabled=true,rolloverIcon=,rolloverSelectedIcon=,selectedIcon=,text=Stop,defaultCapable=true]
xomaya.controllers.Controller:Mon Jun 14 17:59:34 EDT 2010:Stopped!
xomaya.controllers.Controller:Mon Jun 14 17:59:36 EDT 2010:Total time:35625
