xomaya.application.Application:Fri Jun 18 12:23:37 EDT 2010:Loaded DLL:704
xomaya.controllers.Controller:Fri Jun 18 12:23:40 EDT 2010:Action Command:java.awt.event.ActionEvent[ACTION_PERFORMED,cmd=START_RECORDING,when=1276878220718,modifiers=Button1] on javax.swing.JButton[,0,0,62x33,alignmentX=0.0,alignmentY=0.5,border=javax.swing.plaf.BorderUIResource$CompoundBorderUIResource@1bbd23f,flags=296,maximumSize=,minimumSize=,preferredSize=,defaultIcon=,disabledIcon=,disabledSelectedIcon=,margin=javax.swing.plaf.InsetsUIResource[top=2,left=14,bottom=2,right=14],paintBorder=true,paintFocus=true,pressedIcon=,rolloverEnabled=true,rolloverIcon=,rolloverSelectedIcon=,selectedIcon=,text=Start,defaultCapable=true]
xomaya.controllers.Controller:Fri Jun 18 12:23:40 EDT 2010:Started!
xomaya.controllers.Controller:Fri Jun 18 12:27:35 EDT 2010:Action Command:java.awt.event.ActionEvent[ACTION_PERFORMED,cmd=STOP_RECORDING,when=1276878455593,modifiers=Button1] on javax.swing.JButton[,0,33,62x33,alignmentX=0.0,alignmentY=0.5,border=javax.swing.plaf.BorderUIResource$CompoundBorderUIResource@1bbd23f,flags=296,maximumSize=,minimumSize=,preferredSize=,defaultIcon=,disabledIcon=,disabledSelectedIcon=,margin=javax.swing.plaf.InsetsUIResource[top=2,left=14,bottom=2,right=14],paintBorder=true,paintFocus=true,pressedIcon=,rolloverEnabled=true,rolloverIcon=,rolloverSelectedIcon=,selectedIcon=,text=Stop,defaultCapable=true]
xomaya.controllers.Controller:Fri Jun 18 12:27:35 EDT 2010:Stopped!
xomaya.controllers.Controller:Fri Jun 18 12:27:40 EDT 2010:Total time:239313
xomaya.application.Application:Fri Jun 18 12:29:41 EDT 2010:Loaded DLL:656
xomaya.controllers.Controller:Fri Jun 18 12:29:45 EDT 2010:Action Command:java.awt.event.ActionEvent[ACTION_PERFORMED,cmd=START_RECORDING,when=1276878585406,modifiers=Button1] on javax.swing.JButton[,0,0,62x33,alignmentX=0.0,alignmentY=0.5,border=javax.swing.plaf.BorderUIResource$CompoundBorderUIResource@3c0007,flags=296,maximumSize=,minimumSize=,preferredSize=,defaultIcon=,disabledIcon=,disabledSelectedIcon=,margin=javax.swing.plaf.InsetsUIResource[top=2,left=14,bottom=2,right=14],paintBorder=true,paintFocus=true,pressedIcon=,rolloverEnabled=true,rolloverIcon=,rolloverSelectedIcon=,selectedIcon=,text=Start,defaultCapable=true]
xomaya.controllers.Controller:Fri Jun 18 12:29:45 EDT 2010:Started!
xomaya.controllers.Controller:Fri Jun 18 12:33:17 EDT 2010:Action Command:java.awt.event.ActionEvent[ACTION_PERFORMED,cmd=STOP_RECORDING,when=1276878797953,modifiers=Button1] on javax.swing.JButton[,0,33,62x33,alignmentX=0.0,alignmentY=0.5,border=javax.swing.plaf.BorderUIResource$CompoundBorderUIResource@3c0007,flags=296,maximumSize=,minimumSize=,preferredSize=,defaultIcon=,disabledIcon=,disabledSelectedIcon=,margin=javax.swing.plaf.InsetsUIResource[top=2,left=14,bottom=2,right=14],paintBorder=true,paintFocus=true,pressedIcon=,rolloverEnabled=true,rolloverIcon=,rolloverSelectedIcon=,selectedIcon=,text=Stop,defaultCapable=true]
xomaya.controllers.Controller:Fri Jun 18 12:33:17 EDT 2010:Stopped!
xomaya.controllers.Controller:Fri Jun 18 12:33:22 EDT 2010:Total time:217234
xomaya.application.Application:Fri Jun 18 12:34:44 EDT 2010:Loaded DLL:656
xomaya.controllers.Controller:Fri Jun 18 12:35:54 EDT 2010:Action Command:java.awt.event.ActionEvent[ACTION_PERFORMED,cmd=START_RECORDING,when=1276878954031,modifiers=Button1] on javax.swing.JButton[,0,0,62x33,alignmentX=0.0,alignmentY=0.5,border=javax.swing.plaf.BorderUIResource$CompoundBorderUIResource@c39a20,flags=296,maximumSize=,minimumSize=,preferredSize=,defaultIcon=,disabledIcon=,disabledSelectedIcon=,margin=javax.swing.plaf.InsetsUIResource[top=2,left=14,bottom=2,right=14],paintBorder=true,paintFocus=true,pressedIcon=,rolloverEnabled=true,rolloverIcon=,rolloverSelectedIcon=,selectedIcon=,text=Start,defaultCapable=true]
xomaya.controllers.Controller:Fri Jun 18 12:35:54 EDT 2010:Started!
xomaya.controllers.Controller:Fri Jun 18 12:37:12 EDT 2010:Action Command:java.awt.event.ActionEvent[ACTION_PERFORMED,cmd=STOP_RECORDING,when=1276879032687,modifiers=Button1] on javax.swing.JButton[,0,33,62x33,alignmentX=0.0,alignmentY=0.5,border=javax.swing.plaf.BorderUIResource$CompoundBorderUIResource@c39a20,flags=296,maximumSize=,minimumSize=,preferredSize=,defaultIcon=,disabledIcon=,disabledSelectedIcon=,margin=javax.swing.plaf.InsetsUIResource[top=2,left=14,bottom=2,right=14],paintBorder=true,paintFocus=true,pressedIcon=,rolloverEnabled=true,rolloverIcon=,rolloverSelectedIcon=,selectedIcon=,text=Stop,defaultCapable=true]
xomaya.controllers.Controller:Fri Jun 18 12:37:12 EDT 2010:Stopped!
xomaya.controllers.Controller:Fri Jun 18 12:37:14 EDT 2010:Total time:79969
xomaya.application.Application:Fri Jun 18 12:40:07 EDT 2010:Loaded DLL:641
xomaya.controllers.Controller:Fri Jun 18 12:40:50 EDT 2010:Action Command:java.awt.event.ActionEvent[ACTION_PERFORMED,cmd=START_RECORDING,when=1276879250562,modifiers=Button1] on javax.swing.JButton[,0,0,62x33,alignmentX=0.0,alignmentY=0.5,border=javax.swing.plaf.BorderUIResource$CompoundBorderUIResource@1e845c2,flags=296,maximumSize=,minimumSize=,preferredSize=,defaultIcon=,disabledIcon=,disabledSelectedIcon=,margin=javax.swing.plaf.InsetsUIResource[top=2,left=14,bottom=2,right=14],paintBorder=true,paintFocus=true,pressedIcon=,rolloverEnabled=true,rolloverIcon=,rolloverSelectedIcon=,selectedIcon=,text=Start,defaultCapable=true]
xomaya.controllers.Controller:Fri Jun 18 12:40:50 EDT 2010:Started!
xomaya.controllers.Controller:Fri Jun 18 12:43:31 EDT 2010:Action Command:java.awt.event.ActionEvent[ACTION_PERFORMED,cmd=STOP_RECORDING,when=1276879411656,modifiers=Button1] on javax.swing.JButton[,0,33,62x33,alignmentX=0.0,alignmentY=0.5,border=javax.swing.plaf.BorderUIResource$CompoundBorderUIResource@1e845c2,flags=296,maximumSize=,minimumSize=,preferredSize=,defaultIcon=,disabledIcon=,disabledSelectedIcon=,margin=javax.swing.plaf.InsetsUIResource[top=2,left=14,bottom=2,right=14],paintBorder=true,paintFocus=true,pressedIcon=,rolloverEnabled=true,rolloverIcon=,rolloverSelectedIcon=,selectedIcon=,text=Stop,defaultCapable=true]
xomaya.controllers.Controller:Fri Jun 18 12:43:31 EDT 2010:Stopped!
xomaya.controllers.Controller:Fri Jun 18 12:43:33 EDT 2010:Total time:162500
xomaya.application.Application:Fri Jun 18 12:50:07 EDT 2010:Loaded DLL:656
xomaya.controllers.Controller:Fri Jun 18 12:50:09 EDT 2010:Action Command:java.awt.event.ActionEvent[ACTION_PERFORMED,cmd=START_RECORDING,when=1276879809765,modifiers=Button1] on javax.swing.JButton[,0,0,62x33,alignmentX=0.0,alignmentY=0.5,border=javax.swing.plaf.BorderUIResource$CompoundBorderUIResource@c39a20,flags=296,maximumSize=,minimumSize=,preferredSize=,defaultIcon=,disabledIcon=,disabledSelectedIcon=,margin=javax.swing.plaf.InsetsUIResource[top=2,left=14,bottom=2,right=14],paintBorder=true,paintFocus=true,pressedIcon=,rolloverEnabled=true,rolloverIcon=,rolloverSelectedIcon=,selectedIcon=,text=Start,defaultCapable=true]
xomaya.controllers.Controller:Fri Jun 18 12:50:09 EDT 2010:Started!
xomaya.controllers.Controller:Fri Jun 18 12:52:48 EDT 2010:Action Command:java.awt.event.ActionEvent[ACTION_PERFORMED,cmd=STOP_RECORDING,when=1276879968015,modifiers=Button1] on javax.swing.JButton[,0,33,62x33,alignmentX=0.0,alignmentY=0.5,border=javax.swing.plaf.BorderUIResource$CompoundBorderUIResource@c39a20,flags=296,maximumSize=,minimumSize=,preferredSize=,defaultIcon=,disabledIcon=,disabledSelectedIcon=,margin=javax.swing.plaf.InsetsUIResource[top=2,left=14,bottom=2,right=14],paintBorder=true,paintFocus=true,pressedIcon=,rolloverEnabled=true,rolloverIcon=,rolloverSelectedIcon=,selectedIcon=,text=Stop,defaultCapable=true]
xomaya.controllers.Controller:Fri Jun 18 12:52:48 EDT 2010:Stopped!
xomaya.controllers.Controller:Fri Jun 18 12:52:49 EDT 2010:Total time:159657
xomaya.application.Application:Fri Jun 18 13:25:22 EDT 2010:Loaded DLL:547
xomaya.controllers.Controller:Fri Jun 18 13:25:28 EDT 2010:Action Command:java.awt.event.ActionEvent[ACTION_PERFORMED,cmd=START_RECORDING,when=1276881928234,modifiers=Button1] on javax.swing.JButton[,0,0,62x33,alignmentX=0.0,alignmentY=0.5,border=javax.swing.plaf.BorderUIResource$CompoundBorderUIResource@11671b2,flags=296,maximumSize=,minimumSize=,preferredSize=,defaultIcon=,disabledIcon=,disabledSelectedIcon=,margin=javax.swing.plaf.InsetsUIResource[top=2,left=14,bottom=2,right=14],paintBorder=true,paintFocus=true,pressedIcon=,rolloverEnabled=true,rolloverIcon=,rolloverSelectedIcon=,selectedIcon=,text=Start,defaultCapable=true]
xomaya.controllers.Controller:Fri Jun 18 13:25:28 EDT 2010:Started!
xomaya.controllers.Controller:Fri Jun 18 13:27:53 EDT 2010:Action Command:java.awt.event.ActionEvent[ACTION_PERFORMED,cmd=STOP_RECORDING,when=1276882073187,modifiers=Button1] on javax.swing.JButton[,0,33,62x33,alignmentX=0.0,alignmentY=0.5,border=javax.swing.plaf.BorderUIResource$CompoundBorderUIResource@11671b2,flags=296,maximumSize=,minimumSize=,preferredSize=,defaultIcon=,disabledIcon=,disabledSelectedIcon=,margin=javax.swing.plaf.InsetsUIResource[top=2,left=14,bottom=2,right=14],paintBorder=true,paintFocus=true,pressedIcon=,rolloverEnabled=true,rolloverIcon=,rolloverSelectedIcon=,selectedIcon=,text=Stop,defaultCapable=true]
xomaya.controllers.Controller:Fri Jun 18 13:27:53 EDT 2010:Stopped!
xomaya.controllers.Controller:Fri Jun 18 13:27:57 EDT 2010:Total time:149625
xomaya.application.Application:Fri Jun 18 14:27:40 EDT 2010:Loaded DLL:469
xomaya.controllers.Controller:Fri Jun 18 14:27:43 EDT 2010:Action Command:java.awt.event.ActionEvent[ACTION_PERFORMED,cmd=START_RECORDING,when=1276885663015,modifiers=Button1] on javax.swing.JButton[,0,0,62x33,alignmentX=0.0,alignmentY=0.5,border=javax.swing.plaf.BorderUIResource$CompoundBorderUIResource@c44b88,flags=296,maximumSize=,minimumSize=,preferredSize=,defaultIcon=,disabledIcon=,disabledSelectedIcon=,margin=javax.swing.plaf.InsetsUIResource[top=2,left=14,bottom=2,right=14],paintBorder=true,paintFocus=true,pressedIcon=,rolloverEnabled=true,rolloverIcon=,rolloverSelectedIcon=,selectedIcon=,text=Start,defaultCapable=true]
xomaya.controllers.Controller:Fri Jun 18 14:27:43 EDT 2010:Started!
xomaya.controllers.Controller:Fri Jun 18 14:28:58 EDT 2010:Action Command:java.awt.event.ActionEvent[ACTION_PERFORMED,cmd=STOP_RECORDING,when=1276885738125,modifiers=Button1] on javax.swing.JButton[,0,33,62x33,alignmentX=0.0,alignmentY=0.5,border=javax.swing.plaf.BorderUIResource$CompoundBorderUIResource@c44b88,flags=296,maximumSize=,minimumSize=,preferredSize=,defaultIcon=,disabledIcon=,disabledSelectedIcon=,margin=javax.swing.plaf.InsetsUIResource[top=2,left=14,bottom=2,right=14],paintBorder=true,paintFocus=true,pressedIcon=,rolloverEnabled=true,rolloverIcon=,rolloverSelectedIcon=,selectedIcon=,text=Stop,defaultCapable=true]
xomaya.controllers.Controller:Fri Jun 18 14:28:58 EDT 2010:Stopped!
xomaya.controllers.Controller:Fri Jun 18 14:28:59 EDT 2010:Total time:76454
xomaya.application.Application:Fri Jun 18 14:30:41 EDT 2010:Loaded DLL:453
xomaya.controllers.Controller:Fri Jun 18 14:30:44 EDT 2010:Action Command:java.awt.event.ActionEvent[ACTION_PERFORMED,cmd=START_RECORDING,when=1276885844671,modifiers=Button1] on javax.swing.JButton[,0,0,62x33,alignmentX=0.0,alignmentY=0.5,border=javax.swing.plaf.BorderUIResource$CompoundBorderUIResource@13ad33d,flags=296,maximumSize=,minimumSize=,preferredSize=,defaultIcon=,disabledIcon=,disabledSelectedIcon=,margin=javax.swing.plaf.InsetsUIResource[top=2,left=14,bottom=2,right=14],paintBorder=true,paintFocus=true,pressedIcon=,rolloverEnabled=true,rolloverIcon=,rolloverSelectedIcon=,selectedIcon=,text=Start,defaultCapable=true]
xomaya.controllers.Controller:Fri Jun 18 14:30:44 EDT 2010:Started!
xomaya.controllers.Controller:Fri Jun 18 14:33:37 EDT 2010:Action Command:java.awt.event.ActionEvent[ACTION_PERFORMED,cmd=STOP_RECORDING,when=1276886017265,modifiers=Button1] on javax.swing.JButton[,0,33,62x33,alignmentX=0.0,alignmentY=0.5,border=javax.swing.plaf.BorderUIResource$CompoundBorderUIResource@13ad33d,flags=296,maximumSize=,minimumSize=,preferredSize=,defaultIcon=,disabledIcon=,disabledSelectedIcon=,margin=javax.swing.plaf.InsetsUIResource[top=2,left=14,bottom=2,right=14],paintBorder=true,paintFocus=true,pressedIcon=,rolloverEnabled=true,rolloverIcon=,rolloverSelectedIcon=,selectedIcon=,text=Stop,defaultCapable=true]
xomaya.controllers.Controller:Fri Jun 18 14:33:37 EDT 2010:Stopped!
xomaya.controllers.Controller:Fri Jun 18 14:33:39 EDT 2010:Total time:174375
xomaya.application.Application:Fri Jun 18 14:35:53 EDT 2010:Loaded DLL:453
xomaya.controllers.Controller:Fri Jun 18 14:35:55 EDT 2010:Action Command:java.awt.event.ActionEvent[ACTION_PERFORMED,cmd=START_RECORDING,when=1276886155828,modifiers=Button1] on javax.swing.JButton[,0,0,62x33,alignmentX=0.0,alignmentY=0.5,border=javax.swing.plaf.BorderUIResource$CompoundBorderUIResource@125fefa,flags=296,maximumSize=,minimumSize=,preferredSize=,defaultIcon=,disabledIcon=,disabledSelectedIcon=,margin=javax.swing.plaf.InsetsUIResource[top=2,left=14,bottom=2,right=14],paintBorder=true,paintFocus=true,pressedIcon=,rolloverEnabled=true,rolloverIcon=,rolloverSelectedIcon=,selectedIcon=,text=Start,defaultCapable=true]
xomaya.controllers.Controller:Fri Jun 18 14:35:55 EDT 2010:Started!
xomaya.controllers.Controller:Fri Jun 18 14:38:57 EDT 2010:Action Command:java.awt.event.ActionEvent[ACTION_PERFORMED,cmd=STOP_RECORDING,when=1276886337890,modifiers=Button1] on javax.swing.JButton[,0,33,62x33,alignmentX=0.0,alignmentY=0.5,border=javax.swing.plaf.BorderUIResource$CompoundBorderUIResource@125fefa,flags=296,maximumSize=,minimumSize=,preferredSize=,defaultIcon=,disabledIcon=,disabledSelectedIcon=,margin=javax.swing.plaf.InsetsUIResource[top=2,left=14,bottom=2,right=14],paintBorder=true,paintFocus=true,pressedIcon=,rolloverEnabled=true,rolloverIcon=,rolloverSelectedIcon=,selectedIcon=,text=Stop,defaultCapable=true]
xomaya.controllers.Controller:Fri Jun 18 14:38:57 EDT 2010:Stopped!
xomaya.controllers.Controller:Fri Jun 18 14:38:59 EDT 2010:Total time:183422
xomaya.application.Application:Fri Jun 18 14:55:34 EDT 2010:Loaded DLL:531
xomaya.controllers.Controller:Fri Jun 18 14:55:36 EDT 2010:Action Command:java.awt.event.ActionEvent[ACTION_PERFORMED,cmd=START_RECORDING,when=1276887336281,modifiers=Button1] on javax.swing.JButton[,0,0,62x33,alignmentX=0.0,alignmentY=0.5,border=javax.swing.plaf.BorderUIResource$CompoundBorderUIResource@1bbd23f,flags=296,maximumSize=,minimumSize=,preferredSize=,defaultIcon=,disabledIcon=,disabledSelectedIcon=,margin=javax.swing.plaf.InsetsUIResource[top=2,left=14,bottom=2,right=14],paintBorder=true,paintFocus=true,pressedIcon=,rolloverEnabled=true,rolloverIcon=,rolloverSelectedIcon=,selectedIcon=,text=Start,defaultCapable=true]
xomaya.controllers.Controller:Fri Jun 18 14:55:36 EDT 2010:Started!
xomaya.controllers.Controller:Fri Jun 18 15:00:15 EDT 2010:Action Command:java.awt.event.ActionEvent[ACTION_PERFORMED,cmd=STOP_RECORDING,when=1276887614937,modifiers=Button1] on javax.swing.JButton[,0,33,62x33,alignmentX=0.0,alignmentY=0.5,border=javax.swing.plaf.BorderUIResource$CompoundBorderUIResource@1bbd23f,flags=296,maximumSize=,minimumSize=,preferredSize=,defaultIcon=,disabledIcon=,disabledSelectedIcon=,margin=javax.swing.plaf.InsetsUIResource[top=2,left=14,bottom=2,right=14],paintBorder=true,paintFocus=true,pressedIcon=,rolloverEnabled=true,rolloverIcon=,rolloverSelectedIcon=,selectedIcon=,text=Stop,defaultCapable=true]
xomaya.controllers.Controller:Fri Jun 18 15:00:15 EDT 2010:Stopped!
xomaya.controllers.Controller:Fri Jun 18 15:00:20 EDT 2010:Total time:284359
xomaya.application.Application:Fri Jun 18 15:06:12 EDT 2010:Loaded DLL:797
xomaya.controllers.Controller:Fri Jun 18 15:06:32 EDT 2010:Action Command:java.awt.event.ActionEvent[ACTION_PERFORMED,cmd=START_RECORDING,when=1276887992031,modifiers=Button1] on javax.swing.JButton[,0,0,62x33,alignmentX=0.0,alignmentY=0.5,border=javax.swing.plaf.BorderUIResource$CompoundBorderUIResource@1e845c2,flags=296,maximumSize=,minimumSize=,preferredSize=,defaultIcon=,disabledIcon=,disabledSelectedIcon=,margin=javax.swing.plaf.InsetsUIResource[top=2,left=14,bottom=2,right=14],paintBorder=true,paintFocus=true,pressedIcon=,rolloverEnabled=true,rolloverIcon=,rolloverSelectedIcon=,selectedIcon=,text=Start,defaultCapable=true]
xomaya.controllers.Controller:Fri Jun 18 15:06:32 EDT 2010:Started!
xomaya.application.Application:Fri Jun 18 15:06:53 EDT 2010:Loaded DLL:484
xomaya.controllers.Controller:Fri Jun 18 15:06:55 EDT 2010:Action Command:java.awt.event.ActionEvent[ACTION_PERFORMED,cmd=START_RECORDING,when=1276888015218,modifiers=Button1] on javax.swing.JButton[,0,0,62x33,alignmentX=0.0,alignmentY=0.5,border=javax.swing.plaf.BorderUIResource$CompoundBorderUIResource@1e845c2,flags=296,maximumSize=,minimumSize=,preferredSize=,defaultIcon=,disabledIcon=,disabledSelectedIcon=,margin=javax.swing.plaf.InsetsUIResource[top=2,left=14,bottom=2,right=14],paintBorder=true,paintFocus=true,pressedIcon=,rolloverEnabled=true,rolloverIcon=,rolloverSelectedIcon=,selectedIcon=,text=Start,defaultCapable=true]
xomaya.controllers.Controller:Fri Jun 18 15:06:55 EDT 2010:Started!
xomaya.controllers.Controller:Fri Jun 18 15:09:26 EDT 2010:Action Command:java.awt.event.ActionEvent[ACTION_PERFORMED,cmd=STOP_RECORDING,when=1276888166531,modifiers=Button1] on javax.swing.JButton[,0,33,62x33,alignmentX=0.0,alignmentY=0.5,border=javax.swing.plaf.BorderUIResource$CompoundBorderUIResource@1e845c2,flags=296,maximumSize=,minimumSize=,preferredSize=,defaultIcon=,disabledIcon=,disabledSelectedIcon=,margin=javax.swing.plaf.InsetsUIResource[top=2,left=14,bottom=2,right=14],paintBorder=true,paintFocus=true,pressedIcon=,rolloverEnabled=true,rolloverIcon=,rolloverSelectedIcon=,selectedIcon=,text=Stop,defaultCapable=true]
xomaya.controllers.Controller:Fri Jun 18 15:09:26 EDT 2010:Stopped!
xomaya.controllers.Controller:Fri Jun 18 15:09:28 EDT 2010:Total time:153140
xomaya.application.Application:Fri Jun 18 15:10:12 EDT 2010:Loaded DLL:453
xomaya.controllers.Controller:Fri Jun 18 15:10:15 EDT 2010:Action Command:java.awt.event.ActionEvent[ACTION_PERFORMED,cmd=START_RECORDING,when=1276888215343,modifiers=Button1] on javax.swing.JButton[,0,0,62x33,alignmentX=0.0,alignmentY=0.5,border=javax.swing.plaf.BorderUIResource$CompoundBorderUIResource@c39a20,flags=296,maximumSize=,minimumSize=,preferredSize=,defaultIcon=,disabledIcon=,disabledSelectedIcon=,margin=javax.swing.plaf.InsetsUIResource[top=2,left=14,bottom=2,right=14],paintBorder=true,paintFocus=true,pressedIcon=,rolloverEnabled=true,rolloverIcon=,rolloverSelectedIcon=,selectedIcon=,text=Start,defaultCapable=true]
xomaya.controllers.Controller:Fri Jun 18 15:10:15 EDT 2010:Started!
xomaya.controllers.Controller:Fri Jun 18 15:12:05 EDT 2010:Action Command:java.awt.event.ActionEvent[ACTION_PERFORMED,cmd=STOP_RECORDING,when=1276888325875,modifiers=Button1] on javax.swing.JButton[,0,33,62x33,alignmentX=0.0,alignmentY=0.5,border=javax.swing.plaf.BorderUIResource$CompoundBorderUIResource@c39a20,flags=296,maximumSize=,minimumSize=,preferredSize=,defaultIcon=,disabledIcon=,disabledSelectedIcon=,margin=javax.swing.plaf.InsetsUIResource[top=2,left=14,bottom=2,right=14],paintBorder=true,paintFocus=true,pressedIcon=,rolloverEnabled=true,rolloverIcon=,rolloverSelectedIcon=,selectedIcon=,text=Stop,defaultCapable=true]
xomaya.controllers.Controller:Fri Jun 18 15:12:05 EDT 2010:Stopped!
xomaya.controllers.Controller:Fri Jun 18 15:12:07 EDT 2010:Total time:112297
xomaya.application.Application:Fri Jun 18 15:18:53 EDT 2010:Loaded DLL:453
xomaya.controllers.Controller:Fri Jun 18 15:18:55 EDT 2010:Action Command:java.awt.event.ActionEvent[ACTION_PERFORMED,cmd=START_RECORDING,when=1276888735968,modifiers=Button1] on javax.swing.JButton[,0,0,62x33,alignmentX=0.0,alignmentY=0.5,border=javax.swing.plaf.BorderUIResource$CompoundBorderUIResource@19e8f17,flags=296,maximumSize=,minimumSize=,preferredSize=,defaultIcon=,disabledIcon=,disabledSelectedIcon=,margin=javax.swing.plaf.InsetsUIResource[top=2,left=14,bottom=2,right=14],paintBorder=true,paintFocus=true,pressedIcon=,rolloverEnabled=true,rolloverIcon=,rolloverSelectedIcon=,selectedIcon=,text=Start,defaultCapable=true]
xomaya.controllers.Controller:Fri Jun 18 15:18:55 EDT 2010:Started!
xomaya.controllers.Controller:Fri Jun 18 15:24:39 EDT 2010:Action Command:java.awt.event.ActionEvent[ACTION_PERFORMED,cmd=STOP_RECORDING,when=1276889079468,modifiers=Button1] on javax.swing.JButton[,0,33,62x33,alignmentX=0.0,alignmentY=0.5,border=javax.swing.plaf.BorderUIResource$CompoundBorderUIResource@19e8f17,flags=296,maximumSize=,minimumSize=,preferredSize=,defaultIcon=,disabledIcon=,disabledSelectedIcon=,margin=javax.swing.plaf.InsetsUIResource[top=2,left=14,bottom=2,right=14],paintBorder=true,paintFocus=true,pressedIcon=,rolloverEnabled=true,rolloverIcon=,rolloverSelectedIcon=,selectedIcon=,text=Stop,defaultCapable=true]
xomaya.controllers.Controller:Fri Jun 18 15:24:39 EDT 2010:Stopped!
xomaya.controllers.Controller:Fri Jun 18 15:24:41 EDT 2010:Total time:345766
xomaya.application.Application:Fri Jun 18 15:27:39 EDT 2010:Loaded DLL:656
xomaya.controllers.Controller:Fri Jun 18 15:27:44 EDT 2010:Action Command:java.awt.event.ActionEvent[ACTION_PERFORMED,cmd=START_RECORDING,when=1276889264968,modifiers=Button1] on javax.swing.JButton[,0,0,62x33,alignmentX=0.0,alignmentY=0.5,border=javax.swing.plaf.BorderUIResource$CompoundBorderUIResource@186df0f,flags=296,maximumSize=,minimumSize=,preferredSize=,defaultIcon=,disabledIcon=,disabledSelectedIcon=,margin=javax.swing.plaf.InsetsUIResource[top=2,left=14,bottom=2,right=14],paintBorder=true,paintFocus=true,pressedIcon=,rolloverEnabled=true,rolloverIcon=,rolloverSelectedIcon=,selectedIcon=,text=Start,defaultCapable=true]
xomaya.controllers.Controller:Fri Jun 18 15:27:45 EDT 2010:Started!
xomaya.controllers.Controller:Fri Jun 18 15:30:52 EDT 2010:Action Command:java.awt.event.ActionEvent[ACTION_PERFORMED,cmd=STOP_RECORDING,when=1276889452218,modifiers=Button1] on javax.swing.JButton[,0,33,62x33,alignmentX=0.0,alignmentY=0.5,border=javax.swing.plaf.BorderUIResource$CompoundBorderUIResource@186df0f,flags=296,maximumSize=,minimumSize=,preferredSize=,defaultIcon=,disabledIcon=,disabledSelectedIcon=,margin=javax.swing.plaf.InsetsUIResource[top=2,left=14,bottom=2,right=14],paintBorder=true,paintFocus=true,pressedIcon=,rolloverEnabled=true,rolloverIcon=,rolloverSelectedIcon=,selectedIcon=,text=Stop,defaultCapable=true]
xomaya.controllers.Controller:Fri Jun 18 15:30:52 EDT 2010:Stopped!
xomaya.controllers.Controller:Fri Jun 18 15:30:53 EDT 2010:Total time:188437
xomaya.application.Application:Fri Jun 18 15:33:25 EDT 2010:Loaded DLL:469
xomaya.controllers.Controller:Fri Jun 18 15:33:28 EDT 2010:Action Command:java.awt.event.ActionEvent[ACTION_PERFORMED,cmd=START_RECORDING,when=1276889608703,modifiers=Button1] on javax.swing.JButton[,0,0,62x33,alignmentX=0.0,alignmentY=0.5,border=javax.swing.plaf.BorderUIResource$CompoundBorderUIResource@125fefa,flags=296,maximumSize=,minimumSize=,preferredSize=,defaultIcon=,disabledIcon=,disabledSelectedIcon=,margin=javax.swing.plaf.InsetsUIResource[top=2,left=14,bottom=2,right=14],paintBorder=true,paintFocus=true,pressedIcon=,rolloverEnabled=true,rolloverIcon=,rolloverSelectedIcon=,selectedIcon=,text=Start,defaultCapable=true]
xomaya.controllers.Controller:Fri Jun 18 15:33:28 EDT 2010:Started!
xomaya.controllers.Controller:Fri Jun 18 15:37:45 EDT 2010:Action Command:java.awt.event.ActionEvent[ACTION_PERFORMED,cmd=STOP_RECORDING,when=1276889865500,modifiers=Button1] on javax.swing.JButton[,0,33,62x33,alignmentX=0.0,alignmentY=0.5,border=javax.swing.plaf.BorderUIResource$CompoundBorderUIResource@125fefa,flags=296,maximumSize=,minimumSize=,preferredSize=,defaultIcon=,disabledIcon=,disabledSelectedIcon=,margin=javax.swing.plaf.InsetsUIResource[top=2,left=14,bottom=2,right=14],paintBorder=true,paintFocus=true,pressedIcon=,rolloverEnabled=true,rolloverIcon=,rolloverSelectedIcon=,selectedIcon=,text=Stop,defaultCapable=true]
xomaya.controllers.Controller:Fri Jun 18 15:37:45 EDT 2010:Stopped!
xomaya.controllers.Controller:Fri Jun 18 15:37:47 EDT 2010:Total time:258657
xomaya.application.Application:Fri Jun 18 15:41:35 EDT 2010:Loaded DLL:671
xomaya.controllers.Controller:Fri Jun 18 15:41:40 EDT 2010:Action Command:java.awt.event.ActionEvent[ACTION_PERFORMED,cmd=START_RECORDING,when=1276890100765,modifiers=Button1] on javax.swing.JButton[,0,0,62x33,alignmentX=0.0,alignmentY=0.5,border=javax.swing.plaf.BorderUIResource$CompoundBorderUIResource@19e8f17,flags=296,maximumSize=,minimumSize=,preferredSize=,defaultIcon=,disabledIcon=,disabledSelectedIcon=,margin=javax.swing.plaf.InsetsUIResource[top=2,left=14,bottom=2,right=14],paintBorder=true,paintFocus=true,pressedIcon=,rolloverEnabled=true,rolloverIcon=,rolloverSelectedIcon=,selectedIcon=,text=Start,defaultCapable=true]
xomaya.controllers.Controller:Fri Jun 18 15:41:40 EDT 2010:Started!
xomaya.controllers.Controller:Fri Jun 18 15:44:57 EDT 2010:Action Command:java.awt.event.ActionEvent[ACTION_PERFORMED,cmd=STOP_RECORDING,when=1276890297906,modifiers=Button1] on javax.swing.JButton[,0,33,62x33,alignmentX=0.0,alignmentY=0.5,border=javax.swing.plaf.BorderUIResource$CompoundBorderUIResource@19e8f17,flags=296,maximumSize=,minimumSize=,preferredSize=,defaultIcon=,disabledIcon=,disabledSelectedIcon=,margin=javax.swing.plaf.InsetsUIResource[top=2,left=14,bottom=2,right=14],paintBorder=true,paintFocus=true,pressedIcon=,rolloverEnabled=true,rolloverIcon=,rolloverSelectedIcon=,selectedIcon=,text=Stop,defaultCapable=true]
xomaya.controllers.Controller:Fri Jun 18 15:44:57 EDT 2010:Stopped!
xomaya.controllers.Controller:Fri Jun 18 15:45:02 EDT 2010:Total time:201813
xomaya.application.Application:Fri Jun 18 15:55:20 EDT 2010:Loaded DLL:844
xomaya.controllers.Controller:Fri Jun 18 15:55:23 EDT 2010:Action Command:java.awt.event.ActionEvent[ACTION_PERFORMED,cmd=START_RECORDING,when=1276890923953,modifiers=Button1] on javax.swing.JButton[,0,0,62x33,alignmentX=0.0,alignmentY=0.5,border=javax.swing.plaf.BorderUIResource$CompoundBorderUIResource@125fefa,flags=296,maximumSize=,minimumSize=,preferredSize=,defaultIcon=,disabledIcon=,disabledSelectedIcon=,margin=javax.swing.plaf.InsetsUIResource[top=2,left=14,bottom=2,right=14],paintBorder=true,paintFocus=true,pressedIcon=,rolloverEnabled=true,rolloverIcon=,rolloverSelectedIcon=,selectedIcon=,text=Start,defaultCapable=true]
xomaya.controllers.Controller:Fri Jun 18 15:55:23 EDT 2010:Started!
xomaya.application.Application:Fri Jun 18 15:55:45 EDT 2010:Loaded DLL:468
xomaya.controllers.Controller:Fri Jun 18 15:55:51 EDT 2010:Action Command:java.awt.event.ActionEvent[ACTION_PERFORMED,cmd=START_RECORDING,when=1276890951078,modifiers=Button1] on javax.swing.JButton[,0,0,62x33,alignmentX=0.0,alignmentY=0.5,border=javax.swing.plaf.BorderUIResource$CompoundBorderUIResource@1e845c2,flags=296,maximumSize=,minimumSize=,preferredSize=,defaultIcon=,disabledIcon=,disabledSelectedIcon=,margin=javax.swing.plaf.InsetsUIResource[top=2,left=14,bottom=2,right=14],paintBorder=true,paintFocus=true,pressedIcon=,rolloverEnabled=true,rolloverIcon=,rolloverSelectedIcon=,selectedIcon=,text=Start,defaultCapable=true]
xomaya.controllers.Controller:Fri Jun 18 15:55:51 EDT 2010:Started!
xomaya.controllers.Controller:Fri Jun 18 15:57:40 EDT 2010:Action Command:java.awt.event.ActionEvent[ACTION_PERFORMED,cmd=STOP_RECORDING,when=1276891060921,modifiers=Button1] on javax.swing.JButton[,0,33,62x33,alignmentX=0.0,alignmentY=0.5,border=javax.swing.plaf.BorderUIResource$CompoundBorderUIResource@1e845c2,flags=296,maximumSize=,minimumSize=,preferredSize=,defaultIcon=,disabledIcon=,disabledSelectedIcon=,margin=javax.swing.plaf.InsetsUIResource[top=2,left=14,bottom=2,right=14],paintBorder=true,paintFocus=true,pressedIcon=,rolloverEnabled=true,rolloverIcon=,rolloverSelectedIcon=,selectedIcon=,text=Stop,defaultCapable=true]
xomaya.controllers.Controller:Fri Jun 18 15:57:40 EDT 2010:Stopped!
xomaya.controllers.Controller:Fri Jun 18 15:57:42 EDT 2010:Total time:111250
xomaya.application.Application:Fri Jun 18 15:59:40 EDT 2010:Loaded DLL:453
xomaya.controllers.Controller:Fri Jun 18 15:59:42 EDT 2010:Action Command:java.awt.event.ActionEvent[ACTION_PERFORMED,cmd=START_RECORDING,when=1276891182812,modifiers=Button1] on javax.swing.JButton[,0,0,62x33,alignmentX=0.0,alignmentY=0.5,border=javax.swing.plaf.BorderUIResource$CompoundBorderUIResource@3c0007,flags=296,maximumSize=,minimumSize=,preferredSize=,defaultIcon=,disabledIcon=,disabledSelectedIcon=,margin=javax.swing.plaf.InsetsUIResource[top=2,left=14,bottom=2,right=14],paintBorder=true,paintFocus=true,pressedIcon=,rolloverEnabled=true,rolloverIcon=,rolloverSelectedIcon=,selectedIcon=,text=Start,defaultCapable=true]
xomaya.controllers.Controller:Fri Jun 18 15:59:42 EDT 2010:Started!
xomaya.controllers.Controller:Fri Jun 18 16:00:13 EDT 2010:Action Command:java.awt.event.ActionEvent[ACTION_PERFORMED,cmd=STOP_RECORDING,when=1276891213765,modifiers=Button1] on javax.swing.JButton[,0,33,62x33,alignmentX=0.0,alignmentY=0.5,border=javax.swing.plaf.BorderUIResource$CompoundBorderUIResource@3c0007,flags=296,maximumSize=,minimumSize=,preferredSize=,defaultIcon=,disabledIcon=,disabledSelectedIcon=,margin=javax.swing.plaf.InsetsUIResource[top=2,left=14,bottom=2,right=14],paintBorder=true,paintFocus=true,pressedIcon=,rolloverEnabled=true,rolloverIcon=,rolloverSelectedIcon=,selectedIcon=,text=Stop,defaultCapable=true]
xomaya.controllers.Controller:Fri Jun 18 16:00:13 EDT 2010:Stopped!
xomaya.controllers.Controller:Fri Jun 18 16:00:15 EDT 2010:Total time:32343
xomaya.application.Application:Fri Jun 18 20:47:52 EDT 2010:Loaded DLL:453
xomaya.controllers.Controller:Fri Jun 18 20:47:53 EDT 2010:Action Command:java.awt.event.ActionEvent[ACTION_PERFORMED,cmd=START_RECORDING,when=1276908473875,modifiers=Button1] on javax.swing.JButton[,0,0,62x33,alignmentX=0.0,alignmentY=0.5,border=javax.swing.plaf.BorderUIResource$CompoundBorderUIResource@186df0f,flags=296,maximumSize=,minimumSize=,preferredSize=,defaultIcon=,disabledIcon=,disabledSelectedIcon=,margin=javax.swing.plaf.InsetsUIResource[top=2,left=14,bottom=2,right=14],paintBorder=true,paintFocus=true,pressedIcon=,rolloverEnabled=true,rolloverIcon=,rolloverSelectedIcon=,selectedIcon=,text=Start,defaultCapable=true]
xomaya.controllers.Controller:Fri Jun 18 20:47:53 EDT 2010:Started!
xomaya.controllers.Controller:Fri Jun 18 20:48:20 EDT 2010:Action Command:java.awt.event.ActionEvent[ACTION_PERFORMED,cmd=STOP_RECORDING,when=1276908500453,modifiers=Button1] on javax.swing.JButton[,0,33,62x33,alignmentX=0.0,alignmentY=0.5,border=javax.swing.plaf.BorderUIResource$CompoundBorderUIResource@186df0f,flags=296,maximumSize=,minimumSize=,preferredSize=,defaultIcon=,disabledIcon=,disabledSelectedIcon=,margin=javax.swing.plaf.InsetsUIResource[top=2,left=14,bottom=2,right=14],paintBorder=true,paintFocus=true,pressedIcon=,rolloverEnabled=true,rolloverIcon=,rolloverSelectedIcon=,selectedIcon=,text=Stop,defaultCapable=true]
xomaya.controllers.Controller:Fri Jun 18 20:48:20 EDT 2010:Stopped!
xomaya.controllers.Controller:Fri Jun 18 20:48:21 EDT 2010:Total time:27906
xomaya.application.Application:Fri Jun 18 20:51:23 EDT 2010:Loaded DLL:453
xomaya.controllers.Controller:Fri Jun 18 20:51:25 EDT 2010:Action Command:java.awt.event.ActionEvent[ACTION_PERFORMED,cmd=START_RECORDING,when=1276908685890,modifiers=Button1] on javax.swing.JButton[,0,0,62x33,alignmentX=0.0,alignmentY=0.5,border=javax.swing.plaf.BorderUIResource$CompoundBorderUIResource@19e8f17,flags=296,maximumSize=,minimumSize=,preferredSize=,defaultIcon=,disabledIcon=,disabledSelectedIcon=,margin=javax.swing.plaf.InsetsUIResource[top=2,left=14,bottom=2,right=14],paintBorder=true,paintFocus=true,pressedIcon=,rolloverEnabled=true,rolloverIcon=,rolloverSelectedIcon=,selectedIcon=,text=Start,defaultCapable=true]
xomaya.controllers.Controller:Fri Jun 18 20:51:25 EDT 2010:Started!
xomaya.controllers.Controller:Fri Jun 18 20:51:53 EDT 2010:Action Command:java.awt.event.ActionEvent[ACTION_PERFORMED,cmd=STOP_RECORDING,when=1276908713781,modifiers=Button1] on javax.swing.JButton[,0,33,62x33,alignmentX=0.0,alignmentY=0.5,border=javax.swing.plaf.BorderUIResource$CompoundBorderUIResource@19e8f17,flags=296,maximumSize=,minimumSize=,preferredSize=,defaultIcon=,disabledIcon=,disabledSelectedIcon=,margin=javax.swing.plaf.InsetsUIResource[top=2,left=14,bottom=2,right=14],paintBorder=true,paintFocus=true,pressedIcon=,rolloverEnabled=true,rolloverIcon=,rolloverSelectedIcon=,selectedIcon=,text=Stop,defaultCapable=true]
xomaya.controllers.Controller:Fri Jun 18 20:51:53 EDT 2010:Stopped!
xomaya.controllers.Controller:Fri Jun 18 20:51:58 EDT 2010:Total time:32125
xomaya.application.Application:Fri Jun 18 20:56:09 EDT 2010:Loaded DLL:516
xomaya.controllers.Controller:Fri Jun 18 20:56:11 EDT 2010:Action Command:java.awt.event.ActionEvent[ACTION_PERFORMED,cmd=START_RECORDING,when=1276908971500,modifiers=Button1] on javax.swing.JButton[,0,0,62x33,alignmentX=0.0,alignmentY=0.5,border=javax.swing.plaf.BorderUIResource$CompoundBorderUIResource@1e845c2,flags=296,maximumSize=,minimumSize=,preferredSize=,defaultIcon=,disabledIcon=,disabledSelectedIcon=,margin=javax.swing.plaf.InsetsUIResource[top=2,left=14,bottom=2,right=14],paintBorder=true,paintFocus=true,pressedIcon=,rolloverEnabled=true,rolloverIcon=,rolloverSelectedIcon=,selectedIcon=,text=Start,defaultCapable=true]
xomaya.controllers.Controller:Fri Jun 18 20:56:11 EDT 2010:Started!
xomaya.controllers.Controller:Fri Jun 18 20:56:41 EDT 2010:Action Command:java.awt.event.ActionEvent[ACTION_PERFORMED,cmd=STOP_RECORDING,when=1276909001593,modifiers=Button1] on javax.swing.JButton[,0,33,62x33,alignmentX=0.0,alignmentY=0.5,border=javax.swing.plaf.BorderUIResource$CompoundBorderUIResource@1e845c2,flags=296,maximumSize=,minimumSize=,preferredSize=,defaultIcon=,disabledIcon=,disabledSelectedIcon=,margin=javax.swing.plaf.InsetsUIResource[top=2,left=14,bottom=2,right=14],paintBorder=true,paintFocus=true,pressedIcon=,rolloverEnabled=true,rolloverIcon=,rolloverSelectedIcon=,selectedIcon=,text=Stop,defaultCapable=true]
xomaya.controllers.Controller:Fri Jun 18 20:56:41 EDT 2010:Stopped!
xomaya.controllers.Controller:Fri Jun 18 20:56:43 EDT 2010:Total time:31859
xomaya.application.Application:Fri Jun 18 20:58:50 EDT 2010:Loaded DLL:469
xomaya.controllers.Controller:Fri Jun 18 20:58:53 EDT 2010:Action Command:java.awt.event.ActionEvent[ACTION_PERFORMED,cmd=START_RECORDING,when=1276909133640,modifiers=Button1] on javax.swing.JButton[,0,0,62x33,alignmentX=0.0,alignmentY=0.5,border=javax.swing.plaf.BorderUIResource$CompoundBorderUIResource@186df0f,flags=296,maximumSize=,minimumSize=,preferredSize=,defaultIcon=,disabledIcon=,disabledSelectedIcon=,margin=javax.swing.plaf.InsetsUIResource[top=2,left=14,bottom=2,right=14],paintBorder=true,paintFocus=true,pressedIcon=,rolloverEnabled=true,rolloverIcon=,rolloverSelectedIcon=,selectedIcon=,text=Start,defaultCapable=true]
xomaya.controllers.Controller:Fri Jun 18 20:58:53 EDT 2010:Started!
xomaya.controllers.Controller:Fri Jun 18 20:59:43 EDT 2010:Action Command:java.awt.event.ActionEvent[ACTION_PERFORMED,cmd=STOP_RECORDING,when=1276909183109,modifiers=Button1] on javax.swing.JButton[,0,33,62x33,alignmentX=0.0,alignmentY=0.5,border=javax.swing.plaf.BorderUIResource$CompoundBorderUIResource@186df0f,flags=296,maximumSize=,minimumSize=,preferredSize=,defaultIcon=,disabledIcon=,disabledSelectedIcon=,margin=javax.swing.plaf.InsetsUIResource[top=2,left=14,bottom=2,right=14],paintBorder=true,paintFocus=true,pressedIcon=,rolloverEnabled=true,rolloverIcon=,rolloverSelectedIcon=,selectedIcon=,text=Stop,defaultCapable=true]
xomaya.controllers.Controller:Fri Jun 18 20:59:43 EDT 2010:Stopped!
xomaya.controllers.Controller:Fri Jun 18 20:59:47 EDT 2010:Total time:54157
xomaya.application.Application:Fri Jun 18 21:12:23 EDT 2010:Loaded DLL:454
xomaya.controllers.Controller:Fri Jun 18 21:12:28 EDT 2010:Action Command:java.awt.event.ActionEvent[ACTION_PERFORMED,cmd=START_RECORDING,when=1276909948671,modifiers=Button1] on javax.swing.JButton[,0,0,62x33,alignmentX=0.0,alignmentY=0.5,border=javax.swing.plaf.BorderUIResource$CompoundBorderUIResource@1e845c2,flags=296,maximumSize=,minimumSize=,preferredSize=,defaultIcon=,disabledIcon=,disabledSelectedIcon=,margin=javax.swing.plaf.InsetsUIResource[top=2,left=14,bottom=2,right=14],paintBorder=true,paintFocus=true,pressedIcon=,rolloverEnabled=true,rolloverIcon=,rolloverSelectedIcon=,selectedIcon=,text=Start,defaultCapable=true]
xomaya.controllers.Controller:Fri Jun 18 21:12:28 EDT 2010:Started!
xomaya.controllers.Controller:Fri Jun 18 21:12:54 EDT 2010:Action Command:java.awt.event.ActionEvent[ACTION_PERFORMED,cmd=STOP_RECORDING,when=1276909974421,modifiers=Button1] on javax.swing.JButton[,0,33,62x33,alignmentX=0.0,alignmentY=0.5,border=javax.swing.plaf.BorderUIResource$CompoundBorderUIResource@1e845c2,flags=296,maximumSize=,minimumSize=,preferredSize=,defaultIcon=,disabledIcon=,disabledSelectedIcon=,margin=javax.swing.plaf.InsetsUIResource[top=2,left=14,bottom=2,right=14],paintBorder=true,paintFocus=true,pressedIcon=,rolloverEnabled=true,rolloverIcon=,rolloverSelectedIcon=,selectedIcon=,text=Stop,defaultCapable=true]
xomaya.controllers.Controller:Fri Jun 18 21:12:54 EDT 2010:Stopped!
xomaya.controllers.Controller:Fri Jun 18 21:12:56 EDT 2010:Total time:27500
xomaya.application.Application:Fri Jun 18 21:14:16 EDT 2010:Loaded DLL:453
xomaya.controllers.Controller:Fri Jun 18 21:14:18 EDT 2010:Action Command:java.awt.event.ActionEvent[ACTION_PERFORMED,cmd=START_RECORDING,when=1276910058984,modifiers=Button1] on javax.swing.JButton[,0,0,62x33,alignmentX=0.0,alignmentY=0.5,border=javax.swing.plaf.BorderUIResource$CompoundBorderUIResource@186df0f,flags=296,maximumSize=,minimumSize=,preferredSize=,defaultIcon=,disabledIcon=,disabledSelectedIcon=,margin=javax.swing.plaf.InsetsUIResource[top=2,left=14,bottom=2,right=14],paintBorder=true,paintFocus=true,pressedIcon=,rolloverEnabled=true,rolloverIcon=,rolloverSelectedIcon=,selectedIcon=,text=Start,defaultCapable=true]
xomaya.controllers.Controller:Fri Jun 18 21:14:19 EDT 2010:Started!
xomaya.controllers.Controller:Fri Jun 18 21:15:04 EDT 2010:Action Command:java.awt.event.ActionEvent[ACTION_PERFORMED,cmd=STOP_RECORDING,when=1276910104390,modifiers=Button1] on javax.swing.JButton[,0,33,62x33,alignmentX=0.0,alignmentY=0.5,border=javax.swing.plaf.BorderUIResource$CompoundBorderUIResource@186df0f,flags=296,maximumSize=,minimumSize=,preferredSize=,defaultIcon=,disabledIcon=,disabledSelectedIcon=,margin=javax.swing.plaf.InsetsUIResource[top=2,left=14,bottom=2,right=14],paintBorder=true,paintFocus=true,pressedIcon=,rolloverEnabled=true,rolloverIcon=,rolloverSelectedIcon=,selectedIcon=,text=Stop,defaultCapable=true]
xomaya.controllers.Controller:Fri Jun 18 21:15:04 EDT 2010:Stopped!
xomaya.controllers.Controller:Fri Jun 18 21:15:08 EDT 2010:Total time:49547
xomaya.application.Application:Fri Jun 18 21:17:37 EDT 2010:Loaded DLL:453
xomaya.controllers.Controller:Fri Jun 18 21:17:39 EDT 2010:Action Command:java.awt.event.ActionEvent[ACTION_PERFORMED,cmd=START_RECORDING,when=1276910259015,modifiers=Button1] on javax.swing.JButton[,0,0,62x33,alignmentX=0.0,alignmentY=0.5,border=javax.swing.plaf.BorderUIResource$CompoundBorderUIResource@1d6f122,flags=296,maximumSize=,minimumSize=,preferredSize=,defaultIcon=,disabledIcon=,disabledSelectedIcon=,margin=javax.swing.plaf.InsetsUIResource[top=2,left=14,bottom=2,right=14],paintBorder=true,paintFocus=true,pressedIcon=,rolloverEnabled=true,rolloverIcon=,rolloverSelectedIcon=,selectedIcon=,text=Start,defaultCapable=true]
xomaya.controllers.Controller:Fri Jun 18 21:17:39 EDT 2010:Started!
xomaya.controllers.Controller:Fri Jun 18 21:18:06 EDT 2010:Action Command:java.awt.event.ActionEvent[ACTION_PERFORMED,cmd=STOP_RECORDING,when=1276910286968,modifiers=Button1] on javax.swing.JButton[,0,33,62x33,alignmentX=0.0,alignmentY=0.5,border=javax.swing.plaf.BorderUIResource$CompoundBorderUIResource@1d6f122,flags=296,maximumSize=,minimumSize=,preferredSize=,defaultIcon=,disabledIcon=,disabledSelectedIcon=,margin=javax.swing.plaf.InsetsUIResource[top=2,left=14,bottom=2,right=14],paintBorder=true,paintFocus=true,pressedIcon=,rolloverEnabled=true,rolloverIcon=,rolloverSelectedIcon=,selectedIcon=,text=Stop,defaultCapable=true]
xomaya.controllers.Controller:Fri Jun 18 21:18:06 EDT 2010:Stopped!
xomaya.controllers.Controller:Fri Jun 18 21:18:08 EDT 2010:Total time:29734
xomaya.application.Application:Fri Jun 18 21:18:53 EDT 2010:Loaded DLL:453
xomaya.controllers.Controller:Fri Jun 18 21:18:56 EDT 2010:Action Command:java.awt.event.ActionEvent[ACTION_PERFORMED,cmd=START_RECORDING,when=1276910335999,modifiers=Button1] on javax.swing.JButton[,0,0,62x33,alignmentX=0.0,alignmentY=0.5,border=javax.swing.plaf.BorderUIResource$CompoundBorderUIResource@19e8f17,flags=296,maximumSize=,minimumSize=,preferredSize=,defaultIcon=,disabledIcon=,disabledSelectedIcon=,margin=javax.swing.plaf.InsetsUIResource[top=2,left=14,bottom=2,right=14],paintBorder=true,paintFocus=true,pressedIcon=,rolloverEnabled=true,rolloverIcon=,rolloverSelectedIcon=,selectedIcon=,text=Start,defaultCapable=true]
xomaya.controllers.Controller:Fri Jun 18 21:18:56 EDT 2010:Started!
xomaya.controllers.Controller:Fri Jun 18 21:24:09 EDT 2010:Action Command:java.awt.event.ActionEvent[ACTION_PERFORMED,cmd=STOP_RECORDING,when=1276910649703,modifiers=Button1] on javax.swing.JButton[,0,33,62x33,alignmentX=0.0,alignmentY=0.5,border=javax.swing.plaf.BorderUIResource$CompoundBorderUIResource@19e8f17,flags=296,maximumSize=,minimumSize=,preferredSize=,defaultIcon=,disabledIcon=,disabledSelectedIcon=,margin=javax.swing.plaf.InsetsUIResource[top=2,left=14,bottom=2,right=14],paintBorder=true,paintFocus=true,pressedIcon=,rolloverEnabled=true,rolloverIcon=,rolloverSelectedIcon=,selectedIcon=,text=Stop,defaultCapable=true]
xomaya.controllers.Controller:Fri Jun 18 21:24:09 EDT 2010:Stopped!
xomaya.controllers.Controller:Fri Jun 18 21:24:14 EDT 2010:Total time:318562
xomaya.application.Application:Fri Jun 18 21:48:56 EDT 2010:Loaded DLL:672
xomaya.controllers.Controller:Fri Jun 18 21:49:13 EDT 2010:Action Command:java.awt.event.ActionEvent[ACTION_PERFORMED,cmd=START_RECORDING,when=1276912153093,modifiers=Button1] on javax.swing.JButton[,0,0,62x33,alignmentX=0.0,alignmentY=0.5,border=javax.swing.plaf.BorderUIResource$CompoundBorderUIResource@c44b88,flags=296,maximumSize=,minimumSize=,preferredSize=,defaultIcon=,disabledIcon=,disabledSelectedIcon=,margin=javax.swing.plaf.InsetsUIResource[top=2,left=14,bottom=2,right=14],paintBorder=true,paintFocus=true,pressedIcon=,rolloverEnabled=true,rolloverIcon=,rolloverSelectedIcon=,selectedIcon=,text=Start,defaultCapable=true]
xomaya.controllers.Controller:Fri Jun 18 21:49:13 EDT 2010:Started!
xomaya.controllers.Controller:Fri Jun 18 21:52:15 EDT 2010:Action Command:java.awt.event.ActionEvent[ACTION_PERFORMED,cmd=VIDEO_ONLY,when=1276912335625,modifiers=Button1] on javax.swing.JRadioButton[,0,0,152x22,alignmentX=0.0,alignmentY=0.5,border=javax.swing.plaf.BorderUIResource$CompoundBorderUIResource@1578aab,flags=296,maximumSize=,minimumSize=,preferredSize=,defaultIcon=,disabledIcon=,disabledSelectedIcon=,margin=javax.swing.plaf.InsetsUIResource[top=2,left=2,bottom=2,right=2],paintBorder=false,paintFocus=true,pressedIcon=,rolloverEnabled=true,rolloverIcon=,rolloverSelectedIcon=,selectedIcon=,text=Video Only]
xomaya.controllers.Controller:Fri Jun 18 21:52:21 EDT 2010:Action Command:java.awt.event.ActionEvent[ACTION_PERFORMED,cmd=SCREEN_ONLY,when=1276912341515,modifiers=Button1] on javax.swing.JRadioButton[,0,22,152x22,alignmentX=0.0,alignmentY=0.5,border=javax.swing.plaf.BorderUIResource$CompoundBorderUIResource@1578aab,flags=296,maximumSize=,minimumSize=,preferredSize=,defaultIcon=,disabledIcon=,disabledSelectedIcon=,margin=javax.swing.plaf.InsetsUIResource[top=2,left=2,bottom=2,right=2],paintBorder=false,paintFocus=true,pressedIcon=,rolloverEnabled=true,rolloverIcon=,rolloverSelectedIcon=,selectedIcon=,text=Screen Only]
xomaya.controllers.Controller:Fri Jun 18 21:52:37 EDT 2010:Action Command:java.awt.event.ActionEvent[ACTION_PERFORMED,cmd=VIDEO_ONLY,when=1276912357328,modifiers=Button1] on javax.swing.JRadioButton[,0,0,152x22,alignmentX=0.0,alignmentY=0.5,border=javax.swing.plaf.BorderUIResource$CompoundBorderUIResource@1578aab,flags=296,maximumSize=,minimumSize=,preferredSize=,defaultIcon=,disabledIcon=,disabledSelectedIcon=,margin=javax.swing.plaf.InsetsUIResource[top=2,left=2,bottom=2,right=2],paintBorder=false,paintFocus=true,pressedIcon=,rolloverEnabled=true,rolloverIcon=,rolloverSelectedIcon=,selectedIcon=,text=Video Only]
xomaya.controllers.Controller:Fri Jun 18 21:52:55 EDT 2010:Action Command:java.awt.event.ActionEvent[ACTION_PERFORMED,cmd=STOP_RECORDING,when=1276912375140,modifiers=Button1] on javax.swing.JButton[,0,33,62x33,alignmentX=0.0,alignmentY=0.5,border=javax.swing.plaf.BorderUIResource$CompoundBorderUIResource@c44b88,flags=296,maximumSize=,minimumSize=,preferredSize=,defaultIcon=,disabledIcon=,disabledSelectedIcon=,margin=javax.swing.plaf.InsetsUIResource[top=2,left=14,bottom=2,right=14],paintBorder=true,paintFocus=true,pressedIcon=,rolloverEnabled=true,rolloverIcon=,rolloverSelectedIcon=,selectedIcon=,text=Stop,defaultCapable=true]
xomaya.controllers.Controller:Fri Jun 18 21:52:55 EDT 2010:Stopped!
xomaya.controllers.Controller:Fri Jun 18 21:52:57 EDT 2010:Total time:223907
