2010-07-30:08:58:16:xomaya.application.Application:System starting...
2010-07-30:08:58:16:xomaya.application.Application:xomaya 1.21 copyright (c) 2010. All Rights Reserved.
2010-07-30:08:58:16:xomaya.application.Application:--------------------------
2010-07-30:08:58:16:xomaya.application.Application:License Key:EXPRESS
2010-07-30:08:58:17:xomaya.application.Application:Invalid License Key: ERROR CODE 5
2010-07-30:08:58:17:xomaya.application.Application:Loaded DLL:719
2010-07-30:08:58:17:xomaya.application.Application:Application validated:EXPRESS
2010-07-30:08:58:18:xomaya.util.Utility:! No Devices for null
2010-07-30:09:00:56:xomaya.application.Application:System starting...
2010-07-30:09:00:56:xomaya.application.Application:xomaya 1.21 copyright (c) 2010. All Rights Reserved.
2010-07-30:09:00:56:xomaya.application.Application:--------------------------
2010-07-30:09:00:56:xomaya.application.Application:License Key:EXPRESS
2010-07-30:09:00:57:xomaya.application.Application:Invalid License Key: ERROR CODE 5
2010-07-30:09:00:57:xomaya.application.Application:Loaded DLL:718
2010-07-30:09:00:57:xomaya.application.Application:Application validated:EXPRESS
2010-07-30:09:00:58:xomaya.util.Utility:! No Devices for null
2010-07-30:09:01:22:xomaya.application.Application:System starting...
2010-07-30:09:01:22:xomaya.application.Application:xomaya 1.21 copyright (c) 2010. All Rights Reserved.
2010-07-30:09:01:22:xomaya.application.Application:--------------------------
2010-07-30:09:01:22:xomaya.application.Application:License Key:EXPRESS
2010-07-30:09:01:22:xomaya.application.Application:Invalid License Key: ERROR CODE 5
2010-07-30:09:01:23:xomaya.application.Application:Loaded DLL:734
2010-07-30:09:01:23:xomaya.application.Application:Application validated:EXPRESS
2010-07-30:09:01:24:xomaya.util.Utility:! No Devices for null
2010-07-30:09:01:41:xomaya.application.Application:System starting...
2010-07-30:09:01:41:xomaya.application.Application:xomaya 1.21 copyright (c) 2010. All Rights Reserved.
2010-07-30:09:01:41:xomaya.application.Application:--------------------------
2010-07-30:09:01:41:xomaya.application.Application:License Key:EXPRESS
2010-07-30:09:01:41:xomaya.application.Application:Invalid License Key: ERROR CODE 5
2010-07-30:09:01:42:xomaya.application.Application:Loaded DLL:781
2010-07-30:09:01:42:xomaya.application.Application:Application validated:EXPRESS
2010-07-30:09:01:42:xomaya.util.Utility:! No Devices for null
2010-07-30:09:03:35:xomaya.application.Application:System starting...
2010-07-30:09:03:35:xomaya.application.Application:xomaya 1.21 copyright (c) 2010. All Rights Reserved.
2010-07-30:09:03:35:xomaya.application.Application:--------------------------
2010-07-30:09:03:35:xomaya.application.Application:License Key:EXPRESS
2010-07-30:09:03:35:xomaya.application.Application:Invalid License Key: ERROR CODE 5
2010-07-30:09:03:36:xomaya.application.Application:Loaded DLL:734
2010-07-30:09:03:36:xomaya.application.Application:Application validated:EXPRESS
2010-07-30:09:03:36:xomaya.util.Utility:! No Devices for null
2010-07-30:09:10:28:xomaya.application.Application:System starting...
2010-07-30:09:10:28:xomaya.application.Application:xomaya 1.21 copyright (c) 2010. All Rights Reserved.
2010-07-30:09:10:28:xomaya.application.Application:--------------------------
2010-07-30:09:10:28:xomaya.application.Application:License Key:EXPRESS
2010-07-30:09:10:28:xomaya.application.Application:Invalid License Key: ERROR CODE 5
2010-07-30:09:10:29:xomaya.application.Application:Loaded DLL:718
2010-07-30:09:10:29:xomaya.application.Application:Application validated:EXPRESS
2010-07-30:09:10:30:xomaya.util.Utility:! No Devices for null
2010-07-30:09:14:17:xomaya.application.Application:System starting...
2010-07-30:09:14:17:xomaya.application.Application:xomaya 1.21 copyright (c) 2010. All Rights Reserved.
2010-07-30:09:14:17:xomaya.application.Application:--------------------------
2010-07-30:09:14:17:xomaya.application.Application:License Key:EXPRESS
2010-07-30:09:14:17:xomaya.application.Application:Invalid License Key: ERROR CODE 5
2010-07-30:09:14:18:xomaya.application.Application:Loaded DLL:703
2010-07-30:09:14:18:xomaya.application.Application:Application validated:EXPRESS
2010-07-30:09:14:18:xomaya.util.Utility:DirectSoundCapture : dsound://
LINEAR, 48000.0 Hz, 16-bit, Stereo, LittleEndian, Signed
LINEAR, 48000.0 Hz, 16-bit, Mono, LittleEndian, Signed
LINEAR, 48000.0 Hz, 8-bit, Stereo, Unsigned
LINEAR, 48000.0 Hz, 8-bit, Mono, Unsigned
LINEAR, 44100.0 Hz, 16-bit, Stereo, LittleEndian, Signed
LINEAR, 44100.0 Hz, 16-bit, Mono, LittleEndian, Signed
LINEAR, 44100.0 Hz, 8-bit, Stereo, Unsigned
LINEAR, 44100.0 Hz, 8-bit, Mono, Unsigned
LINEAR, 32000.0 Hz, 16-bit, Stereo, LittleEndian, Signed
LINEAR, 32000.0 Hz, 16-bit, Mono, LittleEndian, Signed
LINEAR, 32000.0 Hz, 8-bit, Stereo, Unsigned
LINEAR, 32000.0 Hz, 8-bit, Mono, Unsigned
LINEAR, 22050.0 Hz, 16-bit, Stereo, LittleEndian, Signed
LINEAR, 22050.0 Hz, 16-bit, Mono, LittleEndian, Signed
LINEAR, 22050.0 Hz, 8-bit, Stereo, Unsigned
LINEAR, 22050.0 Hz, 8-bit, Mono, Unsigned
LINEAR, 16000.0 Hz, 16-bit, Stereo, LittleEndian, Signed
LINEAR, 16000.0 Hz, 16-bit, Mono, LittleEndian, Signed
LINEAR, 16000.0 Hz, 8-bit, Stereo, Unsigned
LINEAR, 16000.0 Hz, 8-bit, Mono, Unsigned
LINEAR, 11025.0 Hz, 16-bit, Stereo, LittleEndian, Signed
LINEAR, 11025.0 Hz, 16-bit, Mono, LittleEndian, Signed
LINEAR, 11025.0 Hz, 8-bit, Stereo, Unsigned
LINEAR, 11025.0 Hz, 8-bit, Mono, Unsigned
LINEAR, 8000.0 Hz, 16-bit, Stereo, LittleEndian, Signed
LINEAR, 8000.0 Hz, 16-bit, Mono, LittleEndian, Signed
LINEAR, 8000.0 Hz, 8-bit, Stereo, Unsigned
LINEAR, 8000.0 Hz, 8-bit, Mono, Unsigned

2010-07-30:09:14:18:xomaya.util.Utility:JavaSound audio capture : javasound://44100
LINEAR, 44100.0 Hz, 16-bit, Stereo, LittleEndian, Signed
LINEAR, 44100.0 Hz, 16-bit, Mono, LittleEndian, Signed
LINEAR, 22050.0 Hz, 16-bit, Stereo, LittleEndian, Signed
LINEAR, 22050.0 Hz, 16-bit, Mono, LittleEndian, Signed
LINEAR, 11025.0 Hz, 16-bit, Stereo, LittleEndian, Signed
LINEAR, 11025.0 Hz, 16-bit, Mono, LittleEndian, Signed
LINEAR, 8000.0 Hz, 16-bit, Stereo, LittleEndian, Signed
LINEAR, 8000.0 Hz, 16-bit, Mono, LittleEndian, Signed

2010-07-30:09:14:18:xomaya.util.Utility:vfw:Microsoft WDM Image Capture (Win32):0 : vfw://0
MJPG, 640x480, Length=921600 0 extra bytes
YUV Video Format: Size = java.awt.Dimension[width=160,height=120] MaxDataLength = 38400 DataType = class [B yuvType = 32 StrideY = 320 StrideUV = 320 OffsetY = 0 OffsetU = 1 OffsetV = 3

YUV Video Format: Size = java.awt.Dimension[width=176,height=144] MaxDataLength = 50688 DataType = class [B yuvType = 32 StrideY = 352 StrideUV = 352 OffsetY = 0 OffsetU = 1 OffsetV = 3

YUV Video Format: Size = java.awt.Dimension[width=320,height=240] MaxDataLength = 153600 DataType = class [B yuvType = 32 StrideY = 640 StrideUV = 640 OffsetY = 0 OffsetU = 1 OffsetV = 3

YUV Video Format: Size = java.awt.Dimension[width=352,height=288] MaxDataLength = 202752 DataType = class [B yuvType = 32 StrideY = 704 StrideUV = 704 OffsetY = 0 OffsetU = 1 OffsetV = 3

YUV Video Format: Size = java.awt.Dimension[width=640,height=480] MaxDataLength = 614400 DataType = class [B yuvType = 32 StrideY = 1280 StrideUV = 1280 OffsetY = 0 OffsetU = 1 OffsetV = 3

MJPG, 160x120, Length=57600 0 extra bytes
MJPG, 176x144, Length=76032 0 extra bytes
MJPG, 320x240, Length=230400 0 extra bytes
MJPG, 352x288, Length=304128 0 extra bytes

2010-07-30:09:14:42:xomaya.controllers.Controller:Action Command:java.awt.event.ActionEvent[ACTION_PERFORMED,cmd=START_RECORDING,when=1280495682187,modifiers=Button1] on javax.swing.JButton[,0,0,82x38,alignmentX=0.0,alignmentY=0.5,border=javax.swing.plaf.BorderUIResource$CompoundBorderUIResource@1ee4648,flags=296,maximumSize=,minimumSize=,preferredSize=,defaultIcon=./media/media-record.gif,disabledIcon=,disabledSelectedIcon=,margin=javax.swing.plaf.InsetsUIResource[top=2,left=14,bottom=2,right=14],paintBorder=true,paintFocus=true,pressedIcon=,rolloverEnabled=true,rolloverIcon=,rolloverSelectedIcon=,selectedIcon=,text=Start,defaultCapable=true]
2010-07-30:09:14:42:xomaya.controllers.Controller:Started!
2010-07-30:09:14:42:xomaya.util.Utility:TRYING:YUV
2010-07-30:09:14:42:xomaya.util.Utility:Selected format:MJPG:640x480
2010-07-30:09:14:42:xomaya.util.Utility:vfw:Microsoft WDM Image Capture (Win32):0 : vfw://0
MJPG, 640x480, Length=921600 0 extra bytes
YUV Video Format: Size = java.awt.Dimension[width=160,height=120] MaxDataLength = 38400 DataType = class [B yuvType = 32 StrideY = 320 StrideUV = 320 OffsetY = 0 OffsetU = 1 OffsetV = 3

YUV Video Format: Size = java.awt.Dimension[width=176,height=144] MaxDataLength = 50688 DataType = class [B yuvType = 32 StrideY = 352 StrideUV = 352 OffsetY = 0 OffsetU = 1 OffsetV = 3

YUV Video Format: Size = java.awt.Dimension[width=320,height=240] MaxDataLength = 153600 DataType = class [B yuvType = 32 StrideY = 640 StrideUV = 640 OffsetY = 0 OffsetU = 1 OffsetV = 3

YUV Video Format: Size = java.awt.Dimension[width=352,height=288] MaxDataLength = 202752 DataType = class [B yuvType = 32 StrideY = 704 StrideUV = 704 OffsetY = 0 OffsetU = 1 OffsetV = 3

YUV Video Format: Size = java.awt.Dimension[width=640,height=480] MaxDataLength = 614400 DataType = class [B yuvType = 32 StrideY = 1280 StrideUV = 1280 OffsetY = 0 OffsetU = 1 OffsetV = 3

MJPG, 160x120, Length=57600 0 extra bytes
MJPG, 176x144, Length=76032 0 extra bytes
MJPG, 320x240, Length=230400 0 extra bytes
MJPG, 352x288, Length=304128 0 extra bytes

2010-07-30:09:14:46:xomaya.util.Utility:Setting format MJPG, 640x480, Length=921600 0 extra bytes
2010-07-30:09:14:46:xomaya.components.JavaSoundStream:PCM_SIGNED 8000.0 Hz, 16 bit, stereo, 4 bytes/frame, little-endian
2010-07-30:09:14:47:xomaya.components.JavaSoundStream:JavaSoundStream.read called
2010-07-30:09:14:48:xomaya.components.Xomaya:Middle?
2010-07-30:09:14:49:xomaya.components.effects.GraphicEffect:setOutputFormat
2010-07-30:09:14:49:xomaya.components.effects.GraphicEffect:RGB, 640x480, FrameRate=15.0, Length=921600, 24-bit, Masks=3:2:1, PixelStride=3, LineStride=1920, Flipped
2010-07-30:09:14:50:xomaya.components.effects.GraphicEffect:GraphicsEffect.process called
2010-07-30:09:14:51:xomaya.components.STimerTask:Delay:15|0
2010-07-30:09:14:53:xomaya.components.Xomaya:TT GA:766
2010-07-30:09:14:55:xomaya.components.STimerTask:Delay:16|15
2010-07-30:09:14:56:xomaya.components.STimerTask:Delay:15|31
2010-07-30:09:15:09:xomaya.components.STimerTask:Delay:16|46
2010-07-30:09:15:13:xomaya.components.STimerTask:Delay:16|62
2010-07-30:09:15:16:xomaya.components.STimerTask:Delay:16|78
2010-07-30:09:15:37:xomaya.components.STimerTask:Delay:16|94
2010-07-30:09:15:50:xomaya.components.STimerTask:Delay:16|110
2010-07-30:09:15:50:xomaya.components.STimerTask:Delay:16|126
2010-07-30:09:15:56:xomaya.components.STimerTask:Delay:422|142
2010-07-30:09:15:57:xomaya.components.STimerTask:Delay:16|564
2010-07-30:09:16:06:xomaya.components.STimerTask:Delay:16|580
2010-07-30:09:16:22:xomaya.components.STimerTask:Delay:15|596
2010-07-30:09:16:31:xomaya.components.STimerTask:Delay:15|611
2010-07-30:09:16:36:xomaya.components.STimerTask:Delay:16|626
2010-07-30:09:16:41:xomaya.components.STimerTask:Delay:16|642
2010-07-30:09:16:45:xomaya.components.STimerTask:Delay:16|658
2010-07-30:09:16:46:xomaya.components.STimerTask:Delay:16|674
2010-07-30:09:16:47:xomaya.components.STimerTask:Delay:15|690
2010-07-30:09:16:49:xomaya.components.STimerTask:Delay:15|705
2010-07-30:09:16:52:xomaya.components.STimerTask:Delay:16|720
2010-07-30:09:16:55:xomaya.components.STimerTask:Delay:15|736
2010-07-30:09:16:55:xomaya.components.STimerTask:Delay:16|751
2010-07-30:09:16:57:xomaya.components.STimerTask:Delay:62|767
2010-07-30:09:17:07:xomaya.components.STimerTask:Delay:16|829
2010-07-30:09:17:11:xomaya.components.STimerTask:Delay:16|845
2010-07-30:09:17:13:xomaya.components.STimerTask:Delay:16|861
2010-07-30:09:17:15:xomaya.components.STimerTask:Delay:16|877
2010-07-30:09:17:19:xomaya.components.STimerTask:Delay:16|893
2010-07-30:09:17:23:xomaya.components.STimerTask:Delay:16|909
2010-07-30:09:17:28:xomaya.components.STimerTask:Delay:16|925
2010-07-30:09:17:37:xomaya.components.STimerTask:Delay:15|941
2010-07-30:09:17:42:xomaya.components.STimerTask:Delay:16|956
2010-07-30:09:17:47:xomaya.components.STimerTask:Delay:16|972
2010-07-30:09:17:48:xomaya.components.STimerTask:Delay:16|988
2010-07-30:09:17:49:xomaya.components.STimerTask:Delay:15|1004
2010-07-30:09:18:04:xomaya.components.STimerTask:Delay:16|1019
2010-07-30:09:18:10:xomaya.components.STimerTask:Delay:16|1035
2010-07-30:09:18:11:xomaya.components.STimerTask:Delay:16|1051
2010-07-30:09:18:18:xomaya.components.STimerTask:Delay:16|1067
2010-07-30:09:18:21:xomaya.components.STimerTask:Delay:16|1083
2010-07-30:09:18:22:xomaya.controllers.Controller:Action Command:java.awt.event.ActionEvent[ACTION_PERFORMED,cmd=STOP_RECORDING,when=1280495902828,modifiers=Button1] on javax.swing.JButton[,0,38,82x38,alignmentX=0.0,alignmentY=0.5,border=javax.swing.plaf.BorderUIResource$CompoundBorderUIResource@1ee4648,flags=296,maximumSize=,minimumSize=,preferredSize=,defaultIcon=./media/media-playback-stop.gif,disabledIcon=sun.swing.ImageIconUIResource@97e3a5,disabledSelectedIcon=,margin=javax.swing.plaf.InsetsUIResource[top=2,left=14,bottom=2,right=14],paintBorder=true,paintFocus=true,pressedIcon=,rolloverEnabled=true,rolloverIcon=,rolloverSelectedIcon=,selectedIcon=,text=Stop,defaultCapable=true]
2010-07-30:09:18:22:xomaya.controllers.Controller:Stopped!
2010-07-30:09:18:22:xomaya.components.Xomaya:Total Time:215625
2010-07-30:09:18:24:xomaya.components.Xomaya:Stopped and closed
2010-07-30:09:18:24:xomaya.controllers.Controller:Total time:222406
