2010-09-12:16:08:56:xomaya.application.Application:System starting...
2010-09-12:16:08:56:xomaya.application.Application:xomaya 1.22 copyright (c) 2010. All Rights Reserved.
2010-09-12:16:08:56:xomaya.application.Application:--------------------------
2010-09-12:16:08:56:xomaya.application.Application:License Key:EXPRESS
2010-09-12:16:08:57:xomaya.application.Application:Invalid License Key: ERROR CODE 5
2010-09-12:16:08:57:xomaya.util.JNA:Idle time:0
2010-09-12:16:08:57:xomaya.application.Application:Loaded DLL:545
2010-09-12:16:08:57:xomaya.application.Application:Could not create directory ./out
2010-09-12:16:08:57:xomaya.application.Application:Could not create directory ./logs
2010-09-12:16:08:57:xomaya.application.Application:Application validated:EXPRESS
2010-09-12:16:08:57:xomaya.application.Application:-finally-
2010-09-12:16:08:58:xomaya.util.Utility:Found:3
2010-09-12:16:08:58:xomaya.util.Utility:DirectSoundCapture : dsound://
LINEAR, 48000.0 Hz, 16-bit, Stereo, LittleEndian, Signed
LINEAR, 48000.0 Hz, 16-bit, Mono, LittleEndian, Signed
LINEAR, 48000.0 Hz, 8-bit, Stereo, Unsigned
LINEAR, 48000.0 Hz, 8-bit, Mono, Unsigned
LINEAR, 44100.0 Hz, 16-bit, Stereo, LittleEndian, Signed
LINEAR, 44100.0 Hz, 16-bit, Mono, LittleEndian, Signed
LINEAR, 44100.0 Hz, 8-bit, Stereo, Unsigned
LINEAR, 44100.0 Hz, 8-bit, Mono, Unsigned
LINEAR, 32000.0 Hz, 16-bit, Stereo, LittleEndian, Signed
LINEAR, 32000.0 Hz, 16-bit, Mono, LittleEndian, Signed
LINEAR, 32000.0 Hz, 8-bit, Stereo, Unsigned
LINEAR, 32000.0 Hz, 8-bit, Mono, Unsigned
LINEAR, 22050.0 Hz, 16-bit, Stereo, LittleEndian, Signed
LINEAR, 22050.0 Hz, 16-bit, Mono, LittleEndian, Signed
LINEAR, 22050.0 Hz, 8-bit, Stereo, Unsigned
LINEAR, 22050.0 Hz, 8-bit, Mono, Unsigned
LINEAR, 16000.0 Hz, 16-bit, Stereo, LittleEndian, Signed
LINEAR, 16000.0 Hz, 16-bit, Mono, LittleEndian, Signed
LINEAR, 16000.0 Hz, 8-bit, Stereo, Unsigned
LINEAR, 16000.0 Hz, 8-bit, Mono, Unsigned
LINEAR, 11025.0 Hz, 16-bit, Stereo, LittleEndian, Signed
LINEAR, 11025.0 Hz, 16-bit, Mono, LittleEndian, Signed
LINEAR, 11025.0 Hz, 8-bit, Stereo, Unsigned
LINEAR, 11025.0 Hz, 8-bit, Mono, Unsigned
LINEAR, 8000.0 Hz, 16-bit, Stereo, LittleEndian, Signed
LINEAR, 8000.0 Hz, 16-bit, Mono, LittleEndian, Signed
LINEAR, 8000.0 Hz, 8-bit, Stereo, Unsigned
LINEAR, 8000.0 Hz, 8-bit, Mono, Unsigned

2010-09-12:16:08:58:xomaya.util.Utility:JavaSound audio capture : javasound://44100
LINEAR, 44100.0 Hz, 16-bit, Stereo, LittleEndian, Signed
LINEAR, 44100.0 Hz, 16-bit, Mono, LittleEndian, Signed
LINEAR, 22050.0 Hz, 16-bit, Stereo, LittleEndian, Signed
LINEAR, 22050.0 Hz, 16-bit, Mono, LittleEndian, Signed
LINEAR, 11025.0 Hz, 16-bit, Stereo, LittleEndian, Signed
LINEAR, 11025.0 Hz, 16-bit, Mono, LittleEndian, Signed
LINEAR, 8000.0 Hz, 16-bit, Stereo, LittleEndian, Signed
LINEAR, 8000.0 Hz, 16-bit, Mono, LittleEndian, Signed

2010-09-12:16:08:58:xomaya.util.Utility:vfw:Microsoft WDM Image Capture (Win32):0 : vfw://0
YUV Video Format: Size = java.awt.Dimension[width=640,height=480] MaxDataLength = 614400 DataType = class [B yuvType = 32 StrideY = 1280 StrideUV = 1280 OffsetY = 0 OffsetU = 1 OffsetV = 3

YUV Video Format: Size = java.awt.Dimension[width=160,height=120] MaxDataLength = 38400 DataType = class [B yuvType = 32 StrideY = 320 StrideUV = 320 OffsetY = 0 OffsetU = 1 OffsetV = 3

YUV Video Format: Size = java.awt.Dimension[width=176,height=144] MaxDataLength = 50688 DataType = class [B yuvType = 32 StrideY = 352 StrideUV = 352 OffsetY = 0 OffsetU = 1 OffsetV = 3

YUV Video Format: Size = java.awt.Dimension[width=320,height=240] MaxDataLength = 153600 DataType = class [B yuvType = 32 StrideY = 640 StrideUV = 640 OffsetY = 0 OffsetU = 1 OffsetV = 3

YUV Video Format: Size = java.awt.Dimension[width=352,height=288] MaxDataLength = 202752 DataType = class [B yuvType = 32 StrideY = 704 StrideUV = 704 OffsetY = 0 OffsetU = 1 OffsetV = 3

MJPG, 160x120, Length=57600 0 extra bytes
MJPG, 176x144, Length=76032 0 extra bytes
MJPG, 320x240, Length=230400 0 extra bytes
MJPG, 352x288, Length=304128 0 extra bytes
MJPG, 640x480, Length=921600 0 extra bytes

2010-09-12:16:09:17:xomaya.controllers.Controller:Action Command:java.awt.event.ActionEvent[ACTION_PERFORMED,cmd=BUY_LICENSE_KEY,when=1284322157156,modifiers=Button1] on javax.swing.JMenuItem[,1,24,173x21,invalid,alignmentX=0.0,alignmentY=0.0,border=javax.swing.plaf.metal.MetalBorders$MenuItemBorder@37fb1e,flags=392,maximumSize=,minimumSize=,preferredSize=,defaultIcon=,disabledIcon=,disabledSelectedIcon=,margin=javax.swing.plaf.InsetsUIResource[top=2,left=2,bottom=2,right=2],paintBorder=true,paintFocus=false,pressedIcon=,rolloverEnabled=false,rolloverIcon=,rolloverSelectedIcon=,selectedIcon=,text=Buy License Key]
