xomaya.application.Application:Sun Jun 06 15:15:36 EDT 2010:Loaded DLL:1110
xomaya.controllers.Controller:Sun Jun 06 15:15:54 EDT 2010:Action Command:java.awt.event.ActionEvent[ACTION_PERFORMED,cmd=RECORD_PRESENTATION,when=1275851754781,modifiers=Button1] on javax.swing.JButton[,8,5,62x26,alignmentX=0.0,alignmentY=0.5,border=javax.swing.plaf.BorderUIResource$CompoundBorderUIResource@867e89,flags=296,maximumSize=,minimumSize=,preferredSize=,defaultIcon=,disabledIcon=,disabledSelectedIcon=,margin=javax.swing.plaf.InsetsUIResource[top=2,left=14,bottom=2,right=14],paintBorder=true,paintFocus=true,pressedIcon=,rolloverEnabled=true,rolloverIcon=,rolloverSelectedIcon=,selectedIcon=,text=Start,defaultCapable=true]
xomaya.controllers.Controller:Sun Jun 06 15:15:54 EDT 2010:Started!
xomaya.controllers.Controller:Sun Jun 06 15:20:42 EDT 2010:Action Command:java.awt.event.ActionEvent[ACTION_PERFORMED,cmd=STOP_RECORDING,when=1275852042875,modifiers=Button1] on javax.swing.JButton[,75,5,60x26,alignmentX=0.0,alignmentY=0.5,border=javax.swing.plaf.BorderUIResource$CompoundBorderUIResource@867e89,flags=296,maximumSize=,minimumSize=,preferredSize=,defaultIcon=,disabledIcon=,disabledSelectedIcon=,margin=javax.swing.plaf.InsetsUIResource[top=2,left=14,bottom=2,right=14],paintBorder=true,paintFocus=true,pressedIcon=,rolloverEnabled=true,rolloverIcon=,rolloverSelectedIcon=,selectedIcon=,text=Stop,defaultCapable=true]
xomaya.controllers.Controller:Sun Jun 06 15:20:42 EDT 2010:Stopped!
xomaya.controllers.Controller:Sun Jun 06 15:20:44 EDT 2010:Total time:290093
xomaya.application.Application:Sun Jun 06 16:03:42 EDT 2010:Loaded DLL:906
xomaya.controllers.Controller:Sun Jun 06 16:03:50 EDT 2010:Action Command:java.awt.event.ActionEvent[ACTION_PERFORMED,cmd=RECORD_PRESENTATION,when=1275854630093,modifiers=Button1] on javax.swing.JButton[,8,5,62x26,alignmentX=0.0,alignmentY=0.5,border=javax.swing.plaf.BorderUIResource$CompoundBorderUIResource@8965fb,flags=296,maximumSize=,minimumSize=,preferredSize=,defaultIcon=,disabledIcon=,disabledSelectedIcon=,margin=javax.swing.plaf.InsetsUIResource[top=2,left=14,bottom=2,right=14],paintBorder=true,paintFocus=true,pressedIcon=,rolloverEnabled=true,rolloverIcon=,rolloverSelectedIcon=,selectedIcon=,text=Start,defaultCapable=true]
xomaya.controllers.Controller:Sun Jun 06 16:03:50 EDT 2010:Started!
xomaya.controllers.Controller:Sun Jun 06 16:08:01 EDT 2010:Action Command:java.awt.event.ActionEvent[ACTION_PERFORMED,cmd=STOP_RECORDING,when=1275854881921,modifiers=Button1] on javax.swing.JButton[,75,5,60x26,alignmentX=0.0,alignmentY=0.5,border=javax.swing.plaf.BorderUIResource$CompoundBorderUIResource@8965fb,flags=296,maximumSize=,minimumSize=,preferredSize=,defaultIcon=,disabledIcon=,disabledSelectedIcon=,margin=javax.swing.plaf.InsetsUIResource[top=2,left=14,bottom=2,right=14],paintBorder=true,paintFocus=true,pressedIcon=,rolloverEnabled=true,rolloverIcon=,rolloverSelectedIcon=,selectedIcon=,text=Stop,defaultCapable=true]
xomaya.controllers.Controller:Sun Jun 06 16:08:01 EDT 2010:Stopped!
xomaya.controllers.Controller:Sun Jun 06 16:08:03 EDT 2010:Total time:253734
xomaya.application.Application:Sun Jun 06 16:11:13 EDT 2010:Loaded DLL:937
xomaya.controllers.Controller:Sun Jun 06 16:11:18 EDT 2010:Action Command:java.awt.event.ActionEvent[ACTION_PERFORMED,cmd=RECORD_PRESENTATION,when=1275855078609,modifiers=Button1] on javax.swing.JButton[,8,5,62x26,alignmentX=0.0,alignmentY=0.5,border=javax.swing.plaf.BorderUIResource$CompoundBorderUIResource@1dd7056,flags=296,maximumSize=,minimumSize=,preferredSize=,defaultIcon=,disabledIcon=,disabledSelectedIcon=,margin=javax.swing.plaf.InsetsUIResource[top=2,left=14,bottom=2,right=14],paintBorder=true,paintFocus=true,pressedIcon=,rolloverEnabled=true,rolloverIcon=,rolloverSelectedIcon=,selectedIcon=,text=Start,defaultCapable=true]
xomaya.controllers.Controller:Sun Jun 06 16:11:18 EDT 2010:Started!
xomaya.controllers.Controller:Sun Jun 06 16:14:36 EDT 2010:Action Command:java.awt.event.ActionEvent[ACTION_PERFORMED,cmd=STOP_RECORDING,when=1275855276078,modifiers=Button1] on javax.swing.JButton[,75,5,60x26,alignmentX=0.0,alignmentY=0.5,border=javax.swing.plaf.BorderUIResource$CompoundBorderUIResource@1dd7056,flags=296,maximumSize=,minimumSize=,preferredSize=,defaultIcon=,disabledIcon=,disabledSelectedIcon=,margin=javax.swing.plaf.InsetsUIResource[top=2,left=14,bottom=2,right=14],paintBorder=true,paintFocus=true,pressedIcon=,rolloverEnabled=true,rolloverIcon=,rolloverSelectedIcon=,selectedIcon=,text=Stop,defaultCapable=true]
xomaya.controllers.Controller:Sun Jun 06 16:14:36 EDT 2010:Stopped!
xomaya.controllers.Controller:Sun Jun 06 16:14:37 EDT 2010:Total time:198875
xomaya.application.Application:Sun Jun 06 16:59:20 EDT 2010:Loaded DLL:781
xomaya.controllers.Controller:Sun Jun 06 16:59:27 EDT 2010:Action Command:java.awt.event.ActionEvent[ACTION_PERFORMED,cmd=RECORD_PRESENTATION,when=1275857967140,modifiers=Button1] on javax.swing.JButton[,8,5,62x26,alignmentX=0.0,alignmentY=0.5,border=javax.swing.plaf.BorderUIResource$CompoundBorderUIResource@3ee284,flags=296,maximumSize=,minimumSize=,preferredSize=,defaultIcon=,disabledIcon=,disabledSelectedIcon=,margin=javax.swing.plaf.InsetsUIResource[top=2,left=14,bottom=2,right=14],paintBorder=true,paintFocus=true,pressedIcon=,rolloverEnabled=true,rolloverIcon=,rolloverSelectedIcon=,selectedIcon=,text=Start,defaultCapable=true]
xomaya.controllers.Controller:Sun Jun 06 16:59:27 EDT 2010:Started!
xomaya.controllers.Controller:Sun Jun 06 17:03:09 EDT 2010:Action Command:java.awt.event.ActionEvent[ACTION_PERFORMED,cmd=STOP_RECORDING,when=1275858189359,modifiers=Button1] on javax.swing.JButton[,75,5,60x26,alignmentX=0.0,alignmentY=0.5,border=javax.swing.plaf.BorderUIResource$CompoundBorderUIResource@3ee284,flags=296,maximumSize=,minimumSize=,preferredSize=,defaultIcon=,disabledIcon=,disabledSelectedIcon=,margin=javax.swing.plaf.InsetsUIResource[top=2,left=14,bottom=2,right=14],paintBorder=true,paintFocus=true,pressedIcon=,rolloverEnabled=true,rolloverIcon=,rolloverSelectedIcon=,selectedIcon=,text=Stop,defaultCapable=true]
xomaya.controllers.Controller:Sun Jun 06 17:03:09 EDT 2010:Stopped!
xomaya.controllers.Controller:Sun Jun 06 17:03:11 EDT 2010:Total time:224329
xomaya.application.Application:Sun Jun 06 17:04:30 EDT 2010:Loaded DLL:859
xomaya.controllers.Controller:Sun Jun 06 17:04:34 EDT 2010:Action Command:java.awt.event.ActionEvent[ACTION_PERFORMED,cmd=RECORD_PRESENTATION,when=1275858274671,modifiers=Button1] on javax.swing.JButton[,8,5,62x26,alignmentX=0.0,alignmentY=0.5,border=javax.swing.plaf.BorderUIResource$CompoundBorderUIResource@1d8957f,flags=296,maximumSize=,minimumSize=,preferredSize=,defaultIcon=,disabledIcon=,disabledSelectedIcon=,margin=javax.swing.plaf.InsetsUIResource[top=2,left=14,bottom=2,right=14],paintBorder=true,paintFocus=true,pressedIcon=,rolloverEnabled=true,rolloverIcon=,rolloverSelectedIcon=,selectedIcon=,text=Start,defaultCapable=true]
xomaya.controllers.Controller:Sun Jun 06 17:04:34 EDT 2010:Started!
xomaya.controllers.Controller:Sun Jun 06 17:09:54 EDT 2010:Action Command:java.awt.event.ActionEvent[ACTION_PERFORMED,cmd=STOP_RECORDING,when=1275858594593,modifiers=Button1] on javax.swing.JButton[,75,5,60x26,alignmentX=0.0,alignmentY=0.5,border=javax.swing.plaf.BorderUIResource$CompoundBorderUIResource@1d8957f,flags=296,maximumSize=,minimumSize=,preferredSize=,defaultIcon=,disabledIcon=,disabledSelectedIcon=,margin=javax.swing.plaf.InsetsUIResource[top=2,left=14,bottom=2,right=14],paintBorder=true,paintFocus=true,pressedIcon=,rolloverEnabled=true,rolloverIcon=,rolloverSelectedIcon=,selectedIcon=,text=Stop,defaultCapable=true]
xomaya.controllers.Controller:Sun Jun 06 17:09:54 EDT 2010:Stopped!
xomaya.controllers.Controller:Sun Jun 06 17:09:56 EDT 2010:Total time:321438
xomaya.application.Application:Sun Jun 06 17:11:19 EDT 2010:Loaded DLL:750
xomaya.controllers.Controller:Sun Jun 06 17:11:27 EDT 2010:Action Command:java.awt.event.ActionEvent[ACTION_PERFORMED,cmd=RECORD_PRESENTATION,when=1275858687500,modifiers=Button1] on javax.swing.JButton[,8,5,62x26,alignmentX=0.0,alignmentY=0.5,border=javax.swing.plaf.BorderUIResource$CompoundBorderUIResource@8965fb,flags=296,maximumSize=,minimumSize=,preferredSize=,defaultIcon=,disabledIcon=,disabledSelectedIcon=,margin=javax.swing.plaf.InsetsUIResource[top=2,left=14,bottom=2,right=14],paintBorder=true,paintFocus=true,pressedIcon=,rolloverEnabled=true,rolloverIcon=,rolloverSelectedIcon=,selectedIcon=,text=Start,defaultCapable=true]
xomaya.controllers.Controller:Sun Jun 06 17:11:27 EDT 2010:Started!
xomaya.controllers.Controller:Sun Jun 06 17:29:02 EDT 2010:Action Command:java.awt.event.ActionEvent[ACTION_PERFORMED,cmd=STOP_RECORDING,when=1275859742796,modifiers=Button1] on javax.swing.JButton[,75,5,60x26,alignmentX=0.0,alignmentY=0.5,border=javax.swing.plaf.BorderUIResource$CompoundBorderUIResource@8965fb,flags=296,maximumSize=,minimumSize=,preferredSize=,defaultIcon=,disabledIcon=,disabledSelectedIcon=,margin=javax.swing.plaf.InsetsUIResource[top=2,left=14,bottom=2,right=14],paintBorder=true,paintFocus=true,pressedIcon=,rolloverEnabled=true,rolloverIcon=,rolloverSelectedIcon=,selectedIcon=,text=Stop,defaultCapable=true]
xomaya.controllers.Controller:Sun Jun 06 17:29:02 EDT 2010:Stopped!
xomaya.controllers.Controller:Sun Jun 06 17:29:05 EDT 2010:Total time:1057968
xomaya.application.Application:Sun Jun 06 18:19:14 EDT 2010:Loaded DLL:750
xomaya.controllers.Controller:Sun Jun 06 18:19:17 EDT 2010:Action Command:java.awt.event.ActionEvent[ACTION_PERFORMED,cmd=RECORD_PRESENTATION,when=1275862757250,modifiers=Button1] on javax.swing.JButton[,8,5,62x26,alignmentX=0.0,alignmentY=0.5,border=javax.swing.plaf.BorderUIResource$CompoundBorderUIResource@8965fb,flags=296,maximumSize=,minimumSize=,preferredSize=,defaultIcon=,disabledIcon=,disabledSelectedIcon=,margin=javax.swing.plaf.InsetsUIResource[top=2,left=14,bottom=2,right=14],paintBorder=true,paintFocus=true,pressedIcon=,rolloverEnabled=true,rolloverIcon=,rolloverSelectedIcon=,selectedIcon=,text=Start,defaultCapable=true]
xomaya.controllers.Controller:Sun Jun 06 18:19:17 EDT 2010:Started!
xomaya.controllers.Controller:Sun Jun 06 18:22:01 EDT 2010:Action Command:java.awt.event.ActionEvent[ACTION_PERFORMED,cmd=STOP_RECORDING,when=1275862921562,modifiers=Button1] on javax.swing.JButton[,75,5,60x26,alignmentX=0.0,alignmentY=0.5,border=javax.swing.plaf.BorderUIResource$CompoundBorderUIResource@8965fb,flags=296,maximumSize=,minimumSize=,preferredSize=,defaultIcon=,disabledIcon=,disabledSelectedIcon=,margin=javax.swing.plaf.InsetsUIResource[top=2,left=14,bottom=2,right=14],paintBorder=true,paintFocus=true,pressedIcon=,rolloverEnabled=true,rolloverIcon=,rolloverSelectedIcon=,selectedIcon=,text=Stop,defaultCapable=true]
xomaya.controllers.Controller:Sun Jun 06 18:22:01 EDT 2010:Stopped!
xomaya.controllers.Controller:Sun Jun 06 18:22:03 EDT 2010:Total time:165750
xomaya.application.Application:Sun Jun 06 18:23:17 EDT 2010:Loaded DLL:797
xomaya.controllers.Controller:Sun Jun 06 18:23:21 EDT 2010:Action Command:java.awt.event.ActionEvent[ACTION_PERFORMED,cmd=RECORD_PRESENTATION,when=1275863001265,modifiers=Button1] on javax.swing.JButton[,8,5,62x26,alignmentX=0.0,alignmentY=0.5,border=javax.swing.plaf.BorderUIResource$CompoundBorderUIResource@3ee284,flags=296,maximumSize=,minimumSize=,preferredSize=,defaultIcon=,disabledIcon=,disabledSelectedIcon=,margin=javax.swing.plaf.InsetsUIResource[top=2,left=14,bottom=2,right=14],paintBorder=true,paintFocus=true,pressedIcon=,rolloverEnabled=true,rolloverIcon=,rolloverSelectedIcon=,selectedIcon=,text=Start,defaultCapable=true]
xomaya.controllers.Controller:Sun Jun 06 18:23:21 EDT 2010:Started!
xomaya.controllers.Controller:Sun Jun 06 18:28:03 EDT 2010:Action Command:java.awt.event.ActionEvent[ACTION_PERFORMED,cmd=STOP_RECORDING,when=1275863283015,modifiers=Button1] on javax.swing.JButton[,75,5,60x26,alignmentX=0.0,alignmentY=0.5,border=javax.swing.plaf.BorderUIResource$CompoundBorderUIResource@3ee284,flags=296,maximumSize=,minimumSize=,preferredSize=,defaultIcon=,disabledIcon=,disabledSelectedIcon=,margin=javax.swing.plaf.InsetsUIResource[top=2,left=14,bottom=2,right=14],paintBorder=true,paintFocus=true,pressedIcon=,rolloverEnabled=true,rolloverIcon=,rolloverSelectedIcon=,selectedIcon=,text=Stop,defaultCapable=true]
xomaya.controllers.Controller:Sun Jun 06 18:28:03 EDT 2010:Stopped!
xomaya.controllers.Controller:Sun Jun 06 18:28:05 EDT 2010:Total time:284063
xomaya.application.Application:Sun Jun 06 18:35:32 EDT 2010:Loaded DLL:750
xomaya.controllers.Controller:Sun Jun 06 18:35:37 EDT 2010:Action Command:java.awt.event.ActionEvent[ACTION_PERFORMED,cmd=RECORD_PRESENTATION,when=1275863737453,modifiers=Button1] on javax.swing.JButton[,8,5,62x26,alignmentX=0.0,alignmentY=0.5,border=javax.swing.plaf.BorderUIResource$CompoundBorderUIResource@8965fb,flags=296,maximumSize=,minimumSize=,preferredSize=,defaultIcon=,disabledIcon=,disabledSelectedIcon=,margin=javax.swing.plaf.InsetsUIResource[top=2,left=14,bottom=2,right=14],paintBorder=true,paintFocus=true,pressedIcon=,rolloverEnabled=true,rolloverIcon=,rolloverSelectedIcon=,selectedIcon=,text=Start,defaultCapable=true]
xomaya.controllers.Controller:Sun Jun 06 18:35:37 EDT 2010:Started!
xomaya.controllers.Controller:Sun Jun 06 18:39:25 EDT 2010:Action Command:java.awt.event.ActionEvent[ACTION_PERFORMED,cmd=STOP_RECORDING,when=1275863965219,modifiers=Button1] on javax.swing.JButton[,75,5,60x26,alignmentX=0.0,alignmentY=0.5,border=javax.swing.plaf.BorderUIResource$CompoundBorderUIResource@8965fb,flags=296,maximumSize=,minimumSize=,preferredSize=,defaultIcon=,disabledIcon=,disabledSelectedIcon=,margin=javax.swing.plaf.InsetsUIResource[top=2,left=14,bottom=2,right=14],paintBorder=true,paintFocus=true,pressedIcon=,rolloverEnabled=true,rolloverIcon=,rolloverSelectedIcon=,selectedIcon=,text=Stop,defaultCapable=true]
xomaya.controllers.Controller:Sun Jun 06 18:39:25 EDT 2010:Stopped!
xomaya.controllers.Controller:Sun Jun 06 18:39:26 EDT 2010:Total time:229219
xomaya.application.Application:Sun Jun 06 18:43:11 EDT 2010:Loaded DLL:750
xomaya.controllers.Controller:Sun Jun 06 18:43:14 EDT 2010:Action Command:java.awt.event.ActionEvent[ACTION_PERFORMED,cmd=RECORD_PRESENTATION,when=1275864194234,modifiers=Button1] on javax.swing.JButton[,8,5,62x26,alignmentX=0.0,alignmentY=0.5,border=javax.swing.plaf.BorderUIResource$CompoundBorderUIResource@1d8957f,flags=296,maximumSize=,minimumSize=,preferredSize=,defaultIcon=,disabledIcon=,disabledSelectedIcon=,margin=javax.swing.plaf.InsetsUIResource[top=2,left=14,bottom=2,right=14],paintBorder=true,paintFocus=true,pressedIcon=,rolloverEnabled=true,rolloverIcon=,rolloverSelectedIcon=,selectedIcon=,text=Start,defaultCapable=true]
xomaya.controllers.Controller:Sun Jun 06 18:43:14 EDT 2010:Started!
xomaya.application.Application:Sun Jun 06 18:44:56 EDT 2010:Loaded DLL:844
xomaya.controllers.Controller:Sun Jun 06 18:44:59 EDT 2010:Action Command:java.awt.event.ActionEvent[ACTION_PERFORMED,cmd=RECORD_PRESENTATION,when=1275864299203,modifiers=Button1] on javax.swing.JButton[,8,5,62x26,alignmentX=0.0,alignmentY=0.5,border=javax.swing.plaf.BorderUIResource$CompoundBorderUIResource@3ee284,flags=296,maximumSize=,minimumSize=,preferredSize=,defaultIcon=,disabledIcon=,disabledSelectedIcon=,margin=javax.swing.plaf.InsetsUIResource[top=2,left=14,bottom=2,right=14],paintBorder=true,paintFocus=true,pressedIcon=,rolloverEnabled=true,rolloverIcon=,rolloverSelectedIcon=,selectedIcon=,text=Start,defaultCapable=true]
xomaya.controllers.Controller:Sun Jun 06 18:44:59 EDT 2010:Started!
xomaya.application.Application:Sun Jun 06 18:45:37 EDT 2010:Loaded DLL:750
xomaya.controllers.Controller:Sun Jun 06 18:45:49 EDT 2010:Action Command:java.awt.event.ActionEvent[ACTION_PERFORMED,cmd=RECORD_PRESENTATION,when=1275864349593,modifiers=Button1] on javax.swing.JButton[,8,5,62x26,alignmentX=0.0,alignmentY=0.5,border=javax.swing.plaf.BorderUIResource$CompoundBorderUIResource@8965fb,flags=296,maximumSize=,minimumSize=,preferredSize=,defaultIcon=,disabledIcon=,disabledSelectedIcon=,margin=javax.swing.plaf.InsetsUIResource[top=2,left=14,bottom=2,right=14],paintBorder=true,paintFocus=true,pressedIcon=,rolloverEnabled=true,rolloverIcon=,rolloverSelectedIcon=,selectedIcon=,text=Start,defaultCapable=true]
xomaya.controllers.Controller:Sun Jun 06 18:45:49 EDT 2010:Started!
xomaya.controllers.Controller:Sun Jun 06 18:49:19 EDT 2010:Action Command:java.awt.event.ActionEvent[ACTION_PERFORMED,cmd=STOP_RECORDING,when=1275864559296,modifiers=Button1] on javax.swing.JButton[,75,5,60x26,alignmentX=0.0,alignmentY=0.5,border=javax.swing.plaf.BorderUIResource$CompoundBorderUIResource@8965fb,flags=296,maximumSize=,minimumSize=,preferredSize=,defaultIcon=,disabledIcon=,disabledSelectedIcon=,margin=javax.swing.plaf.InsetsUIResource[top=2,left=14,bottom=2,right=14],paintBorder=true,paintFocus=true,pressedIcon=,rolloverEnabled=true,rolloverIcon=,rolloverSelectedIcon=,selectedIcon=,text=Stop,defaultCapable=true]
xomaya.controllers.Controller:Sun Jun 06 18:49:19 EDT 2010:Stopped!
xomaya.controllers.Controller:Sun Jun 06 18:49:20 EDT 2010:Total time:211078
xomaya.application.Application:Sun Jun 06 18:49:47 EDT 2010:Loaded DLL:828
xomaya.controllers.Controller:Sun Jun 06 18:49:50 EDT 2010:Action Command:java.awt.event.ActionEvent[ACTION_PERFORMED,cmd=RECORD_PRESENTATION,when=1275864590265,modifiers=Button1] on javax.swing.JButton[,8,5,62x26,alignmentX=0.0,alignmentY=0.5,border=javax.swing.plaf.BorderUIResource$CompoundBorderUIResource@471e30,flags=296,maximumSize=,minimumSize=,preferredSize=,defaultIcon=,disabledIcon=,disabledSelectedIcon=,margin=javax.swing.plaf.InsetsUIResource[top=2,left=14,bottom=2,right=14],paintBorder=true,paintFocus=true,pressedIcon=,rolloverEnabled=true,rolloverIcon=,rolloverSelectedIcon=,selectedIcon=,text=Start,defaultCapable=true]
xomaya.controllers.Controller:Sun Jun 06 18:49:50 EDT 2010:Started!
xomaya.controllers.Controller:Sun Jun 06 18:51:19 EDT 2010:Action Command:java.awt.event.ActionEvent[ACTION_PERFORMED,cmd=STOP_RECORDING,when=1275864679484,modifiers=Button1] on javax.swing.JButton[,75,5,60x26,alignmentX=0.0,alignmentY=0.5,border=javax.swing.plaf.BorderUIResource$CompoundBorderUIResource@471e30,flags=296,maximumSize=,minimumSize=,preferredSize=,defaultIcon=,disabledIcon=,disabledSelectedIcon=,margin=javax.swing.plaf.InsetsUIResource[top=2,left=14,bottom=2,right=14],paintBorder=true,paintFocus=true,pressedIcon=,rolloverEnabled=true,rolloverIcon=,rolloverSelectedIcon=,selectedIcon=,text=Stop,defaultCapable=true]
xomaya.controllers.Controller:Sun Jun 06 18:51:19 EDT 2010:Stopped!
xomaya.controllers.Controller:Sun Jun 06 18:51:24 EDT 2010:Total time:94016
xomaya.application.Application:Sun Jun 06 18:51:45 EDT 2010:Loaded DLL:766
xomaya.controllers.Controller:Sun Jun 06 18:51:51 EDT 2010:Action Command:java.awt.event.ActionEvent[ACTION_PERFORMED,cmd=RECORD_PRESENTATION,when=1275864711250,modifiers=Button1] on javax.swing.JButton[,8,5,62x26,alignmentX=0.0,alignmentY=0.5,border=javax.swing.plaf.BorderUIResource$CompoundBorderUIResource@8965fb,flags=296,maximumSize=,minimumSize=,preferredSize=,defaultIcon=,disabledIcon=,disabledSelectedIcon=,margin=javax.swing.plaf.InsetsUIResource[top=2,left=14,bottom=2,right=14],paintBorder=true,paintFocus=true,pressedIcon=,rolloverEnabled=true,rolloverIcon=,rolloverSelectedIcon=,selectedIcon=,text=Start,defaultCapable=true]
xomaya.controllers.Controller:Sun Jun 06 18:51:51 EDT 2010:Started!
xomaya.controllers.Controller:Sun Jun 06 18:54:56 EDT 2010:Action Command:java.awt.event.ActionEvent[ACTION_PERFORMED,cmd=STOP_RECORDING,when=1275864896671,modifiers=Button1] on javax.swing.JButton[,75,5,60x26,alignmentX=0.0,alignmentY=0.5,border=javax.swing.plaf.BorderUIResource$CompoundBorderUIResource@8965fb,flags=296,maximumSize=,minimumSize=,preferredSize=,defaultIcon=,disabledIcon=,disabledSelectedIcon=,margin=javax.swing.plaf.InsetsUIResource[top=2,left=14,bottom=2,right=14],paintBorder=true,paintFocus=true,pressedIcon=,rolloverEnabled=true,rolloverIcon=,rolloverSelectedIcon=,selectedIcon=,text=Stop,defaultCapable=true]
xomaya.controllers.Controller:Sun Jun 06 18:54:56 EDT 2010:Stopped!
xomaya.controllers.Controller:Sun Jun 06 18:54:58 EDT 2010:Total time:186813
xomaya.application.Application:Sun Jun 06 18:56:28 EDT 2010:Loaded DLL:750
xomaya.controllers.Controller:Sun Jun 06 18:56:32 EDT 2010:Action Command:java.awt.event.ActionEvent[ACTION_PERFORMED,cmd=RECORD_PRESENTATION,when=1275864992780,modifiers=Button1] on javax.swing.JButton[,8,5,62x26,alignmentX=0.0,alignmentY=0.5,border=javax.swing.plaf.BorderUIResource$CompoundBorderUIResource@8965fb,flags=296,maximumSize=,minimumSize=,preferredSize=,defaultIcon=,disabledIcon=,disabledSelectedIcon=,margin=javax.swing.plaf.InsetsUIResource[top=2,left=14,bottom=2,right=14],paintBorder=true,paintFocus=true,pressedIcon=,rolloverEnabled=true,rolloverIcon=,rolloverSelectedIcon=,selectedIcon=,text=Start,defaultCapable=true]
xomaya.controllers.Controller:Sun Jun 06 18:56:32 EDT 2010:Started!
xomaya.controllers.Controller:Sun Jun 06 19:05:35 EDT 2010:Action Command:java.awt.event.ActionEvent[ACTION_PERFORMED,cmd=STOP_RECORDING,when=1275865535453,modifiers=Button1] on javax.swing.JButton[,75,5,60x26,alignmentX=0.0,alignmentY=0.5,border=javax.swing.plaf.BorderUIResource$CompoundBorderUIResource@8965fb,flags=296,maximumSize=,minimumSize=,preferredSize=,defaultIcon=,disabledIcon=,disabledSelectedIcon=,margin=javax.swing.plaf.InsetsUIResource[top=2,left=14,bottom=2,right=14],paintBorder=true,paintFocus=true,pressedIcon=,rolloverEnabled=true,rolloverIcon=,rolloverSelectedIcon=,selectedIcon=,text=Stop,defaultCapable=true]
xomaya.controllers.Controller:Sun Jun 06 19:05:35 EDT 2010:Stopped!
xomaya.controllers.Controller:Sun Jun 06 19:05:37 EDT 2010:Total time:544593
xomaya.application.Application:Sun Jun 06 19:08:22 EDT 2010:Loaded DLL:734
xomaya.controllers.Controller:Sun Jun 06 19:08:27 EDT 2010:Action Command:java.awt.event.ActionEvent[ACTION_PERFORMED,cmd=RECORD_PRESENTATION,when=1275865707421,modifiers=Button1] on javax.swing.JButton[,8,5,62x26,alignmentX=0.0,alignmentY=0.5,border=javax.swing.plaf.BorderUIResource$CompoundBorderUIResource@276af2,flags=296,maximumSize=,minimumSize=,preferredSize=,defaultIcon=,disabledIcon=,disabledSelectedIcon=,margin=javax.swing.plaf.InsetsUIResource[top=2,left=14,bottom=2,right=14],paintBorder=true,paintFocus=true,pressedIcon=,rolloverEnabled=true,rolloverIcon=,rolloverSelectedIcon=,selectedIcon=,text=Start,defaultCapable=true]
xomaya.controllers.Controller:Sun Jun 06 19:08:27 EDT 2010:Started!
xomaya.controllers.Controller:Sun Jun 06 19:14:28 EDT 2010:Action Command:java.awt.event.ActionEvent[ACTION_PERFORMED,cmd=STOP_RECORDING,when=1275866068375,modifiers=Button1] on javax.swing.JButton[,75,5,60x26,alignmentX=0.0,alignmentY=0.5,border=javax.swing.plaf.BorderUIResource$CompoundBorderUIResource@276af2,flags=296,maximumSize=,minimumSize=,preferredSize=,defaultIcon=,disabledIcon=,disabledSelectedIcon=,margin=javax.swing.plaf.InsetsUIResource[top=2,left=14,bottom=2,right=14],paintBorder=true,paintFocus=true,pressedIcon=,rolloverEnabled=true,rolloverIcon=,rolloverSelectedIcon=,selectedIcon=,text=Stop,defaultCapable=true]
xomaya.controllers.Controller:Sun Jun 06 19:14:28 EDT 2010:Stopped!
xomaya.controllers.Controller:Sun Jun 06 19:14:30 EDT 2010:Total time:363000
xomaya.application.Application:Sun Jun 06 20:10:00 EDT 2010:Loaded DLL:750
xomaya.controllers.Controller:Sun Jun 06 20:10:05 EDT 2010:Action Command:java.awt.event.ActionEvent[ACTION_PERFORMED,cmd=RECORD_PRESENTATION,when=1275869405546,modifiers=Button1] on javax.swing.JButton[,8,5,62x26,alignmentX=0.0,alignmentY=0.5,border=javax.swing.plaf.BorderUIResource$CompoundBorderUIResource@276af2,flags=296,maximumSize=,minimumSize=,preferredSize=,defaultIcon=,disabledIcon=,disabledSelectedIcon=,margin=javax.swing.plaf.InsetsUIResource[top=2,left=14,bottom=2,right=14],paintBorder=true,paintFocus=true,pressedIcon=,rolloverEnabled=true,rolloverIcon=,rolloverSelectedIcon=,selectedIcon=,text=Start,defaultCapable=true]
xomaya.controllers.Controller:Sun Jun 06 20:10:05 EDT 2010:Started!
xomaya.controllers.Controller:Sun Jun 06 20:16:24 EDT 2010:Action Command:java.awt.event.ActionEvent[ACTION_PERFORMED,cmd=STOP_RECORDING,when=1275869784468,modifiers=Button1] on javax.swing.JButton[,75,5,60x26,alignmentX=0.0,alignmentY=0.5,border=javax.swing.plaf.BorderUIResource$CompoundBorderUIResource@276af2,flags=296,maximumSize=,minimumSize=,preferredSize=,defaultIcon=,disabledIcon=,disabledSelectedIcon=,margin=javax.swing.plaf.InsetsUIResource[top=2,left=14,bottom=2,right=14],paintBorder=true,paintFocus=true,pressedIcon=,rolloverEnabled=true,rolloverIcon=,rolloverSelectedIcon=,selectedIcon=,text=Stop,defaultCapable=true]
xomaya.controllers.Controller:Sun Jun 06 20:16:24 EDT 2010:Stopped!
xomaya.controllers.Controller:Sun Jun 06 20:16:26 EDT 2010:Total time:381109
