xomaya.controllers.Controller:Fri Jun 04 06:08:12 EDT 2010:Action Command:java.awt.event.ActionEvent[ACTION_PERFORMED,cmd=RECORD_PRESENTATION,when=1275646092750,modifiers=Button1] on javax.swing.JButton[,7,5,62x26,alignmentX=0.0,alignmentY=0.5,border=javax.swing.plaf.BorderUIResource$CompoundBorderUIResource@eee36c,flags=296,maximumSize=,minimumSize=,preferredSize=,defaultIcon=,disabledIcon=,disabledSelectedIcon=,margin=javax.swing.plaf.InsetsUIResource[top=2,left=14,bottom=2,right=14],paintBorder=true,paintFocus=true,pressedIcon=,rolloverEnabled=true,rolloverIcon=,rolloverSelectedIcon=,selectedIcon=,text=Start,defaultCapable=true]
xomaya.controllers.Controller:Fri Jun 04 06:08:12 EDT 2010:Started!
xomaya.controllers.Controller:Fri Jun 04 06:13:07 EDT 2010:Action Command:java.awt.event.ActionEvent[ACTION_PERFORMED,cmd=STOP_RECORDING,when=1275646387187,modifiers=Button1] on javax.swing.JButton[,74,5,60x26,alignmentX=0.0,alignmentY=0.5,border=javax.swing.plaf.BorderUIResource$CompoundBorderUIResource@eee36c,flags=296,maximumSize=,minimumSize=,preferredSize=,defaultIcon=,disabledIcon=,disabledSelectedIcon=,margin=javax.swing.plaf.InsetsUIResource[top=2,left=14,bottom=2,right=14],paintBorder=true,paintFocus=true,pressedIcon=,rolloverEnabled=true,rolloverIcon=,rolloverSelectedIcon=,selectedIcon=,text=Stop,defaultCapable=true]
xomaya.controllers.Controller:Fri Jun 04 06:13:07 EDT 2010:Stopped!
xomaya.controllers.Controller:Fri Jun 04 06:13:09 EDT 2010:Total time:296469
xomaya.controllers.Controller:Fri Jun 04 06:16:48 EDT 2010:Action Command:java.awt.event.ActionEvent[ACTION_PERFORMED,cmd=RECORD_PRESENTATION,when=1275646608656,modifiers=Button1] on javax.swing.JButton[,7,5,62x26,alignmentX=0.0,alignmentY=0.5,border=javax.swing.plaf.BorderUIResource$CompoundBorderUIResource@1add2dd,flags=296,maximumSize=,minimumSize=,preferredSize=,defaultIcon=,disabledIcon=,disabledSelectedIcon=,margin=javax.swing.plaf.InsetsUIResource[top=2,left=14,bottom=2,right=14],paintBorder=true,paintFocus=true,pressedIcon=,rolloverEnabled=true,rolloverIcon=,rolloverSelectedIcon=,selectedIcon=,text=Start,defaultCapable=true]
xomaya.controllers.Controller:Fri Jun 04 06:16:48 EDT 2010:Started!
xomaya.controllers.Controller:Fri Jun 04 06:21:39 EDT 2010:Action Command:java.awt.event.ActionEvent[ACTION_PERFORMED,cmd=STOP_RECORDING,when=1275646899171,modifiers=Button1] on javax.swing.JButton[,74,5,60x26,alignmentX=0.0,alignmentY=0.5,border=javax.swing.plaf.BorderUIResource$CompoundBorderUIResource@1add2dd,flags=296,maximumSize=,minimumSize=,preferredSize=,defaultIcon=,disabledIcon=,disabledSelectedIcon=,margin=javax.swing.plaf.InsetsUIResource[top=2,left=14,bottom=2,right=14],paintBorder=true,paintFocus=true,pressedIcon=,rolloverEnabled=true,rolloverIcon=,rolloverSelectedIcon=,selectedIcon=,text=Stop,defaultCapable=true]
xomaya.controllers.Controller:Fri Jun 04 06:21:39 EDT 2010:Stopped!
xomaya.controllers.Controller:Fri Jun 04 06:21:41 EDT 2010:Total time:292625
xomaya.controllers.Controller:Fri Jun 04 12:55:57 EDT 2010:Action Command:java.awt.event.ActionEvent[ACTION_PERFORMED,cmd=RECORD_PRESENTATION,when=1275670557203,modifiers=Button1] on javax.swing.JButton[,7,5,62x26,alignmentX=0.0,alignmentY=0.5,border=javax.swing.plaf.BorderUIResource$CompoundBorderUIResource@47858e,flags=296,maximumSize=,minimumSize=,preferredSize=,defaultIcon=,disabledIcon=,disabledSelectedIcon=,margin=javax.swing.plaf.InsetsUIResource[top=2,left=14,bottom=2,right=14],paintBorder=true,paintFocus=true,pressedIcon=,rolloverEnabled=true,rolloverIcon=,rolloverSelectedIcon=,selectedIcon=,text=Start,defaultCapable=true]
xomaya.controllers.Controller:Fri Jun 04 12:55:57 EDT 2010:Started!
xomaya.controllers.Controller:Fri Jun 04 12:59:12 EDT 2010:Action Command:java.awt.event.ActionEvent[ACTION_PERFORMED,cmd=STOP_RECORDING,when=1275670752000,modifiers=Button1] on javax.swing.JButton[,74,5,60x26,alignmentX=0.0,alignmentY=0.5,border=javax.swing.plaf.BorderUIResource$CompoundBorderUIResource@47858e,flags=296,maximumSize=,minimumSize=,preferredSize=,defaultIcon=,disabledIcon=,disabledSelectedIcon=,margin=javax.swing.plaf.InsetsUIResource[top=2,left=14,bottom=2,right=14],paintBorder=true,paintFocus=true,pressedIcon=,rolloverEnabled=true,rolloverIcon=,rolloverSelectedIcon=,selectedIcon=,text=Stop,defaultCapable=true]
xomaya.controllers.Controller:Fri Jun 04 12:59:12 EDT 2010:Stopped!
xomaya.controllers.Controller:Fri Jun 04 12:59:13 EDT 2010:Total time:196265
xomaya.controllers.Controller:Fri Jun 04 17:58:30 EDT 2010:Action Command:java.awt.event.ActionEvent[ACTION_PERFORMED,cmd=RECORD_PRESENTATION,when=1275688710328,modifiers=Button1] on javax.swing.JButton[,7,5,62x26,alignmentX=0.0,alignmentY=0.5,border=javax.swing.plaf.BorderUIResource$CompoundBorderUIResource@eee36c,flags=296,maximumSize=,minimumSize=,preferredSize=,defaultIcon=,disabledIcon=,disabledSelectedIcon=,margin=javax.swing.plaf.InsetsUIResource[top=2,left=14,bottom=2,right=14],paintBorder=true,paintFocus=true,pressedIcon=,rolloverEnabled=true,rolloverIcon=,rolloverSelectedIcon=,selectedIcon=,text=Start,defaultCapable=true]
xomaya.controllers.Controller:Fri Jun 04 17:58:30 EDT 2010:Started!
xomaya.controllers.Controller:Fri Jun 04 18:01:17 EDT 2010:Action Command:java.awt.event.ActionEvent[ACTION_PERFORMED,cmd=STOP_RECORDING,when=1275688877359,modifiers=Button1] on javax.swing.JButton[,74,5,60x26,alignmentX=0.0,alignmentY=0.5,border=javax.swing.plaf.BorderUIResource$CompoundBorderUIResource@eee36c,flags=296,maximumSize=,minimumSize=,preferredSize=,defaultIcon=,disabledIcon=,disabledSelectedIcon=,margin=javax.swing.plaf.InsetsUIResource[top=2,left=14,bottom=2,right=14],paintBorder=true,paintFocus=true,pressedIcon=,rolloverEnabled=true,rolloverIcon=,rolloverSelectedIcon=,selectedIcon=,text=Stop,defaultCapable=true]
xomaya.controllers.Controller:Fri Jun 04 18:01:17 EDT 2010:Stopped!
xomaya.controllers.Controller:Fri Jun 04 18:01:19 EDT 2010:Total time:168703
xomaya.controllers.Controller:Fri Jun 04 18:03:17 EDT 2010:Action Command:java.awt.event.ActionEvent[ACTION_PERFORMED,cmd=RECORD_PRESENTATION,when=1275688997296,modifiers=Button1] on javax.swing.JButton[,7,5,62x26,alignmentX=0.0,alignmentY=0.5,border=javax.swing.plaf.BorderUIResource$CompoundBorderUIResource@eee36c,flags=296,maximumSize=,minimumSize=,preferredSize=,defaultIcon=,disabledIcon=,disabledSelectedIcon=,margin=javax.swing.plaf.InsetsUIResource[top=2,left=14,bottom=2,right=14],paintBorder=true,paintFocus=true,pressedIcon=,rolloverEnabled=true,rolloverIcon=,rolloverSelectedIcon=,selectedIcon=,text=Start,defaultCapable=true]
xomaya.controllers.Controller:Fri Jun 04 18:03:17 EDT 2010:Started!
xomaya.controllers.Controller:Fri Jun 04 18:03:41 EDT 2010:Action Command:java.awt.event.ActionEvent[ACTION_PERFORMED,cmd=STOP_RECORDING,when=1275689021375,modifiers=Button1] on javax.swing.JButton[,74,5,60x26,alignmentX=0.0,alignmentY=0.5,border=javax.swing.plaf.BorderUIResource$CompoundBorderUIResource@eee36c,flags=296,maximumSize=,minimumSize=,preferredSize=,defaultIcon=,disabledIcon=,disabledSelectedIcon=,margin=javax.swing.plaf.InsetsUIResource[top=2,left=14,bottom=2,right=14],paintBorder=true,paintFocus=true,pressedIcon=,rolloverEnabled=true,rolloverIcon=,rolloverSelectedIcon=,selectedIcon=,text=Stop,defaultCapable=true]
xomaya.controllers.Controller:Fri Jun 04 18:03:41 EDT 2010:Stopped!
xomaya.controllers.Controller:Fri Jun 04 18:03:42 EDT 2010:Total time:25438
