xomaya.Controller:Wed Jun 02 16:06:58 EDT 2010:Action Command:java.awt.event.ActionEvent[ACTION_PERFORMED,cmd=RECORD_PRESENTATION,when=1275509218640,modifiers=Button1] on javax.swing.JButton[,26,5,62x26,alignmentX=0.0,alignmentY=0.5,border=javax.swing.plaf.BorderUIResource$CompoundBorderUIResource@e94e92,flags=296,maximumSize=,minimumSize=,preferredSize=,defaultIcon=,disabledIcon=,disabledSelectedIcon=,margin=javax.swing.plaf.InsetsUIResource[top=2,left=14,bottom=2,right=14],paintBorder=true,paintFocus=true,pressedIcon=,rolloverEnabled=true,rolloverIcon=,rolloverSelectedIcon=,selectedIcon=,text=Start,defaultCapable=true]
xomaya.Controller:Wed Jun 02 16:06:58 EDT 2010:Started!
xomaya.Controller:Wed Jun 02 16:07:37 EDT 2010:Action Command:java.awt.event.ActionEvent[ACTION_PERFORMED,cmd=STOP_RECORDING,when=1275509257187,modifiers=Button1] on javax.swing.JButton[,93,5,60x26,alignmentX=0.0,alignmentY=0.5,border=javax.swing.plaf.BorderUIResource$CompoundBorderUIResource@e94e92,flags=296,maximumSize=,minimumSize=,preferredSize=,defaultIcon=,disabledIcon=,disabledSelectedIcon=,margin=javax.swing.plaf.InsetsUIResource[top=2,left=14,bottom=2,right=14],paintBorder=true,paintFocus=true,pressedIcon=,rolloverEnabled=true,rolloverIcon=,rolloverSelectedIcon=,selectedIcon=,text=Stop,defaultCapable=true]
xomaya.Controller:Wed Jun 02 16:07:37 EDT 2010:Stopped!
xomaya.Controller:Wed Jun 02 16:07:39 EDT 2010:null
xomaya.Controller:Wed Jun 02 16:13:12 EDT 2010:Action Command:java.awt.event.ActionEvent[ACTION_PERFORMED,cmd=STOP_RECORDING,when=1275509592375,modifiers=Button1] on javax.swing.JButton[,74,5,60x26,alignmentX=0.0,alignmentY=0.5,border=javax.swing.plaf.BorderUIResource$CompoundBorderUIResource@30c221,flags=296,maximumSize=,minimumSize=,preferredSize=,defaultIcon=,disabledIcon=,disabledSelectedIcon=,margin=javax.swing.plaf.InsetsUIResource[top=2,left=14,bottom=2,right=14],paintBorder=true,paintFocus=true,pressedIcon=,rolloverEnabled=true,rolloverIcon=,rolloverSelectedIcon=,selectedIcon=,text=Stop,defaultCapable=true]
xomaya.Controller:Wed Jun 02 16:13:12 EDT 2010:Stopped!
xomaya.Controller:Wed Jun 02 16:13:12 EDT 2010:null
xomaya.Controller:Wed Jun 02 16:15:28 EDT 2010:Action Command:java.awt.event.ActionEvent[ACTION_PERFORMED,cmd=RECORD_PRESENTATION,when=1275509728578,modifiers=Button1] on javax.swing.JButton[,7,5,62x26,alignmentX=0.0,alignmentY=0.5,border=javax.swing.plaf.BorderUIResource$CompoundBorderUIResource@10385c1,flags=296,maximumSize=,minimumSize=,preferredSize=,defaultIcon=,disabledIcon=,disabledSelectedIcon=,margin=javax.swing.plaf.InsetsUIResource[top=2,left=14,bottom=2,right=14],paintBorder=true,paintFocus=true,pressedIcon=,rolloverEnabled=true,rolloverIcon=,rolloverSelectedIcon=,selectedIcon=,text=Start,defaultCapable=true]
xomaya.Controller:Wed Jun 02 16:15:28 EDT 2010:Started!
xomaya.Controller:Wed Jun 02 16:16:09 EDT 2010:Action Command:java.awt.event.ActionEvent[ACTION_PERFORMED,cmd=STOP_RECORDING,when=1275509769031,modifiers=Button1] on javax.swing.JButton[,74,5,60x26,alignmentX=0.0,alignmentY=0.5,border=javax.swing.plaf.BorderUIResource$CompoundBorderUIResource@10385c1,flags=296,maximumSize=,minimumSize=,preferredSize=,defaultIcon=,disabledIcon=,disabledSelectedIcon=,margin=javax.swing.plaf.InsetsUIResource[top=2,left=14,bottom=2,right=14],paintBorder=true,paintFocus=true,pressedIcon=,rolloverEnabled=true,rolloverIcon=,rolloverSelectedIcon=,selectedIcon=,text=Stop,defaultCapable=true]
xomaya.Controller:Wed Jun 02 16:16:09 EDT 2010:Stopped!
xomaya.Controller:Wed Jun 02 16:16:10 EDT 2010:null
xomaya.Controller:Wed Jun 02 16:18:22 EDT 2010:Action Command:java.awt.event.ActionEvent[ACTION_PERFORMED,cmd=RECORD_PRESENTATION,when=1275509902031,modifiers=Button1] on javax.swing.JButton[,7,5,62x26,alignmentX=0.0,alignmentY=0.5,border=javax.swing.plaf.BorderUIResource$CompoundBorderUIResource@30c221,flags=296,maximumSize=,minimumSize=,preferredSize=,defaultIcon=,disabledIcon=,disabledSelectedIcon=,margin=javax.swing.plaf.InsetsUIResource[top=2,left=14,bottom=2,right=14],paintBorder=true,paintFocus=true,pressedIcon=,rolloverEnabled=true,rolloverIcon=,rolloverSelectedIcon=,selectedIcon=,text=Start,defaultCapable=true]
xomaya.Controller:Wed Jun 02 16:18:22 EDT 2010:Started!
xomaya.Controller:Wed Jun 02 16:19:41 EDT 2010:Action Command:java.awt.event.ActionEvent[ACTION_PERFORMED,cmd=STOP_RECORDING,when=1275509981218,modifiers=Button1] on javax.swing.JButton[,74,5,60x26,alignmentX=0.0,alignmentY=0.5,border=javax.swing.plaf.BorderUIResource$CompoundBorderUIResource@30c221,flags=296,maximumSize=,minimumSize=,preferredSize=,defaultIcon=,disabledIcon=,disabledSelectedIcon=,margin=javax.swing.plaf.InsetsUIResource[top=2,left=14,bottom=2,right=14],paintBorder=true,paintFocus=true,pressedIcon=,rolloverEnabled=true,rolloverIcon=,rolloverSelectedIcon=,selectedIcon=,text=Stop,defaultCapable=true]
xomaya.Controller:Wed Jun 02 16:19:41 EDT 2010:Stopped!
xomaya.Controller:Wed Jun 02 16:19:42 EDT 2010:Total time:80703
xomaya.Controller:Wed Jun 02 16:19:59 EDT 2010:.\movie.mov (The system cannot find the file specified)
xomaya.Controller:Wed Jun 02 16:20:01 EDT 2010:Saved:C:\Documents and Settings\beecrofs\Desktop\m.avi
xomaya.Controller:Wed Jun 02 20:00:28 EDT 2010:Action Command:java.awt.event.ActionEvent[ACTION_PERFORMED,cmd=RECORD_PRESENTATION,when=1275523228890,modifiers=Button1] on javax.swing.JButton[,7,5,62x26,alignmentX=0.0,alignmentY=0.5,border=javax.swing.plaf.BorderUIResource$CompoundBorderUIResource@42719c,flags=296,maximumSize=,minimumSize=,preferredSize=,defaultIcon=,disabledIcon=,disabledSelectedIcon=,margin=javax.swing.plaf.InsetsUIResource[top=2,left=14,bottom=2,right=14],paintBorder=true,paintFocus=true,pressedIcon=,rolloverEnabled=true,rolloverIcon=,rolloverSelectedIcon=,selectedIcon=,text=Start,defaultCapable=true]
xomaya.Controller:Wed Jun 02 20:00:28 EDT 2010:Started!
xomaya.Controller:Wed Jun 02 20:01:41 EDT 2010:Action Command:java.awt.event.ActionEvent[ACTION_PERFORMED,cmd=STOP_RECORDING,when=1275523301890,modifiers=Button1] on javax.swing.JButton[,74,5,60x26,alignmentX=0.0,alignmentY=0.5,border=javax.swing.plaf.BorderUIResource$CompoundBorderUIResource@42719c,flags=296,maximumSize=,minimumSize=,preferredSize=,defaultIcon=,disabledIcon=,disabledSelectedIcon=,margin=javax.swing.plaf.InsetsUIResource[top=2,left=14,bottom=2,right=14],paintBorder=true,paintFocus=true,pressedIcon=,rolloverEnabled=true,rolloverIcon=,rolloverSelectedIcon=,selectedIcon=,text=Stop,defaultCapable=true]
xomaya.Controller:Wed Jun 02 20:01:41 EDT 2010:Stopped!
xomaya.Controller:Wed Jun 02 20:01:43 EDT 2010:Total time:74547
xomaya.Controller:Wed Jun 02 22:45:53 EDT 2010:Action Command:java.awt.event.ActionEvent[ACTION_PERFORMED,cmd=RECORD_PRESENTATION,when=1275533153359,modifiers=Button1] on javax.swing.JButton[,7,5,62x26,alignmentX=0.0,alignmentY=0.5,border=javax.swing.plaf.BorderUIResource$CompoundBorderUIResource@12dacd1,flags=296,maximumSize=,minimumSize=,preferredSize=,defaultIcon=,disabledIcon=,disabledSelectedIcon=,margin=javax.swing.plaf.InsetsUIResource[top=2,left=14,bottom=2,right=14],paintBorder=true,paintFocus=true,pressedIcon=,rolloverEnabled=true,rolloverIcon=,rolloverSelectedIcon=,selectedIcon=,text=Start,defaultCapable=true]
xomaya.Controller:Wed Jun 02 22:45:53 EDT 2010:Started!
xomaya.Controller:Wed Jun 02 22:51:28 EDT 2010:Action Command:java.awt.event.ActionEvent[ACTION_PERFORMED,cmd=STOP_RECORDING,when=1275533488218,modifiers=Button1] on javax.swing.JButton[,74,5,60x26,alignmentX=0.0,alignmentY=0.5,border=javax.swing.plaf.BorderUIResource$CompoundBorderUIResource@12dacd1,flags=296,maximumSize=,minimumSize=,preferredSize=,defaultIcon=,disabledIcon=,disabledSelectedIcon=,margin=javax.swing.plaf.InsetsUIResource[top=2,left=14,bottom=2,right=14],paintBorder=true,paintFocus=true,pressedIcon=,rolloverEnabled=true,rolloverIcon=,rolloverSelectedIcon=,selectedIcon=,text=Stop,defaultCapable=true]
xomaya.Controller:Wed Jun 02 22:51:28 EDT 2010:Stopped!
xomaya.Controller:Wed Jun 02 22:54:40 EDT 2010:Action Command:java.awt.event.ActionEvent[ACTION_PERFORMED,cmd=RECORD_PRESENTATION,when=1275533680031,modifiers=Button1] on javax.swing.JButton[,7,5,62x26,alignmentX=0.0,alignmentY=0.5,border=javax.swing.plaf.BorderUIResource$CompoundBorderUIResource@10385c1,flags=296,maximumSize=,minimumSize=,preferredSize=,defaultIcon=,disabledIcon=,disabledSelectedIcon=,margin=javax.swing.plaf.InsetsUIResource[top=2,left=14,bottom=2,right=14],paintBorder=true,paintFocus=true,pressedIcon=,rolloverEnabled=true,rolloverIcon=,rolloverSelectedIcon=,selectedIcon=,text=Start,defaultCapable=true]
xomaya.Controller:Wed Jun 02 22:54:40 EDT 2010:Started!
xomaya.Controller:Wed Jun 02 22:56:23 EDT 2010:Action Command:java.awt.event.ActionEvent[ACTION_PERFORMED,cmd=STOP_RECORDING,when=1275533783750,modifiers=Button1] on javax.swing.JButton[,74,5,60x26,alignmentX=0.0,alignmentY=0.5,border=javax.swing.plaf.BorderUIResource$CompoundBorderUIResource@10385c1,flags=296,maximumSize=,minimumSize=,preferredSize=,defaultIcon=,disabledIcon=,disabledSelectedIcon=,margin=javax.swing.plaf.InsetsUIResource[top=2,left=14,bottom=2,right=14],paintBorder=true,paintFocus=true,pressedIcon=,rolloverEnabled=true,rolloverIcon=,rolloverSelectedIcon=,selectedIcon=,text=Stop,defaultCapable=true]
xomaya.Controller:Wed Jun 02 22:56:23 EDT 2010:Stopped!
xomaya.Controller:Wed Jun 02 22:56:25 EDT 2010:Total time:105468
xomaya.Controller:Wed Jun 02 22:57:40 EDT 2010:Saved:C:\Documents and Settings\beecrofs\Desktop\f.avi
xomaya.Controller:Wed Jun 02 23:01:07 EDT 2010:Action Command:java.awt.event.ActionEvent[ACTION_PERFORMED,cmd=RECORD_PRESENTATION,when=1275534067640,modifiers=Button1] on javax.swing.JButton[,7,5,62x26,alignmentX=0.0,alignmentY=0.5,border=javax.swing.plaf.BorderUIResource$CompoundBorderUIResource@42719c,flags=296,maximumSize=,minimumSize=,preferredSize=,defaultIcon=,disabledIcon=,disabledSelectedIcon=,margin=javax.swing.plaf.InsetsUIResource[top=2,left=14,bottom=2,right=14],paintBorder=true,paintFocus=true,pressedIcon=,rolloverEnabled=true,rolloverIcon=,rolloverSelectedIcon=,selectedIcon=,text=Start,defaultCapable=true]
xomaya.Controller:Wed Jun 02 23:01:07 EDT 2010:Started!
xomaya.Controller:Wed Jun 02 23:03:34 EDT 2010:Action Command:java.awt.event.ActionEvent[ACTION_PERFORMED,cmd=STOP_RECORDING,when=1275534214171,modifiers=Button1] on javax.swing.JButton[,74,5,60x26,alignmentX=0.0,alignmentY=0.5,border=javax.swing.plaf.BorderUIResource$CompoundBorderUIResource@42719c,flags=296,maximumSize=,minimumSize=,preferredSize=,defaultIcon=,disabledIcon=,disabledSelectedIcon=,margin=javax.swing.plaf.InsetsUIResource[top=2,left=14,bottom=2,right=14],paintBorder=true,paintFocus=true,pressedIcon=,rolloverEnabled=true,rolloverIcon=,rolloverSelectedIcon=,selectedIcon=,text=Stop,defaultCapable=true]
xomaya.Controller:Wed Jun 02 23:03:34 EDT 2010:Stopped!
xomaya.Controller:Wed Jun 02 23:03:35 EDT 2010:Total time:148031
xomaya.Controller:Wed Jun 02 23:04:27 EDT 2010:Saved:C:\Documents and Settings\beecrofs\Desktop\f.avi
