xomaya.application.Application:Thu Jun 10 08:27:20 EDT 2010:Loaded DLL:484
xomaya.controllers.Controller:Thu Jun 10 08:27:25 EDT 2010:Action Command:java.awt.event.ActionEvent[ACTION_PERFORMED,cmd=RECORD_PRESENTATION,when=1276172845890,modifiers=Button1] on javax.swing.JButton[,8,5,62x26,alignmentX=0.0,alignmentY=0.5,border=javax.swing.plaf.BorderUIResource$CompoundBorderUIResource@1db05b2,flags=296,maximumSize=,minimumSize=,preferredSize=,defaultIcon=,disabledIcon=,disabledSelectedIcon=,margin=javax.swing.plaf.InsetsUIResource[top=2,left=14,bottom=2,right=14],paintBorder=true,paintFocus=true,pressedIcon=,rolloverEnabled=true,rolloverIcon=,rolloverSelectedIcon=,selectedIcon=,text=Start,defaultCapable=true]
xomaya.controllers.Controller:Thu Jun 10 08:27:25 EDT 2010:Started!
xomaya.controllers.Controller:Thu Jun 10 08:28:59 EDT 2010:Action Command:java.awt.event.ActionEvent[ACTION_PERFORMED,cmd=STOP_RECORDING,when=1276172939437,modifiers=Button1] on javax.swing.JButton[,75,5,60x26,alignmentX=0.0,alignmentY=0.5,border=javax.swing.plaf.BorderUIResource$CompoundBorderUIResource@1db05b2,flags=296,maximumSize=,minimumSize=,preferredSize=,defaultIcon=,disabledIcon=,disabledSelectedIcon=,margin=javax.swing.plaf.InsetsUIResource[top=2,left=14,bottom=2,right=14],paintBorder=true,paintFocus=true,pressedIcon=,rolloverEnabled=true,rolloverIcon=,rolloverSelectedIcon=,selectedIcon=,text=Stop,defaultCapable=true]
xomaya.controllers.Controller:Thu Jun 10 08:28:59 EDT 2010:Stopped!
xomaya.controllers.Controller:Thu Jun 10 08:29:01 EDT 2010:Total time:95406
xomaya.application.Application:Thu Jun 10 08:29:22 EDT 2010:Loaded DLL:485
xomaya.controllers.Controller:Thu Jun 10 08:29:27 EDT 2010:Action Command:java.awt.event.ActionEvent[ACTION_PERFORMED,cmd=RECORD_PRESENTATION,when=1276172967078,modifiers=Button1] on javax.swing.JButton[,8,5,62x26,alignmentX=0.0,alignmentY=0.5,border=javax.swing.plaf.BorderUIResource$CompoundBorderUIResource@530cf2,flags=296,maximumSize=,minimumSize=,preferredSize=,defaultIcon=,disabledIcon=,disabledSelectedIcon=,margin=javax.swing.plaf.InsetsUIResource[top=2,left=14,bottom=2,right=14],paintBorder=true,paintFocus=true,pressedIcon=,rolloverEnabled=true,rolloverIcon=,rolloverSelectedIcon=,selectedIcon=,text=Start,defaultCapable=true]
xomaya.controllers.Controller:Thu Jun 10 08:29:27 EDT 2010:Started!
xomaya.controllers.Controller:Thu Jun 10 08:29:46 EDT 2010:Action Command:java.awt.event.ActionEvent[ACTION_PERFORMED,cmd=STOP_RECORDING,when=1276172986828,modifiers=Button1] on javax.swing.JButton[,75,5,60x26,alignmentX=0.0,alignmentY=0.5,border=javax.swing.plaf.BorderUIResource$CompoundBorderUIResource@530cf2,flags=296,maximumSize=,minimumSize=,preferredSize=,defaultIcon=,disabledIcon=,disabledSelectedIcon=,margin=javax.swing.plaf.InsetsUIResource[top=2,left=14,bottom=2,right=14],paintBorder=true,paintFocus=true,pressedIcon=,rolloverEnabled=true,rolloverIcon=,rolloverSelectedIcon=,selectedIcon=,text=Stop,defaultCapable=true]
xomaya.controllers.Controller:Thu Jun 10 08:29:46 EDT 2010:Stopped!
xomaya.controllers.Controller:Thu Jun 10 08:29:48 EDT 2010:Total time:21250
xomaya.application.Application:Thu Jun 10 08:30:50 EDT 2010:Loaded DLL:703
xomaya.controllers.Controller:Thu Jun 10 08:30:53 EDT 2010:Action Command:java.awt.event.ActionEvent[ACTION_PERFORMED,cmd=RECORD_PRESENTATION,when=1276173053359,modifiers=Button1] on javax.swing.JButton[,8,5,62x26,alignmentX=0.0,alignmentY=0.5,border=javax.swing.plaf.BorderUIResource$CompoundBorderUIResource@18b3364,flags=296,maximumSize=,minimumSize=,preferredSize=,defaultIcon=,disabledIcon=,disabledSelectedIcon=,margin=javax.swing.plaf.InsetsUIResource[top=2,left=14,bottom=2,right=14],paintBorder=true,paintFocus=true,pressedIcon=,rolloverEnabled=true,rolloverIcon=,rolloverSelectedIcon=,selectedIcon=,text=Start,defaultCapable=true]
xomaya.controllers.Controller:Thu Jun 10 08:30:53 EDT 2010:Started!
xomaya.controllers.Controller:Thu Jun 10 08:31:20 EDT 2010:Action Command:java.awt.event.ActionEvent[ACTION_PERFORMED,cmd=STOP_RECORDING,when=1276173080468,modifiers=Button1] on javax.swing.JButton[,75,5,60x26,alignmentX=0.0,alignmentY=0.5,border=javax.swing.plaf.BorderUIResource$CompoundBorderUIResource@18b3364,flags=296,maximumSize=,minimumSize=,preferredSize=,defaultIcon=,disabledIcon=,disabledSelectedIcon=,margin=javax.swing.plaf.InsetsUIResource[top=2,left=14,bottom=2,right=14],paintBorder=true,paintFocus=true,pressedIcon=,rolloverEnabled=true,rolloverIcon=,rolloverSelectedIcon=,selectedIcon=,text=Stop,defaultCapable=true]
xomaya.controllers.Controller:Thu Jun 10 08:31:20 EDT 2010:Stopped!
xomaya.controllers.Controller:Thu Jun 10 08:31:22 EDT 2010:Total time:29000
xomaya.application.Application:Thu Jun 10 12:36:52 EDT 2010:Loaded DLL:547
xomaya.controllers.Controller:Thu Jun 10 12:36:56 EDT 2010:Action Command:java.awt.event.ActionEvent[ACTION_PERFORMED,cmd=RECORD_PRESENTATION,when=1276187816093,modifiers=Button1] on javax.swing.JButton[,8,5,62x26,alignmentX=0.0,alignmentY=0.5,border=javax.swing.plaf.BorderUIResource$CompoundBorderUIResource@76fba0,flags=296,maximumSize=,minimumSize=,preferredSize=,defaultIcon=,disabledIcon=,disabledSelectedIcon=,margin=javax.swing.plaf.InsetsUIResource[top=2,left=14,bottom=2,right=14],paintBorder=true,paintFocus=true,pressedIcon=,rolloverEnabled=true,rolloverIcon=,rolloverSelectedIcon=,selectedIcon=,text=Start,defaultCapable=true]
xomaya.controllers.Controller:Thu Jun 10 12:36:56 EDT 2010:Started!
xomaya.controllers.Controller:Thu Jun 10 12:44:33 EDT 2010:Action Command:java.awt.event.ActionEvent[ACTION_PERFORMED,cmd=STOP_RECORDING,when=1276188273531,modifiers=Button1] on javax.swing.JButton[,75,5,60x26,alignmentX=0.0,alignmentY=0.5,border=javax.swing.plaf.BorderUIResource$CompoundBorderUIResource@76fba0,flags=296,maximumSize=,minimumSize=,preferredSize=,defaultIcon=,disabledIcon=,disabledSelectedIcon=,margin=javax.swing.plaf.InsetsUIResource[top=2,left=14,bottom=2,right=14],paintBorder=true,paintFocus=true,pressedIcon=,rolloverEnabled=true,rolloverIcon=,rolloverSelectedIcon=,selectedIcon=,text=Stop,defaultCapable=true]
xomaya.controllers.Controller:Thu Jun 10 12:44:33 EDT 2010:Stopped!
xomaya.controllers.Controller:Thu Jun 10 12:44:36 EDT 2010:Total time:460422
xomaya.application.Application:Thu Jun 10 13:56:51 EDT 2010:Loaded DLL:1766
xomaya.controllers.Controller:Thu Jun 10 13:57:02 EDT 2010:Action Command:java.awt.event.ActionEvent[ACTION_PERFORMED,cmd=RECORD_PRESENTATION,when=1276192622328,modifiers=Button1] on javax.swing.JButton[,8,5,62x26,alignmentX=0.0,alignmentY=0.5,border=javax.swing.plaf.BorderUIResource$CompoundBorderUIResource@19e8f17,flags=296,maximumSize=,minimumSize=,preferredSize=,defaultIcon=,disabledIcon=,disabledSelectedIcon=,margin=javax.swing.plaf.InsetsUIResource[top=2,left=14,bottom=2,right=14],paintBorder=true,paintFocus=true,pressedIcon=,rolloverEnabled=true,rolloverIcon=,rolloverSelectedIcon=,selectedIcon=,text=Start,defaultCapable=true]
xomaya.controllers.Controller:Thu Jun 10 13:57:02 EDT 2010:Started!
xomaya.controllers.Controller:Thu Jun 10 14:03:04 EDT 2010:Action Command:java.awt.event.ActionEvent[ACTION_PERFORMED,cmd=STOP_RECORDING,when=1276192984890,modifiers=Button1] on javax.swing.JButton[,75,5,60x26,alignmentX=0.0,alignmentY=0.5,border=javax.swing.plaf.BorderUIResource$CompoundBorderUIResource@19e8f17,flags=296,maximumSize=,minimumSize=,preferredSize=,defaultIcon=,disabledIcon=,disabledSelectedIcon=,margin=javax.swing.plaf.InsetsUIResource[top=2,left=14,bottom=2,right=14],paintBorder=true,paintFocus=true,pressedIcon=,rolloverEnabled=true,rolloverIcon=,rolloverSelectedIcon=,selectedIcon=,text=Stop,defaultCapable=true]
xomaya.controllers.Controller:Thu Jun 10 14:03:04 EDT 2010:Stopped!
xomaya.controllers.Controller:Thu Jun 10 14:03:06 EDT 2010:Total time:364016
xomaya.application.Application:Thu Jun 10 19:07:13 EDT 2010:Loaded DLL:703
xomaya.controllers.Controller:Thu Jun 10 19:07:17 EDT 2010:Action Command:java.awt.event.ActionEvent[ACTION_PERFORMED,cmd=RECORD_PRESENTATION,when=1276211237625,modifiers=Button1] on javax.swing.JButton[,8,5,62x26,alignmentX=0.0,alignmentY=0.5,border=javax.swing.plaf.BorderUIResource$CompoundBorderUIResource@1db05b2,flags=296,maximumSize=,minimumSize=,preferredSize=,defaultIcon=,disabledIcon=,disabledSelectedIcon=,margin=javax.swing.plaf.InsetsUIResource[top=2,left=14,bottom=2,right=14],paintBorder=true,paintFocus=true,pressedIcon=,rolloverEnabled=true,rolloverIcon=,rolloverSelectedIcon=,selectedIcon=,text=Start,defaultCapable=true]
xomaya.controllers.Controller:Thu Jun 10 19:07:17 EDT 2010:Started!
xomaya.controllers.Controller:Thu Jun 10 19:08:28 EDT 2010:Action Command:java.awt.event.ActionEvent[ACTION_PERFORMED,cmd=STOP_RECORDING,when=1276211308812,modifiers=Button1] on javax.swing.JButton[,75,5,60x26,alignmentX=0.0,alignmentY=0.5,border=javax.swing.plaf.BorderUIResource$CompoundBorderUIResource@1db05b2,flags=296,maximumSize=,minimumSize=,preferredSize=,defaultIcon=,disabledIcon=,disabledSelectedIcon=,margin=javax.swing.plaf.InsetsUIResource[top=2,left=14,bottom=2,right=14],paintBorder=true,paintFocus=true,pressedIcon=,rolloverEnabled=true,rolloverIcon=,rolloverSelectedIcon=,selectedIcon=,text=Stop,defaultCapable=true]
xomaya.controllers.Controller:Thu Jun 10 19:08:28 EDT 2010:Stopped!
xomaya.controllers.Controller:Thu Jun 10 19:08:30 EDT 2010:Total time:72485
xomaya.application.Application:Thu Jun 10 19:11:00 EDT 2010:Loaded DLL:735
xomaya.controllers.Controller:Thu Jun 10 19:11:04 EDT 2010:Action Command:java.awt.event.ActionEvent[ACTION_PERFORMED,cmd=RECORD_PRESENTATION,when=1276211464093,modifiers=Button1] on javax.swing.JButton[,8,5,62x26,alignmentX=0.0,alignmentY=0.5,border=javax.swing.plaf.BorderUIResource$CompoundBorderUIResource@1db05b2,flags=296,maximumSize=,minimumSize=,preferredSize=,defaultIcon=,disabledIcon=,disabledSelectedIcon=,margin=javax.swing.plaf.InsetsUIResource[top=2,left=14,bottom=2,right=14],paintBorder=true,paintFocus=true,pressedIcon=,rolloverEnabled=true,rolloverIcon=,rolloverSelectedIcon=,selectedIcon=,text=Start,defaultCapable=true]
xomaya.controllers.Controller:Thu Jun 10 19:11:04 EDT 2010:Started!
xomaya.controllers.Controller:Thu Jun 10 19:12:02 EDT 2010:Action Command:java.awt.event.ActionEvent[ACTION_PERFORMED,cmd=STOP_RECORDING,when=1276211522343,modifiers=Button1] on javax.swing.JButton[,75,5,60x26,alignmentX=0.0,alignmentY=0.5,border=javax.swing.plaf.BorderUIResource$CompoundBorderUIResource@1db05b2,flags=296,maximumSize=,minimumSize=,preferredSize=,defaultIcon=,disabledIcon=,disabledSelectedIcon=,margin=javax.swing.plaf.InsetsUIResource[top=2,left=14,bottom=2,right=14],paintBorder=true,paintFocus=true,pressedIcon=,rolloverEnabled=true,rolloverIcon=,rolloverSelectedIcon=,selectedIcon=,text=Stop,defaultCapable=true]
xomaya.controllers.Controller:Thu Jun 10 19:12:02 EDT 2010:Stopped!
xomaya.controllers.Controller:Thu Jun 10 19:12:03 EDT 2010:Total time:59546
xomaya.application.Application:Thu Jun 10 19:16:27 EDT 2010:Loaded DLL:703
xomaya.controllers.Controller:Thu Jun 10 19:16:30 EDT 2010:Action Command:java.awt.event.ActionEvent[ACTION_PERFORMED,cmd=RECORD_PRESENTATION,when=1276211790671,modifiers=Button1] on javax.swing.JButton[,8,5,62x26,alignmentX=0.0,alignmentY=0.5,border=javax.swing.plaf.BorderUIResource$CompoundBorderUIResource@181ed9e,flags=296,maximumSize=,minimumSize=,preferredSize=,defaultIcon=,disabledIcon=,disabledSelectedIcon=,margin=javax.swing.plaf.InsetsUIResource[top=2,left=14,bottom=2,right=14],paintBorder=true,paintFocus=true,pressedIcon=,rolloverEnabled=true,rolloverIcon=,rolloverSelectedIcon=,selectedIcon=,text=Start,defaultCapable=true]
xomaya.controllers.Controller:Thu Jun 10 19:16:30 EDT 2010:Started!
xomaya.application.Application:Thu Jun 10 19:18:54 EDT 2010:Loaded DLL:688
xomaya.controllers.Controller:Thu Jun 10 19:18:57 EDT 2010:Action Command:java.awt.event.ActionEvent[ACTION_PERFORMED,cmd=RECORD_PRESENTATION,when=1276211937390,modifiers=Button1] on javax.swing.JButton[,8,5,62x26,alignmentX=0.0,alignmentY=0.5,border=javax.swing.plaf.BorderUIResource$CompoundBorderUIResource@76fba0,flags=296,maximumSize=,minimumSize=,preferredSize=,defaultIcon=,disabledIcon=,disabledSelectedIcon=,margin=javax.swing.plaf.InsetsUIResource[top=2,left=14,bottom=2,right=14],paintBorder=true,paintFocus=true,pressedIcon=,rolloverEnabled=true,rolloverIcon=,rolloverSelectedIcon=,selectedIcon=,text=Start,defaultCapable=true]
xomaya.controllers.Controller:Thu Jun 10 19:18:57 EDT 2010:Started!
xomaya.application.Application:Thu Jun 10 19:19:28 EDT 2010:Loaded DLL:688
xomaya.controllers.Controller:Thu Jun 10 19:19:32 EDT 2010:Action Command:java.awt.event.ActionEvent[ACTION_PERFORMED,cmd=RECORD_PRESENTATION,when=1276211972750,modifiers=Button1] on javax.swing.JButton[,8,5,62x26,alignmentX=0.0,alignmentY=0.5,border=javax.swing.plaf.BorderUIResource$CompoundBorderUIResource@1db05b2,flags=296,maximumSize=,minimumSize=,preferredSize=,defaultIcon=,disabledIcon=,disabledSelectedIcon=,margin=javax.swing.plaf.InsetsUIResource[top=2,left=14,bottom=2,right=14],paintBorder=true,paintFocus=true,pressedIcon=,rolloverEnabled=true,rolloverIcon=,rolloverSelectedIcon=,selectedIcon=,text=Start,defaultCapable=true]
xomaya.controllers.Controller:Thu Jun 10 19:19:32 EDT 2010:Started!
xomaya.application.Application:Thu Jun 10 21:06:55 EDT 2010:Loaded DLL:703
xomaya.controllers.Controller:Thu Jun 10 21:07:01 EDT 2010:Action Command:java.awt.event.ActionEvent[ACTION_PERFORMED,cmd=RECORD_PRESENTATION,when=1276218421187,modifiers=Button1] on javax.swing.JButton[,8,5,62x26,alignmentX=0.0,alignmentY=0.5,border=javax.swing.plaf.BorderUIResource$CompoundBorderUIResource@1db05b2,flags=296,maximumSize=,minimumSize=,preferredSize=,defaultIcon=,disabledIcon=,disabledSelectedIcon=,margin=javax.swing.plaf.InsetsUIResource[top=2,left=14,bottom=2,right=14],paintBorder=true,paintFocus=true,pressedIcon=,rolloverEnabled=true,rolloverIcon=,rolloverSelectedIcon=,selectedIcon=,text=Start,defaultCapable=true]
xomaya.controllers.Controller:Thu Jun 10 21:07:01 EDT 2010:Started!
xomaya.controllers.Controller:Thu Jun 10 21:10:28 EDT 2010:Action Command:java.awt.event.ActionEvent[ACTION_PERFORMED,cmd=STOP_RECORDING,when=1276218628062,modifiers=Button1] on javax.swing.JButton[,75,5,60x26,alignmentX=0.0,alignmentY=0.5,border=javax.swing.plaf.BorderUIResource$CompoundBorderUIResource@1db05b2,flags=296,maximumSize=,minimumSize=,preferredSize=,defaultIcon=,disabledIcon=,disabledSelectedIcon=,margin=javax.swing.plaf.InsetsUIResource[top=2,left=14,bottom=2,right=14],paintBorder=true,paintFocus=true,pressedIcon=,rolloverEnabled=true,rolloverIcon=,rolloverSelectedIcon=,selectedIcon=,text=Stop,defaultCapable=true]
xomaya.controllers.Controller:Thu Jun 10 21:10:28 EDT 2010:Stopped!
xomaya.controllers.Controller:Thu Jun 10 21:10:29 EDT 2010:Total time:208172
xomaya.application.Application:Thu Jun 10 21:18:04 EDT 2010:Loaded DLL:2359
xomaya.controllers.Controller:Thu Jun 10 21:18:09 EDT 2010:Action Command:java.awt.event.ActionEvent[ACTION_PERFORMED,cmd=RECORD_PRESENTATION,when=1276219089156,modifiers=Button1] on javax.swing.JButton[,8,5,62x26,alignmentX=0.0,alignmentY=0.5,border=javax.swing.plaf.BorderUIResource$CompoundBorderUIResource@76fba0,flags=296,maximumSize=,minimumSize=,preferredSize=,defaultIcon=,disabledIcon=,disabledSelectedIcon=,margin=javax.swing.plaf.InsetsUIResource[top=2,left=14,bottom=2,right=14],paintBorder=true,paintFocus=true,pressedIcon=,rolloverEnabled=true,rolloverIcon=,rolloverSelectedIcon=,selectedIcon=,text=Start,defaultCapable=true]
xomaya.controllers.Controller:Thu Jun 10 21:18:09 EDT 2010:Started!
xomaya.controllers.Controller:Thu Jun 10 21:18:34 EDT 2010:Action Command:java.awt.event.ActionEvent[ACTION_PERFORMED,cmd=STOP_RECORDING,when=1276219114703,modifiers=Button1] on javax.swing.JButton[,75,5,60x26,alignmentX=0.0,alignmentY=0.5,border=javax.swing.plaf.BorderUIResource$CompoundBorderUIResource@76fba0,flags=296,maximumSize=,minimumSize=,preferredSize=,defaultIcon=,disabledIcon=,disabledSelectedIcon=,margin=javax.swing.plaf.InsetsUIResource[top=2,left=14,bottom=2,right=14],paintBorder=true,paintFocus=true,pressedIcon=,rolloverEnabled=true,rolloverIcon=,rolloverSelectedIcon=,selectedIcon=,text=Stop,defaultCapable=true]
xomaya.controllers.Controller:Thu Jun 10 21:18:34 EDT 2010:Stopped!
xomaya.controllers.Controller:Thu Jun 10 21:18:36 EDT 2010:Total time:26796
xomaya.application.Application:Thu Jun 10 21:21:13 EDT 2010:Loaded DLL:703
xomaya.controllers.Controller:Thu Jun 10 21:21:17 EDT 2010:Action Command:java.awt.event.ActionEvent[ACTION_PERFORMED,cmd=RECORD_PRESENTATION,when=1276219277250,modifiers=Button1] on javax.swing.JButton[,8,5,62x26,alignmentX=0.0,alignmentY=0.5,border=javax.swing.plaf.BorderUIResource$CompoundBorderUIResource@76fba0,flags=296,maximumSize=,minimumSize=,preferredSize=,defaultIcon=,disabledIcon=,disabledSelectedIcon=,margin=javax.swing.plaf.InsetsUIResource[top=2,left=14,bottom=2,right=14],paintBorder=true,paintFocus=true,pressedIcon=,rolloverEnabled=true,rolloverIcon=,rolloverSelectedIcon=,selectedIcon=,text=Start,defaultCapable=true]
xomaya.controllers.Controller:Thu Jun 10 21:21:17 EDT 2010:Started!
xomaya.controllers.Controller:Thu Jun 10 21:21:41 EDT 2010:Action Command:java.awt.event.ActionEvent[ACTION_PERFORMED,cmd=STOP_RECORDING,when=1276219301281,modifiers=Button1] on javax.swing.JButton[,75,5,60x26,alignmentX=0.0,alignmentY=0.5,border=javax.swing.plaf.BorderUIResource$CompoundBorderUIResource@76fba0,flags=296,maximumSize=,minimumSize=,preferredSize=,defaultIcon=,disabledIcon=,disabledSelectedIcon=,margin=javax.swing.plaf.InsetsUIResource[top=2,left=14,bottom=2,right=14],paintBorder=true,paintFocus=true,pressedIcon=,rolloverEnabled=true,rolloverIcon=,rolloverSelectedIcon=,selectedIcon=,text=Stop,defaultCapable=true]
xomaya.controllers.Controller:Thu Jun 10 21:21:41 EDT 2010:Stopped!
xomaya.controllers.Controller:Thu Jun 10 21:21:42 EDT 2010:Total time:25329
