xomaya.application.Application:Sat Jun 19 07:45:49 EDT 2010:Loaded DLL:453
xomaya.controllers.Controller:Sat Jun 19 07:45:51 EDT 2010:Action Command:java.awt.event.ActionEvent[ACTION_PERFORMED,cmd=START_RECORDING,when=1276947951078,modifiers=Button1] on javax.swing.JButton[,0,0,62x33,alignmentX=0.0,alignmentY=0.5,border=javax.swing.plaf.BorderUIResource$CompoundBorderUIResource@3c0007,flags=296,maximumSize=,minimumSize=,preferredSize=,defaultIcon=,disabledIcon=,disabledSelectedIcon=,margin=javax.swing.plaf.InsetsUIResource[top=2,left=14,bottom=2,right=14],paintBorder=true,paintFocus=true,pressedIcon=,rolloverEnabled=true,rolloverIcon=,rolloverSelectedIcon=,selectedIcon=,text=Start,defaultCapable=true]
xomaya.controllers.Controller:Sat Jun 19 07:45:51 EDT 2010:Started!
xomaya.controllers.Controller:Sat Jun 19 07:49:47 EDT 2010:Action Command:java.awt.event.ActionEvent[ACTION_PERFORMED,cmd=VIDEO_ONLY,when=1276948187828,modifiers=Button1] on javax.swing.JRadioButton[,0,0,152x22,alignmentX=0.0,alignmentY=0.5,border=javax.swing.plaf.BorderUIResource$CompoundBorderUIResource@5f2db0,flags=296,maximumSize=,minimumSize=,preferredSize=,defaultIcon=,disabledIcon=,disabledSelectedIcon=,margin=javax.swing.plaf.InsetsUIResource[top=2,left=2,bottom=2,right=2],paintBorder=false,paintFocus=true,pressedIcon=,rolloverEnabled=true,rolloverIcon=,rolloverSelectedIcon=,selectedIcon=,text=Video Only]
xomaya.controllers.Controller:Sat Jun 19 07:50:13 EDT 2010:Action Command:java.awt.event.ActionEvent[ACTION_PERFORMED,cmd=STOP_RECORDING,when=1276948213953,modifiers=Button1] on javax.swing.JButton[,0,33,62x33,alignmentX=0.0,alignmentY=0.5,border=javax.swing.plaf.BorderUIResource$CompoundBorderUIResource@3c0007,flags=296,maximumSize=,minimumSize=,preferredSize=,defaultIcon=,disabledIcon=,disabledSelectedIcon=,margin=javax.swing.plaf.InsetsUIResource[top=2,left=14,bottom=2,right=14],paintBorder=true,paintFocus=true,pressedIcon=,rolloverEnabled=true,rolloverIcon=,rolloverSelectedIcon=,selectedIcon=,text=Stop,defaultCapable=true]
xomaya.controllers.Controller:Sat Jun 19 07:50:13 EDT 2010:Stopped!
xomaya.controllers.Controller:Sat Jun 19 07:50:18 EDT 2010:Total time:267625
xomaya.application.Application:Sat Jun 19 07:57:07 EDT 2010:Loaded DLL:562
xomaya.controllers.Controller:Sat Jun 19 07:57:11 EDT 2010:Action Command:java.awt.event.ActionEvent[ACTION_PERFORMED,cmd=START_RECORDING,when=1276948631187,modifiers=Button1] on javax.swing.JButton[,0,0,62x33,alignmentX=0.0,alignmentY=0.5,border=javax.swing.plaf.BorderUIResource$CompoundBorderUIResource@125fefa,flags=296,maximumSize=,minimumSize=,preferredSize=,defaultIcon=,disabledIcon=,disabledSelectedIcon=,margin=javax.swing.plaf.InsetsUIResource[top=2,left=14,bottom=2,right=14],paintBorder=true,paintFocus=true,pressedIcon=,rolloverEnabled=true,rolloverIcon=,rolloverSelectedIcon=,selectedIcon=,text=Start,defaultCapable=true]
xomaya.controllers.Controller:Sat Jun 19 07:57:11 EDT 2010:Started!
xomaya.controllers.Controller:Sat Jun 19 08:02:16 EDT 2010:Action Command:java.awt.event.ActionEvent[ACTION_PERFORMED,cmd=STOP_RECORDING,when=1276948936390,modifiers=Button1] on javax.swing.JButton[,0,33,62x33,alignmentX=0.0,alignmentY=0.5,border=javax.swing.plaf.BorderUIResource$CompoundBorderUIResource@125fefa,flags=296,maximumSize=,minimumSize=,preferredSize=,defaultIcon=,disabledIcon=,disabledSelectedIcon=,margin=javax.swing.plaf.InsetsUIResource[top=2,left=14,bottom=2,right=14],paintBorder=true,paintFocus=true,pressedIcon=,rolloverEnabled=true,rolloverIcon=,rolloverSelectedIcon=,selectedIcon=,text=Stop,defaultCapable=true]
xomaya.controllers.Controller:Sat Jun 19 08:02:16 EDT 2010:Stopped!
xomaya.controllers.Controller:Sat Jun 19 08:02:22 EDT 2010:Total time:311000
xomaya.application.Application:Sat Jun 19 08:07:13 EDT 2010:Loaded DLL:578
xomaya.controllers.Controller:Sat Jun 19 08:07:15 EDT 2010:Action Command:java.awt.event.ActionEvent[ACTION_PERFORMED,cmd=START_RECORDING,when=1276949235875,modifiers=Button1] on javax.swing.JButton[,0,0,62x33,alignmentX=0.0,alignmentY=0.5,border=javax.swing.plaf.BorderUIResource$CompoundBorderUIResource@17e121c,flags=296,maximumSize=,minimumSize=,preferredSize=,defaultIcon=,disabledIcon=,disabledSelectedIcon=,margin=javax.swing.plaf.InsetsUIResource[top=2,left=14,bottom=2,right=14],paintBorder=true,paintFocus=true,pressedIcon=,rolloverEnabled=true,rolloverIcon=,rolloverSelectedIcon=,selectedIcon=,text=Start,defaultCapable=true]
xomaya.controllers.Controller:Sat Jun 19 08:07:15 EDT 2010:Started!
xomaya.controllers.Controller:Sat Jun 19 08:17:59 EDT 2010:Action Command:java.awt.event.ActionEvent[ACTION_PERFORMED,cmd=STOP_RECORDING,when=1276949879500,modifiers=Button1] on javax.swing.JButton[,0,33,62x33,alignmentX=0.0,alignmentY=0.5,border=javax.swing.plaf.BorderUIResource$CompoundBorderUIResource@17e121c,flags=296,maximumSize=,minimumSize=,preferredSize=,defaultIcon=,disabledIcon=,disabledSelectedIcon=,margin=javax.swing.plaf.InsetsUIResource[top=2,left=14,bottom=2,right=14],paintBorder=true,paintFocus=true,pressedIcon=,rolloverEnabled=true,rolloverIcon=,rolloverSelectedIcon=,selectedIcon=,text=Stop,defaultCapable=true]
xomaya.controllers.Controller:Sat Jun 19 08:17:59 EDT 2010:Stopped!
xomaya.controllers.Controller:Sat Jun 19 08:18:02 EDT 2010:Total time:646312
xomaya.application.Application:Sat Jun 19 08:20:10 EDT 2010:Loaded DLL:640
xomaya.controllers.Controller:Sat Jun 19 08:20:31 EDT 2010:Action Command:java.awt.event.ActionEvent[ACTION_PERFORMED,cmd=START_RECORDING,when=1276950031406,modifiers=Button1] on javax.swing.JButton[,0,0,62x33,alignmentX=0.0,alignmentY=0.5,border=javax.swing.plaf.BorderUIResource$CompoundBorderUIResource@1e845c2,flags=296,maximumSize=,minimumSize=,preferredSize=,defaultIcon=,disabledIcon=,disabledSelectedIcon=,margin=javax.swing.plaf.InsetsUIResource[top=2,left=14,bottom=2,right=14],paintBorder=true,paintFocus=true,pressedIcon=,rolloverEnabled=true,rolloverIcon=,rolloverSelectedIcon=,selectedIcon=,text=Start,defaultCapable=true]
xomaya.controllers.Controller:Sat Jun 19 08:20:31 EDT 2010:Started!
xomaya.controllers.Controller:Sat Jun 19 08:27:34 EDT 2010:Action Command:java.awt.event.ActionEvent[ACTION_PERFORMED,cmd=STOP_RECORDING,when=1276950454609,modifiers=Button1] on javax.swing.JButton[,0,33,62x33,alignmentX=0.0,alignmentY=0.5,border=javax.swing.plaf.BorderUIResource$CompoundBorderUIResource@1e845c2,flags=296,maximumSize=,minimumSize=,preferredSize=,defaultIcon=,disabledIcon=,disabledSelectedIcon=,margin=javax.swing.plaf.InsetsUIResource[top=2,left=14,bottom=2,right=14],paintBorder=true,paintFocus=true,pressedIcon=,rolloverEnabled=true,rolloverIcon=,rolloverSelectedIcon=,selectedIcon=,text=Stop,defaultCapable=true]
xomaya.controllers.Controller:Sat Jun 19 08:27:34 EDT 2010:Stopped!
xomaya.controllers.Controller:Sat Jun 19 08:27:39 EDT 2010:Total time:428203
