xomaya.application.Application:Wed Jun 16 00:04:29 EDT 2010:Loaded DLL:453
xomaya.controllers.Controller:Wed Jun 16 00:04:32 EDT 2010:Action Command:java.awt.event.ActionEvent[ACTION_PERFORMED,cmd=START_RECORDING,when=1276661072968,modifiers=Button1] on javax.swing.JButton[,0,0,62x33,alignmentX=0.0,alignmentY=0.5,border=javax.swing.plaf.BorderUIResource$CompoundBorderUIResource@1e845c2,flags=296,maximumSize=,minimumSize=,preferredSize=,defaultIcon=,disabledIcon=,disabledSelectedIcon=,margin=javax.swing.plaf.InsetsUIResource[top=2,left=14,bottom=2,right=14],paintBorder=true,paintFocus=true,pressedIcon=,rolloverEnabled=true,rolloverIcon=,rolloverSelectedIcon=,selectedIcon=,text=Start,defaultCapable=true]
xomaya.controllers.Controller:Wed Jun 16 00:04:33 EDT 2010:Started!
xomaya.controllers.Controller:Wed Jun 16 00:05:55 EDT 2010:Action Command:java.awt.event.ActionEvent[ACTION_PERFORMED,cmd=STOP_RECORDING,when=1276661155671,modifiers=Button1] on javax.swing.JButton[,0,33,62x33,alignmentX=0.0,alignmentY=0.5,border=javax.swing.plaf.BorderUIResource$CompoundBorderUIResource@1e845c2,flags=296,maximumSize=,minimumSize=,preferredSize=,defaultIcon=,disabledIcon=,disabledSelectedIcon=,margin=javax.swing.plaf.InsetsUIResource[top=2,left=14,bottom=2,right=14],paintBorder=true,paintFocus=true,pressedIcon=,rolloverEnabled=true,rolloverIcon=,rolloverSelectedIcon=,selectedIcon=,text=Stop,defaultCapable=true]
xomaya.controllers.Controller:Wed Jun 16 00:05:55 EDT 2010:Stopped!
xomaya.controllers.Controller:Wed Jun 16 00:05:59 EDT 2010:Total time:86953
xomaya.application.Application:Wed Jun 16 00:08:22 EDT 2010:Loaded DLL:453
xomaya.controllers.Controller:Wed Jun 16 00:08:24 EDT 2010:Action Command:java.awt.event.ActionEvent[ACTION_PERFORMED,cmd=START_RECORDING,when=1276661304937,modifiers=Button1] on javax.swing.JButton[,0,0,62x33,alignmentX=0.0,alignmentY=0.5,border=javax.swing.plaf.BorderUIResource$CompoundBorderUIResource@3c0007,flags=296,maximumSize=,minimumSize=,preferredSize=,defaultIcon=,disabledIcon=,disabledSelectedIcon=,margin=javax.swing.plaf.InsetsUIResource[top=2,left=14,bottom=2,right=14],paintBorder=true,paintFocus=true,pressedIcon=,rolloverEnabled=true,rolloverIcon=,rolloverSelectedIcon=,selectedIcon=,text=Start,defaultCapable=true]
xomaya.controllers.Controller:Wed Jun 16 00:08:24 EDT 2010:Started!
xomaya.controllers.Controller:Wed Jun 16 00:08:37 EDT 2010:Action Command:java.awt.event.ActionEvent[ACTION_PERFORMED,cmd=STOP_RECORDING,when=1276661317031,modifiers=Button1] on javax.swing.JButton[,0,33,62x33,alignmentX=0.0,alignmentY=0.5,border=javax.swing.plaf.BorderUIResource$CompoundBorderUIResource@3c0007,flags=296,maximumSize=,minimumSize=,preferredSize=,defaultIcon=,disabledIcon=,disabledSelectedIcon=,margin=javax.swing.plaf.InsetsUIResource[top=2,left=14,bottom=2,right=14],paintBorder=true,paintFocus=true,pressedIcon=,rolloverEnabled=true,rolloverIcon=,rolloverSelectedIcon=,selectedIcon=,text=Stop,defaultCapable=true]
xomaya.controllers.Controller:Wed Jun 16 00:08:37 EDT 2010:Stopped!
xomaya.controllers.Controller:Wed Jun 16 00:08:38 EDT 2010:Total time:13453
xomaya.application.Application:Wed Jun 16 00:19:37 EDT 2010:Loaded DLL:453
xomaya.controllers.Controller:Wed Jun 16 00:19:39 EDT 2010:Action Command:java.awt.event.ActionEvent[ACTION_PERFORMED,cmd=START_RECORDING,when=1276661979781,modifiers=Button1] on javax.swing.JButton[,0,0,62x33,alignmentX=0.0,alignmentY=0.5,border=javax.swing.plaf.BorderUIResource$CompoundBorderUIResource@1bbd23f,flags=296,maximumSize=,minimumSize=,preferredSize=,defaultIcon=,disabledIcon=,disabledSelectedIcon=,margin=javax.swing.plaf.InsetsUIResource[top=2,left=14,bottom=2,right=14],paintBorder=true,paintFocus=true,pressedIcon=,rolloverEnabled=true,rolloverIcon=,rolloverSelectedIcon=,selectedIcon=,text=Start,defaultCapable=true]
xomaya.controllers.Controller:Wed Jun 16 00:19:39 EDT 2010:Started!
xomaya.controllers.Controller:Wed Jun 16 00:20:02 EDT 2010:Action Command:java.awt.event.ActionEvent[ACTION_PERFORMED,cmd=STOP_RECORDING,when=1276662002625,modifiers=Button1] on javax.swing.JButton[,0,33,62x33,alignmentX=0.0,alignmentY=0.5,border=javax.swing.plaf.BorderUIResource$CompoundBorderUIResource@1bbd23f,flags=296,maximumSize=,minimumSize=,preferredSize=,defaultIcon=,disabledIcon=,disabledSelectedIcon=,margin=javax.swing.plaf.InsetsUIResource[top=2,left=14,bottom=2,right=14],paintBorder=true,paintFocus=true,pressedIcon=,rolloverEnabled=true,rolloverIcon=,rolloverSelectedIcon=,selectedIcon=,text=Stop,defaultCapable=true]
xomaya.controllers.Controller:Wed Jun 16 00:20:02 EDT 2010:Stopped!
xomaya.controllers.Controller:Wed Jun 16 00:20:04 EDT 2010:Total time:24735
xomaya.application.Application:Wed Jun 16 00:21:35 EDT 2010:Loaded DLL:453
xomaya.controllers.Controller:Wed Jun 16 00:21:37 EDT 2010:Action Command:java.awt.event.ActionEvent[ACTION_PERFORMED,cmd=START_RECORDING,when=1276662097187,modifiers=Button1] on javax.swing.JButton[,0,0,62x33,alignmentX=0.0,alignmentY=0.5,border=javax.swing.plaf.BorderUIResource$CompoundBorderUIResource@1e845c2,flags=296,maximumSize=,minimumSize=,preferredSize=,defaultIcon=,disabledIcon=,disabledSelectedIcon=,margin=javax.swing.plaf.InsetsUIResource[top=2,left=14,bottom=2,right=14],paintBorder=true,paintFocus=true,pressedIcon=,rolloverEnabled=true,rolloverIcon=,rolloverSelectedIcon=,selectedIcon=,text=Start,defaultCapable=true]
xomaya.controllers.Controller:Wed Jun 16 00:21:37 EDT 2010:Started!
xomaya.controllers.Controller:Wed Jun 16 00:22:43 EDT 2010:Action Command:java.awt.event.ActionEvent[ACTION_PERFORMED,cmd=STOP_RECORDING,when=1276662163671,modifiers=Button1] on javax.swing.JButton[,0,33,62x33,alignmentX=0.0,alignmentY=0.5,border=javax.swing.plaf.BorderUIResource$CompoundBorderUIResource@1e845c2,flags=296,maximumSize=,minimumSize=,preferredSize=,defaultIcon=,disabledIcon=,disabledSelectedIcon=,margin=javax.swing.plaf.InsetsUIResource[top=2,left=14,bottom=2,right=14],paintBorder=true,paintFocus=true,pressedIcon=,rolloverEnabled=true,rolloverIcon=,rolloverSelectedIcon=,selectedIcon=,text=Stop,defaultCapable=true]
xomaya.controllers.Controller:Wed Jun 16 00:22:43 EDT 2010:Stopped!
xomaya.controllers.Controller:Wed Jun 16 00:22:44 EDT 2010:Total time:67735
xomaya.application.Application:Wed Jun 16 00:25:13 EDT 2010:Loaded DLL:469
xomaya.controllers.Controller:Wed Jun 16 00:25:16 EDT 2010:Action Command:java.awt.event.ActionEvent[ACTION_PERFORMED,cmd=START_RECORDING,when=1276662316499,modifiers=Button1] on javax.swing.JButton[,0,0,62x33,alignmentX=0.0,alignmentY=0.5,border=javax.swing.plaf.BorderUIResource$CompoundBorderUIResource@d73c7a,flags=296,maximumSize=,minimumSize=,preferredSize=,defaultIcon=,disabledIcon=,disabledSelectedIcon=,margin=javax.swing.plaf.InsetsUIResource[top=2,left=14,bottom=2,right=14],paintBorder=true,paintFocus=true,pressedIcon=,rolloverEnabled=true,rolloverIcon=,rolloverSelectedIcon=,selectedIcon=,text=Start,defaultCapable=true]
xomaya.controllers.Controller:Wed Jun 16 00:25:16 EDT 2010:Started!
xomaya.controllers.Controller:Wed Jun 16 00:25:53 EDT 2010:Action Command:java.awt.event.ActionEvent[ACTION_PERFORMED,cmd=STOP_RECORDING,when=1276662353609,modifiers=Button1] on javax.swing.JButton[,0,33,62x33,alignmentX=0.0,alignmentY=0.5,border=javax.swing.plaf.BorderUIResource$CompoundBorderUIResource@d73c7a,flags=296,maximumSize=,minimumSize=,preferredSize=,defaultIcon=,disabledIcon=,disabledSelectedIcon=,margin=javax.swing.plaf.InsetsUIResource[top=2,left=14,bottom=2,right=14],paintBorder=true,paintFocus=true,pressedIcon=,rolloverEnabled=true,rolloverIcon=,rolloverSelectedIcon=,selectedIcon=,text=Stop,defaultCapable=true]
xomaya.controllers.Controller:Wed Jun 16 00:25:53 EDT 2010:Stopped!
xomaya.controllers.Controller:Wed Jun 16 00:25:55 EDT 2010:Total time:38469
xomaya.application.Application:Wed Jun 16 00:27:29 EDT 2010:Loaded DLL:453
xomaya.controllers.Controller:Wed Jun 16 00:27:31 EDT 2010:Action Command:java.awt.event.ActionEvent[ACTION_PERFORMED,cmd=START_RECORDING,when=1276662451562,modifiers=Button1] on javax.swing.JButton[,0,0,62x33,alignmentX=0.0,alignmentY=0.5,border=javax.swing.plaf.BorderUIResource$CompoundBorderUIResource@c39a20,flags=296,maximumSize=,minimumSize=,preferredSize=,defaultIcon=,disabledIcon=,disabledSelectedIcon=,margin=javax.swing.plaf.InsetsUIResource[top=2,left=14,bottom=2,right=14],paintBorder=true,paintFocus=true,pressedIcon=,rolloverEnabled=true,rolloverIcon=,rolloverSelectedIcon=,selectedIcon=,text=Start,defaultCapable=true]
xomaya.controllers.Controller:Wed Jun 16 00:27:31 EDT 2010:Started!
xomaya.controllers.Controller:Wed Jun 16 00:29:21 EDT 2010:Action Command:java.awt.event.ActionEvent[ACTION_PERFORMED,cmd=STOP_RECORDING,when=1276662561312,modifiers=Button1] on javax.swing.JButton[,0,33,62x33,alignmentX=0.0,alignmentY=0.5,border=javax.swing.plaf.BorderUIResource$CompoundBorderUIResource@c39a20,flags=296,maximumSize=,minimumSize=,preferredSize=,defaultIcon=,disabledIcon=,disabledSelectedIcon=,margin=javax.swing.plaf.InsetsUIResource[top=2,left=14,bottom=2,right=14],paintBorder=true,paintFocus=true,pressedIcon=,rolloverEnabled=true,rolloverIcon=,rolloverSelectedIcon=,selectedIcon=,text=Stop,defaultCapable=true]
xomaya.controllers.Controller:Wed Jun 16 00:29:21 EDT 2010:Stopped!
xomaya.controllers.Controller:Wed Jun 16 00:29:25 EDT 2010:Total time:114406
xomaya.application.Application:Wed Jun 16 00:31:23 EDT 2010:Loaded DLL:453
xomaya.controllers.Controller:Wed Jun 16 00:31:25 EDT 2010:Action Command:java.awt.event.ActionEvent[ACTION_PERFORMED,cmd=START_RECORDING,when=1276662685937,modifiers=Button1] on javax.swing.JButton[,0,0,62x33,alignmentX=0.0,alignmentY=0.5,border=javax.swing.plaf.BorderUIResource$CompoundBorderUIResource@c44b88,flags=296,maximumSize=,minimumSize=,preferredSize=,defaultIcon=,disabledIcon=,disabledSelectedIcon=,margin=javax.swing.plaf.InsetsUIResource[top=2,left=14,bottom=2,right=14],paintBorder=true,paintFocus=true,pressedIcon=,rolloverEnabled=true,rolloverIcon=,rolloverSelectedIcon=,selectedIcon=,text=Start,defaultCapable=true]
xomaya.controllers.Controller:Wed Jun 16 00:31:25 EDT 2010:Started!
xomaya.controllers.Controller:Wed Jun 16 00:31:56 EDT 2010:Action Command:java.awt.event.ActionEvent[ACTION_PERFORMED,cmd=STOP_RECORDING,when=1276662716765,modifiers=Button1] on javax.swing.JButton[,0,33,62x33,alignmentX=0.0,alignmentY=0.5,border=javax.swing.plaf.BorderUIResource$CompoundBorderUIResource@c44b88,flags=296,maximumSize=,minimumSize=,preferredSize=,defaultIcon=,disabledIcon=,disabledSelectedIcon=,margin=javax.swing.plaf.InsetsUIResource[top=2,left=14,bottom=2,right=14],paintBorder=true,paintFocus=true,pressedIcon=,rolloverEnabled=true,rolloverIcon=,rolloverSelectedIcon=,selectedIcon=,text=Stop,defaultCapable=true]
xomaya.controllers.Controller:Wed Jun 16 00:31:56 EDT 2010:Stopped!
xomaya.controllers.Controller:Wed Jun 16 00:32:00 EDT 2010:Total time:34922
xomaya.application.Application:Wed Jun 16 06:03:51 EDT 2010:Loaded DLL:453
xomaya.controllers.Controller:Wed Jun 16 06:04:16 EDT 2010:Action Command:java.awt.event.ActionEvent[ACTION_PERFORMED,cmd=START_RECORDING,when=1276682656453,modifiers=Button1] on javax.swing.JButton[,0,0,62x33,alignmentX=0.0,alignmentY=0.5,border=javax.swing.plaf.BorderUIResource$CompoundBorderUIResource@2bc3f5,flags=296,maximumSize=,minimumSize=,preferredSize=,defaultIcon=,disabledIcon=,disabledSelectedIcon=,margin=javax.swing.plaf.InsetsUIResource[top=2,left=14,bottom=2,right=14],paintBorder=true,paintFocus=true,pressedIcon=,rolloverEnabled=true,rolloverIcon=,rolloverSelectedIcon=,selectedIcon=,text=Start,defaultCapable=true]
xomaya.controllers.Controller:Wed Jun 16 06:04:16 EDT 2010:Started!
xomaya.application.Application:Wed Jun 16 06:04:55 EDT 2010:Loaded DLL:453
xomaya.controllers.Controller:Wed Jun 16 06:04:59 EDT 2010:Action Command:java.awt.event.ActionEvent[ACTION_PERFORMED,cmd=START_RECORDING,when=1276682699734,modifiers=Button1] on javax.swing.JButton[,0,0,62x33,alignmentX=0.0,alignmentY=0.5,border=javax.swing.plaf.BorderUIResource$CompoundBorderUIResource@1833eca,flags=296,maximumSize=,minimumSize=,preferredSize=,defaultIcon=,disabledIcon=,disabledSelectedIcon=,margin=javax.swing.plaf.InsetsUIResource[top=2,left=14,bottom=2,right=14],paintBorder=true,paintFocus=true,pressedIcon=,rolloverEnabled=true,rolloverIcon=,rolloverSelectedIcon=,selectedIcon=,text=Start,defaultCapable=true]
xomaya.controllers.Controller:Wed Jun 16 06:04:59 EDT 2010:Started!
xomaya.controllers.Controller:Wed Jun 16 06:05:36 EDT 2010:Action Command:java.awt.event.ActionEvent[ACTION_PERFORMED,cmd=VIDEO_ONLY,when=1276682736078,modifiers=Button1] on javax.swing.JRadioButton[,0,0,152x22,alignmentX=0.0,alignmentY=0.5,border=javax.swing.plaf.BorderUIResource$CompoundBorderUIResource@1722456,flags=296,maximumSize=,minimumSize=,preferredSize=,defaultIcon=,disabledIcon=,disabledSelectedIcon=,margin=javax.swing.plaf.InsetsUIResource[top=2,left=2,bottom=2,right=2],paintBorder=false,paintFocus=true,pressedIcon=,rolloverEnabled=true,rolloverIcon=,rolloverSelectedIcon=,selectedIcon=,text=Video Only]
xomaya.controllers.Controller:Wed Jun 16 06:05:51 EDT 2010:Action Command:java.awt.event.ActionEvent[ACTION_PERFORMED,cmd=SCREEN_ONLY,when=1276682751859,modifiers=Button1] on javax.swing.JRadioButton[,0,22,152x22,alignmentX=0.0,alignmentY=0.5,border=javax.swing.plaf.BorderUIResource$CompoundBorderUIResource@1722456,flags=296,maximumSize=,minimumSize=,preferredSize=,defaultIcon=,disabledIcon=,disabledSelectedIcon=,margin=javax.swing.plaf.InsetsUIResource[top=2,left=2,bottom=2,right=2],paintBorder=false,paintFocus=true,pressedIcon=,rolloverEnabled=true,rolloverIcon=,rolloverSelectedIcon=,selectedIcon=,text=Screen Only]
xomaya.controllers.Controller:Wed Jun 16 06:06:04 EDT 2010:Action Command:java.awt.event.ActionEvent[ACTION_PERFORMED,cmd=SMOOTH_SWITCH,when=1276682764000,modifiers=Button1] on javax.swing.JRadioButton[,0,44,152x22,alignmentX=0.0,alignmentY=0.5,border=javax.swing.plaf.BorderUIResource$CompoundBorderUIResource@1722456,flags=296,maximumSize=,minimumSize=,preferredSize=,defaultIcon=,disabledIcon=,disabledSelectedIcon=,margin=javax.swing.plaf.InsetsUIResource[top=2,left=2,bottom=2,right=2],paintBorder=false,paintFocus=true,pressedIcon=,rolloverEnabled=true,rolloverIcon=,rolloverSelectedIcon=,selectedIcon=,text=Smooth Switch]
xomaya.controllers.Controller:Wed Jun 16 06:06:25 EDT 2010:Action Command:java.awt.event.ActionEvent[ACTION_PERFORMED,cmd=STOP_RECORDING,when=1276682785062,modifiers=Button1] on javax.swing.JButton[,0,33,62x33,alignmentX=0.0,alignmentY=0.5,border=javax.swing.plaf.BorderUIResource$CompoundBorderUIResource@1833eca,flags=296,maximumSize=,minimumSize=,preferredSize=,defaultIcon=,disabledIcon=,disabledSelectedIcon=,margin=javax.swing.plaf.InsetsUIResource[top=2,left=14,bottom=2,right=14],paintBorder=true,paintFocus=true,pressedIcon=,rolloverEnabled=true,rolloverIcon=,rolloverSelectedIcon=,selectedIcon=,text=Stop,defaultCapable=true]
xomaya.controllers.Controller:Wed Jun 16 06:06:25 EDT 2010:Stopped!
xomaya.controllers.Controller:Wed Jun 16 06:06:26 EDT 2010:Total time:87015
xomaya.application.Application:Wed Jun 16 19:33:40 EDT 2010:Loaded DLL:1688
xomaya.controllers.Controller:Wed Jun 16 19:33:44 EDT 2010:Action Command:java.awt.event.ActionEvent[ACTION_PERFORMED,cmd=START_RECORDING,when=1276731224296,modifiers=Button1] on javax.swing.JButton[,0,0,62x33,alignmentX=0.0,alignmentY=0.5,border=javax.swing.plaf.BorderUIResource$CompoundBorderUIResource@18f5824,flags=296,maximumSize=,minimumSize=,preferredSize=,defaultIcon=,disabledIcon=,disabledSelectedIcon=,margin=javax.swing.plaf.InsetsUIResource[top=2,left=14,bottom=2,right=14],paintBorder=true,paintFocus=true,pressedIcon=,rolloverEnabled=true,rolloverIcon=,rolloverSelectedIcon=,selectedIcon=,text=Start,defaultCapable=true]
xomaya.controllers.Controller:Wed Jun 16 19:33:44 EDT 2010:Started!
xomaya.controllers.Controller:Wed Jun 16 19:35:44 EDT 2010:Action Command:java.awt.event.ActionEvent[ACTION_PERFORMED,cmd=STOP_RECORDING,when=1276731344859,modifiers=Button1] on javax.swing.JButton[,0,33,62x33,alignmentX=0.0,alignmentY=0.5,border=javax.swing.plaf.BorderUIResource$CompoundBorderUIResource@18f5824,flags=296,maximumSize=,minimumSize=,preferredSize=,defaultIcon=,disabledIcon=,disabledSelectedIcon=,margin=javax.swing.plaf.InsetsUIResource[top=2,left=14,bottom=2,right=14],paintBorder=true,paintFocus=true,pressedIcon=,rolloverEnabled=true,rolloverIcon=,rolloverSelectedIcon=,selectedIcon=,text=Stop,defaultCapable=true]
xomaya.controllers.Controller:Wed Jun 16 19:35:44 EDT 2010:Stopped!
xomaya.controllers.Controller:Wed Jun 16 19:35:49 EDT 2010:Total time:124750
xomaya.application.Application:Wed Jun 16 19:53:13 EDT 2010:Loaded DLL:734
xomaya.controllers.Controller:Wed Jun 16 19:53:17 EDT 2010:Action Command:java.awt.event.ActionEvent[ACTION_PERFORMED,cmd=START_RECORDING,when=1276732397187,modifiers=Button1] on javax.swing.JButton[,0,0,62x33,alignmentX=0.0,alignmentY=0.5,border=javax.swing.plaf.BorderUIResource$CompoundBorderUIResource@1833eca,flags=296,maximumSize=,minimumSize=,preferredSize=,defaultIcon=,disabledIcon=,disabledSelectedIcon=,margin=javax.swing.plaf.InsetsUIResource[top=2,left=14,bottom=2,right=14],paintBorder=true,paintFocus=true,pressedIcon=,rolloverEnabled=true,rolloverIcon=,rolloverSelectedIcon=,selectedIcon=,text=Start,defaultCapable=true]
xomaya.controllers.Controller:Wed Jun 16 19:53:17 EDT 2010:Started!
xomaya.controllers.Controller:Wed Jun 16 19:55:50 EDT 2010:Action Command:java.awt.event.ActionEvent[ACTION_PERFORMED,cmd=STOP_RECORDING,when=1276732550750,modifiers=Button1] on javax.swing.JButton[,0,33,62x33,alignmentX=0.0,alignmentY=0.5,border=javax.swing.plaf.BorderUIResource$CompoundBorderUIResource@1833eca,flags=296,maximumSize=,minimumSize=,preferredSize=,defaultIcon=,disabledIcon=,disabledSelectedIcon=,margin=javax.swing.plaf.InsetsUIResource[top=2,left=14,bottom=2,right=14],paintBorder=true,paintFocus=true,pressedIcon=,rolloverEnabled=true,rolloverIcon=,rolloverSelectedIcon=,selectedIcon=,text=Stop,defaultCapable=true]
xomaya.controllers.Controller:Wed Jun 16 19:55:50 EDT 2010:Stopped!
xomaya.controllers.Controller:Wed Jun 16 19:55:55 EDT 2010:Total time:157828
xomaya.application.Application:Wed Jun 16 20:07:53 EDT 2010:Loaded DLL:703
xomaya.controllers.Controller:Wed Jun 16 20:07:57 EDT 2010:Action Command:java.awt.event.ActionEvent[ACTION_PERFORMED,cmd=START_RECORDING,when=1276733277156,modifiers=Button1] on javax.swing.JButton[,0,0,62x33,alignmentX=0.0,alignmentY=0.5,border=javax.swing.plaf.BorderUIResource$CompoundBorderUIResource@18f5824,flags=296,maximumSize=,minimumSize=,preferredSize=,defaultIcon=,disabledIcon=,disabledSelectedIcon=,margin=javax.swing.plaf.InsetsUIResource[top=2,left=14,bottom=2,right=14],paintBorder=true,paintFocus=true,pressedIcon=,rolloverEnabled=true,rolloverIcon=,rolloverSelectedIcon=,selectedIcon=,text=Start,defaultCapable=true]
xomaya.controllers.Controller:Wed Jun 16 20:07:57 EDT 2010:Started!
xomaya.controllers.Controller:Wed Jun 16 20:09:09 EDT 2010:Action Command:java.awt.event.ActionEvent[ACTION_PERFORMED,cmd=STOP_RECORDING,when=1276733349093,modifiers=Button1] on javax.swing.JButton[,0,33,62x33,alignmentX=0.0,alignmentY=0.5,border=javax.swing.plaf.BorderUIResource$CompoundBorderUIResource@18f5824,flags=296,maximumSize=,minimumSize=,preferredSize=,defaultIcon=,disabledIcon=,disabledSelectedIcon=,margin=javax.swing.plaf.InsetsUIResource[top=2,left=14,bottom=2,right=14],paintBorder=true,paintFocus=true,pressedIcon=,rolloverEnabled=true,rolloverIcon=,rolloverSelectedIcon=,selectedIcon=,text=Stop,defaultCapable=true]
xomaya.controllers.Controller:Wed Jun 16 20:09:09 EDT 2010:Stopped!
xomaya.controllers.Controller:Wed Jun 16 20:09:13 EDT 2010:Total time:76062
xomaya.application.Application:Wed Jun 16 20:12:52 EDT 2010:Loaded DLL:719
xomaya.controllers.Controller:Wed Jun 16 20:12:54 EDT 2010:Action Command:java.awt.event.ActionEvent[ACTION_PERFORMED,cmd=START_RECORDING,when=1276733574640,modifiers=Button1] on javax.swing.JButton[,0,0,62x33,alignmentX=0.0,alignmentY=0.5,border=javax.swing.plaf.BorderUIResource$CompoundBorderUIResource@1e3cd51,flags=296,maximumSize=,minimumSize=,preferredSize=,defaultIcon=,disabledIcon=,disabledSelectedIcon=,margin=javax.swing.plaf.InsetsUIResource[top=2,left=14,bottom=2,right=14],paintBorder=true,paintFocus=true,pressedIcon=,rolloverEnabled=true,rolloverIcon=,rolloverSelectedIcon=,selectedIcon=,text=Start,defaultCapable=true]
xomaya.controllers.Controller:Wed Jun 16 20:12:54 EDT 2010:Started!
xomaya.controllers.Controller:Wed Jun 16 20:13:32 EDT 2010:Action Command:java.awt.event.ActionEvent[ACTION_PERFORMED,cmd=STOP_RECORDING,when=1276733612656,modifiers=Button1] on javax.swing.JButton[,0,33,62x33,alignmentX=0.0,alignmentY=0.5,border=javax.swing.plaf.BorderUIResource$CompoundBorderUIResource@1e3cd51,flags=296,maximumSize=,minimumSize=,preferredSize=,defaultIcon=,disabledIcon=,disabledSelectedIcon=,margin=javax.swing.plaf.InsetsUIResource[top=2,left=14,bottom=2,right=14],paintBorder=true,paintFocus=true,pressedIcon=,rolloverEnabled=true,rolloverIcon=,rolloverSelectedIcon=,selectedIcon=,text=Stop,defaultCapable=true]
xomaya.controllers.Controller:Wed Jun 16 20:13:32 EDT 2010:Stopped!
xomaya.application.Application:Wed Jun 16 22:18:46 EDT 2010:Loaded DLL:547
