2010-07-29:20:19:36:xomaya.application.Application:System starting...
2010-07-29:20:19:36:xomaya.application.Application:xomaya 1.21 copyright (c) 2010. All Rights Reserved.
2010-07-29:20:19:36:xomaya.application.Application:--------------------------
2010-07-29:20:19:36:xomaya.application.Application:License Key:EXPRESS
2010-07-29:20:19:37:xomaya.application.Application:Invalid License Key: ERROR CODE 5
2010-07-29:20:19:38:xomaya.application.Application:Loaded DLL:797
2010-07-29:20:19:38:xomaya.application.Application:Application validated:EXPRESS
2010-07-29:20:19:38:xomaya.util.Utility:! No Devices for null
2010-07-29:20:21:56:xomaya.application.Application:System starting...
2010-07-29:20:21:56:xomaya.application.Application:xomaya 1.21 copyright (c) 2010. All Rights Reserved.
2010-07-29:20:21:56:xomaya.application.Application:--------------------------
2010-07-29:20:21:56:xomaya.application.Application:License Key:EXPRESS
2010-07-29:20:21:56:xomaya.application.Application:Invalid License Key: ERROR CODE 5
2010-07-29:20:21:57:xomaya.application.Application:Loaded DLL:469
2010-07-29:20:21:57:xomaya.application.Application:Application validated:EXPRESS
2010-07-29:20:21:57:xomaya.util.Utility:! No Devices for null
2010-07-29:20:58:38:xomaya.application.Application:System starting...
2010-07-29:20:58:38:xomaya.application.Application:xomaya 1.21 copyright (c) 2010. All Rights Reserved.
2010-07-29:20:58:38:xomaya.application.Application:--------------------------
2010-07-29:20:58:38:xomaya.application.Application:License Key:EXPRESS
2010-07-29:20:58:38:xomaya.application.Application:Invalid License Key: ERROR CODE 5
2010-07-29:20:58:39:xomaya.application.Application:Loaded DLL:484
2010-07-29:20:58:39:xomaya.application.Application:Application validated:EXPRESS
2010-07-29:20:58:40:xomaya.util.Utility:! No Devices for null
2010-07-29:20:58:55:xomaya.application.Application:System starting...
2010-07-29:20:58:55:xomaya.application.Application:xomaya 1.21 copyright (c) 2010. All Rights Reserved.
2010-07-29:20:58:55:xomaya.application.Application:--------------------------
2010-07-29:20:58:55:xomaya.application.Application:License Key:EXPRESS
2010-07-29:20:58:56:xomaya.application.Application:Invalid License Key: ERROR CODE 5
2010-07-29:20:59:08:xomaya.application.Application:System starting...
2010-07-29:20:59:08:xomaya.application.Application:xomaya 1.21 copyright (c) 2010. All Rights Reserved.
2010-07-29:20:59:08:xomaya.application.Application:--------------------------
2010-07-29:20:59:08:xomaya.application.Application:License Key:EXPRESS
2010-07-29:20:59:08:xomaya.application.Application:Invalid License Key: ERROR CODE 5
2010-07-29:21:07:39:xomaya.application.Application:System starting...
2010-07-29:21:07:39:xomaya.application.Application:xomaya 1.21 copyright (c) 2010. All Rights Reserved.
2010-07-29:21:07:39:xomaya.application.Application:--------------------------
2010-07-29:21:07:39:xomaya.application.Application:License Key:EXPRESS
2010-07-29:21:07:40:xomaya.application.Application:Invalid License Key: ERROR CODE 5
2010-07-29:21:07:40:xomaya.application.Application:Loaded DLL:500
2010-07-29:21:07:40:xomaya.application.Application:Application validated:EXPRESS
2010-07-29:21:07:41:xomaya.util.Utility:! No Devices for null
2010-07-29:21:08:06:xomaya.application.Application:System starting...
2010-07-29:21:08:07:xomaya.application.Application:xomaya 1.21 copyright (c) 2010. All Rights Reserved.
2010-07-29:21:08:07:xomaya.application.Application:--------------------------
2010-07-29:21:08:07:xomaya.application.Application:License Key:EXPRESS
2010-07-29:21:08:07:xomaya.application.Application:Invalid License Key: ERROR CODE 5
2010-07-29:21:08:08:xomaya.application.Application:Loaded DLL:485
2010-07-29:21:08:08:xomaya.application.Application:Application validated:EXPRESS
2010-07-29:21:08:08:xomaya.util.Utility:! No Devices for null
2010-07-29:21:08:22:xomaya.application.Application:System starting...
2010-07-29:21:08:22:xomaya.application.Application:xomaya 1.21 copyright (c) 2010. All Rights Reserved.
2010-07-29:21:08:22:xomaya.application.Application:--------------------------
2010-07-29:21:08:22:xomaya.application.Application:License Key:EXPRESS
2010-07-29:21:08:22:xomaya.application.Application:Invalid License Key: ERROR CODE 5
2010-07-29:21:08:23:xomaya.application.Application:Loaded DLL:484
2010-07-29:21:08:23:xomaya.application.Application:Application validated:EXPRESS
2010-07-29:21:08:23:xomaya.util.Utility:! No Devices for null
2010-07-29:21:08:54:xomaya.application.Application:System starting...
2010-07-29:21:08:54:xomaya.application.Application:xomaya 1.21 copyright (c) 2010. All Rights Reserved.
2010-07-29:21:08:54:xomaya.application.Application:--------------------------
2010-07-29:21:08:54:xomaya.application.Application:License Key:EXPRESS
2010-07-29:21:08:55:xomaya.application.Application:Invalid License Key: ERROR CODE 5
2010-07-29:21:08:55:xomaya.application.Application:Loadeding FOBS4JMF:563
2010-07-29:21:08:55:xomaya.application.Application:Loaded DLL:563
2010-07-29:21:08:55:xomaya.application.Application:Application validated:EXPRESS
2010-07-29:21:08:56:xomaya.util.Utility:! No Devices for null
2010-07-29:21:09:44:xomaya.application.Application:System starting...
2010-07-29:21:09:45:xomaya.application.Application:xomaya 1.21 copyright (c) 2010. All Rights Reserved.
2010-07-29:21:09:45:xomaya.application.Application:--------------------------
2010-07-29:21:09:45:xomaya.application.Application:License Key:EXPRESS
2010-07-29:21:09:45:xomaya.application.Application:Invalid License Key: ERROR CODE 5
2010-07-29:21:09:46:xomaya.application.Application:Loaded DLL:500
2010-07-29:21:09:46:xomaya.application.Application:Loadeding FOBS4JMF:500
2010-07-29:21:09:46:xomaya.application.Application:Application validated:EXPRESS
2010-07-29:21:09:46:xomaya.util.Utility:! No Devices for null
2010-07-29:21:10:18:xomaya.application.Application:System starting...
2010-07-29:21:10:18:xomaya.application.Application:xomaya 1.21 copyright (c) 2010. All Rights Reserved.
2010-07-29:21:10:18:xomaya.application.Application:--------------------------
2010-07-29:21:10:18:xomaya.application.Application:License Key:EXPRESS
2010-07-29:21:10:19:xomaya.application.Application:Invalid License Key: ERROR CODE 5
2010-07-29:21:10:19:xomaya.application.Application:Loaded DLL:469
2010-07-29:21:10:19:xomaya.application.Application:Loaded FOBS4JMF:0
2010-07-29:21:10:19:xomaya.application.Application:Application validated:EXPRESS
2010-07-29:21:10:19:xomaya.util.Utility:! No Devices for null
2010-07-29:21:15:36:xomaya.application.Application:System starting...
2010-07-29:21:15:36:xomaya.application.Application:xomaya 1.21 copyright (c) 2010. All Rights Reserved.
2010-07-29:21:15:36:xomaya.application.Application:--------------------------
2010-07-29:21:15:36:xomaya.application.Application:License Key:EXPRESS
2010-07-29:21:15:37:xomaya.application.Application:Invalid License Key: ERROR CODE 5
2010-07-29:21:15:37:xomaya.application.Application:Loaded DLL:484
2010-07-29:21:15:37:xomaya.application.Application:Loaded FOBS4JMF:0
2010-07-29:21:15:37:xomaya.application.Application:Application validated:EXPRESS
2010-07-29:21:15:37:xomaya.util.Utility:! No Devices for null
2010-07-29:21:24:43:xomaya.application.Application:System starting...
2010-07-29:21:24:43:xomaya.application.Application:xomaya 1.21 copyright (c) 2010. All Rights Reserved.
2010-07-29:21:24:43:xomaya.application.Application:--------------------------
2010-07-29:21:24:43:xomaya.application.Application:License Key:EXPRESS
2010-07-29:21:24:43:xomaya.application.Application:Invalid License Key: ERROR CODE 5
2010-07-29:21:24:44:xomaya.application.Application:Loaded DLL:485
2010-07-29:21:24:44:xomaya.application.Application:Loaded FOBS4JMF:0
2010-07-29:21:24:44:xomaya.application.Application:Application validated:EXPRESS
2010-07-29:21:24:44:xomaya.util.Utility:! No Devices for null
2010-07-29:21:38:14:xomaya.application.Application:System starting...
2010-07-29:21:38:14:xomaya.application.Application:xomaya 1.21 copyright (c) 2010. All Rights Reserved.
2010-07-29:21:38:14:xomaya.application.Application:--------------------------
2010-07-29:21:38:14:xomaya.application.Application:License Key:EXPRESS
2010-07-29:21:38:15:xomaya.application.Application:Invalid License Key: ERROR CODE 5
2010-07-29:21:38:15:xomaya.application.Application:Loaded DLL:344
2010-07-29:21:38:15:xomaya.application.Application:Application validated:EXPRESS
2010-07-29:21:38:16:xomaya.util.Utility:! No Devices for null
2010-07-29:21:39:51:xomaya.application.Application:System starting...
2010-07-29:21:39:51:xomaya.application.Application:xomaya 1.21 copyright (c) 2010. All Rights Reserved.
2010-07-29:21:39:51:xomaya.application.Application:--------------------------
2010-07-29:21:39:51:xomaya.application.Application:License Key:EXPRESS
2010-07-29:21:39:51:xomaya.application.Application:Invalid License Key: ERROR CODE 5
2010-07-29:21:39:52:xomaya.application.Application:Loaded DLL:266
2010-07-29:21:39:52:xomaya.application.Application:Application validated:EXPRESS
2010-07-29:21:39:52:xomaya.util.Utility:! No Devices for null
2010-07-29:21:45:24:xomaya.application.Application:System starting...
2010-07-29:21:45:24:xomaya.application.Application:xomaya 1.21 copyright (c) 2010. All Rights Reserved.
2010-07-29:21:45:24:xomaya.application.Application:--------------------------
2010-07-29:21:45:24:xomaya.application.Application:License Key:EXPRESS
2010-07-29:21:45:24:xomaya.application.Application:Invalid License Key: ERROR CODE 5
2010-07-29:21:45:25:xomaya.application.Application:Loaded DLL:265
2010-07-29:21:45:25:xomaya.application.Application:Application validated:EXPRESS
2010-07-29:21:45:25:xomaya.util.Utility:! No Devices for null
2010-07-29:21:52:55:xomaya.application.Application:System starting...
2010-07-29:21:52:55:xomaya.application.Application:xomaya 1.21 copyright (c) 2010. All Rights Reserved.
2010-07-29:21:52:55:xomaya.application.Application:--------------------------
2010-07-29:21:52:55:xomaya.application.Application:License Key:EXPRESS
2010-07-29:21:52:56:xomaya.application.Application:Invalid License Key: ERROR CODE 5
2010-07-29:21:52:56:xomaya.application.Application:Loaded DLL:265
2010-07-29:21:52:56:xomaya.application.Application:Application validated:EXPRESS
2010-07-29:21:52:56:xomaya.util.Utility:! No Devices for null
2010-07-29:21:53:36:xomaya.application.Application:System starting...
2010-07-29:21:53:36:xomaya.application.Application:xomaya 1.21 copyright (c) 2010. All Rights Reserved.
2010-07-29:21:53:36:xomaya.application.Application:--------------------------
2010-07-29:21:53:36:xomaya.application.Application:License Key:EXPRESS
2010-07-29:21:53:36:xomaya.application.Application:Invalid License Key: ERROR CODE 5
2010-07-29:21:53:37:xomaya.application.Application:Loaded DLL:266
2010-07-29:21:53:37:xomaya.application.Application:Application validated:EXPRESS
2010-07-29:21:53:37:xomaya.util.Utility:! No Devices for null
2010-07-29:22:04:55:xomaya.application.Application:System starting...
2010-07-29:22:04:55:xomaya.application.Application:xomaya 1.21 copyright (c) 2010. All Rights Reserved.
2010-07-29:22:04:55:xomaya.application.Application:--------------------------
2010-07-29:22:04:55:xomaya.application.Application:License Key:EXPRESS
2010-07-29:22:04:56:xomaya.application.Application:Invalid License Key: ERROR CODE 5
2010-07-29:22:04:56:xomaya.application.Application:Loaded DLL:250
2010-07-29:22:04:56:xomaya.application.Application:Application validated:EXPRESS
2010-07-29:22:05:47:xomaya.application.Application:System starting...
2010-07-29:22:05:47:xomaya.application.Application:xomaya 1.21 copyright (c) 2010. All Rights Reserved.
2010-07-29:22:05:47:xomaya.application.Application:--------------------------
2010-07-29:22:05:47:xomaya.application.Application:License Key:EXPRESS
2010-07-29:22:05:47:xomaya.application.Application:Invalid License Key: ERROR CODE 5
2010-07-29:22:05:47:xomaya.application.Application:Loaded DLL:266
2010-07-29:22:05:47:xomaya.application.Application:Application validated:EXPRESS
2010-07-29:22:06:28:xomaya.application.Application:System starting...
2010-07-29:22:06:28:xomaya.application.Application:xomaya 1.21 copyright (c) 2010. All Rights Reserved.
2010-07-29:22:06:28:xomaya.application.Application:--------------------------
2010-07-29:22:06:28:xomaya.application.Application:License Key:EXPRESS
2010-07-29:22:06:28:xomaya.application.Application:Invalid License Key: ERROR CODE 5
2010-07-29:22:06:29:xomaya.application.Application:Loaded DLL:297
2010-07-29:22:06:29:xomaya.application.Application:Application validated:EXPRESS
2010-07-29:22:07:43:xomaya.application.Application:System starting...
2010-07-29:22:07:43:xomaya.application.Application:xomaya 1.21 copyright (c) 2010. All Rights Reserved.
2010-07-29:22:07:43:xomaya.application.Application:--------------------------
2010-07-29:22:07:43:xomaya.application.Application:License Key:EXPRESS
2010-07-29:22:07:43:xomaya.application.Application:Invalid License Key: ERROR CODE 5
2010-07-29:22:07:44:xomaya.application.Application:Loaded DLL:250
2010-07-29:22:07:44:xomaya.application.Application:Application validated:EXPRESS
2010-07-29:22:08:16:xomaya.application.Application:System starting...
2010-07-29:22:08:16:xomaya.application.Application:xomaya 1.21 copyright (c) 2010. All Rights Reserved.
2010-07-29:22:08:16:xomaya.application.Application:--------------------------
2010-07-29:22:08:16:xomaya.application.Application:License Key:EXPRESS
2010-07-29:22:08:16:xomaya.application.Application:Invalid License Key: ERROR CODE 5
2010-07-29:22:08:17:xomaya.application.Application:Loaded DLL:282
2010-07-29:22:08:17:xomaya.application.Application:Application validated:EXPRESS
2010-07-29:22:09:06:xomaya.application.Application:System starting...
2010-07-29:22:09:06:xomaya.application.Application:xomaya 1.21 copyright (c) 2010. All Rights Reserved.
2010-07-29:22:09:06:xomaya.application.Application:--------------------------
2010-07-29:22:09:06:xomaya.application.Application:License Key:EXPRESS
2010-07-29:22:09:07:xomaya.application.Application:Invalid License Key: ERROR CODE 5
2010-07-29:22:09:07:xomaya.application.Application:Loaded DLL:265
2010-07-29:22:09:07:xomaya.application.Application:Application validated:EXPRESS
2010-07-29:22:17:07:xomaya.application.Application:System starting...
2010-07-29:22:17:07:xomaya.application.Application:xomaya 1.21 copyright (c) 2010. All Rights Reserved.
2010-07-29:22:17:07:xomaya.application.Application:--------------------------
2010-07-29:22:17:07:xomaya.application.Application:License Key:EXPRESS
2010-07-29:22:17:07:xomaya.application.Application:Invalid License Key: ERROR CODE 5
2010-07-29:22:17:08:xomaya.application.Application:Loaded DLL:735
2010-07-29:22:17:08:xomaya.application.Application:Application validated:EXPRESS
2010-07-29:22:17:29:xomaya.application.Application:System starting...
2010-07-29:22:17:29:xomaya.application.Application:xomaya 1.21 copyright (c) 2010. All Rights Reserved.
2010-07-29:22:17:29:xomaya.application.Application:--------------------------
2010-07-29:22:17:29:xomaya.application.Application:License Key:EXPRESS
2010-07-29:22:17:30:xomaya.application.Application:Invalid License Key: ERROR CODE 5
2010-07-29:22:17:30:xomaya.application.Application:Loaded DLL:265
2010-07-29:22:17:30:xomaya.application.Application:Application validated:EXPRESS
2010-07-29:22:17:58:xomaya.application.Application:System starting...
2010-07-29:22:17:58:xomaya.application.Application:xomaya 1.21 copyright (c) 2010. All Rights Reserved.
2010-07-29:22:17:58:xomaya.application.Application:--------------------------
2010-07-29:22:17:58:xomaya.application.Application:License Key:EXPRESS
2010-07-29:22:17:58:xomaya.application.Application:Invalid License Key: ERROR CODE 5
2010-07-29:22:17:58:xomaya.application.Application:Loaded DLL:266
2010-07-29:22:17:58:xomaya.application.Application:Application validated:EXPRESS
2010-07-29:22:18:27:xomaya.application.Application:System starting...
2010-07-29:22:18:27:xomaya.application.Application:xomaya 1.21 copyright (c) 2010. All Rights Reserved.
2010-07-29:22:18:27:xomaya.application.Application:--------------------------
2010-07-29:22:18:27:xomaya.application.Application:License Key:EXPRESS
2010-07-29:22:18:27:xomaya.application.Application:Invalid License Key: ERROR CODE 5
2010-07-29:22:18:28:xomaya.application.Application:Loaded DLL:281
2010-07-29:22:18:28:xomaya.application.Application:Application validated:EXPRESS
2010-07-29:22:21:43:xomaya.application.Application:System starting...
2010-07-29:22:21:43:xomaya.application.Application:xomaya 1.21 copyright (c) 2010. All Rights Reserved.
2010-07-29:22:21:43:xomaya.application.Application:--------------------------
2010-07-29:22:21:43:xomaya.application.Application:License Key:EXPRESS
2010-07-29:22:21:44:xomaya.application.Application:Invalid License Key: ERROR CODE 5
2010-07-29:22:21:44:xomaya.application.Application:Loaded DLL:266
2010-07-29:22:21:44:xomaya.application.Application:Application validated:EXPRESS
2010-07-29:22:35:22:xomaya.application.Application:System starting...
2010-07-29:22:35:22:xomaya.application.Application:xomaya 1.21 copyright (c) 2010. All Rights Reserved.
2010-07-29:22:35:22:xomaya.application.Application:--------------------------
2010-07-29:22:35:22:xomaya.application.Application:License Key:EXPRESS
2010-07-29:22:35:23:xomaya.application.Application:Invalid License Key: ERROR CODE 5
2010-07-29:22:35:23:xomaya.application.Application:Loaded DLL:265
2010-07-29:22:35:23:xomaya.application.Application:Application validated:EXPRESS
2010-07-29:22:35:24:xomaya.util.Utility:Microsoft LifeCam HD-5000 : civil:\\?\usb#vid_045e&pid_076d&mi_00#6&17789f11&0&0000#{65e8773d-8f56-11d0-a3b9-00a0c9223196}\global
RGB, -1-bit, Masks=-1:-1:-1, PixelStride=-1, LineStride=-1

2010-07-29:22:35:24:xomaya.util.Utility:JavaSound : javasound://
LINEAR, 44100.0 Hz, 16-bit, Stereo, LittleEndian, Signed, 88200.0 frame rate, FrameSize=32 bits
LINEAR, 44100.0 Hz, 16-bit, Stereo, BigEndian, Signed, 88200.0 frame rate, FrameSize=32 bits
LINEAR, 44100.0 Hz, 8-bit, Stereo, Unsigned, 88200.0 frame rate, FrameSize=16 bits
LINEAR, 44100.0 Hz, 8-bit, Stereo, Signed, 88200.0 frame rate, FrameSize=16 bits
LINEAR, 44100.0 Hz, 16-bit, Mono, LittleEndian, Signed, 44100.0 frame rate, FrameSize=16 bits
LINEAR, 44100.0 Hz, 16-bit, Mono, BigEndian, Signed, 44100.0 frame rate, FrameSize=16 bits
LINEAR, 44100.0 Hz, 8-bit, Mono, Unsigned, 44100.0 frame rate, FrameSize=8 bits
LINEAR, 44100.0 Hz, 8-bit, Mono, Signed, 44100.0 frame rate, FrameSize=8 bits
LINEAR, 22050.0 Hz, 16-bit, Stereo, LittleEndian, Signed, 44100.0 frame rate, FrameSize=32 bits
LINEAR, 22050.0 Hz, 16-bit, Stereo, BigEndian, Signed, 44100.0 frame rate, FrameSize=32 bits
LINEAR, 22050.0 Hz, 8-bit, Stereo, Unsigned, 44100.0 frame rate, FrameSize=16 bits
LINEAR, 22050.0 Hz, 8-bit, Stereo, Signed, 44100.0 frame rate, FrameSize=16 bits
LINEAR, 22050.0 Hz, 16-bit, Mono, LittleEndian, Signed, 22050.0 frame rate, FrameSize=16 bits
LINEAR, 22050.0 Hz, 16-bit, Mono, BigEndian, Signed, 22050.0 frame rate, FrameSize=16 bits
LINEAR, 22050.0 Hz, 8-bit, Mono, Unsigned, 22050.0 frame rate, FrameSize=8 bits
LINEAR, 22050.0 Hz, 8-bit, Mono, Signed, 22050.0 frame rate, FrameSize=8 bits
LINEAR, 11025.0 Hz, 16-bit, Stereo, LittleEndian, Signed, 22050.0 frame rate, FrameSize=32 bits
LINEAR, 11025.0 Hz, 16-bit, Stereo, BigEndian, Signed, 22050.0 frame rate, FrameSize=32 bits
LINEAR, 11025.0 Hz, 8-bit, Stereo, Unsigned, 22050.0 frame rate, FrameSize=16 bits
LINEAR, 11025.0 Hz, 8-bit, Stereo, Signed, 22050.0 frame rate, FrameSize=16 bits
LINEAR, 11025.0 Hz, 16-bit, Mono, LittleEndian, Signed, 11025.0 frame rate, FrameSize=16 bits
LINEAR, 11025.0 Hz, 16-bit, Mono, BigEndian, Signed, 11025.0 frame rate, FrameSize=16 bits
LINEAR, 11025.0 Hz, 8-bit, Mono, Unsigned, 11025.0 frame rate, FrameSize=8 bits
LINEAR, 11025.0 Hz, 8-bit, Mono, Signed, 11025.0 frame rate, FrameSize=8 bits
LINEAR, 8000.0 Hz, 16-bit, Stereo, LittleEndian, Signed, 16000.0 frame rate, FrameSize=32 bits
LINEAR, 8000.0 Hz, 16-bit, Stereo, BigEndian, Signed, 16000.0 frame rate, FrameSize=32 bits
LINEAR, 8000.0 Hz, 8-bit, Stereo, Unsigned, 16000.0 frame rate, FrameSize=16 bits
LINEAR, 8000.0 Hz, 8-bit, Stereo, Signed, 16000.0 frame rate, FrameSize=16 bits
LINEAR, 8000.0 Hz, 16-bit, Mono, LittleEndian, Signed, 8000.0 frame rate, FrameSize=16 bits
LINEAR, 8000.0 Hz, 16-bit, Mono, BigEndian, Signed, 8000.0 frame rate, FrameSize=16 bits
LINEAR, 8000.0 Hz, 8-bit, Mono, Unsigned, 8000.0 frame rate, FrameSize=8 bits
LINEAR, 8000.0 Hz, 8-bit, Mono, Signed, 8000.0 frame rate, FrameSize=8 bits

2010-07-29:22:35:24:xomaya.util.Utility:Microsoft LifeCam HD-5000 : civil:\\?\usb#vid_045e&pid_076d&mi_00#6&17789f11&0&0000#{65e8773d-8f56-11d0-a3b9-00a0c9223196}\global
RGB, -1-bit, Masks=-1:-1:-1, PixelStride=-1, LineStride=-1

2010-07-29:22:37:02:xomaya.application.Application:System starting...
2010-07-29:22:37:02:xomaya.application.Application:xomaya 1.21 copyright (c) 2010. All Rights Reserved.
2010-07-29:22:37:02:xomaya.application.Application:--------------------------
2010-07-29:22:37:02:xomaya.application.Application:License Key:EXPRESS
2010-07-29:22:37:03:xomaya.application.Application:Invalid License Key: ERROR CODE 5
2010-07-29:22:37:03:xomaya.application.Application:Loaded DLL:266
2010-07-29:22:37:03:xomaya.application.Application:Application validated:EXPRESS
2010-07-29:22:37:04:xomaya.util.Utility:Microsoft LifeCam HD-5000 : civil:\\?\usb#vid_045e&pid_076d&mi_00#6&17789f11&0&0000#{65e8773d-8f56-11d0-a3b9-00a0c9223196}\global
RGB, -1-bit, Masks=-1:-1:-1, PixelStride=-1, LineStride=-1

2010-07-29:22:37:04:xomaya.util.Utility:JavaSound : javasound://
LINEAR, 44100.0 Hz, 16-bit, Stereo, LittleEndian, Signed, 88200.0 frame rate, FrameSize=32 bits
LINEAR, 44100.0 Hz, 16-bit, Stereo, BigEndian, Signed, 88200.0 frame rate, FrameSize=32 bits
LINEAR, 44100.0 Hz, 8-bit, Stereo, Unsigned, 88200.0 frame rate, FrameSize=16 bits
LINEAR, 44100.0 Hz, 8-bit, Stereo, Signed, 88200.0 frame rate, FrameSize=16 bits
LINEAR, 44100.0 Hz, 16-bit, Mono, LittleEndian, Signed, 44100.0 frame rate, FrameSize=16 bits
LINEAR, 44100.0 Hz, 16-bit, Mono, BigEndian, Signed, 44100.0 frame rate, FrameSize=16 bits
LINEAR, 44100.0 Hz, 8-bit, Mono, Unsigned, 44100.0 frame rate, FrameSize=8 bits
LINEAR, 44100.0 Hz, 8-bit, Mono, Signed, 44100.0 frame rate, FrameSize=8 bits
LINEAR, 22050.0 Hz, 16-bit, Stereo, LittleEndian, Signed, 44100.0 frame rate, FrameSize=32 bits
LINEAR, 22050.0 Hz, 16-bit, Stereo, BigEndian, Signed, 44100.0 frame rate, FrameSize=32 bits
LINEAR, 22050.0 Hz, 8-bit, Stereo, Unsigned, 44100.0 frame rate, FrameSize=16 bits
LINEAR, 22050.0 Hz, 8-bit, Stereo, Signed, 44100.0 frame rate, FrameSize=16 bits
LINEAR, 22050.0 Hz, 16-bit, Mono, LittleEndian, Signed, 22050.0 frame rate, FrameSize=16 bits
LINEAR, 22050.0 Hz, 16-bit, Mono, BigEndian, Signed, 22050.0 frame rate, FrameSize=16 bits
LINEAR, 22050.0 Hz, 8-bit, Mono, Unsigned, 22050.0 frame rate, FrameSize=8 bits
LINEAR, 22050.0 Hz, 8-bit, Mono, Signed, 22050.0 frame rate, FrameSize=8 bits
LINEAR, 11025.0 Hz, 16-bit, Stereo, LittleEndian, Signed, 22050.0 frame rate, FrameSize=32 bits
LINEAR, 11025.0 Hz, 16-bit, Stereo, BigEndian, Signed, 22050.0 frame rate, FrameSize=32 bits
LINEAR, 11025.0 Hz, 8-bit, Stereo, Unsigned, 22050.0 frame rate, FrameSize=16 bits
LINEAR, 11025.0 Hz, 8-bit, Stereo, Signed, 22050.0 frame rate, FrameSize=16 bits
LINEAR, 11025.0 Hz, 16-bit, Mono, LittleEndian, Signed, 11025.0 frame rate, FrameSize=16 bits
LINEAR, 11025.0 Hz, 16-bit, Mono, BigEndian, Signed, 11025.0 frame rate, FrameSize=16 bits
LINEAR, 11025.0 Hz, 8-bit, Mono, Unsigned, 11025.0 frame rate, FrameSize=8 bits
LINEAR, 11025.0 Hz, 8-bit, Mono, Signed, 11025.0 frame rate, FrameSize=8 bits
LINEAR, 8000.0 Hz, 16-bit, Stereo, LittleEndian, Signed, 16000.0 frame rate, FrameSize=32 bits
LINEAR, 8000.0 Hz, 16-bit, Stereo, BigEndian, Signed, 16000.0 frame rate, FrameSize=32 bits
LINEAR, 8000.0 Hz, 8-bit, Stereo, Unsigned, 16000.0 frame rate, FrameSize=16 bits
LINEAR, 8000.0 Hz, 8-bit, Stereo, Signed, 16000.0 frame rate, FrameSize=16 bits
LINEAR, 8000.0 Hz, 16-bit, Mono, LittleEndian, Signed, 8000.0 frame rate, FrameSize=16 bits
LINEAR, 8000.0 Hz, 16-bit, Mono, BigEndian, Signed, 8000.0 frame rate, FrameSize=16 bits
LINEAR, 8000.0 Hz, 8-bit, Mono, Unsigned, 8000.0 frame rate, FrameSize=8 bits
LINEAR, 8000.0 Hz, 8-bit, Mono, Signed, 8000.0 frame rate, FrameSize=8 bits

2010-07-29:22:37:04:xomaya.util.Utility:Microsoft LifeCam HD-5000 : civil:\\?\usb#vid_045e&pid_076d&mi_00#6&17789f11&0&0000#{65e8773d-8f56-11d0-a3b9-00a0c9223196}\global
RGB, -1-bit, Masks=-1:-1:-1, PixelStride=-1, LineStride=-1

2010-07-29:22:37:11:xomaya.controllers.Controller:Action Command:java.awt.event.ActionEvent[ACTION_PERFORMED,cmd=START_RECORDING,when=1280457431375,modifiers=Button1] on javax.swing.JButton[,0,0,82x38,alignmentX=0.0,alignmentY=0.5,border=javax.swing.plaf.BorderUIResource$CompoundBorderUIResource@1df8b99,flags=296,maximumSize=,minimumSize=,preferredSize=,defaultIcon=./media/media-record.gif,disabledIcon=,disabledSelectedIcon=,margin=javax.swing.plaf.InsetsUIResource[top=2,left=14,bottom=2,right=14],paintBorder=true,paintFocus=true,pressedIcon=,rolloverEnabled=true,rolloverIcon=,rolloverSelectedIcon=,selectedIcon=,text=Start,defaultCapable=true]
2010-07-29:22:37:11:xomaya.controllers.Controller:Started!
2010-07-29:22:37:11:xomaya.util.Utility:TRYING:YUV
2010-07-29:22:37:11:xomaya.util.Utility:Selected format:RGB:100x100
2010-07-29:22:37:20:xomaya.application.Application:System starting...
2010-07-29:22:37:20:xomaya.application.Application:xomaya 1.21 copyright (c) 2010. All Rights Reserved.
2010-07-29:22:37:20:xomaya.application.Application:--------------------------
2010-07-29:22:37:20:xomaya.application.Application:License Key:EXPRESS
2010-07-29:22:37:20:xomaya.application.Application:Invalid License Key: ERROR CODE 5
2010-07-29:22:37:21:xomaya.application.Application:Loaded DLL:250
2010-07-29:22:37:21:xomaya.application.Application:Application validated:EXPRESS
2010-07-29:22:37:21:xomaya.util.Utility:Microsoft LifeCam HD-5000 : civil:\\?\usb#vid_045e&pid_076d&mi_00#6&17789f11&0&0000#{65e8773d-8f56-11d0-a3b9-00a0c9223196}\global
RGB, -1-bit, Masks=-1:-1:-1, PixelStride=-1, LineStride=-1

2010-07-29:22:37:21:xomaya.util.Utility:JavaSound : javasound://
LINEAR, 44100.0 Hz, 16-bit, Stereo, LittleEndian, Signed, 88200.0 frame rate, FrameSize=32 bits
LINEAR, 44100.0 Hz, 16-bit, Stereo, BigEndian, Signed, 88200.0 frame rate, FrameSize=32 bits
LINEAR, 44100.0 Hz, 8-bit, Stereo, Unsigned, 88200.0 frame rate, FrameSize=16 bits
LINEAR, 44100.0 Hz, 8-bit, Stereo, Signed, 88200.0 frame rate, FrameSize=16 bits
LINEAR, 44100.0 Hz, 16-bit, Mono, LittleEndian, Signed, 44100.0 frame rate, FrameSize=16 bits
LINEAR, 44100.0 Hz, 16-bit, Mono, BigEndian, Signed, 44100.0 frame rate, FrameSize=16 bits
LINEAR, 44100.0 Hz, 8-bit, Mono, Unsigned, 44100.0 frame rate, FrameSize=8 bits
LINEAR, 44100.0 Hz, 8-bit, Mono, Signed, 44100.0 frame rate, FrameSize=8 bits
LINEAR, 22050.0 Hz, 16-bit, Stereo, LittleEndian, Signed, 44100.0 frame rate, FrameSize=32 bits
LINEAR, 22050.0 Hz, 16-bit, Stereo, BigEndian, Signed, 44100.0 frame rate, FrameSize=32 bits
LINEAR, 22050.0 Hz, 8-bit, Stereo, Unsigned, 44100.0 frame rate, FrameSize=16 bits
LINEAR, 22050.0 Hz, 8-bit, Stereo, Signed, 44100.0 frame rate, FrameSize=16 bits
LINEAR, 22050.0 Hz, 16-bit, Mono, LittleEndian, Signed, 22050.0 frame rate, FrameSize=16 bits
LINEAR, 22050.0 Hz, 16-bit, Mono, BigEndian, Signed, 22050.0 frame rate, FrameSize=16 bits
LINEAR, 22050.0 Hz, 8-bit, Mono, Unsigned, 22050.0 frame rate, FrameSize=8 bits
LINEAR, 22050.0 Hz, 8-bit, Mono, Signed, 22050.0 frame rate, FrameSize=8 bits
LINEAR, 11025.0 Hz, 16-bit, Stereo, LittleEndian, Signed, 22050.0 frame rate, FrameSize=32 bits
LINEAR, 11025.0 Hz, 16-bit, Stereo, BigEndian, Signed, 22050.0 frame rate, FrameSize=32 bits
LINEAR, 11025.0 Hz, 8-bit, Stereo, Unsigned, 22050.0 frame rate, FrameSize=16 bits
LINEAR, 11025.0 Hz, 8-bit, Stereo, Signed, 22050.0 frame rate, FrameSize=16 bits
LINEAR, 11025.0 Hz, 16-bit, Mono, LittleEndian, Signed, 11025.0 frame rate, FrameSize=16 bits
LINEAR, 11025.0 Hz, 16-bit, Mono, BigEndian, Signed, 11025.0 frame rate, FrameSize=16 bits
LINEAR, 11025.0 Hz, 8-bit, Mono, Unsigned, 11025.0 frame rate, FrameSize=8 bits
LINEAR, 11025.0 Hz, 8-bit, Mono, Signed, 11025.0 frame rate, FrameSize=8 bits
LINEAR, 8000.0 Hz, 16-bit, Stereo, LittleEndian, Signed, 16000.0 frame rate, FrameSize=32 bits
LINEAR, 8000.0 Hz, 16-bit, Stereo, BigEndian, Signed, 16000.0 frame rate, FrameSize=32 bits
LINEAR, 8000.0 Hz, 8-bit, Stereo, Unsigned, 16000.0 frame rate, FrameSize=16 bits
LINEAR, 8000.0 Hz, 8-bit, Stereo, Signed, 16000.0 frame rate, FrameSize=16 bits
LINEAR, 8000.0 Hz, 16-bit, Mono, LittleEndian, Signed, 8000.0 frame rate, FrameSize=16 bits
LINEAR, 8000.0 Hz, 16-bit, Mono, BigEndian, Signed, 8000.0 frame rate, FrameSize=16 bits
LINEAR, 8000.0 Hz, 8-bit, Mono, Unsigned, 8000.0 frame rate, FrameSize=8 bits
LINEAR, 8000.0 Hz, 8-bit, Mono, Signed, 8000.0 frame rate, FrameSize=8 bits

2010-07-29:22:37:21:xomaya.util.Utility:Microsoft LifeCam HD-5000 : civil:\\?\usb#vid_045e&pid_076d&mi_00#6&17789f11&0&0000#{65e8773d-8f56-11d0-a3b9-00a0c9223196}\global
RGB, -1-bit, Masks=-1:-1:-1, PixelStride=-1, LineStride=-1

2010-07-29:22:39:00:xomaya.application.Application:System starting...
2010-07-29:22:39:00:xomaya.application.Application:xomaya 1.21 copyright (c) 2010. All Rights Reserved.
2010-07-29:22:39:00:xomaya.application.Application:--------------------------
2010-07-29:22:39:00:xomaya.application.Application:License Key:EXPRESS
2010-07-29:22:39:01:xomaya.application.Application:Invalid License Key: ERROR CODE 5
2010-07-29:22:39:01:xomaya.application.Application:Loaded DLL:250
2010-07-29:22:39:01:xomaya.application.Application:Application validated:EXPRESS
2010-07-29:22:39:02:xomaya.util.Utility:Microsoft LifeCam HD-5000 : civil:\\?\usb#vid_045e&pid_076d&mi_00#6&17789f11&0&0000#{65e8773d-8f56-11d0-a3b9-00a0c9223196}\global
RGB, -1-bit, Masks=-1:-1:-1, PixelStride=-1, LineStride=-1

2010-07-29:22:39:02:xomaya.util.Utility:JavaSound : javasound://
LINEAR, 44100.0 Hz, 16-bit, Stereo, LittleEndian, Signed, 88200.0 frame rate, FrameSize=32 bits
LINEAR, 44100.0 Hz, 16-bit, Stereo, BigEndian, Signed, 88200.0 frame rate, FrameSize=32 bits
LINEAR, 44100.0 Hz, 8-bit, Stereo, Unsigned, 88200.0 frame rate, FrameSize=16 bits
LINEAR, 44100.0 Hz, 8-bit, Stereo, Signed, 88200.0 frame rate, FrameSize=16 bits
LINEAR, 44100.0 Hz, 16-bit, Mono, LittleEndian, Signed, 44100.0 frame rate, FrameSize=16 bits
LINEAR, 44100.0 Hz, 16-bit, Mono, BigEndian, Signed, 44100.0 frame rate, FrameSize=16 bits
LINEAR, 44100.0 Hz, 8-bit, Mono, Unsigned, 44100.0 frame rate, FrameSize=8 bits
LINEAR, 44100.0 Hz, 8-bit, Mono, Signed, 44100.0 frame rate, FrameSize=8 bits
LINEAR, 22050.0 Hz, 16-bit, Stereo, LittleEndian, Signed, 44100.0 frame rate, FrameSize=32 bits
LINEAR, 22050.0 Hz, 16-bit, Stereo, BigEndian, Signed, 44100.0 frame rate, FrameSize=32 bits
LINEAR, 22050.0 Hz, 8-bit, Stereo, Unsigned, 44100.0 frame rate, FrameSize=16 bits
LINEAR, 22050.0 Hz, 8-bit, Stereo, Signed, 44100.0 frame rate, FrameSize=16 bits
LINEAR, 22050.0 Hz, 16-bit, Mono, LittleEndian, Signed, 22050.0 frame rate, FrameSize=16 bits
LINEAR, 22050.0 Hz, 16-bit, Mono, BigEndian, Signed, 22050.0 frame rate, FrameSize=16 bits
LINEAR, 22050.0 Hz, 8-bit, Mono, Unsigned, 22050.0 frame rate, FrameSize=8 bits
LINEAR, 22050.0 Hz, 8-bit, Mono, Signed, 22050.0 frame rate, FrameSize=8 bits
LINEAR, 11025.0 Hz, 16-bit, Stereo, LittleEndian, Signed, 22050.0 frame rate, FrameSize=32 bits
LINEAR, 11025.0 Hz, 16-bit, Stereo, BigEndian, Signed, 22050.0 frame rate, FrameSize=32 bits
LINEAR, 11025.0 Hz, 8-bit, Stereo, Unsigned, 22050.0 frame rate, FrameSize=16 bits
LINEAR, 11025.0 Hz, 8-bit, Stereo, Signed, 22050.0 frame rate, FrameSize=16 bits
LINEAR, 11025.0 Hz, 16-bit, Mono, LittleEndian, Signed, 11025.0 frame rate, FrameSize=16 bits
LINEAR, 11025.0 Hz, 16-bit, Mono, BigEndian, Signed, 11025.0 frame rate, FrameSize=16 bits
LINEAR, 11025.0 Hz, 8-bit, Mono, Unsigned, 11025.0 frame rate, FrameSize=8 bits
LINEAR, 11025.0 Hz, 8-bit, Mono, Signed, 11025.0 frame rate, FrameSize=8 bits
LINEAR, 8000.0 Hz, 16-bit, Stereo, LittleEndian, Signed, 16000.0 frame rate, FrameSize=32 bits
LINEAR, 8000.0 Hz, 16-bit, Stereo, BigEndian, Signed, 16000.0 frame rate, FrameSize=32 bits
LINEAR, 8000.0 Hz, 8-bit, Stereo, Unsigned, 16000.0 frame rate, FrameSize=16 bits
LINEAR, 8000.0 Hz, 8-bit, Stereo, Signed, 16000.0 frame rate, FrameSize=16 bits
LINEAR, 8000.0 Hz, 16-bit, Mono, LittleEndian, Signed, 8000.0 frame rate, FrameSize=16 bits
LINEAR, 8000.0 Hz, 16-bit, Mono, BigEndian, Signed, 8000.0 frame rate, FrameSize=16 bits
LINEAR, 8000.0 Hz, 8-bit, Mono, Unsigned, 8000.0 frame rate, FrameSize=8 bits
LINEAR, 8000.0 Hz, 8-bit, Mono, Signed, 8000.0 frame rate, FrameSize=8 bits

2010-07-29:22:39:02:xomaya.util.Utility:Microsoft LifeCam HD-5000 : civil:\\?\usb#vid_045e&pid_076d&mi_00#6&17789f11&0&0000#{65e8773d-8f56-11d0-a3b9-00a0c9223196}\global
RGB, -1-bit, Masks=-1:-1:-1, PixelStride=-1, LineStride=-1

2010-07-29:22:39:07:xomaya.controllers.Controller:Action Command:java.awt.event.ActionEvent[ACTION_PERFORMED,cmd=VIDEO_ONLY,when=1280457547562,modifiers=Button1] on javax.swing.JRadioButton[,0,0,152x19,alignmentX=0.0,alignmentY=0.5,border=javax.swing.plaf.BorderUIResource$CompoundBorderUIResource@fbb7cb,flags=296,maximumSize=,minimumSize=,preferredSize=,defaultIcon=,disabledIcon=,disabledSelectedIcon=,margin=javax.swing.plaf.InsetsUIResource[top=2,left=2,bottom=2,right=2],paintBorder=false,paintFocus=true,pressedIcon=,rolloverEnabled=true,rolloverIcon=,rolloverSelectedIcon=,selectedIcon=,text=Video Capture]
2010-07-29:22:39:08:xomaya.controllers.Controller:Action Command:java.awt.event.ActionEvent[ACTION_PERFORMED,cmd=START_RECORDING,when=1280457548125,modifiers=Button1] on javax.swing.JButton[,0,0,82x38,alignmentX=0.0,alignmentY=0.5,border=javax.swing.plaf.BorderUIResource$CompoundBorderUIResource@4e280c,flags=296,maximumSize=,minimumSize=,preferredSize=,defaultIcon=./media/media-record.gif,disabledIcon=,disabledSelectedIcon=,margin=javax.swing.plaf.InsetsUIResource[top=2,left=14,bottom=2,right=14],paintBorder=true,paintFocus=true,pressedIcon=,rolloverEnabled=true,rolloverIcon=,rolloverSelectedIcon=,selectedIcon=,text=Start,defaultCapable=true]
2010-07-29:22:39:08:xomaya.controllers.Controller:Started!
2010-07-29:22:39:08:xomaya.util.Utility:TRYING:YUV
2010-07-29:22:39:08:xomaya.util.Utility:Selected format:RGB:100x100
2010-07-29:22:40:23:xomaya.application.Application:System starting...
2010-07-29:22:40:23:xomaya.application.Application:xomaya 1.21 copyright (c) 2010. All Rights Reserved.
2010-07-29:22:40:23:xomaya.application.Application:--------------------------
2010-07-29:22:40:23:xomaya.application.Application:License Key:EXPRESS
2010-07-29:22:40:23:xomaya.application.Application:Invalid License Key: ERROR CODE 5
2010-07-29:22:40:24:xomaya.application.Application:Loaded DLL:312
2010-07-29:22:40:24:xomaya.application.Application:Application validated:EXPRESS
2010-07-29:22:40:24:xomaya.util.Utility:Microsoft LifeCam HD-5000 : civil:\\?\usb#vid_045e&pid_076d&mi_00#6&17789f11&0&0000#{65e8773d-8f56-11d0-a3b9-00a0c9223196}\global
RGB, -1-bit, Masks=-1:-1:-1, PixelStride=-1, LineStride=-1

2010-07-29:22:40:24:xomaya.util.Utility:JavaSound : javasound://
LINEAR, 44100.0 Hz, 16-bit, Stereo, LittleEndian, Signed, 88200.0 frame rate, FrameSize=32 bits
LINEAR, 44100.0 Hz, 16-bit, Stereo, BigEndian, Signed, 88200.0 frame rate, FrameSize=32 bits
LINEAR, 44100.0 Hz, 8-bit, Stereo, Unsigned, 88200.0 frame rate, FrameSize=16 bits
LINEAR, 44100.0 Hz, 8-bit, Stereo, Signed, 88200.0 frame rate, FrameSize=16 bits
LINEAR, 44100.0 Hz, 16-bit, Mono, LittleEndian, Signed, 44100.0 frame rate, FrameSize=16 bits
LINEAR, 44100.0 Hz, 16-bit, Mono, BigEndian, Signed, 44100.0 frame rate, FrameSize=16 bits
LINEAR, 44100.0 Hz, 8-bit, Mono, Unsigned, 44100.0 frame rate, FrameSize=8 bits
LINEAR, 44100.0 Hz, 8-bit, Mono, Signed, 44100.0 frame rate, FrameSize=8 bits
LINEAR, 22050.0 Hz, 16-bit, Stereo, LittleEndian, Signed, 44100.0 frame rate, FrameSize=32 bits
LINEAR, 22050.0 Hz, 16-bit, Stereo, BigEndian, Signed, 44100.0 frame rate, FrameSize=32 bits
LINEAR, 22050.0 Hz, 8-bit, Stereo, Unsigned, 44100.0 frame rate, FrameSize=16 bits
LINEAR, 22050.0 Hz, 8-bit, Stereo, Signed, 44100.0 frame rate, FrameSize=16 bits
LINEAR, 22050.0 Hz, 16-bit, Mono, LittleEndian, Signed, 22050.0 frame rate, FrameSize=16 bits
LINEAR, 22050.0 Hz, 16-bit, Mono, BigEndian, Signed, 22050.0 frame rate, FrameSize=16 bits
LINEAR, 22050.0 Hz, 8-bit, Mono, Unsigned, 22050.0 frame rate, FrameSize=8 bits
LINEAR, 22050.0 Hz, 8-bit, Mono, Signed, 22050.0 frame rate, FrameSize=8 bits
LINEAR, 11025.0 Hz, 16-bit, Stereo, LittleEndian, Signed, 22050.0 frame rate, FrameSize=32 bits
LINEAR, 11025.0 Hz, 16-bit, Stereo, BigEndian, Signed, 22050.0 frame rate, FrameSize=32 bits
LINEAR, 11025.0 Hz, 8-bit, Stereo, Unsigned, 22050.0 frame rate, FrameSize=16 bits
LINEAR, 11025.0 Hz, 8-bit, Stereo, Signed, 22050.0 frame rate, FrameSize=16 bits
LINEAR, 11025.0 Hz, 16-bit, Mono, LittleEndian, Signed, 11025.0 frame rate, FrameSize=16 bits
LINEAR, 11025.0 Hz, 16-bit, Mono, BigEndian, Signed, 11025.0 frame rate, FrameSize=16 bits
LINEAR, 11025.0 Hz, 8-bit, Mono, Unsigned, 11025.0 frame rate, FrameSize=8 bits
LINEAR, 11025.0 Hz, 8-bit, Mono, Signed, 11025.0 frame rate, FrameSize=8 bits
LINEAR, 8000.0 Hz, 16-bit, Stereo, LittleEndian, Signed, 16000.0 frame rate, FrameSize=32 bits
LINEAR, 8000.0 Hz, 16-bit, Stereo, BigEndian, Signed, 16000.0 frame rate, FrameSize=32 bits
LINEAR, 8000.0 Hz, 8-bit, Stereo, Unsigned, 16000.0 frame rate, FrameSize=16 bits
LINEAR, 8000.0 Hz, 8-bit, Stereo, Signed, 16000.0 frame rate, FrameSize=16 bits
LINEAR, 8000.0 Hz, 16-bit, Mono, LittleEndian, Signed, 8000.0 frame rate, FrameSize=16 bits
LINEAR, 8000.0 Hz, 16-bit, Mono, BigEndian, Signed, 8000.0 frame rate, FrameSize=16 bits
LINEAR, 8000.0 Hz, 8-bit, Mono, Unsigned, 8000.0 frame rate, FrameSize=8 bits
LINEAR, 8000.0 Hz, 8-bit, Mono, Signed, 8000.0 frame rate, FrameSize=8 bits

2010-07-29:22:40:24:xomaya.util.Utility:Microsoft LifeCam HD-5000 : civil:\\?\usb#vid_045e&pid_076d&mi_00#6&17789f11&0&0000#{65e8773d-8f56-11d0-a3b9-00a0c9223196}\global
RGB, -1-bit, Masks=-1:-1:-1, PixelStride=-1, LineStride=-1

2010-07-29:22:40:33:xomaya.controllers.Controller:Action Command:java.awt.event.ActionEvent[ACTION_PERFORMED,cmd=VIDEO_ONLY,when=1280457633578,modifiers=Button1] on javax.swing.JRadioButton[,0,0,152x19,alignmentX=0.0,alignmentY=0.5,border=javax.swing.plaf.BorderUIResource$CompoundBorderUIResource@1c56c60,flags=296,maximumSize=,minimumSize=,preferredSize=,defaultIcon=,disabledIcon=,disabledSelectedIcon=,margin=javax.swing.plaf.InsetsUIResource[top=2,left=2,bottom=2,right=2],paintBorder=false,paintFocus=true,pressedIcon=,rolloverEnabled=true,rolloverIcon=,rolloverSelectedIcon=,selectedIcon=,text=Video Capture]
2010-07-29:22:40:35:xomaya.controllers.Controller:Action Command:java.awt.event.ActionEvent[ACTION_PERFORMED,cmd=START_RECORDING,when=1280457635078,modifiers=Button1] on javax.swing.JButton[,0,0,82x38,alignmentX=0.0,alignmentY=0.5,border=javax.swing.plaf.BorderUIResource$CompoundBorderUIResource@12be1bd,flags=296,maximumSize=,minimumSize=,preferredSize=,defaultIcon=./media/media-record.gif,disabledIcon=,disabledSelectedIcon=,margin=javax.swing.plaf.InsetsUIResource[top=2,left=14,bottom=2,right=14],paintBorder=true,paintFocus=true,pressedIcon=,rolloverEnabled=true,rolloverIcon=,rolloverSelectedIcon=,selectedIcon=,text=Start,defaultCapable=true]
2010-07-29:22:40:35:xomaya.controllers.Controller:Started!
2010-07-29:22:40:35:xomaya.util.Utility:TRYING:YUV
2010-07-29:22:40:35:xomaya.util.Utility:Selected format:RGB:100x100
2010-07-29:22:50:15:xomaya.application.Application:System starting...
2010-07-29:22:50:15:xomaya.application.Application:xomaya 1.21 copyright (c) 2010. All Rights Reserved.
2010-07-29:22:50:15:xomaya.application.Application:--------------------------
2010-07-29:22:50:15:xomaya.application.Application:License Key:EXPRESS
2010-07-29:22:50:16:xomaya.application.Application:Invalid License Key: ERROR CODE 5
2010-07-29:22:50:16:xomaya.application.Application:Loaded DLL:265
2010-07-29:22:50:16:xomaya.application.Application:Application validated:EXPRESS
2010-07-29:22:50:17:xomaya.util.Utility:Microsoft LifeCam HD-5000 : civil:\\?\usb#vid_045e&pid_076d&mi_00#6&17789f11&0&0000#{65e8773d-8f56-11d0-a3b9-00a0c9223196}\global
RGB, -1-bit, Masks=-1:-1:-1, PixelStride=-1, LineStride=-1

2010-07-29:22:50:17:xomaya.util.Utility:JavaSound : javasound://
LINEAR, 44100.0 Hz, 16-bit, Stereo, LittleEndian, Signed, 88200.0 frame rate, FrameSize=32 bits
LINEAR, 44100.0 Hz, 16-bit, Stereo, BigEndian, Signed, 88200.0 frame rate, FrameSize=32 bits
LINEAR, 44100.0 Hz, 8-bit, Stereo, Unsigned, 88200.0 frame rate, FrameSize=16 bits
LINEAR, 44100.0 Hz, 8-bit, Stereo, Signed, 88200.0 frame rate, FrameSize=16 bits
LINEAR, 44100.0 Hz, 16-bit, Mono, LittleEndian, Signed, 44100.0 frame rate, FrameSize=16 bits
LINEAR, 44100.0 Hz, 16-bit, Mono, BigEndian, Signed, 44100.0 frame rate, FrameSize=16 bits
LINEAR, 44100.0 Hz, 8-bit, Mono, Unsigned, 44100.0 frame rate, FrameSize=8 bits
LINEAR, 44100.0 Hz, 8-bit, Mono, Signed, 44100.0 frame rate, FrameSize=8 bits
LINEAR, 22050.0 Hz, 16-bit, Stereo, LittleEndian, Signed, 44100.0 frame rate, FrameSize=32 bits
LINEAR, 22050.0 Hz, 16-bit, Stereo, BigEndian, Signed, 44100.0 frame rate, FrameSize=32 bits
LINEAR, 22050.0 Hz, 8-bit, Stereo, Unsigned, 44100.0 frame rate, FrameSize=16 bits
LINEAR, 22050.0 Hz, 8-bit, Stereo, Signed, 44100.0 frame rate, FrameSize=16 bits
LINEAR, 22050.0 Hz, 16-bit, Mono, LittleEndian, Signed, 22050.0 frame rate, FrameSize=16 bits
LINEAR, 22050.0 Hz, 16-bit, Mono, BigEndian, Signed, 22050.0 frame rate, FrameSize=16 bits
LINEAR, 22050.0 Hz, 8-bit, Mono, Unsigned, 22050.0 frame rate, FrameSize=8 bits
LINEAR, 22050.0 Hz, 8-bit, Mono, Signed, 22050.0 frame rate, FrameSize=8 bits
LINEAR, 11025.0 Hz, 16-bit, Stereo, LittleEndian, Signed, 22050.0 frame rate, FrameSize=32 bits
LINEAR, 11025.0 Hz, 16-bit, Stereo, BigEndian, Signed, 22050.0 frame rate, FrameSize=32 bits
LINEAR, 11025.0 Hz, 8-bit, Stereo, Unsigned, 22050.0 frame rate, FrameSize=16 bits
LINEAR, 11025.0 Hz, 8-bit, Stereo, Signed, 22050.0 frame rate, FrameSize=16 bits
LINEAR, 11025.0 Hz, 16-bit, Mono, LittleEndian, Signed, 11025.0 frame rate, FrameSize=16 bits
LINEAR, 11025.0 Hz, 16-bit, Mono, BigEndian, Signed, 11025.0 frame rate, FrameSize=16 bits
LINEAR, 11025.0 Hz, 8-bit, Mono, Unsigned, 11025.0 frame rate, FrameSize=8 bits
LINEAR, 11025.0 Hz, 8-bit, Mono, Signed, 11025.0 frame rate, FrameSize=8 bits
LINEAR, 8000.0 Hz, 16-bit, Stereo, LittleEndian, Signed, 16000.0 frame rate, FrameSize=32 bits
LINEAR, 8000.0 Hz, 16-bit, Stereo, BigEndian, Signed, 16000.0 frame rate, FrameSize=32 bits
LINEAR, 8000.0 Hz, 8-bit, Stereo, Unsigned, 16000.0 frame rate, FrameSize=16 bits
LINEAR, 8000.0 Hz, 8-bit, Stereo, Signed, 16000.0 frame rate, FrameSize=16 bits
LINEAR, 8000.0 Hz, 16-bit, Mono, LittleEndian, Signed, 8000.0 frame rate, FrameSize=16 bits
LINEAR, 8000.0 Hz, 16-bit, Mono, BigEndian, Signed, 8000.0 frame rate, FrameSize=16 bits
LINEAR, 8000.0 Hz, 8-bit, Mono, Unsigned, 8000.0 frame rate, FrameSize=8 bits
LINEAR, 8000.0 Hz, 8-bit, Mono, Signed, 8000.0 frame rate, FrameSize=8 bits

2010-07-29:22:50:17:xomaya.util.Utility:Microsoft LifeCam HD-5000 : civil:\\?\usb#vid_045e&pid_076d&mi_00#6&17789f11&0&0000#{65e8773d-8f56-11d0-a3b9-00a0c9223196}\global
RGB, -1-bit, Masks=-1:-1:-1, PixelStride=-1, LineStride=-1

2010-07-29:22:50:25:xomaya.controllers.Controller:Action Command:java.awt.event.ActionEvent[ACTION_PERFORMED,cmd=START_RECORDING,when=1280458225312,modifiers=Button1] on javax.swing.JButton[,0,0,82x38,alignmentX=0.0,alignmentY=0.5,border=javax.swing.plaf.BorderUIResource$CompoundBorderUIResource@15ac3c9,flags=296,maximumSize=,minimumSize=,preferredSize=,defaultIcon=./media/media-record.gif,disabledIcon=,disabledSelectedIcon=,margin=javax.swing.plaf.InsetsUIResource[top=2,left=14,bottom=2,right=14],paintBorder=true,paintFocus=true,pressedIcon=,rolloverEnabled=true,rolloverIcon=,rolloverSelectedIcon=,selectedIcon=,text=Start,defaultCapable=true]
2010-07-29:22:50:25:xomaya.controllers.Controller:Started!
2010-07-29:22:50:25:xomaya.util.Utility:TRYING:YUV
2010-07-29:22:50:25:xomaya.util.Utility:Selected format:RGB
2010-07-29:22:51:19:xomaya.application.Application:System starting...
2010-07-29:22:51:19:xomaya.application.Application:xomaya 1.21 copyright (c) 2010. All Rights Reserved.
2010-07-29:22:51:19:xomaya.application.Application:--------------------------
2010-07-29:22:51:19:xomaya.application.Application:License Key:EXPRESS
2010-07-29:22:51:19:xomaya.application.Application:Invalid License Key: ERROR CODE 5
2010-07-29:22:51:19:xomaya.application.Application:Loaded DLL:265
2010-07-29:22:51:19:xomaya.application.Application:Application validated:EXPRESS
2010-07-29:22:51:20:xomaya.util.Utility:Microsoft LifeCam HD-5000 : civil:\\?\usb#vid_045e&pid_076d&mi_00#6&17789f11&0&0000#{65e8773d-8f56-11d0-a3b9-00a0c9223196}\global
RGB, -1-bit, Masks=-1:-1:-1, PixelStride=-1, LineStride=-1

2010-07-29:22:51:20:xomaya.util.Utility:JavaSound : javasound://
LINEAR, 44100.0 Hz, 16-bit, Stereo, LittleEndian, Signed, 88200.0 frame rate, FrameSize=32 bits
LINEAR, 44100.0 Hz, 16-bit, Stereo, BigEndian, Signed, 88200.0 frame rate, FrameSize=32 bits
LINEAR, 44100.0 Hz, 8-bit, Stereo, Unsigned, 88200.0 frame rate, FrameSize=16 bits
LINEAR, 44100.0 Hz, 8-bit, Stereo, Signed, 88200.0 frame rate, FrameSize=16 bits
LINEAR, 44100.0 Hz, 16-bit, Mono, LittleEndian, Signed, 44100.0 frame rate, FrameSize=16 bits
LINEAR, 44100.0 Hz, 16-bit, Mono, BigEndian, Signed, 44100.0 frame rate, FrameSize=16 bits
LINEAR, 44100.0 Hz, 8-bit, Mono, Unsigned, 44100.0 frame rate, FrameSize=8 bits
LINEAR, 44100.0 Hz, 8-bit, Mono, Signed, 44100.0 frame rate, FrameSize=8 bits
LINEAR, 22050.0 Hz, 16-bit, Stereo, LittleEndian, Signed, 44100.0 frame rate, FrameSize=32 bits
LINEAR, 22050.0 Hz, 16-bit, Stereo, BigEndian, Signed, 44100.0 frame rate, FrameSize=32 bits
LINEAR, 22050.0 Hz, 8-bit, Stereo, Unsigned, 44100.0 frame rate, FrameSize=16 bits
LINEAR, 22050.0 Hz, 8-bit, Stereo, Signed, 44100.0 frame rate, FrameSize=16 bits
LINEAR, 22050.0 Hz, 16-bit, Mono, LittleEndian, Signed, 22050.0 frame rate, FrameSize=16 bits
LINEAR, 22050.0 Hz, 16-bit, Mono, BigEndian, Signed, 22050.0 frame rate, FrameSize=16 bits
LINEAR, 22050.0 Hz, 8-bit, Mono, Unsigned, 22050.0 frame rate, FrameSize=8 bits
LINEAR, 22050.0 Hz, 8-bit, Mono, Signed, 22050.0 frame rate, FrameSize=8 bits
LINEAR, 11025.0 Hz, 16-bit, Stereo, LittleEndian, Signed, 22050.0 frame rate, FrameSize=32 bits
LINEAR, 11025.0 Hz, 16-bit, Stereo, BigEndian, Signed, 22050.0 frame rate, FrameSize=32 bits
LINEAR, 11025.0 Hz, 8-bit, Stereo, Unsigned, 22050.0 frame rate, FrameSize=16 bits
LINEAR, 11025.0 Hz, 8-bit, Stereo, Signed, 22050.0 frame rate, FrameSize=16 bits
LINEAR, 11025.0 Hz, 16-bit, Mono, LittleEndian, Signed, 11025.0 frame rate, FrameSize=16 bits
LINEAR, 11025.0 Hz, 16-bit, Mono, BigEndian, Signed, 11025.0 frame rate, FrameSize=16 bits
LINEAR, 11025.0 Hz, 8-bit, Mono, Unsigned, 11025.0 frame rate, FrameSize=8 bits
LINEAR, 11025.0 Hz, 8-bit, Mono, Signed, 11025.0 frame rate, FrameSize=8 bits
LINEAR, 8000.0 Hz, 16-bit, Stereo, LittleEndian, Signed, 16000.0 frame rate, FrameSize=32 bits
LINEAR, 8000.0 Hz, 16-bit, Stereo, BigEndian, Signed, 16000.0 frame rate, FrameSize=32 bits
LINEAR, 8000.0 Hz, 8-bit, Stereo, Unsigned, 16000.0 frame rate, FrameSize=16 bits
LINEAR, 8000.0 Hz, 8-bit, Stereo, Signed, 16000.0 frame rate, FrameSize=16 bits
LINEAR, 8000.0 Hz, 16-bit, Mono, LittleEndian, Signed, 8000.0 frame rate, FrameSize=16 bits
LINEAR, 8000.0 Hz, 16-bit, Mono, BigEndian, Signed, 8000.0 frame rate, FrameSize=16 bits
LINEAR, 8000.0 Hz, 8-bit, Mono, Unsigned, 8000.0 frame rate, FrameSize=8 bits
LINEAR, 8000.0 Hz, 8-bit, Mono, Signed, 8000.0 frame rate, FrameSize=8 bits

2010-07-29:22:51:20:xomaya.util.Utility:Microsoft LifeCam HD-5000 : civil:\\?\usb#vid_045e&pid_076d&mi_00#6&17789f11&0&0000#{65e8773d-8f56-11d0-a3b9-00a0c9223196}\global
RGB, -1-bit, Masks=-1:-1:-1, PixelStride=-1, LineStride=-1

2010-07-29:22:51:27:xomaya.controllers.Controller:Action Command:java.awt.event.ActionEvent[ACTION_PERFORMED,cmd=START_RECORDING,when=1280458287281,modifiers=Button1] on javax.swing.JButton[,0,0,82x38,alignmentX=0.0,alignmentY=0.5,border=javax.swing.plaf.BorderUIResource$CompoundBorderUIResource@d3d6f,flags=296,maximumSize=,minimumSize=,preferredSize=,defaultIcon=./media/media-record.gif,disabledIcon=,disabledSelectedIcon=,margin=javax.swing.plaf.InsetsUIResource[top=2,left=14,bottom=2,right=14],paintBorder=true,paintFocus=true,pressedIcon=,rolloverEnabled=true,rolloverIcon=,rolloverSelectedIcon=,selectedIcon=,text=Start,defaultCapable=true]
2010-07-29:22:51:27:xomaya.controllers.Controller:Started!
2010-07-29:22:51:27:xomaya.util.Utility:TRYING:YUV
2010-07-29:22:51:27:xomaya.util.Utility:Selected format:RGB
2010-07-29:22:51:27:xomaya.util.Utility:Microsoft LifeCam HD-5000 : civil:\\?\usb#vid_045e&pid_076d&mi_00#6&17789f11&0&0000#{65e8773d-8f56-11d0-a3b9-00a0c9223196}\global
RGB, -1-bit, Masks=-1:-1:-1, PixelStride=-1, LineStride=-1

2010-07-29:22:51:27:xomaya.util.Utility:Microsoft LifeCam HD-5000 : civil:\\?\usb#vid_045e&pid_076d&mi_00#6&17789f11&0&0000#{65e8773d-8f56-11d0-a3b9-00a0c9223196}\global
RGB, -1-bit, Masks=-1:-1:-1, PixelStride=-1, LineStride=-1

2010-07-29:22:51:28:xomaya.util.Utility:Setting format RGB, 640x480, FrameRate=30.0, 24-bit, Masks=3:2:1, PixelStride=3, LineStride=1920
2010-07-29:22:51:29:xomaya.components.JavaSoundStream:PCM_SIGNED 8000.0 Hz, 16 bit, stereo, 4 bytes/frame, little-endian
2010-07-29:22:52:01:xomaya.application.Application:System starting...
2010-07-29:22:52:02:xomaya.application.Application:xomaya 1.21 copyright (c) 2010. All Rights Reserved.
2010-07-29:22:52:02:xomaya.application.Application:--------------------------
2010-07-29:22:52:02:xomaya.application.Application:License Key:EXPRESS
2010-07-29:22:52:02:xomaya.application.Application:Invalid License Key: ERROR CODE 5
2010-07-29:22:52:02:xomaya.application.Application:Loaded DLL:297
2010-07-29:22:52:02:xomaya.application.Application:Application validated:EXPRESS
2010-07-29:22:52:03:xomaya.util.Utility:Microsoft LifeCam HD-5000 : civil:\\?\usb#vid_045e&pid_076d&mi_00#6&17789f11&0&0000#{65e8773d-8f56-11d0-a3b9-00a0c9223196}\global
RGB, -1-bit, Masks=-1:-1:-1, PixelStride=-1, LineStride=-1

2010-07-29:22:52:03:xomaya.util.Utility:JavaSound : javasound://
LINEAR, 44100.0 Hz, 16-bit, Stereo, LittleEndian, Signed, 88200.0 frame rate, FrameSize=32 bits
LINEAR, 44100.0 Hz, 16-bit, Stereo, BigEndian, Signed, 88200.0 frame rate, FrameSize=32 bits
LINEAR, 44100.0 Hz, 8-bit, Stereo, Unsigned, 88200.0 frame rate, FrameSize=16 bits
LINEAR, 44100.0 Hz, 8-bit, Stereo, Signed, 88200.0 frame rate, FrameSize=16 bits
LINEAR, 44100.0 Hz, 16-bit, Mono, LittleEndian, Signed, 44100.0 frame rate, FrameSize=16 bits
LINEAR, 44100.0 Hz, 16-bit, Mono, BigEndian, Signed, 44100.0 frame rate, FrameSize=16 bits
LINEAR, 44100.0 Hz, 8-bit, Mono, Unsigned, 44100.0 frame rate, FrameSize=8 bits
LINEAR, 44100.0 Hz, 8-bit, Mono, Signed, 44100.0 frame rate, FrameSize=8 bits
LINEAR, 22050.0 Hz, 16-bit, Stereo, LittleEndian, Signed, 44100.0 frame rate, FrameSize=32 bits
LINEAR, 22050.0 Hz, 16-bit, Stereo, BigEndian, Signed, 44100.0 frame rate, FrameSize=32 bits
LINEAR, 22050.0 Hz, 8-bit, Stereo, Unsigned, 44100.0 frame rate, FrameSize=16 bits
LINEAR, 22050.0 Hz, 8-bit, Stereo, Signed, 44100.0 frame rate, FrameSize=16 bits
LINEAR, 22050.0 Hz, 16-bit, Mono, LittleEndian, Signed, 22050.0 frame rate, FrameSize=16 bits
LINEAR, 22050.0 Hz, 16-bit, Mono, BigEndian, Signed, 22050.0 frame rate, FrameSize=16 bits
LINEAR, 22050.0 Hz, 8-bit, Mono, Unsigned, 22050.0 frame rate, FrameSize=8 bits
LINEAR, 22050.0 Hz, 8-bit, Mono, Signed, 22050.0 frame rate, FrameSize=8 bits
LINEAR, 11025.0 Hz, 16-bit, Stereo, LittleEndian, Signed, 22050.0 frame rate, FrameSize=32 bits
LINEAR, 11025.0 Hz, 16-bit, Stereo, BigEndian, Signed, 22050.0 frame rate, FrameSize=32 bits
LINEAR, 11025.0 Hz, 8-bit, Stereo, Unsigned, 22050.0 frame rate, FrameSize=16 bits
LINEAR, 11025.0 Hz, 8-bit, Stereo, Signed, 22050.0 frame rate, FrameSize=16 bits
LINEAR, 11025.0 Hz, 16-bit, Mono, LittleEndian, Signed, 11025.0 frame rate, FrameSize=16 bits
LINEAR, 11025.0 Hz, 16-bit, Mono, BigEndian, Signed, 11025.0 frame rate, FrameSize=16 bits
LINEAR, 11025.0 Hz, 8-bit, Mono, Unsigned, 11025.0 frame rate, FrameSize=8 bits
LINEAR, 11025.0 Hz, 8-bit, Mono, Signed, 11025.0 frame rate, FrameSize=8 bits
LINEAR, 8000.0 Hz, 16-bit, Stereo, LittleEndian, Signed, 16000.0 frame rate, FrameSize=32 bits
LINEAR, 8000.0 Hz, 16-bit, Stereo, BigEndian, Signed, 16000.0 frame rate, FrameSize=32 bits
LINEAR, 8000.0 Hz, 8-bit, Stereo, Unsigned, 16000.0 frame rate, FrameSize=16 bits
LINEAR, 8000.0 Hz, 8-bit, Stereo, Signed, 16000.0 frame rate, FrameSize=16 bits
LINEAR, 8000.0 Hz, 16-bit, Mono, LittleEndian, Signed, 8000.0 frame rate, FrameSize=16 bits
LINEAR, 8000.0 Hz, 16-bit, Mono, BigEndian, Signed, 8000.0 frame rate, FrameSize=16 bits
LINEAR, 8000.0 Hz, 8-bit, Mono, Unsigned, 8000.0 frame rate, FrameSize=8 bits
LINEAR, 8000.0 Hz, 8-bit, Mono, Signed, 8000.0 frame rate, FrameSize=8 bits

2010-07-29:22:52:03:xomaya.util.Utility:Microsoft LifeCam HD-5000 : civil:\\?\usb#vid_045e&pid_076d&mi_00#6&17789f11&0&0000#{65e8773d-8f56-11d0-a3b9-00a0c9223196}\global
RGB, -1-bit, Masks=-1:-1:-1, PixelStride=-1, LineStride=-1

2010-07-29:22:52:17:xomaya.application.Application:System starting...
2010-07-29:22:52:17:xomaya.application.Application:xomaya 1.21 copyright (c) 2010. All Rights Reserved.
2010-07-29:22:52:17:xomaya.application.Application:--------------------------
2010-07-29:22:52:17:xomaya.application.Application:License Key:EXPRESS
2010-07-29:22:52:18:xomaya.application.Application:Invalid License Key: ERROR CODE 5
2010-07-29:22:52:18:xomaya.application.Application:Loaded DLL:266
2010-07-29:22:52:18:xomaya.application.Application:Application validated:EXPRESS
2010-07-29:22:52:19:xomaya.util.Utility:Microsoft LifeCam HD-5000 : civil:\\?\usb#vid_045e&pid_076d&mi_00#6&17789f11&0&0000#{65e8773d-8f56-11d0-a3b9-00a0c9223196}\global
RGB, -1-bit, Masks=-1:-1:-1, PixelStride=-1, LineStride=-1

2010-07-29:22:52:19:xomaya.util.Utility:JavaSound : javasound://
LINEAR, 44100.0 Hz, 16-bit, Stereo, LittleEndian, Signed, 88200.0 frame rate, FrameSize=32 bits
LINEAR, 44100.0 Hz, 16-bit, Stereo, BigEndian, Signed, 88200.0 frame rate, FrameSize=32 bits
LINEAR, 44100.0 Hz, 8-bit, Stereo, Unsigned, 88200.0 frame rate, FrameSize=16 bits
LINEAR, 44100.0 Hz, 8-bit, Stereo, Signed, 88200.0 frame rate, FrameSize=16 bits
LINEAR, 44100.0 Hz, 16-bit, Mono, LittleEndian, Signed, 44100.0 frame rate, FrameSize=16 bits
LINEAR, 44100.0 Hz, 16-bit, Mono, BigEndian, Signed, 44100.0 frame rate, FrameSize=16 bits
LINEAR, 44100.0 Hz, 8-bit, Mono, Unsigned, 44100.0 frame rate, FrameSize=8 bits
LINEAR, 44100.0 Hz, 8-bit, Mono, Signed, 44100.0 frame rate, FrameSize=8 bits
LINEAR, 22050.0 Hz, 16-bit, Stereo, LittleEndian, Signed, 44100.0 frame rate, FrameSize=32 bits
LINEAR, 22050.0 Hz, 16-bit, Stereo, BigEndian, Signed, 44100.0 frame rate, FrameSize=32 bits
LINEAR, 22050.0 Hz, 8-bit, Stereo, Unsigned, 44100.0 frame rate, FrameSize=16 bits
LINEAR, 22050.0 Hz, 8-bit, Stereo, Signed, 44100.0 frame rate, FrameSize=16 bits
LINEAR, 22050.0 Hz, 16-bit, Mono, LittleEndian, Signed, 22050.0 frame rate, FrameSize=16 bits
LINEAR, 22050.0 Hz, 16-bit, Mono, BigEndian, Signed, 22050.0 frame rate, FrameSize=16 bits
LINEAR, 22050.0 Hz, 8-bit, Mono, Unsigned, 22050.0 frame rate, FrameSize=8 bits
LINEAR, 22050.0 Hz, 8-bit, Mono, Signed, 22050.0 frame rate, FrameSize=8 bits
LINEAR, 11025.0 Hz, 16-bit, Stereo, LittleEndian, Signed, 22050.0 frame rate, FrameSize=32 bits
LINEAR, 11025.0 Hz, 16-bit, Stereo, BigEndian, Signed, 22050.0 frame rate, FrameSize=32 bits
LINEAR, 11025.0 Hz, 8-bit, Stereo, Unsigned, 22050.0 frame rate, FrameSize=16 bits
LINEAR, 11025.0 Hz, 8-bit, Stereo, Signed, 22050.0 frame rate, FrameSize=16 bits
LINEAR, 11025.0 Hz, 16-bit, Mono, LittleEndian, Signed, 11025.0 frame rate, FrameSize=16 bits
LINEAR, 11025.0 Hz, 16-bit, Mono, BigEndian, Signed, 11025.0 frame rate, FrameSize=16 bits
LINEAR, 11025.0 Hz, 8-bit, Mono, Unsigned, 11025.0 frame rate, FrameSize=8 bits
LINEAR, 11025.0 Hz, 8-bit, Mono, Signed, 11025.0 frame rate, FrameSize=8 bits
LINEAR, 8000.0 Hz, 16-bit, Stereo, LittleEndian, Signed, 16000.0 frame rate, FrameSize=32 bits
LINEAR, 8000.0 Hz, 16-bit, Stereo, BigEndian, Signed, 16000.0 frame rate, FrameSize=32 bits
LINEAR, 8000.0 Hz, 8-bit, Stereo, Unsigned, 16000.0 frame rate, FrameSize=16 bits
LINEAR, 8000.0 Hz, 8-bit, Stereo, Signed, 16000.0 frame rate, FrameSize=16 bits
LINEAR, 8000.0 Hz, 16-bit, Mono, LittleEndian, Signed, 8000.0 frame rate, FrameSize=16 bits
LINEAR, 8000.0 Hz, 16-bit, Mono, BigEndian, Signed, 8000.0 frame rate, FrameSize=16 bits
LINEAR, 8000.0 Hz, 8-bit, Mono, Unsigned, 8000.0 frame rate, FrameSize=8 bits
LINEAR, 8000.0 Hz, 8-bit, Mono, Signed, 8000.0 frame rate, FrameSize=8 bits

2010-07-29:22:52:19:xomaya.util.Utility:Microsoft LifeCam HD-5000 : civil:\\?\usb#vid_045e&pid_076d&mi_00#6&17789f11&0&0000#{65e8773d-8f56-11d0-a3b9-00a0c9223196}\global
RGB, -1-bit, Masks=-1:-1:-1, PixelStride=-1, LineStride=-1

2010-07-29:22:52:23:xomaya.controllers.Controller:Action Command:java.awt.event.ActionEvent[ACTION_PERFORMED,cmd=VIDEO_ONLY,when=1280458343640,modifiers=Button1] on javax.swing.JRadioButton[,0,0,152x19,alignmentX=0.0,alignmentY=0.5,border=javax.swing.plaf.BorderUIResource$CompoundBorderUIResource@140c281,flags=296,maximumSize=,minimumSize=,preferredSize=,defaultIcon=,disabledIcon=,disabledSelectedIcon=,margin=javax.swing.plaf.InsetsUIResource[top=2,left=2,bottom=2,right=2],paintBorder=false,paintFocus=true,pressedIcon=,rolloverEnabled=true,rolloverIcon=,rolloverSelectedIcon=,selectedIcon=,text=Video Capture]
2010-07-29:22:52:26:xomaya.controllers.Controller:Action Command:java.awt.event.ActionEvent[ACTION_PERFORMED,cmd=START_RECORDING,when=1280458346421,modifiers=Button1] on javax.swing.JButton[,0,0,82x38,alignmentX=0.0,alignmentY=0.5,border=javax.swing.plaf.BorderUIResource$CompoundBorderUIResource@187814,flags=296,maximumSize=,minimumSize=,preferredSize=,defaultIcon=./media/media-record.gif,disabledIcon=,disabledSelectedIcon=,margin=javax.swing.plaf.InsetsUIResource[top=2,left=14,bottom=2,right=14],paintBorder=true,paintFocus=true,pressedIcon=,rolloverEnabled=true,rolloverIcon=,rolloverSelectedIcon=,selectedIcon=,text=Start,defaultCapable=true]
2010-07-29:22:52:26:xomaya.controllers.Controller:Started!
2010-07-29:22:52:26:xomaya.util.Utility:TRYING:YUV
2010-07-29:22:52:26:xomaya.util.Utility:Selected format:RGB
2010-07-29:22:52:26:xomaya.util.Utility:Microsoft LifeCam HD-5000 : civil:\\?\usb#vid_045e&pid_076d&mi_00#6&17789f11&0&0000#{65e8773d-8f56-11d0-a3b9-00a0c9223196}\global
RGB, -1-bit, Masks=-1:-1:-1, PixelStride=-1, LineStride=-1

2010-07-29:22:52:26:xomaya.util.Utility:Microsoft LifeCam HD-5000 : civil:\\?\usb#vid_045e&pid_076d&mi_00#6&17789f11&0&0000#{65e8773d-8f56-11d0-a3b9-00a0c9223196}\global
RGB, -1-bit, Masks=-1:-1:-1, PixelStride=-1, LineStride=-1

2010-07-29:22:52:27:xomaya.util.Utility:Setting format RGB, 640x480, FrameRate=30.0, 24-bit, Masks=3:2:1, PixelStride=3, LineStride=1920
2010-07-29:22:52:27:xomaya.components.JavaSoundStream:PCM_SIGNED 8000.0 Hz, 16 bit, stereo, 4 bytes/frame, little-endian
2010-07-29:22:52:27:xomaya.components.Xomaya:Could not create DS
2010-07-29:22:53:26:xomaya.application.Application:System starting...
2010-07-29:22:53:26:xomaya.application.Application:xomaya 1.21 copyright (c) 2010. All Rights Reserved.
2010-07-29:22:53:26:xomaya.application.Application:--------------------------
2010-07-29:22:53:26:xomaya.application.Application:License Key:EXPRESS
2010-07-29:22:53:27:xomaya.application.Application:Invalid License Key: ERROR CODE 5
2010-07-29:22:53:27:xomaya.application.Application:Loaded DLL:250
2010-07-29:22:53:27:xomaya.application.Application:Application validated:EXPRESS
2010-07-29:22:53:27:xomaya.util.Utility:Microsoft LifeCam HD-5000 : civil:\\?\usb#vid_045e&pid_076d&mi_00#6&17789f11&0&0000#{65e8773d-8f56-11d0-a3b9-00a0c9223196}\global
RGB, -1-bit, Masks=-1:-1:-1, PixelStride=-1, LineStride=-1

2010-07-29:22:53:27:xomaya.util.Utility:JavaSound : javasound://
LINEAR, 44100.0 Hz, 16-bit, Stereo, LittleEndian, Signed, 88200.0 frame rate, FrameSize=32 bits
LINEAR, 44100.0 Hz, 16-bit, Stereo, BigEndian, Signed, 88200.0 frame rate, FrameSize=32 bits
LINEAR, 44100.0 Hz, 8-bit, Stereo, Unsigned, 88200.0 frame rate, FrameSize=16 bits
LINEAR, 44100.0 Hz, 8-bit, Stereo, Signed, 88200.0 frame rate, FrameSize=16 bits
LINEAR, 44100.0 Hz, 16-bit, Mono, LittleEndian, Signed, 44100.0 frame rate, FrameSize=16 bits
LINEAR, 44100.0 Hz, 16-bit, Mono, BigEndian, Signed, 44100.0 frame rate, FrameSize=16 bits
LINEAR, 44100.0 Hz, 8-bit, Mono, Unsigned, 44100.0 frame rate, FrameSize=8 bits
LINEAR, 44100.0 Hz, 8-bit, Mono, Signed, 44100.0 frame rate, FrameSize=8 bits
LINEAR, 22050.0 Hz, 16-bit, Stereo, LittleEndian, Signed, 44100.0 frame rate, FrameSize=32 bits
LINEAR, 22050.0 Hz, 16-bit, Stereo, BigEndian, Signed, 44100.0 frame rate, FrameSize=32 bits
LINEAR, 22050.0 Hz, 8-bit, Stereo, Unsigned, 44100.0 frame rate, FrameSize=16 bits
LINEAR, 22050.0 Hz, 8-bit, Stereo, Signed, 44100.0 frame rate, FrameSize=16 bits
LINEAR, 22050.0 Hz, 16-bit, Mono, LittleEndian, Signed, 22050.0 frame rate, FrameSize=16 bits
LINEAR, 22050.0 Hz, 16-bit, Mono, BigEndian, Signed, 22050.0 frame rate, FrameSize=16 bits
LINEAR, 22050.0 Hz, 8-bit, Mono, Unsigned, 22050.0 frame rate, FrameSize=8 bits
LINEAR, 22050.0 Hz, 8-bit, Mono, Signed, 22050.0 frame rate, FrameSize=8 bits
LINEAR, 11025.0 Hz, 16-bit, Stereo, LittleEndian, Signed, 22050.0 frame rate, FrameSize=32 bits
LINEAR, 11025.0 Hz, 16-bit, Stereo, BigEndian, Signed, 22050.0 frame rate, FrameSize=32 bits
LINEAR, 11025.0 Hz, 8-bit, Stereo, Unsigned, 22050.0 frame rate, FrameSize=16 bits
LINEAR, 11025.0 Hz, 8-bit, Stereo, Signed, 22050.0 frame rate, FrameSize=16 bits
LINEAR, 11025.0 Hz, 16-bit, Mono, LittleEndian, Signed, 11025.0 frame rate, FrameSize=16 bits
LINEAR, 11025.0 Hz, 16-bit, Mono, BigEndian, Signed, 11025.0 frame rate, FrameSize=16 bits
LINEAR, 11025.0 Hz, 8-bit, Mono, Unsigned, 11025.0 frame rate, FrameSize=8 bits
LINEAR, 11025.0 Hz, 8-bit, Mono, Signed, 11025.0 frame rate, FrameSize=8 bits
LINEAR, 8000.0 Hz, 16-bit, Stereo, LittleEndian, Signed, 16000.0 frame rate, FrameSize=32 bits
LINEAR, 8000.0 Hz, 16-bit, Stereo, BigEndian, Signed, 16000.0 frame rate, FrameSize=32 bits
LINEAR, 8000.0 Hz, 8-bit, Stereo, Unsigned, 16000.0 frame rate, FrameSize=16 bits
LINEAR, 8000.0 Hz, 8-bit, Stereo, Signed, 16000.0 frame rate, FrameSize=16 bits
LINEAR, 8000.0 Hz, 16-bit, Mono, LittleEndian, Signed, 8000.0 frame rate, FrameSize=16 bits
LINEAR, 8000.0 Hz, 16-bit, Mono, BigEndian, Signed, 8000.0 frame rate, FrameSize=16 bits
LINEAR, 8000.0 Hz, 8-bit, Mono, Unsigned, 8000.0 frame rate, FrameSize=8 bits
LINEAR, 8000.0 Hz, 8-bit, Mono, Signed, 8000.0 frame rate, FrameSize=8 bits

2010-07-29:22:53:27:xomaya.util.Utility:Microsoft LifeCam HD-5000 : civil:\\?\usb#vid_045e&pid_076d&mi_00#6&17789f11&0&0000#{65e8773d-8f56-11d0-a3b9-00a0c9223196}\global
RGB, -1-bit, Masks=-1:-1:-1, PixelStride=-1, LineStride=-1

2010-07-29:23:10:12:xomaya.application.Application:System starting...
2010-07-29:23:10:12:xomaya.application.Application:xomaya 1.21 copyright (c) 2010. All Rights Reserved.
2010-07-29:23:10:12:xomaya.application.Application:--------------------------
2010-07-29:23:10:12:xomaya.application.Application:License Key:EXPRESS
2010-07-29:23:10:13:xomaya.application.Application:Invalid License Key: ERROR CODE 5
2010-07-29:23:10:13:xomaya.application.Application:Loaded DLL:250
2010-07-29:23:10:13:xomaya.application.Application:Application validated:EXPRESS
2010-07-29:23:10:14:xomaya.util.Utility:Microsoft LifeCam HD-5000 : civil:\\?\usb#vid_045e&pid_076d&mi_00#6&17789f11&0&0000#{65e8773d-8f56-11d0-a3b9-00a0c9223196}\global
RGB, -1-bit, Masks=-1:-1:-1, PixelStride=-1, LineStride=-1

2010-07-29:23:10:14:xomaya.util.Utility:JavaSound : javasound://
LINEAR, 44100.0 Hz, 16-bit, Stereo, LittleEndian, Signed, 88200.0 frame rate, FrameSize=32 bits
LINEAR, 44100.0 Hz, 16-bit, Stereo, BigEndian, Signed, 88200.0 frame rate, FrameSize=32 bits
LINEAR, 44100.0 Hz, 8-bit, Stereo, Unsigned, 88200.0 frame rate, FrameSize=16 bits
LINEAR, 44100.0 Hz, 8-bit, Stereo, Signed, 88200.0 frame rate, FrameSize=16 bits
LINEAR, 44100.0 Hz, 16-bit, Mono, LittleEndian, Signed, 44100.0 frame rate, FrameSize=16 bits
LINEAR, 44100.0 Hz, 16-bit, Mono, BigEndian, Signed, 44100.0 frame rate, FrameSize=16 bits
LINEAR, 44100.0 Hz, 8-bit, Mono, Unsigned, 44100.0 frame rate, FrameSize=8 bits
LINEAR, 44100.0 Hz, 8-bit, Mono, Signed, 44100.0 frame rate, FrameSize=8 bits
LINEAR, 22050.0 Hz, 16-bit, Stereo, LittleEndian, Signed, 44100.0 frame rate, FrameSize=32 bits
LINEAR, 22050.0 Hz, 16-bit, Stereo, BigEndian, Signed, 44100.0 frame rate, FrameSize=32 bits
LINEAR, 22050.0 Hz, 8-bit, Stereo, Unsigned, 44100.0 frame rate, FrameSize=16 bits
LINEAR, 22050.0 Hz, 8-bit, Stereo, Signed, 44100.0 frame rate, FrameSize=16 bits
LINEAR, 22050.0 Hz, 16-bit, Mono, LittleEndian, Signed, 22050.0 frame rate, FrameSize=16 bits
LINEAR, 22050.0 Hz, 16-bit, Mono, BigEndian, Signed, 22050.0 frame rate, FrameSize=16 bits
LINEAR, 22050.0 Hz, 8-bit, Mono, Unsigned, 22050.0 frame rate, FrameSize=8 bits
LINEAR, 22050.0 Hz, 8-bit, Mono, Signed, 22050.0 frame rate, FrameSize=8 bits
LINEAR, 11025.0 Hz, 16-bit, Stereo, LittleEndian, Signed, 22050.0 frame rate, FrameSize=32 bits
LINEAR, 11025.0 Hz, 16-bit, Stereo, BigEndian, Signed, 22050.0 frame rate, FrameSize=32 bits
LINEAR, 11025.0 Hz, 8-bit, Stereo, Unsigned, 22050.0 frame rate, FrameSize=16 bits
LINEAR, 11025.0 Hz, 8-bit, Stereo, Signed, 22050.0 frame rate, FrameSize=16 bits
LINEAR, 11025.0 Hz, 16-bit, Mono, LittleEndian, Signed, 11025.0 frame rate, FrameSize=16 bits
LINEAR, 11025.0 Hz, 16-bit, Mono, BigEndian, Signed, 11025.0 frame rate, FrameSize=16 bits
LINEAR, 11025.0 Hz, 8-bit, Mono, Unsigned, 11025.0 frame rate, FrameSize=8 bits
LINEAR, 11025.0 Hz, 8-bit, Mono, Signed, 11025.0 frame rate, FrameSize=8 bits
LINEAR, 8000.0 Hz, 16-bit, Stereo, LittleEndian, Signed, 16000.0 frame rate, FrameSize=32 bits
LINEAR, 8000.0 Hz, 16-bit, Stereo, BigEndian, Signed, 16000.0 frame rate, FrameSize=32 bits
LINEAR, 8000.0 Hz, 8-bit, Stereo, Unsigned, 16000.0 frame rate, FrameSize=16 bits
LINEAR, 8000.0 Hz, 8-bit, Stereo, Signed, 16000.0 frame rate, FrameSize=16 bits
LINEAR, 8000.0 Hz, 16-bit, Mono, LittleEndian, Signed, 8000.0 frame rate, FrameSize=16 bits
LINEAR, 8000.0 Hz, 16-bit, Mono, BigEndian, Signed, 8000.0 frame rate, FrameSize=16 bits
LINEAR, 8000.0 Hz, 8-bit, Mono, Unsigned, 8000.0 frame rate, FrameSize=8 bits
LINEAR, 8000.0 Hz, 8-bit, Mono, Signed, 8000.0 frame rate, FrameSize=8 bits

2010-07-29:23:10:14:xomaya.util.Utility:Microsoft LifeCam HD-5000 : civil:\\?\usb#vid_045e&pid_076d&mi_00#6&17789f11&0&0000#{65e8773d-8f56-11d0-a3b9-00a0c9223196}\global
RGB, -1-bit, Masks=-1:-1:-1, PixelStride=-1, LineStride=-1

