2010-07-02:19:11:38:xomaya.application.Application:System starting...
2010-07-02:19:11:38:xomaya.application.Application:xomaya 1.18 copyright (c) 2010. All Rights Reserved.
2010-07-02:19:11:38:xomaya.application.Application:--------------------------
2010-07-02:19:11:39:xomaya.application.Application:Invalid License Key: ERROR CODE 5
2010-07-02:19:11:39:xomaya.components.DirectSoundAudo:DirectSound Capture Supported = true
2010-07-02:19:11:44:xomaya.components.DirectSoundAudo:DirectSoundAuto: Committed ok
2010-07-02:19:11:46:xomaya.application.Application:Loaded DLL:1266
2010-07-02:19:11:46:xomaya.application.Application:Application validated:EXPRESS
2010-07-02:19:18:47:xomaya.controllers.Controller:Action Command:java.awt.event.ActionEvent[ACTION_PERFORMED,cmd=START_RECORDING,when=1278112727078,modifiers=Button1] on javax.swing.JButton[,0,0,82x38,alignmentX=0.0,alignmentY=0.5,border=javax.swing.plaf.BorderUIResource$CompoundBorderUIResource@1e57e8f,flags=296,maximumSize=,minimumSize=,preferredSize=,defaultIcon=./media/media-record.gif,disabledIcon=,disabledSelectedIcon=,margin=javax.swing.plaf.InsetsUIResource[top=2,left=14,bottom=2,right=14],paintBorder=true,paintFocus=true,pressedIcon=,rolloverEnabled=true,rolloverIcon=,rolloverSelectedIcon=,selectedIcon=,text=Start,defaultCapable=true]
2010-07-02:19:18:47:xomaya.controllers.Controller:Started!
2010-07-02:19:18:51:xomaya.util.Utility:Setting format RGB, 640x480, FrameRate=8.0, Length=921600, 24-bit, Masks=3:2:1, PixelStride=3, LineStride=1920, Flipped
2010-07-02:19:18:52:xomaya.components.JavaSoundStream:PCM_SIGNED 8000.0 Hz, 16 bit, stereo, 4 bytes/frame, little-endian
2010-07-02:19:18:52:xomaya.components.FrameAccess:Middle?
2010-07-02:19:18:55:xomaya.components.effects.GraphicEffect:setOutputFormat
2010-07-02:19:18:55:xomaya.components.effects.GraphicEffect:RGB, 640x480, FrameRate=8.0, Length=921600, 24-bit, Masks=3:2:1, PixelStride=3, LineStride=1920, Flipped
2010-07-02:19:18:56:xomaya.components.effects.GraphicEffect:GraphicsEffect mm called
2010-07-02:19:18:58:xomaya.components.JavaSoundStream:JavaSoundStream mm called
2010-07-02:19:18:58:xomaya.components.JavaSoundStream:2484
2010-07-02:19:18:59:xomaya.components.FrameAccess:TU:0
2010-07-02:19:18:59:xomaya.components.FrameAccess:TV:0
2010-07-02:19:18:59:xomaya.components.STimerTask:Delay:16|0
2010-07-02:19:20:51:xomaya.components.STimerTask:Delay:16|16
2010-07-02:19:22:43:xomaya.components.STimerTask:Delay:15|32
2010-07-02:19:23:08:xomaya.components.STimerTask:Delay:15|47
2010-07-02:19:23:11:xomaya.components.STimerTask:Delay:16|62
2010-07-02:19:23:28:xomaya.components.STimerTask:Delay:15|78
2010-07-02:19:24:19:xomaya.components.STimerTask:Delay:15|93
2010-07-02:19:24:30:xomaya.components.STimerTask:Delay:62|108
2010-07-02:19:26:33:xomaya.controllers.Controller:Action Command:java.awt.event.ActionEvent[ACTION_PERFORMED,cmd=STOP_RECORDING,when=1278113193140,modifiers=Button1] on javax.swing.JButton[,0,38,82x38,alignmentX=0.0,alignmentY=0.5,border=javax.swing.plaf.BorderUIResource$CompoundBorderUIResource@1e57e8f,flags=296,maximumSize=,minimumSize=,preferredSize=,defaultIcon=./media/media-playback-stop.gif,disabledIcon=sun.swing.ImageIconUIResource@194df96,disabledSelectedIcon=,margin=javax.swing.plaf.InsetsUIResource[top=2,left=14,bottom=2,right=14],paintBorder=true,paintFocus=true,pressedIcon=,rolloverEnabled=true,rolloverIcon=,rolloverSelectedIcon=,selectedIcon=,text=Stop,defaultCapable=true]
2010-07-02:19:26:33:xomaya.controllers.Controller:Stopped!
2010-07-02:19:26:33:xomaya.components.FrameAccess:Total Time:454672
2010-07-02:19:26:38:xomaya.components.FrameAccess:Stopped and closed
2010-07-02:19:26:38:xomaya.controllers.Controller:Total time:471219
2010-07-02:19:37:44:xomaya.controllers.Controller:Failed to open file:/C:/Documents%20and%20Settings/beecrofs/My%20Documents/NetBeansProjects/xomaya;out. Error message: The system cannot find the path specified.

