xomaya.application.Application:Tue Jun 15 12:19:24 EDT 2010:Loaded DLL:1438
xomaya.controllers.Controller:Tue Jun 15 12:19:34 EDT 2010:Action Command:java.awt.event.ActionEvent[ACTION_PERFORMED,cmd=RECORD_PRESENTATION,when=1276618774187,modifiers=Button1] on javax.swing.JButton[,8,5,62x26,alignmentX=0.0,alignmentY=0.5,border=javax.swing.plaf.BorderUIResource$CompoundBorderUIResource@18b3364,flags=296,maximumSize=,minimumSize=,preferredSize=,defaultIcon=,disabledIcon=,disabledSelectedIcon=,margin=javax.swing.plaf.InsetsUIResource[top=2,left=14,bottom=2,right=14],paintBorder=true,paintFocus=true,pressedIcon=,rolloverEnabled=true,rolloverIcon=,rolloverSelectedIcon=,selectedIcon=,text=Start,defaultCapable=true]
xomaya.controllers.Controller:Tue Jun 15 12:19:34 EDT 2010:Started!
xomaya.controllers.Controller:Tue Jun 15 12:20:42 EDT 2010:Action Command:java.awt.event.ActionEvent[ACTION_PERFORMED,cmd=STOP_RECORDING,when=1276618842203,modifiers=Button1] on javax.swing.JButton[,75,5,60x26,alignmentX=0.0,alignmentY=0.5,border=javax.swing.plaf.BorderUIResource$CompoundBorderUIResource@18b3364,flags=296,maximumSize=,minimumSize=,preferredSize=,defaultIcon=,disabledIcon=,disabledSelectedIcon=,margin=javax.swing.plaf.InsetsUIResource[top=2,left=14,bottom=2,right=14],paintBorder=true,paintFocus=true,pressedIcon=,rolloverEnabled=true,rolloverIcon=,rolloverSelectedIcon=,selectedIcon=,text=Stop,defaultCapable=true]
xomaya.controllers.Controller:Tue Jun 15 12:20:42 EDT 2010:Stopped!
xomaya.controllers.Controller:Tue Jun 15 12:20:46 EDT 2010:Total time:72359
xomaya.application.Application:Tue Jun 15 12:45:02 EDT 2010:Loaded DLL:469
xomaya.controllers.Controller:Tue Jun 15 12:45:05 EDT 2010:Action Command:java.awt.event.ActionEvent[ACTION_PERFORMED,cmd=RECORD_PRESENTATION,when=1276620305593,modifiers=Button1] on javax.swing.JButton[,8,5,62x26,alignmentX=0.0,alignmentY=0.5,border=javax.swing.plaf.BorderUIResource$CompoundBorderUIResource@530cf2,flags=296,maximumSize=,minimumSize=,preferredSize=,defaultIcon=,disabledIcon=,disabledSelectedIcon=,margin=javax.swing.plaf.InsetsUIResource[top=2,left=14,bottom=2,right=14],paintBorder=true,paintFocus=true,pressedIcon=,rolloverEnabled=true,rolloverIcon=,rolloverSelectedIcon=,selectedIcon=,text=Start,defaultCapable=true]
xomaya.controllers.Controller:Tue Jun 15 12:45:05 EDT 2010:Started!
xomaya.controllers.Controller:Tue Jun 15 12:45:59 EDT 2010:Action Command:java.awt.event.ActionEvent[ACTION_PERFORMED,cmd=STOP_RECORDING,when=1276620359828,modifiers=Button1] on javax.swing.JButton[,75,5,60x26,alignmentX=0.0,alignmentY=0.5,border=javax.swing.plaf.BorderUIResource$CompoundBorderUIResource@530cf2,flags=296,maximumSize=,minimumSize=,preferredSize=,defaultIcon=,disabledIcon=,disabledSelectedIcon=,margin=javax.swing.plaf.InsetsUIResource[top=2,left=14,bottom=2,right=14],paintBorder=true,paintFocus=true,pressedIcon=,rolloverEnabled=true,rolloverIcon=,rolloverSelectedIcon=,selectedIcon=,text=Stop,defaultCapable=true]
xomaya.controllers.Controller:Tue Jun 15 12:45:59 EDT 2010:Stopped!
xomaya.controllers.Controller:Tue Jun 15 12:46:01 EDT 2010:Total time:55593
xomaya.application.Application:Tue Jun 15 12:47:14 EDT 2010:Loaded DLL:547
xomaya.controllers.Controller:Tue Jun 15 12:47:18 EDT 2010:Action Command:java.awt.event.ActionEvent[ACTION_PERFORMED,cmd=RECORD_PRESENTATION,when=1276620438125,modifiers=Button1] on javax.swing.JButton[,8,5,62x26,alignmentX=0.0,alignmentY=0.5,border=javax.swing.plaf.BorderUIResource$CompoundBorderUIResource@1db05b2,flags=296,maximumSize=,minimumSize=,preferredSize=,defaultIcon=,disabledIcon=,disabledSelectedIcon=,margin=javax.swing.plaf.InsetsUIResource[top=2,left=14,bottom=2,right=14],paintBorder=true,paintFocus=true,pressedIcon=,rolloverEnabled=true,rolloverIcon=,rolloverSelectedIcon=,selectedIcon=,text=Start,defaultCapable=true]
xomaya.controllers.Controller:Tue Jun 15 12:47:18 EDT 2010:Started!
xomaya.controllers.Controller:Tue Jun 15 12:48:13 EDT 2010:Action Command:java.awt.event.ActionEvent[ACTION_PERFORMED,cmd=STOP_RECORDING,when=1276620493796,modifiers=Button1] on javax.swing.JButton[,75,5,60x26,alignmentX=0.0,alignmentY=0.5,border=javax.swing.plaf.BorderUIResource$CompoundBorderUIResource@1db05b2,flags=296,maximumSize=,minimumSize=,preferredSize=,defaultIcon=,disabledIcon=,disabledSelectedIcon=,margin=javax.swing.plaf.InsetsUIResource[top=2,left=14,bottom=2,right=14],paintBorder=true,paintFocus=true,pressedIcon=,rolloverEnabled=true,rolloverIcon=,rolloverSelectedIcon=,selectedIcon=,text=Stop,defaultCapable=true]
xomaya.controllers.Controller:Tue Jun 15 12:48:13 EDT 2010:Stopped!
xomaya.controllers.Controller:Tue Jun 15 12:48:15 EDT 2010:Total time:57125
xomaya.application.Application:Tue Jun 15 13:00:59 EDT 2010:Loaded DLL:531
xomaya.controllers.Controller:Tue Jun 15 13:01:05 EDT 2010:Action Command:java.awt.event.ActionEvent[ACTION_PERFORMED,cmd=RECORD_PRESENTATION,when=1276621265328,modifiers=Button1] on javax.swing.JButton[,8,5,62x26,alignmentX=0.0,alignmentY=0.5,border=javax.swing.plaf.BorderUIResource$CompoundBorderUIResource@18b3364,flags=296,maximumSize=,minimumSize=,preferredSize=,defaultIcon=,disabledIcon=,disabledSelectedIcon=,margin=javax.swing.plaf.InsetsUIResource[top=2,left=14,bottom=2,right=14],paintBorder=true,paintFocus=true,pressedIcon=,rolloverEnabled=true,rolloverIcon=,rolloverSelectedIcon=,selectedIcon=,text=Start,defaultCapable=true]
xomaya.controllers.Controller:Tue Jun 15 13:01:05 EDT 2010:Started!
xomaya.controllers.Controller:Tue Jun 15 13:02:15 EDT 2010:Action Command:java.awt.event.ActionEvent[ACTION_PERFORMED,cmd=STOP_RECORDING,when=1276621335796,modifiers=Button1] on javax.swing.JButton[,75,5,60x26,alignmentX=0.0,alignmentY=0.5,border=javax.swing.plaf.BorderUIResource$CompoundBorderUIResource@18b3364,flags=296,maximumSize=,minimumSize=,preferredSize=,defaultIcon=,disabledIcon=,disabledSelectedIcon=,margin=javax.swing.plaf.InsetsUIResource[top=2,left=14,bottom=2,right=14],paintBorder=true,paintFocus=true,pressedIcon=,rolloverEnabled=true,rolloverIcon=,rolloverSelectedIcon=,selectedIcon=,text=Stop,defaultCapable=true]
xomaya.controllers.Controller:Tue Jun 15 13:02:15 EDT 2010:Stopped!
xomaya.controllers.Controller:Tue Jun 15 13:02:17 EDT 2010:Total time:71907
xomaya.application.Application:Tue Jun 15 13:05:53 EDT 2010:Loaded DLL:469
xomaya.controllers.Controller:Tue Jun 15 13:05:57 EDT 2010:Action Command:java.awt.event.ActionEvent[ACTION_PERFORMED,cmd=RECORD_PRESENTATION,when=1276621557796,modifiers=Button1] on javax.swing.JButton[,8,5,62x26,alignmentX=0.0,alignmentY=0.5,border=javax.swing.plaf.BorderUIResource$CompoundBorderUIResource@1db05b2,flags=296,maximumSize=,minimumSize=,preferredSize=,defaultIcon=,disabledIcon=,disabledSelectedIcon=,margin=javax.swing.plaf.InsetsUIResource[top=2,left=14,bottom=2,right=14],paintBorder=true,paintFocus=true,pressedIcon=,rolloverEnabled=true,rolloverIcon=,rolloverSelectedIcon=,selectedIcon=,text=Start,defaultCapable=true]
xomaya.controllers.Controller:Tue Jun 15 13:05:57 EDT 2010:Started!
xomaya.controllers.Controller:Tue Jun 15 13:07:03 EDT 2010:Action Command:java.awt.event.ActionEvent[ACTION_PERFORMED,cmd=STOP_RECORDING,when=1276621623906,modifiers=Button1] on javax.swing.JButton[,75,5,60x26,alignmentX=0.0,alignmentY=0.5,border=javax.swing.plaf.BorderUIResource$CompoundBorderUIResource@1db05b2,flags=296,maximumSize=,minimumSize=,preferredSize=,defaultIcon=,disabledIcon=,disabledSelectedIcon=,margin=javax.swing.plaf.InsetsUIResource[top=2,left=14,bottom=2,right=14],paintBorder=true,paintFocus=true,pressedIcon=,rolloverEnabled=true,rolloverIcon=,rolloverSelectedIcon=,selectedIcon=,text=Stop,defaultCapable=true]
xomaya.controllers.Controller:Tue Jun 15 13:07:03 EDT 2010:Stopped!
xomaya.controllers.Controller:Tue Jun 15 13:07:05 EDT 2010:null
xomaya.application.Application:Tue Jun 15 14:47:35 EDT 2010:Loaded DLL:469
xomaya.controllers.Controller:Tue Jun 15 14:47:37 EDT 2010:Action Command:java.awt.event.ActionEvent[ACTION_PERFORMED,cmd=RECORD_PRESENTATION,when=1276627657890,modifiers=Button1] on javax.swing.JButton[,8,5,62x26,alignmentX=0.0,alignmentY=0.5,border=javax.swing.plaf.BorderUIResource$CompoundBorderUIResource@1b64e6a,flags=296,maximumSize=,minimumSize=,preferredSize=,defaultIcon=,disabledIcon=,disabledSelectedIcon=,margin=javax.swing.plaf.InsetsUIResource[top=2,left=14,bottom=2,right=14],paintBorder=true,paintFocus=true,pressedIcon=,rolloverEnabled=true,rolloverIcon=,rolloverSelectedIcon=,selectedIcon=,text=Start,defaultCapable=true]
xomaya.controllers.Controller:Tue Jun 15 14:47:37 EDT 2010:Started!
xomaya.controllers.Controller:Tue Jun 15 14:48:46 EDT 2010:Action Command:java.awt.event.ActionEvent[ACTION_PERFORMED,cmd=STOP_RECORDING,when=1276627726328,modifiers=Button1] on javax.swing.JButton[,75,5,60x26,alignmentX=0.0,alignmentY=0.5,border=javax.swing.plaf.BorderUIResource$CompoundBorderUIResource@1b64e6a,flags=296,maximumSize=,minimumSize=,preferredSize=,defaultIcon=,disabledIcon=,disabledSelectedIcon=,margin=javax.swing.plaf.InsetsUIResource[top=2,left=14,bottom=2,right=14],paintBorder=true,paintFocus=true,pressedIcon=,rolloverEnabled=true,rolloverIcon=,rolloverSelectedIcon=,selectedIcon=,text=Stop,defaultCapable=true]
xomaya.controllers.Controller:Tue Jun 15 14:48:46 EDT 2010:Stopped!
xomaya.controllers.Controller:Tue Jun 15 14:48:47 EDT 2010:Total time:69797
xomaya.application.Application:Tue Jun 15 14:51:02 EDT 2010:Loaded DLL:437
xomaya.controllers.Controller:Tue Jun 15 14:51:03 EDT 2010:Action Command:java.awt.event.ActionEvent[ACTION_PERFORMED,cmd=RECORD_PRESENTATION,when=1276627863250,modifiers=Button1] on javax.swing.JButton[,8,5,62x26,alignmentX=0.0,alignmentY=0.5,border=javax.swing.plaf.BorderUIResource$CompoundBorderUIResource@1b64e6a,flags=296,maximumSize=,minimumSize=,preferredSize=,defaultIcon=,disabledIcon=,disabledSelectedIcon=,margin=javax.swing.plaf.InsetsUIResource[top=2,left=14,bottom=2,right=14],paintBorder=true,paintFocus=true,pressedIcon=,rolloverEnabled=true,rolloverIcon=,rolloverSelectedIcon=,selectedIcon=,text=Start,defaultCapable=true]
xomaya.controllers.Controller:Tue Jun 15 14:51:03 EDT 2010:Started!
xomaya.controllers.Controller:Tue Jun 15 14:51:14 EDT 2010:Action Command:java.awt.event.ActionEvent[ACTION_PERFORMED,cmd=STOP_RECORDING,when=1276627874140,modifiers=Button1] on javax.swing.JButton[,75,5,60x26,alignmentX=0.0,alignmentY=0.5,border=javax.swing.plaf.BorderUIResource$CompoundBorderUIResource@1b64e6a,flags=296,maximumSize=,minimumSize=,preferredSize=,defaultIcon=,disabledIcon=,disabledSelectedIcon=,margin=javax.swing.plaf.InsetsUIResource[top=2,left=14,bottom=2,right=14],paintBorder=true,paintFocus=true,pressedIcon=,rolloverEnabled=true,rolloverIcon=,rolloverSelectedIcon=,selectedIcon=,text=Stop,defaultCapable=true]
xomaya.controllers.Controller:Tue Jun 15 14:51:14 EDT 2010:Stopped!
xomaya.controllers.Controller:Tue Jun 15 14:51:15 EDT 2010:Total time:12313
xomaya.application.Application:Tue Jun 15 15:45:54 EDT 2010:Loaded DLL:453
xomaya.application.Application:Tue Jun 15 15:46:30 EDT 2010:Loaded DLL:454
xomaya.controllers.Controller:Tue Jun 15 15:46:39 EDT 2010:Action Command:java.awt.event.ActionEvent[ACTION_PERFORMED,cmd=RECORD_PRESENTATION,when=1276631199859,modifiers=Button1] on javax.swing.JButton[,8,5,62x26,alignmentX=0.0,alignmentY=0.5,border=javax.swing.plaf.BorderUIResource$CompoundBorderUIResource@1b64e6a,flags=296,maximumSize=,minimumSize=,preferredSize=,defaultIcon=,disabledIcon=,disabledSelectedIcon=,margin=javax.swing.plaf.InsetsUIResource[top=2,left=14,bottom=2,right=14],paintBorder=true,paintFocus=true,pressedIcon=,rolloverEnabled=true,rolloverIcon=,rolloverSelectedIcon=,selectedIcon=,text=Start,defaultCapable=true]
xomaya.controllers.Controller:Tue Jun 15 15:46:39 EDT 2010:Started!
xomaya.controllers.Controller:Tue Jun 15 15:47:44 EDT 2010:Action Command:java.awt.event.ActionEvent[ACTION_PERFORMED,cmd=STOP_RECORDING,when=1276631264640,modifiers=Button1] on javax.swing.JButton[,75,5,60x26,alignmentX=0.0,alignmentY=0.5,border=javax.swing.plaf.BorderUIResource$CompoundBorderUIResource@1b64e6a,flags=296,maximumSize=,minimumSize=,preferredSize=,defaultIcon=,disabledIcon=,disabledSelectedIcon=,margin=javax.swing.plaf.InsetsUIResource[top=2,left=14,bottom=2,right=14],paintBorder=true,paintFocus=true,pressedIcon=,rolloverEnabled=true,rolloverIcon=,rolloverSelectedIcon=,selectedIcon=,text=Stop,defaultCapable=true]
xomaya.controllers.Controller:Tue Jun 15 15:47:44 EDT 2010:Stopped!
xomaya.controllers.Controller:Tue Jun 15 15:47:46 EDT 2010:Total time:66500
xomaya.application.Application:Tue Jun 15 16:23:34 EDT 2010:Loaded DLL:469
xomaya.controllers.Controller:Tue Jun 15 16:23:37 EDT 2010:Action Command:java.awt.event.ActionEvent[ACTION_PERFORMED,cmd=RECORD_PRESENTATION,when=1276633417031,modifiers=Button1] on javax.swing.JButton[,8,5,62x26,alignmentX=0.0,alignmentY=0.5,border=javax.swing.plaf.BorderUIResource$CompoundBorderUIResource@1f06dc3,flags=296,maximumSize=,minimumSize=,preferredSize=,defaultIcon=,disabledIcon=,disabledSelectedIcon=,margin=javax.swing.plaf.InsetsUIResource[top=2,left=14,bottom=2,right=14],paintBorder=true,paintFocus=true,pressedIcon=,rolloverEnabled=true,rolloverIcon=,rolloverSelectedIcon=,selectedIcon=,text=Start,defaultCapable=true]
xomaya.controllers.Controller:Tue Jun 15 16:23:37 EDT 2010:Started!
xomaya.application.Application:Tue Jun 15 16:26:08 EDT 2010:Loaded DLL:438
xomaya.controllers.Controller:Tue Jun 15 16:26:10 EDT 2010:Action Command:java.awt.event.ActionEvent[ACTION_PERFORMED,cmd=RECORD_PRESENTATION,when=1276633570875,modifiers=Button1] on javax.swing.JButton[,8,5,62x26,alignmentX=0.0,alignmentY=0.5,border=javax.swing.plaf.BorderUIResource$CompoundBorderUIResource@176cad3,flags=296,maximumSize=,minimumSize=,preferredSize=,defaultIcon=,disabledIcon=,disabledSelectedIcon=,margin=javax.swing.plaf.InsetsUIResource[top=2,left=14,bottom=2,right=14],paintBorder=true,paintFocus=true,pressedIcon=,rolloverEnabled=true,rolloverIcon=,rolloverSelectedIcon=,selectedIcon=,text=Start,defaultCapable=true]
xomaya.controllers.Controller:Tue Jun 15 16:26:10 EDT 2010:Started!
xomaya.application.Application:Tue Jun 15 16:27:18 EDT 2010:Loaded DLL:453
xomaya.controllers.Controller:Tue Jun 15 16:27:20 EDT 2010:Action Command:java.awt.event.ActionEvent[ACTION_PERFORMED,cmd=RECORD_PRESENTATION,when=1276633640265,modifiers=Button1] on javax.swing.JButton[,8,5,62x26,alignmentX=0.0,alignmentY=0.5,border=javax.swing.plaf.BorderUIResource$CompoundBorderUIResource@1f06dc3,flags=296,maximumSize=,minimumSize=,preferredSize=,defaultIcon=,disabledIcon=,disabledSelectedIcon=,margin=javax.swing.plaf.InsetsUIResource[top=2,left=14,bottom=2,right=14],paintBorder=true,paintFocus=true,pressedIcon=,rolloverEnabled=true,rolloverIcon=,rolloverSelectedIcon=,selectedIcon=,text=Start,defaultCapable=true]
xomaya.controllers.Controller:Tue Jun 15 16:27:20 EDT 2010:Started!
xomaya.controllers.Controller:Tue Jun 15 16:28:26 EDT 2010:Action Command:java.awt.event.ActionEvent[ACTION_PERFORMED,cmd=STOP_RECORDING,when=1276633706625,modifiers=Button1] on javax.swing.JButton[,75,5,60x26,alignmentX=0.0,alignmentY=0.5,border=javax.swing.plaf.BorderUIResource$CompoundBorderUIResource@1f06dc3,flags=296,maximumSize=,minimumSize=,preferredSize=,defaultIcon=,disabledIcon=,disabledSelectedIcon=,margin=javax.swing.plaf.InsetsUIResource[top=2,left=14,bottom=2,right=14],paintBorder=true,paintFocus=true,pressedIcon=,rolloverEnabled=true,rolloverIcon=,rolloverSelectedIcon=,selectedIcon=,text=Stop,defaultCapable=true]
xomaya.controllers.Controller:Tue Jun 15 16:28:26 EDT 2010:Stopped!
xomaya.controllers.Controller:Tue Jun 15 16:28:27 EDT 2010:Total time:67672
xomaya.application.Application:Tue Jun 15 16:35:39 EDT 2010:Loaded DLL:453
xomaya.controllers.Controller:Tue Jun 15 16:35:42 EDT 2010:Action Command:java.awt.event.ActionEvent[ACTION_PERFORMED,cmd=RECORD_PRESENTATION,when=1276634142359,modifiers=Button1] on javax.swing.JButton[,8,5,62x26,alignmentX=0.0,alignmentY=0.5,border=javax.swing.plaf.BorderUIResource$CompoundBorderUIResource@176cad3,flags=296,maximumSize=,minimumSize=,preferredSize=,defaultIcon=,disabledIcon=,disabledSelectedIcon=,margin=javax.swing.plaf.InsetsUIResource[top=2,left=14,bottom=2,right=14],paintBorder=true,paintFocus=true,pressedIcon=,rolloverEnabled=true,rolloverIcon=,rolloverSelectedIcon=,selectedIcon=,text=Start,defaultCapable=true]
xomaya.controllers.Controller:Tue Jun 15 16:35:42 EDT 2010:Started!
xomaya.controllers.Controller:Tue Jun 15 16:36:34 EDT 2010:Action Command:java.awt.event.ActionEvent[ACTION_PERFORMED,cmd=STOP_RECORDING,when=1276634194546,modifiers=Button1] on javax.swing.JButton[,75,5,60x26,alignmentX=0.0,alignmentY=0.5,border=javax.swing.plaf.BorderUIResource$CompoundBorderUIResource@176cad3,flags=296,maximumSize=,minimumSize=,preferredSize=,defaultIcon=,disabledIcon=,disabledSelectedIcon=,margin=javax.swing.plaf.InsetsUIResource[top=2,left=14,bottom=2,right=14],paintBorder=true,paintFocus=true,pressedIcon=,rolloverEnabled=true,rolloverIcon=,rolloverSelectedIcon=,selectedIcon=,text=Stop,defaultCapable=true]
xomaya.controllers.Controller:Tue Jun 15 16:36:34 EDT 2010:Stopped!
xomaya.controllers.Controller:Tue Jun 15 16:36:36 EDT 2010:Total time:54046
xomaya.application.Application:Tue Jun 15 16:40:11 EDT 2010:Loaded DLL:453
xomaya.controllers.Controller:Tue Jun 15 16:40:40 EDT 2010:Action Command:java.awt.event.ActionEvent[ACTION_PERFORMED,cmd=RECORD_PRESENTATION,when=1276634440406,modifiers=Button1] on javax.swing.JButton[,8,5,62x26,alignmentX=0.0,alignmentY=0.5,border=javax.swing.plaf.BorderUIResource$CompoundBorderUIResource@102799c,flags=296,maximumSize=,minimumSize=,preferredSize=,defaultIcon=,disabledIcon=,disabledSelectedIcon=,margin=javax.swing.plaf.InsetsUIResource[top=2,left=14,bottom=2,right=14],paintBorder=true,paintFocus=true,pressedIcon=,rolloverEnabled=true,rolloverIcon=,rolloverSelectedIcon=,selectedIcon=,text=Start,defaultCapable=true]
xomaya.controllers.Controller:Tue Jun 15 16:40:40 EDT 2010:Started!
xomaya.controllers.Controller:Tue Jun 15 16:41:42 EDT 2010:Action Command:java.awt.event.ActionEvent[ACTION_PERFORMED,cmd=STOP_RECORDING,when=1276634502156,modifiers=Button1] on javax.swing.JButton[,75,5,60x26,alignmentX=0.0,alignmentY=0.5,border=javax.swing.plaf.BorderUIResource$CompoundBorderUIResource@102799c,flags=296,maximumSize=,minimumSize=,preferredSize=,defaultIcon=,disabledIcon=,disabledSelectedIcon=,margin=javax.swing.plaf.InsetsUIResource[top=2,left=14,bottom=2,right=14],paintBorder=true,paintFocus=true,pressedIcon=,rolloverEnabled=true,rolloverIcon=,rolloverSelectedIcon=,selectedIcon=,text=Stop,defaultCapable=true]
xomaya.controllers.Controller:Tue Jun 15 16:41:42 EDT 2010:Stopped!
xomaya.controllers.Controller:Tue Jun 15 16:41:43 EDT 2010:Total time:63047
xomaya.application.Application:Tue Jun 15 16:47:48 EDT 2010:Loaded DLL:453
xomaya.controllers.Controller:Tue Jun 15 16:47:51 EDT 2010:Action Command:java.awt.event.ActionEvent[ACTION_PERFORMED,cmd=RECORD_PRESENTATION,when=1276634871437,modifiers=Button1] on javax.swing.JButton[,8,5,62x26,alignmentX=0.0,alignmentY=0.5,border=javax.swing.plaf.BorderUIResource$CompoundBorderUIResource@1db05b2,flags=296,maximumSize=,minimumSize=,preferredSize=,defaultIcon=,disabledIcon=,disabledSelectedIcon=,margin=javax.swing.plaf.InsetsUIResource[top=2,left=14,bottom=2,right=14],paintBorder=true,paintFocus=true,pressedIcon=,rolloverEnabled=true,rolloverIcon=,rolloverSelectedIcon=,selectedIcon=,text=Start,defaultCapable=true]
xomaya.controllers.Controller:Tue Jun 15 16:47:51 EDT 2010:Started!
xomaya.controllers.Controller:Tue Jun 15 16:49:13 EDT 2010:Action Command:java.awt.event.ActionEvent[ACTION_PERFORMED,cmd=STOP_RECORDING,when=1276634953140,modifiers=Button1] on javax.swing.JButton[,75,5,60x26,alignmentX=0.0,alignmentY=0.5,border=javax.swing.plaf.BorderUIResource$CompoundBorderUIResource@1db05b2,flags=296,maximumSize=,minimumSize=,preferredSize=,defaultIcon=,disabledIcon=,disabledSelectedIcon=,margin=javax.swing.plaf.InsetsUIResource[top=2,left=14,bottom=2,right=14],paintBorder=true,paintFocus=true,pressedIcon=,rolloverEnabled=true,rolloverIcon=,rolloverSelectedIcon=,selectedIcon=,text=Stop,defaultCapable=true]
xomaya.controllers.Controller:Tue Jun 15 16:49:13 EDT 2010:Stopped!
xomaya.controllers.Controller:Tue Jun 15 16:49:14 EDT 2010:Total time:83032
xomaya.application.Application:Tue Jun 15 16:53:21 EDT 2010:Loaded DLL:454
xomaya.controllers.Controller:Tue Jun 15 16:53:24 EDT 2010:Action Command:java.awt.event.ActionEvent[ACTION_PERFORMED,cmd=RECORD_PRESENTATION,when=1276635204046,modifiers=Button1] on javax.swing.JButton[,8,5,62x26,alignmentX=0.0,alignmentY=0.5,border=javax.swing.plaf.BorderUIResource$CompoundBorderUIResource@1db05b2,flags=296,maximumSize=,minimumSize=,preferredSize=,defaultIcon=,disabledIcon=,disabledSelectedIcon=,margin=javax.swing.plaf.InsetsUIResource[top=2,left=14,bottom=2,right=14],paintBorder=true,paintFocus=true,pressedIcon=,rolloverEnabled=true,rolloverIcon=,rolloverSelectedIcon=,selectedIcon=,text=Start,defaultCapable=true]
xomaya.controllers.Controller:Tue Jun 15 16:53:24 EDT 2010:Started!
xomaya.controllers.Controller:Tue Jun 15 16:54:14 EDT 2010:Action Command:java.awt.event.ActionEvent[ACTION_PERFORMED,cmd=STOP_RECORDING,when=1276635254031,modifiers=Button1] on javax.swing.JButton[,75,5,60x26,alignmentX=0.0,alignmentY=0.5,border=javax.swing.plaf.BorderUIResource$CompoundBorderUIResource@1db05b2,flags=296,maximumSize=,minimumSize=,preferredSize=,defaultIcon=,disabledIcon=,disabledSelectedIcon=,margin=javax.swing.plaf.InsetsUIResource[top=2,left=14,bottom=2,right=14],paintBorder=true,paintFocus=true,pressedIcon=,rolloverEnabled=true,rolloverIcon=,rolloverSelectedIcon=,selectedIcon=,text=Stop,defaultCapable=true]
xomaya.controllers.Controller:Tue Jun 15 16:54:14 EDT 2010:Stopped!
xomaya.controllers.Controller:Tue Jun 15 16:54:15 EDT 2010:Total time:51234
xomaya.application.Application:Tue Jun 15 16:56:21 EDT 2010:Loaded DLL:468
xomaya.controllers.Controller:Tue Jun 15 16:56:24 EDT 2010:Action Command:java.awt.event.ActionEvent[ACTION_PERFORMED,cmd=RECORD_PRESENTATION,when=1276635384171,modifiers=Button1] on javax.swing.JButton[,8,5,62x26,alignmentX=0.0,alignmentY=0.5,border=javax.swing.plaf.BorderUIResource$CompoundBorderUIResource@530cf2,flags=296,maximumSize=,minimumSize=,preferredSize=,defaultIcon=,disabledIcon=,disabledSelectedIcon=,margin=javax.swing.plaf.InsetsUIResource[top=2,left=14,bottom=2,right=14],paintBorder=true,paintFocus=true,pressedIcon=,rolloverEnabled=true,rolloverIcon=,rolloverSelectedIcon=,selectedIcon=,text=Start,defaultCapable=true]
xomaya.controllers.Controller:Tue Jun 15 16:56:24 EDT 2010:Started!
xomaya.controllers.Controller:Tue Jun 15 16:57:18 EDT 2010:Action Command:java.awt.event.ActionEvent[ACTION_PERFORMED,cmd=STOP_RECORDING,when=1276635438812,modifiers=Button1] on javax.swing.JButton[,75,5,60x26,alignmentX=0.0,alignmentY=0.5,border=javax.swing.plaf.BorderUIResource$CompoundBorderUIResource@530cf2,flags=296,maximumSize=,minimumSize=,preferredSize=,defaultIcon=,disabledIcon=,disabledSelectedIcon=,margin=javax.swing.plaf.InsetsUIResource[top=2,left=14,bottom=2,right=14],paintBorder=true,paintFocus=true,pressedIcon=,rolloverEnabled=true,rolloverIcon=,rolloverSelectedIcon=,selectedIcon=,text=Stop,defaultCapable=true]
xomaya.controllers.Controller:Tue Jun 15 16:57:18 EDT 2010:Stopped!
xomaya.controllers.Controller:Tue Jun 15 16:57:20 EDT 2010:Total time:55953
xomaya.application.Application:Tue Jun 15 17:01:24 EDT 2010:Loaded DLL:531
xomaya.controllers.Controller:Tue Jun 15 17:01:28 EDT 2010:Action Command:java.awt.event.ActionEvent[ACTION_PERFORMED,cmd=RECORD_PRESENTATION,when=1276635688906,modifiers=Button1] on javax.swing.JButton[,8,5,62x26,alignmentX=0.0,alignmentY=0.5,border=javax.swing.plaf.BorderUIResource$CompoundBorderUIResource@530cf2,flags=296,maximumSize=,minimumSize=,preferredSize=,defaultIcon=,disabledIcon=,disabledSelectedIcon=,margin=javax.swing.plaf.InsetsUIResource[top=2,left=14,bottom=2,right=14],paintBorder=true,paintFocus=true,pressedIcon=,rolloverEnabled=true,rolloverIcon=,rolloverSelectedIcon=,selectedIcon=,text=Start,defaultCapable=true]
xomaya.controllers.Controller:Tue Jun 15 17:01:28 EDT 2010:Started!
xomaya.controllers.Controller:Tue Jun 15 17:02:40 EDT 2010:Action Command:java.awt.event.ActionEvent[ACTION_PERFORMED,cmd=STOP_RECORDING,when=1276635760640,modifiers=Button1] on javax.swing.JButton[,75,5,60x26,alignmentX=0.0,alignmentY=0.5,border=javax.swing.plaf.BorderUIResource$CompoundBorderUIResource@530cf2,flags=296,maximumSize=,minimumSize=,preferredSize=,defaultIcon=,disabledIcon=,disabledSelectedIcon=,margin=javax.swing.plaf.InsetsUIResource[top=2,left=14,bottom=2,right=14],paintBorder=true,paintFocus=true,pressedIcon=,rolloverEnabled=true,rolloverIcon=,rolloverSelectedIcon=,selectedIcon=,text=Stop,defaultCapable=true]
xomaya.controllers.Controller:Tue Jun 15 17:02:40 EDT 2010:Stopped!
xomaya.controllers.Controller:Tue Jun 15 17:02:42 EDT 2010:Total time:73453
xomaya.application.Application:Tue Jun 15 17:21:40 EDT 2010:Loaded DLL:453
xomaya.controllers.Controller:Tue Jun 15 17:21:43 EDT 2010:Action Command:java.awt.event.ActionEvent[ACTION_PERFORMED,cmd=RECORD_PRESENTATION,when=1276636903000,modifiers=Button1] on javax.swing.JButton[,8,5,62x26,alignmentX=0.0,alignmentY=0.5,border=javax.swing.plaf.BorderUIResource$CompoundBorderUIResource@1db05b2,flags=296,maximumSize=,minimumSize=,preferredSize=,defaultIcon=,disabledIcon=,disabledSelectedIcon=,margin=javax.swing.plaf.InsetsUIResource[top=2,left=14,bottom=2,right=14],paintBorder=true,paintFocus=true,pressedIcon=,rolloverEnabled=true,rolloverIcon=,rolloverSelectedIcon=,selectedIcon=,text=Start,defaultCapable=true]
xomaya.controllers.Controller:Tue Jun 15 17:21:43 EDT 2010:Started!
xomaya.controllers.Controller:Tue Jun 15 17:23:13 EDT 2010:Action Command:java.awt.event.ActionEvent[ACTION_PERFORMED,cmd=STOP_RECORDING,when=1276636993890,modifiers=Button1] on javax.swing.JButton[,75,5,60x26,alignmentX=0.0,alignmentY=0.5,border=javax.swing.plaf.BorderUIResource$CompoundBorderUIResource@1db05b2,flags=296,maximumSize=,minimumSize=,preferredSize=,defaultIcon=,disabledIcon=,disabledSelectedIcon=,margin=javax.swing.plaf.InsetsUIResource[top=2,left=14,bottom=2,right=14],paintBorder=true,paintFocus=true,pressedIcon=,rolloverEnabled=true,rolloverIcon=,rolloverSelectedIcon=,selectedIcon=,text=Stop,defaultCapable=true]
xomaya.controllers.Controller:Tue Jun 15 17:23:13 EDT 2010:Stopped!
xomaya.controllers.Controller:Tue Jun 15 17:23:15 EDT 2010:Total time:92734
xomaya.application.Application:Tue Jun 15 17:28:18 EDT 2010:Loaded DLL:468
xomaya.controllers.Controller:Tue Jun 15 17:28:20 EDT 2010:Action Command:java.awt.event.ActionEvent[ACTION_PERFORMED,cmd=RECORD_PRESENTATION,when=1276637300609,modifiers=Button1] on javax.swing.JButton[,8,5,62x26,alignmentX=0.0,alignmentY=0.5,border=javax.swing.plaf.BorderUIResource$CompoundBorderUIResource@530cf2,flags=296,maximumSize=,minimumSize=,preferredSize=,defaultIcon=,disabledIcon=,disabledSelectedIcon=,margin=javax.swing.plaf.InsetsUIResource[top=2,left=14,bottom=2,right=14],paintBorder=true,paintFocus=true,pressedIcon=,rolloverEnabled=true,rolloverIcon=,rolloverSelectedIcon=,selectedIcon=,text=Start,defaultCapable=true]
xomaya.controllers.Controller:Tue Jun 15 17:28:20 EDT 2010:Started!
xomaya.controllers.Controller:Tue Jun 15 17:30:23 EDT 2010:Action Command:java.awt.event.ActionEvent[ACTION_PERFORMED,cmd=STOP_RECORDING,when=1276637423609,modifiers=Button1] on javax.swing.JButton[,75,5,60x26,alignmentX=0.0,alignmentY=0.5,border=javax.swing.plaf.BorderUIResource$CompoundBorderUIResource@530cf2,flags=296,maximumSize=,minimumSize=,preferredSize=,defaultIcon=,disabledIcon=,disabledSelectedIcon=,margin=javax.swing.plaf.InsetsUIResource[top=2,left=14,bottom=2,right=14],paintBorder=true,paintFocus=true,pressedIcon=,rolloverEnabled=true,rolloverIcon=,rolloverSelectedIcon=,selectedIcon=,text=Stop,defaultCapable=true]
xomaya.controllers.Controller:Tue Jun 15 17:30:23 EDT 2010:Stopped!
xomaya.controllers.Controller:Tue Jun 15 17:30:25 EDT 2010:Total time:124875
xomaya.application.Application:Tue Jun 15 17:43:26 EDT 2010:Loaded DLL:2266
xomaya.controllers.Controller:Tue Jun 15 17:43:29 EDT 2010:Action Command:java.awt.event.ActionEvent[ACTION_PERFORMED,cmd=RECORD_PRESENTATION,when=1276638209421,modifiers=Button1] on javax.swing.JButton[,8,5,62x26,alignmentX=0.0,alignmentY=0.5,border=javax.swing.plaf.BorderUIResource$CompoundBorderUIResource@1175422,flags=296,maximumSize=,minimumSize=,preferredSize=,defaultIcon=,disabledIcon=,disabledSelectedIcon=,margin=javax.swing.plaf.InsetsUIResource[top=2,left=14,bottom=2,right=14],paintBorder=true,paintFocus=true,pressedIcon=,rolloverEnabled=true,rolloverIcon=,rolloverSelectedIcon=,selectedIcon=,text=Start,defaultCapable=true]
xomaya.controllers.Controller:Tue Jun 15 17:43:29 EDT 2010:Started!
xomaya.controllers.Controller:Tue Jun 15 17:45:08 EDT 2010:Action Command:java.awt.event.ActionEvent[ACTION_PERFORMED,cmd=STOP_RECORDING,when=1276638308265,modifiers=Button1] on javax.swing.JButton[,75,5,60x26,alignmentX=0.0,alignmentY=0.5,border=javax.swing.plaf.BorderUIResource$CompoundBorderUIResource@1175422,flags=296,maximumSize=,minimumSize=,preferredSize=,defaultIcon=,disabledIcon=,disabledSelectedIcon=,margin=javax.swing.plaf.InsetsUIResource[top=2,left=14,bottom=2,right=14],paintBorder=true,paintFocus=true,pressedIcon=,rolloverEnabled=true,rolloverIcon=,rolloverSelectedIcon=,selectedIcon=,text=Stop,defaultCapable=true]
xomaya.controllers.Controller:Tue Jun 15 17:45:08 EDT 2010:Stopped!
xomaya.controllers.Controller:Tue Jun 15 17:45:09 EDT 2010:Total time:100093
xomaya.application.Application:Tue Jun 15 17:52:51 EDT 2010:Loaded DLL:453
xomaya.application.Application:Tue Jun 15 17:53:31 EDT 2010:Loaded DLL:515
xomaya.application.Application:Tue Jun 15 17:58:02 EDT 2010:Loaded DLL:469
xomaya.application.Application:Tue Jun 15 18:01:38 EDT 2010:Loaded DLL:453
xomaya.application.Application:Tue Jun 15 18:02:17 EDT 2010:Loaded DLL:453
xomaya.application.Application:Tue Jun 15 18:04:10 EDT 2010:Loaded DLL:469
xomaya.application.Application:Tue Jun 15 18:05:29 EDT 2010:Loaded DLL:453
xomaya.application.Application:Tue Jun 15 18:06:16 EDT 2010:Loaded DLL:468
xomaya.application.Application:Tue Jun 15 18:06:57 EDT 2010:Loaded DLL:593
xomaya.application.Application:Tue Jun 15 18:07:17 EDT 2010:Loaded DLL:500
xomaya.application.Application:Tue Jun 15 18:08:07 EDT 2010:Loaded DLL:469
xomaya.application.Application:Tue Jun 15 18:08:55 EDT 2010:Loaded DLL:484
xomaya.application.Application:Tue Jun 15 18:09:18 EDT 2010:Loaded DLL:468
xomaya.application.Application:Tue Jun 15 18:10:02 EDT 2010:Loaded DLL:469
xomaya.application.Application:Tue Jun 15 18:10:22 EDT 2010:Loaded DLL:515
xomaya.application.Application:Tue Jun 15 18:11:14 EDT 2010:Loaded DLL:516
xomaya.application.Application:Tue Jun 15 18:12:18 EDT 2010:Loaded DLL:469
xomaya.application.Application:Tue Jun 15 18:12:43 EDT 2010:Loaded DLL:563
xomaya.application.Application:Tue Jun 15 18:16:10 EDT 2010:Loaded DLL:469
xomaya.controllers.Controller:Tue Jun 15 18:16:15 EDT 2010:Action Command:java.awt.event.ActionEvent[ACTION_PERFORMED,cmd=Smooth Switch,when=1276640175234,modifiers=Button1] on javax.swing.JRadioButton[,0,44,152x22,alignmentX=0.0,alignmentY=0.5,border=javax.swing.plaf.BorderUIResource$CompoundBorderUIResource@82764b,flags=296,maximumSize=,minimumSize=,preferredSize=,defaultIcon=,disabledIcon=,disabledSelectedIcon=,margin=javax.swing.plaf.InsetsUIResource[top=2,left=2,bottom=2,right=2],paintBorder=false,paintFocus=true,pressedIcon=,rolloverEnabled=true,rolloverIcon=,rolloverSelectedIcon=,selectedIcon=,text=Smooth Switch]
xomaya.application.Application:Tue Jun 15 18:30:24 EDT 2010:Loaded DLL:516
xomaya.controllers.Controller:Tue Jun 15 18:30:26 EDT 2010:Action Command:java.awt.event.ActionEvent[ACTION_PERFORMED,cmd=START_RECORDING,when=1276641026953,modifiers=Button1] on javax.swing.JButton[,0,0,62x33,alignmentX=0.0,alignmentY=0.5,border=javax.swing.plaf.BorderUIResource$CompoundBorderUIResource@c39a20,flags=296,maximumSize=,minimumSize=,preferredSize=,defaultIcon=,disabledIcon=,disabledSelectedIcon=,margin=javax.swing.plaf.InsetsUIResource[top=2,left=14,bottom=2,right=14],paintBorder=true,paintFocus=true,pressedIcon=,rolloverEnabled=true,rolloverIcon=,rolloverSelectedIcon=,selectedIcon=,text=Start,defaultCapable=true]
xomaya.controllers.Controller:Tue Jun 15 18:30:26 EDT 2010:Started!
xomaya.controllers.Controller:Tue Jun 15 18:32:21 EDT 2010:Action Command:java.awt.event.ActionEvent[ACTION_PERFORMED,cmd=Smooth Switch,when=1276641141046,modifiers=Button1] on javax.swing.JRadioButton[,0,44,152x22,alignmentX=0.0,alignmentY=0.5,border=javax.swing.plaf.BorderUIResource$CompoundBorderUIResource@126a29c,flags=296,maximumSize=,minimumSize=,preferredSize=,defaultIcon=,disabledIcon=,disabledSelectedIcon=,margin=javax.swing.plaf.InsetsUIResource[top=2,left=2,bottom=2,right=2],paintBorder=false,paintFocus=true,pressedIcon=,rolloverEnabled=true,rolloverIcon=,rolloverSelectedIcon=,selectedIcon=,text=Smooth Switch]
xomaya.controllers.Controller:Tue Jun 15 18:32:29 EDT 2010:Action Command:java.awt.event.ActionEvent[ACTION_PERFORMED,cmd=STOP_RECORDING,when=1276641149171,modifiers=Button1] on javax.swing.JButton[,0,33,62x33,alignmentX=0.0,alignmentY=0.5,border=javax.swing.plaf.BorderUIResource$CompoundBorderUIResource@c39a20,flags=296,maximumSize=,minimumSize=,preferredSize=,defaultIcon=,disabledIcon=,disabledSelectedIcon=,margin=javax.swing.plaf.InsetsUIResource[top=2,left=14,bottom=2,right=14],paintBorder=true,paintFocus=true,pressedIcon=,rolloverEnabled=true,rolloverIcon=,rolloverSelectedIcon=,selectedIcon=,text=Stop,defaultCapable=true]
xomaya.controllers.Controller:Tue Jun 15 18:32:29 EDT 2010:Stopped!
xomaya.controllers.Controller:Tue Jun 15 18:32:30 EDT 2010:Total time:123547
xomaya.application.Application:Tue Jun 15 18:35:26 EDT 2010:Loaded DLL:453
xomaya.controllers.Controller:Tue Jun 15 18:35:35 EDT 2010:Action Command:java.awt.event.ActionEvent[ACTION_PERFORMED,cmd=START_RECORDING,when=1276641335953,modifiers=Button1] on javax.swing.JButton[,0,0,62x33,alignmentX=0.0,alignmentY=0.5,border=javax.swing.plaf.BorderUIResource$CompoundBorderUIResource@186df0f,flags=296,maximumSize=,minimumSize=,preferredSize=,defaultIcon=,disabledIcon=,disabledSelectedIcon=,margin=javax.swing.plaf.InsetsUIResource[top=2,left=14,bottom=2,right=14],paintBorder=true,paintFocus=true,pressedIcon=,rolloverEnabled=true,rolloverIcon=,rolloverSelectedIcon=,selectedIcon=,text=Start,defaultCapable=true]
xomaya.controllers.Controller:Tue Jun 15 18:35:35 EDT 2010:Started!
xomaya.controllers.Controller:Tue Jun 15 18:36:26 EDT 2010:Action Command:java.awt.event.ActionEvent[ACTION_PERFORMED,cmd=SMOOTH_SWITCH,when=1276641386687,modifiers=Button1] on javax.swing.JRadioButton[,0,44,152x22,alignmentX=0.0,alignmentY=0.5,border=javax.swing.plaf.BorderUIResource$CompoundBorderUIResource@969c29,flags=296,maximumSize=,minimumSize=,preferredSize=,defaultIcon=,disabledIcon=,disabledSelectedIcon=,margin=javax.swing.plaf.InsetsUIResource[top=2,left=2,bottom=2,right=2],paintBorder=false,paintFocus=true,pressedIcon=,rolloverEnabled=true,rolloverIcon=,rolloverSelectedIcon=,selectedIcon=,text=Smooth Switch]
xomaya.application.Application:Tue Jun 15 18:37:44 EDT 2010:Loaded DLL:453
xomaya.controllers.Controller:Tue Jun 15 18:37:51 EDT 2010:Action Command:java.awt.event.ActionEvent[ACTION_PERFORMED,cmd=START_RECORDING,when=1276641471359,modifiers=Button1] on javax.swing.JButton[,0,0,62x33,alignmentX=0.0,alignmentY=0.5,border=javax.swing.plaf.BorderUIResource$CompoundBorderUIResource@d73c7a,flags=296,maximumSize=,minimumSize=,preferredSize=,defaultIcon=,disabledIcon=,disabledSelectedIcon=,margin=javax.swing.plaf.InsetsUIResource[top=2,left=14,bottom=2,right=14],paintBorder=true,paintFocus=true,pressedIcon=,rolloverEnabled=true,rolloverIcon=,rolloverSelectedIcon=,selectedIcon=,text=Start,defaultCapable=true]
xomaya.controllers.Controller:Tue Jun 15 18:37:51 EDT 2010:Started!
xomaya.controllers.Controller:Tue Jun 15 18:38:21 EDT 2010:Action Command:java.awt.event.ActionEvent[ACTION_PERFORMED,cmd=VIDEO_ONLY,when=1276641501203,modifiers=Button1] on javax.swing.JRadioButton[,0,0,152x22,alignmentX=0.0,alignmentY=0.5,border=javax.swing.plaf.BorderUIResource$CompoundBorderUIResource@da2cef,flags=296,maximumSize=,minimumSize=,preferredSize=,defaultIcon=,disabledIcon=,disabledSelectedIcon=,margin=javax.swing.plaf.InsetsUIResource[top=2,left=2,bottom=2,right=2],paintBorder=false,paintFocus=true,pressedIcon=,rolloverEnabled=true,rolloverIcon=,rolloverSelectedIcon=,selectedIcon=,text=Video Only]
xomaya.controllers.Controller:Tue Jun 15 18:38:41 EDT 2010:Action Command:java.awt.event.ActionEvent[ACTION_PERFORMED,cmd=SCREEN_ONLY,when=1276641521968,modifiers=Button1] on javax.swing.JRadioButton[,0,22,152x22,alignmentX=0.0,alignmentY=0.5,border=javax.swing.plaf.BorderUIResource$CompoundBorderUIResource@da2cef,flags=296,maximumSize=,minimumSize=,preferredSize=,defaultIcon=,disabledIcon=,disabledSelectedIcon=,margin=javax.swing.plaf.InsetsUIResource[top=2,left=2,bottom=2,right=2],paintBorder=false,paintFocus=true,pressedIcon=,rolloverEnabled=true,rolloverIcon=,rolloverSelectedIcon=,selectedIcon=,text=Screen Only]
xomaya.controllers.Controller:Tue Jun 15 18:39:09 EDT 2010:Action Command:java.awt.event.ActionEvent[ACTION_PERFORMED,cmd=SMOOTH_SWITCH,when=1276641549750,modifiers=Button1] on javax.swing.JRadioButton[,0,44,152x22,alignmentX=0.0,alignmentY=0.5,border=javax.swing.plaf.BorderUIResource$CompoundBorderUIResource@da2cef,flags=296,maximumSize=,minimumSize=,preferredSize=,defaultIcon=,disabledIcon=,disabledSelectedIcon=,margin=javax.swing.plaf.InsetsUIResource[top=2,left=2,bottom=2,right=2],paintBorder=false,paintFocus=true,pressedIcon=,rolloverEnabled=true,rolloverIcon=,rolloverSelectedIcon=,selectedIcon=,text=Smooth Switch]
xomaya.controllers.Controller:Tue Jun 15 18:39:22 EDT 2010:Action Command:java.awt.event.ActionEvent[ACTION_PERFORMED,cmd=STOP_RECORDING,when=1276641562734,modifiers=Button1] on javax.swing.JButton[,0,33,62x33,alignmentX=0.0,alignmentY=0.5,border=javax.swing.plaf.BorderUIResource$CompoundBorderUIResource@d73c7a,flags=296,maximumSize=,minimumSize=,preferredSize=,defaultIcon=,disabledIcon=,disabledSelectedIcon=,margin=javax.swing.plaf.InsetsUIResource[top=2,left=14,bottom=2,right=14],paintBorder=true,paintFocus=true,pressedIcon=,rolloverEnabled=true,rolloverIcon=,rolloverSelectedIcon=,selectedIcon=,text=Stop,defaultCapable=true]
xomaya.controllers.Controller:Tue Jun 15 18:39:22 EDT 2010:Stopped!
xomaya.controllers.Controller:Tue Jun 15 18:39:24 EDT 2010:Total time:93094
xomaya.application.Application:Tue Jun 15 19:07:06 EDT 2010:Loaded DLL:453
xomaya.controllers.Controller:Tue Jun 15 19:07:08 EDT 2010:Action Command:java.awt.event.ActionEvent[ACTION_PERFORMED,cmd=START_RECORDING,when=1276643228218,modifiers=Button1] on javax.swing.JButton[,0,0,62x33,alignmentX=0.0,alignmentY=0.5,border=javax.swing.plaf.BorderUIResource$CompoundBorderUIResource@125fefa,flags=296,maximumSize=,minimumSize=,preferredSize=,defaultIcon=,disabledIcon=,disabledSelectedIcon=,margin=javax.swing.plaf.InsetsUIResource[top=2,left=14,bottom=2,right=14],paintBorder=true,paintFocus=true,pressedIcon=,rolloverEnabled=true,rolloverIcon=,rolloverSelectedIcon=,selectedIcon=,text=Start,defaultCapable=true]
xomaya.controllers.Controller:Tue Jun 15 19:07:08 EDT 2010:Started!
xomaya.controllers.Controller:Tue Jun 15 19:07:36 EDT 2010:Action Command:java.awt.event.ActionEvent[ACTION_PERFORMED,cmd=STOP_RECORDING,when=1276643256093,modifiers=Button1] on javax.swing.JButton[,0,33,62x33,alignmentX=0.0,alignmentY=0.5,border=javax.swing.plaf.BorderUIResource$CompoundBorderUIResource@125fefa,flags=296,maximumSize=,minimumSize=,preferredSize=,defaultIcon=,disabledIcon=,disabledSelectedIcon=,margin=javax.swing.plaf.InsetsUIResource[top=2,left=14,bottom=2,right=14],paintBorder=true,paintFocus=true,pressedIcon=,rolloverEnabled=true,rolloverIcon=,rolloverSelectedIcon=,selectedIcon=,text=Stop,defaultCapable=true]
xomaya.controllers.Controller:Tue Jun 15 19:07:36 EDT 2010:Stopped!
xomaya.controllers.Controller:Tue Jun 15 19:07:37 EDT 2010:Total time:29625
xomaya.application.Application:Tue Jun 15 19:08:39 EDT 2010:Loaded DLL:453
xomaya.controllers.Controller:Tue Jun 15 19:08:41 EDT 2010:Action Command:java.awt.event.ActionEvent[ACTION_PERFORMED,cmd=START_RECORDING,when=1276643321750,modifiers=Button1] on javax.swing.JButton[,0,0,62x33,alignmentX=0.0,alignmentY=0.5,border=javax.swing.plaf.BorderUIResource$CompoundBorderUIResource@186df0f,flags=296,maximumSize=,minimumSize=,preferredSize=,defaultIcon=,disabledIcon=,disabledSelectedIcon=,margin=javax.swing.plaf.InsetsUIResource[top=2,left=14,bottom=2,right=14],paintBorder=true,paintFocus=true,pressedIcon=,rolloverEnabled=true,rolloverIcon=,rolloverSelectedIcon=,selectedIcon=,text=Start,defaultCapable=true]
xomaya.controllers.Controller:Tue Jun 15 19:08:41 EDT 2010:Started!
xomaya.controllers.Controller:Tue Jun 15 19:09:18 EDT 2010:Action Command:java.awt.event.ActionEvent[ACTION_PERFORMED,cmd=STOP_RECORDING,when=1276643358968,modifiers=Button1] on javax.swing.JButton[,0,33,62x33,alignmentX=0.0,alignmentY=0.5,border=javax.swing.plaf.BorderUIResource$CompoundBorderUIResource@186df0f,flags=296,maximumSize=,minimumSize=,preferredSize=,defaultIcon=,disabledIcon=,disabledSelectedIcon=,margin=javax.swing.plaf.InsetsUIResource[top=2,left=14,bottom=2,right=14],paintBorder=true,paintFocus=true,pressedIcon=,rolloverEnabled=true,rolloverIcon=,rolloverSelectedIcon=,selectedIcon=,text=Stop,defaultCapable=true]
xomaya.controllers.Controller:Tue Jun 15 19:09:18 EDT 2010:Stopped!
xomaya.controllers.Controller:Tue Jun 15 19:09:23 EDT 2010:Total time:41625
xomaya.application.Application:Tue Jun 15 19:14:41 EDT 2010:Loaded DLL:437
xomaya.controllers.Controller:Tue Jun 15 19:14:43 EDT 2010:Action Command:java.awt.event.ActionEvent[ACTION_PERFORMED,cmd=START_RECORDING,when=1276643683484,modifiers=Button1] on javax.swing.JButton[,0,0,62x33,alignmentX=0.0,alignmentY=0.5,border=javax.swing.plaf.BorderUIResource$CompoundBorderUIResource@1e845c2,flags=296,maximumSize=,minimumSize=,preferredSize=,defaultIcon=,disabledIcon=,disabledSelectedIcon=,margin=javax.swing.plaf.InsetsUIResource[top=2,left=14,bottom=2,right=14],paintBorder=true,paintFocus=true,pressedIcon=,rolloverEnabled=true,rolloverIcon=,rolloverSelectedIcon=,selectedIcon=,text=Start,defaultCapable=true]
xomaya.controllers.Controller:Tue Jun 15 19:14:43 EDT 2010:Started!
xomaya.controllers.Controller:Tue Jun 15 19:15:02 EDT 2010:Action Command:java.awt.event.ActionEvent[ACTION_PERFORMED,cmd=STOP_RECORDING,when=1276643702734,modifiers=Button1] on javax.swing.JButton[,0,33,62x33,alignmentX=0.0,alignmentY=0.5,border=javax.swing.plaf.BorderUIResource$CompoundBorderUIResource@1e845c2,flags=296,maximumSize=,minimumSize=,preferredSize=,defaultIcon=,disabledIcon=,disabledSelectedIcon=,margin=javax.swing.plaf.InsetsUIResource[top=2,left=14,bottom=2,right=14],paintBorder=true,paintFocus=true,pressedIcon=,rolloverEnabled=true,rolloverIcon=,rolloverSelectedIcon=,selectedIcon=,text=Stop,defaultCapable=true]
xomaya.controllers.Controller:Tue Jun 15 19:15:02 EDT 2010:Stopped!
xomaya.controllers.Controller:Tue Jun 15 19:15:04 EDT 2010:Total time:20563
xomaya.application.Application:Tue Jun 15 19:15:43 EDT 2010:Loaded DLL:484
xomaya.controllers.Controller:Tue Jun 15 19:15:46 EDT 2010:Action Command:java.awt.event.ActionEvent[ACTION_PERFORMED,cmd=START_RECORDING,when=1276643746312,modifiers=Button1] on javax.swing.JButton[,0,0,62x33,alignmentX=0.0,alignmentY=0.5,border=javax.swing.plaf.BorderUIResource$CompoundBorderUIResource@c39a20,flags=296,maximumSize=,minimumSize=,preferredSize=,defaultIcon=,disabledIcon=,disabledSelectedIcon=,margin=javax.swing.plaf.InsetsUIResource[top=2,left=14,bottom=2,right=14],paintBorder=true,paintFocus=true,pressedIcon=,rolloverEnabled=true,rolloverIcon=,rolloverSelectedIcon=,selectedIcon=,text=Start,defaultCapable=true]
xomaya.controllers.Controller:Tue Jun 15 19:15:46 EDT 2010:Started!
xomaya.controllers.Controller:Tue Jun 15 19:16:09 EDT 2010:Action Command:java.awt.event.ActionEvent[ACTION_PERFORMED,cmd=STOP_RECORDING,when=1276643769828,modifiers=Button1] on javax.swing.JButton[,0,33,62x33,alignmentX=0.0,alignmentY=0.5,border=javax.swing.plaf.BorderUIResource$CompoundBorderUIResource@c39a20,flags=296,maximumSize=,minimumSize=,preferredSize=,defaultIcon=,disabledIcon=,disabledSelectedIcon=,margin=javax.swing.plaf.InsetsUIResource[top=2,left=14,bottom=2,right=14],paintBorder=true,paintFocus=true,pressedIcon=,rolloverEnabled=true,rolloverIcon=,rolloverSelectedIcon=,selectedIcon=,text=Stop,defaultCapable=true]
xomaya.controllers.Controller:Tue Jun 15 19:16:09 EDT 2010:Stopped!
xomaya.controllers.Controller:Tue Jun 15 19:16:11 EDT 2010:Total time:24875
xomaya.application.Application:Tue Jun 15 19:19:17 EDT 2010:Loaded DLL:531
xomaya.controllers.Controller:Tue Jun 15 19:19:19 EDT 2010:Action Command:java.awt.event.ActionEvent[ACTION_PERFORMED,cmd=START_RECORDING,when=1276643959703,modifiers=Button1] on javax.swing.JButton[,0,0,62x33,alignmentX=0.0,alignmentY=0.5,border=javax.swing.plaf.BorderUIResource$CompoundBorderUIResource@3c0007,flags=296,maximumSize=,minimumSize=,preferredSize=,defaultIcon=,disabledIcon=,disabledSelectedIcon=,margin=javax.swing.plaf.InsetsUIResource[top=2,left=14,bottom=2,right=14],paintBorder=true,paintFocus=true,pressedIcon=,rolloverEnabled=true,rolloverIcon=,rolloverSelectedIcon=,selectedIcon=,text=Start,defaultCapable=true]
xomaya.controllers.Controller:Tue Jun 15 19:19:19 EDT 2010:Started!
xomaya.controllers.Controller:Tue Jun 15 19:22:00 EDT 2010:Action Command:java.awt.event.ActionEvent[ACTION_PERFORMED,cmd=STOP_RECORDING,when=1276644120484,modifiers=Button1] on javax.swing.JButton[,0,33,62x33,alignmentX=0.0,alignmentY=0.5,border=javax.swing.plaf.BorderUIResource$CompoundBorderUIResource@3c0007,flags=296,maximumSize=,minimumSize=,preferredSize=,defaultIcon=,disabledIcon=,disabledSelectedIcon=,margin=javax.swing.plaf.InsetsUIResource[top=2,left=14,bottom=2,right=14],paintBorder=true,paintFocus=true,pressedIcon=,rolloverEnabled=true,rolloverIcon=,rolloverSelectedIcon=,selectedIcon=,text=Stop,defaultCapable=true]
xomaya.controllers.Controller:Tue Jun 15 19:22:00 EDT 2010:Stopped!
xomaya.controllers.Controller:Tue Jun 15 19:22:01 EDT 2010:Total time:162110
xomaya.application.Application:Tue Jun 15 19:27:59 EDT 2010:Loaded DLL:469
xomaya.controllers.Controller:Tue Jun 15 19:28:03 EDT 2010:Action Command:java.awt.event.ActionEvent[ACTION_PERFORMED,cmd=START_RECORDING,when=1276644483453,modifiers=Button1] on javax.swing.JButton[,0,0,62x33,alignmentX=0.0,alignmentY=0.5,border=javax.swing.plaf.BorderUIResource$CompoundBorderUIResource@3c0007,flags=296,maximumSize=,minimumSize=,preferredSize=,defaultIcon=,disabledIcon=,disabledSelectedIcon=,margin=javax.swing.plaf.InsetsUIResource[top=2,left=14,bottom=2,right=14],paintBorder=true,paintFocus=true,pressedIcon=,rolloverEnabled=true,rolloverIcon=,rolloverSelectedIcon=,selectedIcon=,text=Start,defaultCapable=true]
xomaya.controllers.Controller:Tue Jun 15 19:28:03 EDT 2010:Started!
xomaya.controllers.Controller:Tue Jun 15 19:28:35 EDT 2010:Action Command:java.awt.event.ActionEvent[ACTION_PERFORMED,cmd=STOP_RECORDING,when=1276644515703,modifiers=Button1] on javax.swing.JButton[,0,33,62x33,alignmentX=0.0,alignmentY=0.5,border=javax.swing.plaf.BorderUIResource$CompoundBorderUIResource@3c0007,flags=296,maximumSize=,minimumSize=,preferredSize=,defaultIcon=,disabledIcon=,disabledSelectedIcon=,margin=javax.swing.plaf.InsetsUIResource[top=2,left=14,bottom=2,right=14],paintBorder=true,paintFocus=true,pressedIcon=,rolloverEnabled=true,rolloverIcon=,rolloverSelectedIcon=,selectedIcon=,text=Stop,defaultCapable=true]
xomaya.controllers.Controller:Tue Jun 15 19:28:35 EDT 2010:Stopped!
xomaya.controllers.Controller:Tue Jun 15 19:28:40 EDT 2010:Total time:36609
xomaya.application.Application:Tue Jun 15 19:30:59 EDT 2010:Loaded DLL:485
xomaya.controllers.Controller:Tue Jun 15 19:31:01 EDT 2010:Action Command:java.awt.event.ActionEvent[ACTION_PERFORMED,cmd=START_RECORDING,when=1276644661562,modifiers=Button1] on javax.swing.JButton[,0,0,62x33,alignmentX=0.0,alignmentY=0.5,border=javax.swing.plaf.BorderUIResource$CompoundBorderUIResource@d73c7a,flags=296,maximumSize=,minimumSize=,preferredSize=,defaultIcon=,disabledIcon=,disabledSelectedIcon=,margin=javax.swing.plaf.InsetsUIResource[top=2,left=14,bottom=2,right=14],paintBorder=true,paintFocus=true,pressedIcon=,rolloverEnabled=true,rolloverIcon=,rolloverSelectedIcon=,selectedIcon=,text=Start,defaultCapable=true]
xomaya.controllers.Controller:Tue Jun 15 19:31:01 EDT 2010:Started!
xomaya.controllers.Controller:Tue Jun 15 19:32:43 EDT 2010:Action Command:java.awt.event.ActionEvent[ACTION_PERFORMED,cmd=STOP_RECORDING,when=1276644763015,modifiers=Button1] on javax.swing.JButton[,0,33,62x33,alignmentX=0.0,alignmentY=0.5,border=javax.swing.plaf.BorderUIResource$CompoundBorderUIResource@d73c7a,flags=296,maximumSize=,minimumSize=,preferredSize=,defaultIcon=,disabledIcon=,disabledSelectedIcon=,margin=javax.swing.plaf.InsetsUIResource[top=2,left=14,bottom=2,right=14],paintBorder=true,paintFocus=true,pressedIcon=,rolloverEnabled=true,rolloverIcon=,rolloverSelectedIcon=,selectedIcon=,text=Stop,defaultCapable=true]
xomaya.controllers.Controller:Tue Jun 15 19:32:43 EDT 2010:Stopped!
xomaya.controllers.Controller:Tue Jun 15 19:32:44 EDT 2010:Total time:103188
xomaya.application.Application:Tue Jun 15 19:33:05 EDT 2010:Loaded DLL:438
xomaya.controllers.Controller:Tue Jun 15 19:33:08 EDT 2010:Action Command:java.awt.event.ActionEvent[ACTION_PERFORMED,cmd=START_RECORDING,when=1276644788828,modifiers=Button1] on javax.swing.JButton[,0,0,62x33,alignmentX=0.0,alignmentY=0.5,border=javax.swing.plaf.BorderUIResource$CompoundBorderUIResource@1e845c2,flags=296,maximumSize=,minimumSize=,preferredSize=,defaultIcon=,disabledIcon=,disabledSelectedIcon=,margin=javax.swing.plaf.InsetsUIResource[top=2,left=14,bottom=2,right=14],paintBorder=true,paintFocus=true,pressedIcon=,rolloverEnabled=true,rolloverIcon=,rolloverSelectedIcon=,selectedIcon=,text=Start,defaultCapable=true]
xomaya.controllers.Controller:Tue Jun 15 19:33:08 EDT 2010:Started!
xomaya.controllers.Controller:Tue Jun 15 19:33:35 EDT 2010:Action Command:java.awt.event.ActionEvent[ACTION_PERFORMED,cmd=STOP_RECORDING,when=1276644815187,modifiers=Button1] on javax.swing.JButton[,0,33,62x33,alignmentX=0.0,alignmentY=0.5,border=javax.swing.plaf.BorderUIResource$CompoundBorderUIResource@1e845c2,flags=296,maximumSize=,minimumSize=,preferredSize=,defaultIcon=,disabledIcon=,disabledSelectedIcon=,margin=javax.swing.plaf.InsetsUIResource[top=2,left=14,bottom=2,right=14],paintBorder=true,paintFocus=true,pressedIcon=,rolloverEnabled=true,rolloverIcon=,rolloverSelectedIcon=,selectedIcon=,text=Stop,defaultCapable=true]
xomaya.controllers.Controller:Tue Jun 15 19:33:35 EDT 2010:Stopped!
xomaya.controllers.Controller:Tue Jun 15 19:33:37 EDT 2010:Total time:28157
xomaya.application.Application:Tue Jun 15 19:35:27 EDT 2010:Loaded DLL:500
xomaya.controllers.Controller:Tue Jun 15 19:35:29 EDT 2010:Action Command:java.awt.event.ActionEvent[ACTION_PERFORMED,cmd=START_RECORDING,when=1276644929890,modifiers=Button1] on javax.swing.JButton[,0,0,62x33,alignmentX=0.0,alignmentY=0.5,border=javax.swing.plaf.BorderUIResource$CompoundBorderUIResource@1bbd23f,flags=296,maximumSize=,minimumSize=,preferredSize=,defaultIcon=,disabledIcon=,disabledSelectedIcon=,margin=javax.swing.plaf.InsetsUIResource[top=2,left=14,bottom=2,right=14],paintBorder=true,paintFocus=true,pressedIcon=,rolloverEnabled=true,rolloverIcon=,rolloverSelectedIcon=,selectedIcon=,text=Start,defaultCapable=true]
xomaya.controllers.Controller:Tue Jun 15 19:35:29 EDT 2010:Started!
xomaya.controllers.Controller:Tue Jun 15 19:35:54 EDT 2010:Action Command:java.awt.event.ActionEvent[ACTION_PERFORMED,cmd=STOP_RECORDING,when=1276644954796,modifiers=Button1] on javax.swing.JButton[,0,33,62x33,alignmentX=0.0,alignmentY=0.5,border=javax.swing.plaf.BorderUIResource$CompoundBorderUIResource@1bbd23f,flags=296,maximumSize=,minimumSize=,preferredSize=,defaultIcon=,disabledIcon=,disabledSelectedIcon=,margin=javax.swing.plaf.InsetsUIResource[top=2,left=14,bottom=2,right=14],paintBorder=true,paintFocus=true,pressedIcon=,rolloverEnabled=true,rolloverIcon=,rolloverSelectedIcon=,selectedIcon=,text=Stop,defaultCapable=true]
xomaya.controllers.Controller:Tue Jun 15 19:35:54 EDT 2010:Stopped!
xomaya.controllers.Controller:Tue Jun 15 19:35:59 EDT 2010:Total time:29172
xomaya.application.Application:Tue Jun 15 19:44:45 EDT 2010:Loaded DLL:453
xomaya.controllers.Controller:Tue Jun 15 19:44:48 EDT 2010:Action Command:java.awt.event.ActionEvent[ACTION_PERFORMED,cmd=START_RECORDING,when=1276645488000,modifiers=Button1] on javax.swing.JButton[,0,0,62x33,alignmentX=0.0,alignmentY=0.5,border=javax.swing.plaf.BorderUIResource$CompoundBorderUIResource@1e845c2,flags=296,maximumSize=,minimumSize=,preferredSize=,defaultIcon=,disabledIcon=,disabledSelectedIcon=,margin=javax.swing.plaf.InsetsUIResource[top=2,left=14,bottom=2,right=14],paintBorder=true,paintFocus=true,pressedIcon=,rolloverEnabled=true,rolloverIcon=,rolloverSelectedIcon=,selectedIcon=,text=Start,defaultCapable=true]
xomaya.controllers.Controller:Tue Jun 15 19:44:48 EDT 2010:Started!
xomaya.controllers.Controller:Tue Jun 15 19:45:33 EDT 2010:Action Command:java.awt.event.ActionEvent[ACTION_PERFORMED,cmd=STOP_RECORDING,when=1276645533546,modifiers=Button1] on javax.swing.JButton[,0,33,62x33,alignmentX=0.0,alignmentY=0.5,border=javax.swing.plaf.BorderUIResource$CompoundBorderUIResource@1e845c2,flags=296,maximumSize=,minimumSize=,preferredSize=,defaultIcon=,disabledIcon=,disabledSelectedIcon=,margin=javax.swing.plaf.InsetsUIResource[top=2,left=14,bottom=2,right=14],paintBorder=true,paintFocus=true,pressedIcon=,rolloverEnabled=true,rolloverIcon=,rolloverSelectedIcon=,selectedIcon=,text=Stop,defaultCapable=true]
xomaya.controllers.Controller:Tue Jun 15 19:45:33 EDT 2010:Stopped!
xomaya.controllers.Controller:Tue Jun 15 19:45:35 EDT 2010:Total time:46969
xomaya.application.Application:Tue Jun 15 19:47:16 EDT 2010:Loaded DLL:625
xomaya.controllers.Controller:Tue Jun 15 19:47:18 EDT 2010:Action Command:java.awt.event.ActionEvent[ACTION_PERFORMED,cmd=START_RECORDING,when=1276645638625,modifiers=Button1] on javax.swing.JButton[,0,0,62x33,alignmentX=0.0,alignmentY=0.5,border=javax.swing.plaf.BorderUIResource$CompoundBorderUIResource@125fefa,flags=296,maximumSize=,minimumSize=,preferredSize=,defaultIcon=,disabledIcon=,disabledSelectedIcon=,margin=javax.swing.plaf.InsetsUIResource[top=2,left=14,bottom=2,right=14],paintBorder=true,paintFocus=true,pressedIcon=,rolloverEnabled=true,rolloverIcon=,rolloverSelectedIcon=,selectedIcon=,text=Start,defaultCapable=true]
xomaya.controllers.Controller:Tue Jun 15 19:47:18 EDT 2010:Started!
xomaya.controllers.Controller:Tue Jun 15 19:47:43 EDT 2010:Action Command:java.awt.event.ActionEvent[ACTION_PERFORMED,cmd=STOP_RECORDING,when=1276645663953,modifiers=Button1] on javax.swing.JButton[,0,33,62x33,alignmentX=0.0,alignmentY=0.5,border=javax.swing.plaf.BorderUIResource$CompoundBorderUIResource@125fefa,flags=296,maximumSize=,minimumSize=,preferredSize=,defaultIcon=,disabledIcon=,disabledSelectedIcon=,margin=javax.swing.plaf.InsetsUIResource[top=2,left=14,bottom=2,right=14],paintBorder=true,paintFocus=true,pressedIcon=,rolloverEnabled=true,rolloverIcon=,rolloverSelectedIcon=,selectedIcon=,text=Stop,defaultCapable=true]
xomaya.controllers.Controller:Tue Jun 15 19:47:43 EDT 2010:Stopped!
xomaya.controllers.Controller:Tue Jun 15 19:47:48 EDT 2010:Total time:29562
xomaya.application.Application:Tue Jun 15 19:48:36 EDT 2010:Loaded DLL:438
xomaya.controllers.Controller:Tue Jun 15 19:48:38 EDT 2010:Action Command:java.awt.event.ActionEvent[ACTION_PERFORMED,cmd=START_RECORDING,when=1276645718625,modifiers=Button1] on javax.swing.JButton[,0,0,62x33,alignmentX=0.0,alignmentY=0.5,border=javax.swing.plaf.BorderUIResource$CompoundBorderUIResource@d73c7a,flags=296,maximumSize=,minimumSize=,preferredSize=,defaultIcon=,disabledIcon=,disabledSelectedIcon=,margin=javax.swing.plaf.InsetsUIResource[top=2,left=14,bottom=2,right=14],paintBorder=true,paintFocus=true,pressedIcon=,rolloverEnabled=true,rolloverIcon=,rolloverSelectedIcon=,selectedIcon=,text=Start,defaultCapable=true]
xomaya.controllers.Controller:Tue Jun 15 19:48:38 EDT 2010:Started!
xomaya.controllers.Controller:Tue Jun 15 19:49:11 EDT 2010:Action Command:java.awt.event.ActionEvent[ACTION_PERFORMED,cmd=STOP_RECORDING,when=1276645751562,modifiers=Button1] on javax.swing.JButton[,0,33,62x33,alignmentX=0.0,alignmentY=0.5,border=javax.swing.plaf.BorderUIResource$CompoundBorderUIResource@d73c7a,flags=296,maximumSize=,minimumSize=,preferredSize=,defaultIcon=,disabledIcon=,disabledSelectedIcon=,margin=javax.swing.plaf.InsetsUIResource[top=2,left=14,bottom=2,right=14],paintBorder=true,paintFocus=true,pressedIcon=,rolloverEnabled=true,rolloverIcon=,rolloverSelectedIcon=,selectedIcon=,text=Stop,defaultCapable=true]
xomaya.controllers.Controller:Tue Jun 15 19:49:11 EDT 2010:Stopped!
xomaya.controllers.Controller:Tue Jun 15 19:49:12 EDT 2010:Total time:34219
xomaya.application.Application:Tue Jun 15 19:51:54 EDT 2010:Loaded DLL:453
xomaya.controllers.Controller:Tue Jun 15 19:51:57 EDT 2010:Action Command:java.awt.event.ActionEvent[ACTION_PERFORMED,cmd=START_RECORDING,when=1276645917437,modifiers=Button1] on javax.swing.JButton[,0,0,62x33,alignmentX=0.0,alignmentY=0.5,border=javax.swing.plaf.BorderUIResource$CompoundBorderUIResource@3c0007,flags=296,maximumSize=,minimumSize=,preferredSize=,defaultIcon=,disabledIcon=,disabledSelectedIcon=,margin=javax.swing.plaf.InsetsUIResource[top=2,left=14,bottom=2,right=14],paintBorder=true,paintFocus=true,pressedIcon=,rolloverEnabled=true,rolloverIcon=,rolloverSelectedIcon=,selectedIcon=,text=Start,defaultCapable=true]
xomaya.controllers.Controller:Tue Jun 15 19:51:57 EDT 2010:Started!
xomaya.controllers.Controller:Tue Jun 15 19:52:48 EDT 2010:Action Command:java.awt.event.ActionEvent[ACTION_PERFORMED,cmd=STOP_RECORDING,when=1276645968765,modifiers=Button1] on javax.swing.JButton[,0,33,62x33,alignmentX=0.0,alignmentY=0.5,border=javax.swing.plaf.BorderUIResource$CompoundBorderUIResource@3c0007,flags=296,maximumSize=,minimumSize=,preferredSize=,defaultIcon=,disabledIcon=,disabledSelectedIcon=,margin=javax.swing.plaf.InsetsUIResource[top=2,left=14,bottom=2,right=14],paintBorder=true,paintFocus=true,pressedIcon=,rolloverEnabled=true,rolloverIcon=,rolloverSelectedIcon=,selectedIcon=,text=Stop,defaultCapable=true]
xomaya.controllers.Controller:Tue Jun 15 19:52:48 EDT 2010:Stopped!
xomaya.controllers.Controller:Tue Jun 15 19:52:50 EDT 2010:Total time:52609
xomaya.application.Application:Tue Jun 15 19:55:21 EDT 2010:Loaded DLL:453
xomaya.controllers.Controller:Tue Jun 15 19:55:24 EDT 2010:Action Command:java.awt.event.ActionEvent[ACTION_PERFORMED,cmd=START_RECORDING,when=1276646124187,modifiers=Button1] on javax.swing.JButton[,0,0,62x33,alignmentX=0.0,alignmentY=0.5,border=javax.swing.plaf.BorderUIResource$CompoundBorderUIResource@1e845c2,flags=296,maximumSize=,minimumSize=,preferredSize=,defaultIcon=,disabledIcon=,disabledSelectedIcon=,margin=javax.swing.plaf.InsetsUIResource[top=2,left=14,bottom=2,right=14],paintBorder=true,paintFocus=true,pressedIcon=,rolloverEnabled=true,rolloverIcon=,rolloverSelectedIcon=,selectedIcon=,text=Start,defaultCapable=true]
xomaya.controllers.Controller:Tue Jun 15 19:55:24 EDT 2010:Started!
xomaya.controllers.Controller:Tue Jun 15 19:55:47 EDT 2010:Action Command:java.awt.event.ActionEvent[ACTION_PERFORMED,cmd=STOP_RECORDING,when=1276646147203,modifiers=Button1] on javax.swing.JButton[,0,33,62x33,alignmentX=0.0,alignmentY=0.5,border=javax.swing.plaf.BorderUIResource$CompoundBorderUIResource@1e845c2,flags=296,maximumSize=,minimumSize=,preferredSize=,defaultIcon=,disabledIcon=,disabledSelectedIcon=,margin=javax.swing.plaf.InsetsUIResource[top=2,left=14,bottom=2,right=14],paintBorder=true,paintFocus=true,pressedIcon=,rolloverEnabled=true,rolloverIcon=,rolloverSelectedIcon=,selectedIcon=,text=Stop,defaultCapable=true]
xomaya.controllers.Controller:Tue Jun 15 19:55:47 EDT 2010:Stopped!
xomaya.controllers.Controller:Tue Jun 15 19:55:48 EDT 2010:Total time:24375
xomaya.application.Application:Tue Jun 15 19:56:47 EDT 2010:Loaded DLL:453
xomaya.controllers.Controller:Tue Jun 15 19:56:49 EDT 2010:Action Command:java.awt.event.ActionEvent[ACTION_PERFORMED,cmd=START_RECORDING,when=1276646209562,modifiers=Button1] on javax.swing.JButton[,0,0,62x33,alignmentX=0.0,alignmentY=0.5,border=javax.swing.plaf.BorderUIResource$CompoundBorderUIResource@1e845c2,flags=296,maximumSize=,minimumSize=,preferredSize=,defaultIcon=,disabledIcon=,disabledSelectedIcon=,margin=javax.swing.plaf.InsetsUIResource[top=2,left=14,bottom=2,right=14],paintBorder=true,paintFocus=true,pressedIcon=,rolloverEnabled=true,rolloverIcon=,rolloverSelectedIcon=,selectedIcon=,text=Start,defaultCapable=true]
xomaya.controllers.Controller:Tue Jun 15 19:56:49 EDT 2010:Started!
xomaya.controllers.Controller:Tue Jun 15 19:57:18 EDT 2010:Action Command:java.awt.event.ActionEvent[ACTION_PERFORMED,cmd=STOP_RECORDING,when=1276646238687,modifiers=Button1] on javax.swing.JButton[,0,33,62x33,alignmentX=0.0,alignmentY=0.5,border=javax.swing.plaf.BorderUIResource$CompoundBorderUIResource@1e845c2,flags=296,maximumSize=,minimumSize=,preferredSize=,defaultIcon=,disabledIcon=,disabledSelectedIcon=,margin=javax.swing.plaf.InsetsUIResource[top=2,left=14,bottom=2,right=14],paintBorder=true,paintFocus=true,pressedIcon=,rolloverEnabled=true,rolloverIcon=,rolloverSelectedIcon=,selectedIcon=,text=Stop,defaultCapable=true]
xomaya.controllers.Controller:Tue Jun 15 19:57:18 EDT 2010:Stopped!
xomaya.controllers.Controller:Tue Jun 15 19:57:22 EDT 2010:Total time:33313
xomaya.application.Application:Tue Jun 15 20:01:09 EDT 2010:Loaded DLL:453
xomaya.controllers.Controller:Tue Jun 15 20:01:11 EDT 2010:Action Command:java.awt.event.ActionEvent[ACTION_PERFORMED,cmd=START_RECORDING,when=1276646471875,modifiers=Button1] on javax.swing.JButton[,0,0,62x33,alignmentX=0.0,alignmentY=0.5,border=javax.swing.plaf.BorderUIResource$CompoundBorderUIResource@c39a20,flags=296,maximumSize=,minimumSize=,preferredSize=,defaultIcon=,disabledIcon=,disabledSelectedIcon=,margin=javax.swing.plaf.InsetsUIResource[top=2,left=14,bottom=2,right=14],paintBorder=true,paintFocus=true,pressedIcon=,rolloverEnabled=true,rolloverIcon=,rolloverSelectedIcon=,selectedIcon=,text=Start,defaultCapable=true]
xomaya.controllers.Controller:Tue Jun 15 20:01:11 EDT 2010:Started!
xomaya.controllers.Controller:Tue Jun 15 20:01:41 EDT 2010:Action Command:java.awt.event.ActionEvent[ACTION_PERFORMED,cmd=STOP_RECORDING,when=1276646501515,modifiers=Button1] on javax.swing.JButton[,0,33,62x33,alignmentX=0.0,alignmentY=0.5,border=javax.swing.plaf.BorderUIResource$CompoundBorderUIResource@c39a20,flags=296,maximumSize=,minimumSize=,preferredSize=,defaultIcon=,disabledIcon=,disabledSelectedIcon=,margin=javax.swing.plaf.InsetsUIResource[top=2,left=14,bottom=2,right=14],paintBorder=true,paintFocus=true,pressedIcon=,rolloverEnabled=true,rolloverIcon=,rolloverSelectedIcon=,selectedIcon=,text=Stop,defaultCapable=true]
xomaya.controllers.Controller:Tue Jun 15 20:01:41 EDT 2010:Stopped!
xomaya.controllers.Controller:Tue Jun 15 20:01:45 EDT 2010:Total time:33906
xomaya.application.Application:Tue Jun 15 23:20:52 EDT 2010:Loaded DLL:641
xomaya.controllers.Controller:Tue Jun 15 23:20:55 EDT 2010:Action Command:java.awt.event.ActionEvent[ACTION_PERFORMED,cmd=START_RECORDING,when=1276658455859,modifiers=Button1] on javax.swing.JButton[,0,0,62x33,alignmentX=0.0,alignmentY=0.5,border=javax.swing.plaf.BorderUIResource$CompoundBorderUIResource@186df0f,flags=296,maximumSize=,minimumSize=,preferredSize=,defaultIcon=,disabledIcon=,disabledSelectedIcon=,margin=javax.swing.plaf.InsetsUIResource[top=2,left=14,bottom=2,right=14],paintBorder=true,paintFocus=true,pressedIcon=,rolloverEnabled=true,rolloverIcon=,rolloverSelectedIcon=,selectedIcon=,text=Start,defaultCapable=true]
xomaya.controllers.Controller:Tue Jun 15 23:20:55 EDT 2010:Started!
xomaya.controllers.Controller:Tue Jun 15 23:21:26 EDT 2010:Action Command:java.awt.event.ActionEvent[ACTION_PERFORMED,cmd=STOP_RECORDING,when=1276658486843,modifiers=Button1] on javax.swing.JButton[,0,33,62x33,alignmentX=0.0,alignmentY=0.5,border=javax.swing.plaf.BorderUIResource$CompoundBorderUIResource@186df0f,flags=296,maximumSize=,minimumSize=,preferredSize=,defaultIcon=,disabledIcon=,disabledSelectedIcon=,margin=javax.swing.plaf.InsetsUIResource[top=2,left=14,bottom=2,right=14],paintBorder=true,paintFocus=true,pressedIcon=,rolloverEnabled=true,rolloverIcon=,rolloverSelectedIcon=,selectedIcon=,text=Stop,defaultCapable=true]
xomaya.controllers.Controller:Tue Jun 15 23:21:26 EDT 2010:Stopped!
xomaya.controllers.Controller:Tue Jun 15 23:21:28 EDT 2010:Total time:32469
xomaya.application.Application:Tue Jun 15 23:26:02 EDT 2010:Loaded DLL:500
xomaya.controllers.Controller:Tue Jun 15 23:26:06 EDT 2010:Action Command:java.awt.event.ActionEvent[ACTION_PERFORMED,cmd=START_RECORDING,when=1276658766406,modifiers=Button1] on javax.swing.JButton[,0,0,62x33,alignmentX=0.0,alignmentY=0.5,border=javax.swing.plaf.BorderUIResource$CompoundBorderUIResource@c39a20,flags=296,maximumSize=,minimumSize=,preferredSize=,defaultIcon=,disabledIcon=,disabledSelectedIcon=,margin=javax.swing.plaf.InsetsUIResource[top=2,left=14,bottom=2,right=14],paintBorder=true,paintFocus=true,pressedIcon=,rolloverEnabled=true,rolloverIcon=,rolloverSelectedIcon=,selectedIcon=,text=Start,defaultCapable=true]
xomaya.controllers.Controller:Tue Jun 15 23:26:06 EDT 2010:Started!
xomaya.controllers.Controller:Tue Jun 15 23:26:36 EDT 2010:Action Command:java.awt.event.ActionEvent[ACTION_PERFORMED,cmd=STOP_RECORDING,when=1276658796671,modifiers=Button1] on javax.swing.JButton[,0,33,62x33,alignmentX=0.0,alignmentY=0.5,border=javax.swing.plaf.BorderUIResource$CompoundBorderUIResource@c39a20,flags=296,maximumSize=,minimumSize=,preferredSize=,defaultIcon=,disabledIcon=,disabledSelectedIcon=,margin=javax.swing.plaf.InsetsUIResource[top=2,left=14,bottom=2,right=14],paintBorder=true,paintFocus=true,pressedIcon=,rolloverEnabled=true,rolloverIcon=,rolloverSelectedIcon=,selectedIcon=,text=Stop,defaultCapable=true]
xomaya.controllers.Controller:Tue Jun 15 23:26:36 EDT 2010:Stopped!
xomaya.controllers.Controller:Tue Jun 15 23:26:38 EDT 2010:Total time:31656
xomaya.application.Application:Tue Jun 15 23:30:09 EDT 2010:Loaded DLL:453
xomaya.controllers.Controller:Tue Jun 15 23:30:12 EDT 2010:Action Command:java.awt.event.ActionEvent[ACTION_PERFORMED,cmd=START_RECORDING,when=1276659012343,modifiers=Button1] on javax.swing.JButton[,0,0,62x33,alignmentX=0.0,alignmentY=0.5,border=javax.swing.plaf.BorderUIResource$CompoundBorderUIResource@1e845c2,flags=296,maximumSize=,minimumSize=,preferredSize=,defaultIcon=,disabledIcon=,disabledSelectedIcon=,margin=javax.swing.plaf.InsetsUIResource[top=2,left=14,bottom=2,right=14],paintBorder=true,paintFocus=true,pressedIcon=,rolloverEnabled=true,rolloverIcon=,rolloverSelectedIcon=,selectedIcon=,text=Start,defaultCapable=true]
xomaya.controllers.Controller:Tue Jun 15 23:30:12 EDT 2010:Started!
xomaya.controllers.Controller:Tue Jun 15 23:30:34 EDT 2010:Action Command:java.awt.event.ActionEvent[ACTION_PERFORMED,cmd=STOP_RECORDING,when=1276659034531,modifiers=Button1] on javax.swing.JButton[,0,33,62x33,alignmentX=0.0,alignmentY=0.5,border=javax.swing.plaf.BorderUIResource$CompoundBorderUIResource@1e845c2,flags=296,maximumSize=,minimumSize=,preferredSize=,defaultIcon=,disabledIcon=,disabledSelectedIcon=,margin=javax.swing.plaf.InsetsUIResource[top=2,left=14,bottom=2,right=14],paintBorder=true,paintFocus=true,pressedIcon=,rolloverEnabled=true,rolloverIcon=,rolloverSelectedIcon=,selectedIcon=,text=Stop,defaultCapable=true]
xomaya.controllers.Controller:Tue Jun 15 23:30:34 EDT 2010:Stopped!
xomaya.controllers.Controller:Tue Jun 15 23:30:35 EDT 2010:Total time:23531
xomaya.application.Application:Tue Jun 15 23:31:50 EDT 2010:Loaded DLL:453
xomaya.controllers.Controller:Tue Jun 15 23:31:52 EDT 2010:Action Command:java.awt.event.ActionEvent[ACTION_PERFORMED,cmd=START_RECORDING,when=1276659112546,modifiers=Button1] on javax.swing.JButton[,0,0,62x33,alignmentX=0.0,alignmentY=0.5,border=javax.swing.plaf.BorderUIResource$CompoundBorderUIResource@186df0f,flags=296,maximumSize=,minimumSize=,preferredSize=,defaultIcon=,disabledIcon=,disabledSelectedIcon=,margin=javax.swing.plaf.InsetsUIResource[top=2,left=14,bottom=2,right=14],paintBorder=true,paintFocus=true,pressedIcon=,rolloverEnabled=true,rolloverIcon=,rolloverSelectedIcon=,selectedIcon=,text=Start,defaultCapable=true]
xomaya.controllers.Controller:Tue Jun 15 23:31:52 EDT 2010:Started!
xomaya.controllers.Controller:Tue Jun 15 23:32:07 EDT 2010:Action Command:java.awt.event.ActionEvent[ACTION_PERFORMED,cmd=STOP_RECORDING,when=1276659127843,modifiers=Button1] on javax.swing.JButton[,0,33,62x33,alignmentX=0.0,alignmentY=0.5,border=javax.swing.plaf.BorderUIResource$CompoundBorderUIResource@186df0f,flags=296,maximumSize=,minimumSize=,preferredSize=,defaultIcon=,disabledIcon=,disabledSelectedIcon=,margin=javax.swing.plaf.InsetsUIResource[top=2,left=14,bottom=2,right=14],paintBorder=true,paintFocus=true,pressedIcon=,rolloverEnabled=true,rolloverIcon=,rolloverSelectedIcon=,selectedIcon=,text=Stop,defaultCapable=true]
xomaya.controllers.Controller:Tue Jun 15 23:32:07 EDT 2010:Stopped!
xomaya.controllers.Controller:Tue Jun 15 23:32:12 EDT 2010:Total time:19484
xomaya.application.Application:Tue Jun 15 23:33:19 EDT 2010:Loaded DLL:453
xomaya.controllers.Controller:Tue Jun 15 23:33:51 EDT 2010:Action Command:java.awt.event.ActionEvent[ACTION_PERFORMED,cmd=START_RECORDING,when=1276659231734,modifiers=Button1] on javax.swing.JButton[,0,0,62x33,alignmentX=0.0,alignmentY=0.5,border=javax.swing.plaf.BorderUIResource$CompoundBorderUIResource@13ad33d,flags=296,maximumSize=,minimumSize=,preferredSize=,defaultIcon=,disabledIcon=,disabledSelectedIcon=,margin=javax.swing.plaf.InsetsUIResource[top=2,left=14,bottom=2,right=14],paintBorder=true,paintFocus=true,pressedIcon=,rolloverEnabled=true,rolloverIcon=,rolloverSelectedIcon=,selectedIcon=,text=Start,defaultCapable=true]
xomaya.controllers.Controller:Tue Jun 15 23:33:51 EDT 2010:Started!
xomaya.controllers.Controller:Tue Jun 15 23:34:04 EDT 2010:Action Command:java.awt.event.ActionEvent[ACTION_PERFORMED,cmd=STOP_RECORDING,when=1276659244109,modifiers=Button1] on javax.swing.JButton[,0,33,62x33,alignmentX=0.0,alignmentY=0.5,border=javax.swing.plaf.BorderUIResource$CompoundBorderUIResource@13ad33d,flags=296,maximumSize=,minimumSize=,preferredSize=,defaultIcon=,disabledIcon=,disabledSelectedIcon=,margin=javax.swing.plaf.InsetsUIResource[top=2,left=14,bottom=2,right=14],paintBorder=true,paintFocus=true,pressedIcon=,rolloverEnabled=true,rolloverIcon=,rolloverSelectedIcon=,selectedIcon=,text=Stop,defaultCapable=true]
xomaya.controllers.Controller:Tue Jun 15 23:34:04 EDT 2010:Stopped!
xomaya.controllers.Controller:Tue Jun 15 23:34:05 EDT 2010:Total time:13640
xomaya.application.Application:Tue Jun 15 23:58:45 EDT 2010:Loaded DLL:500
xomaya.controllers.Controller:Tue Jun 15 23:58:48 EDT 2010:Action Command:java.awt.event.ActionEvent[ACTION_PERFORMED,cmd=START_RECORDING,when=1276660728000,modifiers=Button1] on javax.swing.JButton[,0,0,62x33,alignmentX=0.0,alignmentY=0.5,border=javax.swing.plaf.BorderUIResource$CompoundBorderUIResource@1bbd23f,flags=296,maximumSize=,minimumSize=,preferredSize=,defaultIcon=,disabledIcon=,disabledSelectedIcon=,margin=javax.swing.plaf.InsetsUIResource[top=2,left=14,bottom=2,right=14],paintBorder=true,paintFocus=true,pressedIcon=,rolloverEnabled=true,rolloverIcon=,rolloverSelectedIcon=,selectedIcon=,text=Start,defaultCapable=true]
xomaya.controllers.Controller:Tue Jun 15 23:58:48 EDT 2010:Started!
xomaya.application.Application:Wed Jun 16 06:04:24 EDT 2010:Loaded DLL:500
